2025-07-01 11:31:16,025 - INFO - Movement Mode: FAST (Teleport)
2025-07-01 11:31:16,025 - INFO - CLI mode selected: train
2025-07-01 11:31:16,025 - INFO - Training for 300 episodes.
2025-07-01 11:31:16,025 - INFO - ================================================================================
2025-07-01 11:31:16,025 - INFO - 🚀 STARTING TRAINING SESSION
2025-07-01 11:31:16,025 - INFO - ================================================================================
2025-07-01 11:31:16,025 - INFO - Episodes: 300
2025-07-01 11:31:16,025 - INFO - Model path: models/q_agent.pkl
2025-07-01 11:31:16,025 - INFO - ================================================================================
2025-07-01 11:31:16,033 - INFO - 🔗 Connected to Godot simulation!
2025-07-01 11:31:16,033 - INFO - Episode 1/300 started - Strategy: curiosity
2025-07-01 11:31:49,197 - INFO - 🔶 Episode 1: CHECKPOINTS (Short) | Reward: -3964.5 | Steps: 200
2025-07-01 11:31:49,197 - INFO - Episode 2/300 started - Strategy: curiosity
2025-07-01 11:32:22,587 - INFO - 🔶 Episode 2: CHECKPOINTS (Short) | Reward: -3947.0 | Steps: 200
2025-07-01 11:32:22,588 - INFO - Episode 3/300 started - Strategy: curiosity
2025-07-01 11:32:56,076 - INFO - 🔶 Episode 3: CHECKPOINTS (Short) | Reward: -3387.0 | Steps: 200
2025-07-01 11:32:56,077 - INFO - Episode 4/300 started - Strategy: curiosity
2025-07-01 11:33:29,977 - INFO - 🔶 Episode 4: CHECKPOINTS (Short) | Reward: -3882.0 | Steps: 200
2025-07-01 11:33:29,978 - INFO - Episode 5/300 started - Strategy: curiosity
2025-07-01 11:34:03,324 - INFO - 🔶 Episode 5: CHECKPOINTS (Short) | Reward: -2529.5 | Steps: 200
2025-07-01 11:34:03,326 - INFO - Episode 6/300 started - Strategy: curiosity
2025-07-01 11:34:37,141 - INFO - 🔶 Episode 6: CHECKPOINTS (Short) | Reward: -3810.5 | Steps: 200
2025-07-01 11:34:37,141 - INFO - Episode 7/300 started - Strategy: curiosity
2025-07-01 11:35:10,354 - INFO - 🔶 Episode 7: CHECKPOINTS (Short) | Reward: -3283.0 | Steps: 200
2025-07-01 11:35:10,355 - INFO - Episode 8/300 started - Strategy: curiosity
2025-07-01 11:35:44,255 - INFO - 🔶 Episode 8: CHECKPOINTS (Short) | Reward: -2802.5 | Steps: 200
2025-07-01 11:35:44,256 - INFO - Episode 9/300 started - Strategy: curiosity
2025-07-01 11:36:00,252 - INFO - ❌ Episode 9: FAILED (Short) | Reward: -6376.5 | Steps: 200
2025-07-01 11:36:00,253 - INFO - Episode 10/300 started - Strategy: curiosity
2025-07-01 11:36:33,641 - INFO - 🔶 Episode 10: CHECKPOINTS (Short) | Reward: -3674.0 | Steps: 200
2025-07-01 11:36:33,644 - INFO - Episodes completed: 10
2025-07-01 11:36:33,644 - INFO - Average reward (last 50): -3765.65
2025-07-01 11:36:33,644 - INFO - Average steps (last 50): 200.0
2025-07-01 11:36:33,644 - INFO - Success rate (last 50): 0.0%
2025-07-01 11:36:33,644 - INFO - States explored: 50
2025-07-01 11:36:33,645 - INFO - Total checkpoints reached: 23
2025-07-01 11:36:33,645 - INFO - Unique checkpoints discovered: 4
2025-07-01 11:36:33,645 - INFO - Episodes with checkpoints: 9/10
2025-07-01 11:36:33,645 - INFO - Checkpoint values found: [1, 2, 3, 4]
2025-07-01 11:36:33,645 - INFO - Episode 11/300 started - Strategy: curiosity
2025-07-01 11:37:08,038 - INFO - 🔶 Episode 11: CHECKPOINTS (Short) | Reward: -3413.0 | Steps: 200
2025-07-01 11:37:08,039 - INFO - Episode 12/300 started - Strategy: curiosity
2025-07-01 11:37:42,341 - INFO - 🔶 Episode 12: CHECKPOINTS (Short) | Reward: -3705.5 | Steps: 200
2025-07-01 11:37:42,341 - INFO - Episode 13/300 started - Strategy: curiosity
2025-07-01 11:38:15,669 - INFO - 🔶 Episode 13: CHECKPOINTS (Short) | Reward: -3557.0 | Steps: 200
2025-07-01 11:38:15,669 - INFO - Episode 14/300 started - Strategy: curiosity
2025-07-01 11:38:50,236 - INFO - 🔶 Episode 14: CHECKPOINTS (Short) | Reward: -3518.0 | Steps: 200
2025-07-01 11:38:50,237 - INFO - Episode 15/300 started - Strategy: curiosity
2025-07-01 11:39:09,661 - INFO - ❌ Episode 15: FAILED (Short) | Reward: -5921.5 | Steps: 200
2025-07-01 11:39:09,662 - INFO - Episode 16/300 started - Strategy: curiosity
2025-07-01 11:39:43,741 - INFO - 🔶 Episode 16: CHECKPOINTS (Short) | Reward: -2919.0 | Steps: 200
2025-07-01 11:39:43,742 - INFO - Episode 17/300 started - Strategy: curiosity
2025-07-01 11:40:18,406 - INFO - 🔶 Episode 17: CHECKPOINTS (Short) | Reward: -3328.5 | Steps: 200
2025-07-01 11:40:18,407 - INFO - Episode 18/300 started - Strategy: curiosity
2025-07-01 11:40:53,286 - INFO - 🔶 Episode 18: CHECKPOINTS (Short) | Reward: -2698.5 | Steps: 200
2025-07-01 11:40:53,287 - INFO - Episode 19/300 started - Strategy: curiosity
2025-07-01 11:41:27,879 - INFO - 🔶 Episode 19: CHECKPOINTS (Short) | Reward: -3562.5 | Steps: 200
2025-07-01 11:41:27,879 - INFO - Episode 20/300 started - Strategy: curiosity
2025-07-01 11:42:02,711 - INFO - 🔶 Episode 20: CHECKPOINTS (Short) | Reward: -3101.0 | Steps: 200
2025-07-01 11:42:02,713 - INFO - Episodes completed: 20
2025-07-01 11:42:02,713 - INFO - Average reward (last 50): -3669.05
2025-07-01 11:42:02,713 - INFO - Average steps (last 50): 200.0
2025-07-01 11:42:02,714 - INFO - Success rate (last 50): 0.0%
2025-07-01 11:42:02,714 - INFO - States explored: 55
2025-07-01 11:42:02,714 - INFO - Total checkpoints reached: 49
2025-07-01 11:42:02,714 - INFO - Unique checkpoints discovered: 4
2025-07-01 11:42:02,714 - INFO - Episodes with checkpoints: 18/20
2025-07-01 11:42:02,714 - INFO - Checkpoint values found: [1, 2, 3, 4]
2025-07-01 11:42:02,714 - INFO - Episode 21/300 started - Strategy: curiosity
2025-07-01 11:42:32,010 - INFO - 🏆 Episode 21: GOAL REACHED | Reward: -1015.0 | Steps: 167
2025-07-01 11:42:32,010 - INFO - Episode 22/300 started - Strategy: curiosity
2025-07-01 11:43:05,801 - INFO - ❌ Episode 22: FAILED (Short) | Reward: -3965.0 | Steps: 200
2025-07-01 11:43:05,802 - INFO - Episode 23/300 started - Strategy: curiosity
2025-07-01 11:43:40,887 - INFO - 🔶 Episode 23: CHECKPOINTS (Short) | Reward: -3354.5 | Steps: 200
2025-07-01 11:43:40,888 - INFO - Episode 24/300 started - Strategy: curiosity
2025-07-01 11:44:15,854 - INFO - 🔶 Episode 24: CHECKPOINTS (Short) | Reward: -3140.0 | Steps: 200
2025-07-01 11:44:15,854 - INFO - Episode 25/300 started - Strategy: curiosity
2025-07-01 11:44:50,092 - INFO - 🔶 Episode 25: CHECKPOINTS (Short) | Reward: -3250.5 | Steps: 200
2025-07-01 11:44:50,092 - INFO - Episode 26/300 started - Strategy: curiosity
2025-07-01 11:45:23,765 - INFO - 🔶 Episode 26: CHECKPOINTS (Short) | Reward: -3271.0 | Steps: 200
2025-07-01 11:45:23,765 - INFO - Episode 27/300 started - Strategy: curiosity
2025-07-01 11:45:58,295 - INFO - 🔶 Episode 27: CHECKPOINTS (Short) | Reward: -2354.0 | Steps: 200
2025-07-01 11:45:58,295 - INFO - Episode 28/300 started - Strategy: curiosity
2025-07-01 11:46:32,948 - INFO - 🔶 Episode 28: CHECKPOINTS (Short) | Reward: -2399.5 | Steps: 200
2025-07-01 11:46:32,949 - INFO - Episode 29/300 started - Strategy: curiosity
2025-07-01 11:47:06,903 - INFO - 🔶 Episode 29: CHECKPOINTS (Short) | Reward: -3283.0 | Steps: 200
2025-07-01 11:47:06,903 - INFO - Episode 30/300 started - Strategy: curiosity
2025-07-01 11:47:39,660 - INFO - 🔶 Episode 30: CHECKPOINTS (Short) | Reward: -3888.5 | Steps: 200
2025-07-01 11:47:39,664 - INFO - Episodes completed: 30
2025-07-01 11:47:39,664 - INFO - Average reward (last 50): -3443.40
2025-07-01 11:47:39,664 - INFO - Average steps (last 50): 198.9
2025-07-01 11:47:39,664 - INFO - Success rate (last 50): 3.3%
2025-07-01 11:47:39,664 - INFO - States explored: 66
2025-07-01 11:47:39,664 - INFO - Total checkpoints reached: 77
2025-07-01 11:47:39,664 - INFO - Unique checkpoints discovered: 4
2025-07-01 11:47:39,664 - INFO - Episodes with checkpoints: 27/30
2025-07-01 11:47:39,665 - INFO - Checkpoint values found: [1, 2, 3, 4]
2025-07-01 11:47:39,665 - INFO - Episode 31/300 started - Strategy: curiosity
2025-07-01 11:48:11,357 - INFO - 🏆 Episode 31: GOAL REACHED | Reward: -1386.5 | Steps: 186
2025-07-01 11:48:11,358 - INFO - Episode 32/300 started - Strategy: curiosity
2025-07-01 11:48:44,939 - INFO - 🔶 Episode 32: CHECKPOINTS (Short) | Reward: -3316.5 | Steps: 200
2025-07-01 11:48:44,939 - INFO - Episode 33/300 started - Strategy: curiosity
2025-07-01 11:49:20,058 - INFO - 🔶 Episode 33: CHECKPOINTS (Short) | Reward: -2055.0 | Steps: 200
2025-07-01 11:49:20,059 - INFO - Episode 34/300 started - Strategy: curiosity
2025-07-01 11:49:53,704 - INFO - 🔶 Episode 34: CHECKPOINTS (Short) | Reward: -3459.5 | Steps: 200
2025-07-01 11:49:53,704 - INFO - Episode 35/300 started - Strategy: curiosity
2025-07-01 11:50:28,606 - INFO - 🔶 Episode 35: CHECKPOINTS (Short) | Reward: -3778.0 | Steps: 200
2025-07-01 11:50:28,607 - INFO - Episode 36/300 started - Strategy: curiosity
2025-07-01 11:50:42,803 - INFO - 🏆 Episode 36: GOAL REACHED | Reward: 1137.0 | Steps: 76
2025-07-01 11:50:42,805 - INFO - Episode 37/300 started - Strategy: curiosity
2025-07-01 11:51:17,484 - INFO - 🔶 Episode 37: CHECKPOINTS (Short) | Reward: -2438.5 | Steps: 200
2025-07-01 11:51:17,485 - INFO - Episode 38/300 started - Strategy: curiosity
2025-07-01 11:51:51,920 - INFO - 🔶 Episode 38: CHECKPOINTS (Short) | Reward: -2516.5 | Steps: 200
2025-07-01 11:51:51,920 - INFO - Episode 39/300 started - Strategy: curiosity
2025-07-01 11:52:25,711 - INFO - 🔶 Episode 39: CHECKPOINTS (Short) | Reward: -2438.5 | Steps: 200
2025-07-01 11:52:25,711 - INFO - Episode 40/300 started - Strategy: curiosity
2025-07-01 11:53:00,514 - INFO - 🔶 Episode 40: CHECKPOINTS (Short) | Reward: -2458.0 | Steps: 200
2025-07-01 11:53:00,521 - INFO - Episodes completed: 40
2025-07-01 11:53:00,521 - INFO - Average reward (last 50): -3150.30
2025-07-01 11:53:00,522 - INFO - Average steps (last 50): 195.7
2025-07-01 11:53:00,522 - INFO - Success rate (last 50): 7.5%
2025-07-01 11:53:00,522 - INFO - States explored: 66
2025-07-01 11:53:00,523 - INFO - Total checkpoints reached: 111
2025-07-01 11:53:00,523 - INFO - Unique checkpoints discovered: 4
2025-07-01 11:53:00,523 - INFO - Episodes with checkpoints: 37/40
2025-07-01 11:53:00,523 - INFO - Checkpoint values found: [1, 2, 3, 4]
2025-07-01 11:53:00,523 - INFO - Episode 41/300 started - Strategy: curiosity
2025-07-01 11:53:35,987 - INFO - 🔶 Episode 41: CHECKPOINTS (Short) | Reward: -2354.0 | Steps: 200
2025-07-01 11:53:35,988 - INFO - Episode 42/300 started - Strategy: curiosity
2025-07-01 11:54:11,410 - INFO - 🔶 Episode 42: CHECKPOINTS (Short) | Reward: -2393.0 | Steps: 200
2025-07-01 11:54:11,410 - INFO - Episode 43/300 started - Strategy: curiosity
2025-07-01 11:54:46,119 - INFO - 🔶 Episode 43: CHECKPOINTS (Short) | Reward: -3816.0 | Steps: 200
2025-07-01 11:54:46,120 - INFO - Episode 44/300 started - Strategy: curiosity
2025-07-01 11:55:20,859 - INFO - 🔶 Episode 44: CHECKPOINTS (Short) | Reward: -3419.5 | Steps: 200
2025-07-01 11:55:20,859 - INFO - Episode 45/300 started - Strategy: curiosity
2025-07-01 11:55:44,277 - INFO - 🏆 Episode 45: GOAL REACHED | Reward: -483.0 | Steps: 132
2025-07-01 11:55:44,278 - INFO - Episode 46/300 started - Strategy: curiosity
2025-07-01 11:56:19,284 - INFO - 🔶 Episode 46: CHECKPOINTS (Short) | Reward: -2640.0 | Steps: 200
2025-07-01 11:56:19,284 - INFO - Episode 47/300 started - Strategy: curiosity
2025-07-01 11:56:54,418 - INFO - 🔶 Episode 47: CHECKPOINTS (Short) | Reward: -2263.0 | Steps: 200
2025-07-01 11:56:54,419 - INFO - Episode 48/300 started - Strategy: curiosity
2025-07-01 11:57:29,960 - INFO - 🔶 Episode 48: CHECKPOINTS (Short) | Reward: -2373.5 | Steps: 200
2025-07-01 11:57:29,961 - INFO - Episode 49/300 started - Strategy: curiosity
2025-07-01 11:58:05,831 - INFO - 🔶 Episode 49: CHECKPOINTS (Short) | Reward: -2159.0 | Steps: 200
2025-07-01 11:58:05,833 - INFO - Episode 50/300 started - Strategy: curiosity
2025-07-01 11:58:40,949 - INFO - 🔶 Episode 50: CHECKPOINTS (Short) | Reward: -2399.5 | Steps: 200
2025-07-01 11:58:40,954 - INFO - Episodes completed: 50
2025-07-01 11:58:40,955 - INFO - Average reward (last 50): -3006.25
2025-07-01 11:58:40,955 - INFO - Average steps (last 50): 195.2
2025-07-01 11:58:40,955 - INFO - Success rate (last 50): 8.0%
2025-07-01 11:58:40,955 - INFO - States explored: 66
2025-07-01 11:58:40,955 - INFO - Total checkpoints reached: 149
2025-07-01 11:58:40,955 - INFO - Unique checkpoints discovered: 4
2025-07-01 11:58:40,955 - INFO - Episodes with checkpoints: 47/50
2025-07-01 11:58:40,955 - INFO - Checkpoint values found: [1, 2, 3, 4]
2025-07-01 11:58:40,955 - INFO - Episode 51/300 started - Strategy: curiosity
2025-07-01 11:59:15,714 - INFO - 🔶 Episode 51: CHECKPOINTS (Short) | Reward: -2191.5 | Steps: 200
2025-07-01 11:59:15,715 - INFO - Episode 52/300 started - Strategy: curiosity
2025-07-01 11:59:51,358 - INFO - 🔶 Episode 52: CHECKPOINTS (Short) | Reward: -2035.5 | Steps: 200
2025-07-01 11:59:51,358 - INFO - Episode 53/300 started - Strategy: curiosity
2025-07-01 12:00:23,764 - INFO - 🏆 Episode 53: GOAL REACHED | Reward: -1230.5 | Steps: 183
2025-07-01 12:00:23,764 - INFO - Episode 54/300 started - Strategy: curiosity
2025-07-01 12:00:58,892 - INFO - 🔶 Episode 54: CHECKPOINTS (Short) | Reward: -3043.0 | Steps: 200
2025-07-01 12:00:58,892 - INFO - Episode 55/300 started - Strategy: curiosity
2025-07-01 12:01:34,773 - INFO - 🔶 Episode 55: CHECKPOINTS (Short) | Reward: -2276.0 | Steps: 200
2025-07-01 12:01:34,773 - INFO - Episode 56/300 started - Strategy: curiosity
2025-07-01 12:02:10,363 - INFO - 🔶 Episode 56: CHECKPOINTS (Short) | Reward: -2289.0 | Steps: 200
2025-07-01 12:02:10,364 - INFO - Episode 57/300 started - Strategy: curiosity
2025-07-01 12:02:42,000 - INFO - 🏆 Episode 57: GOAL REACHED | Reward: -1627.0 | Steps: 183
2025-07-01 12:02:42,001 - INFO - Episode 58/300 started - Strategy: curiosity
2025-07-01 12:03:17,224 - INFO - 🔶 Episode 58: CHECKPOINTS (Short) | Reward: -2594.5 | Steps: 200
2025-07-01 12:03:17,225 - INFO - Episode 59/300 started - Strategy: curiosity
2025-07-01 12:03:52,820 - INFO - 🔶 Episode 59: CHECKPOINTS (Short) | Reward: -2341.0 | Steps: 200
2025-07-01 12:03:52,821 - INFO - Episode 60/300 started - Strategy: curiosity
2025-07-01 12:04:28,125 - INFO - 🔶 Episode 60: CHECKPOINTS (Short) | Reward: -2412.5 | Steps: 200
2025-07-01 12:04:28,127 - INFO - Episodes completed: 60
2025-07-01 12:04:28,128 - INFO - Average reward (last 50): -2693.93
2025-07-01 12:04:28,128 - INFO - Average steps (last 50): 194.5
2025-07-01 12:04:28,128 - INFO - Success rate (last 50): 12.0%
2025-07-01 12:04:28,128 - INFO - States explored: 66
2025-07-01 12:04:28,128 - INFO - Total checkpoints reached: 189
2025-07-01 12:04:28,128 - INFO - Unique checkpoints discovered: 4
2025-07-01 12:04:28,128 - INFO - Episodes with checkpoints: 57/60
2025-07-01 12:04:28,128 - INFO - Checkpoint values found: [1, 2, 3, 4]
2025-07-01 12:04:28,128 - INFO - Episode 61/300 started - Strategy: curiosity
2025-07-01 12:05:03,627 - INFO - 🔶 Episode 61: CHECKPOINTS (Short) | Reward: -2471.0 | Steps: 200
2025-07-01 12:05:03,627 - INFO - Episode 62/300 started - Strategy: curiosity
2025-07-01 12:05:38,774 - INFO - 🔶 Episode 62: CHECKPOINTS (Short) | Reward: -2529.5 | Steps: 200
2025-07-01 12:05:38,774 - INFO - Episode 63/300 started - Strategy: curiosity
2025-07-01 12:06:15,414 - INFO - 🔶 Episode 63: CHECKPOINTS (Short) | Reward: -2224.0 | Steps: 200
2025-07-01 12:06:15,414 - INFO - Episode 64/300 started - Strategy: curiosity
2025-07-01 12:06:36,133 - INFO - 🏆 Episode 64: GOAL REACHED | Reward: 303.5 | Steps: 108
2025-07-01 12:06:36,133 - INFO - Episode 65/300 started - Strategy: curiosity
2025-07-01 12:07:13,448 - INFO - 🔶 Episode 65: CHECKPOINTS (Short) | Reward: -2614.0 | Steps: 200
2025-07-01 12:07:13,448 - INFO - Episode 66/300 started - Strategy: curiosity
2025-07-01 12:07:50,906 - INFO - 🔶 Episode 66: CHECKPOINTS (Short) | Reward: -3101.0 | Steps: 200
2025-07-01 12:07:50,907 - INFO - Episode 67/300 started - Strategy: curiosity
2025-07-01 12:08:24,711 - INFO - 🏆 Episode 67: GOAL REACHED | Reward: -762.5 | Steps: 180
2025-07-01 12:08:24,712 - INFO - Episode 68/300 started - Strategy: curiosity
2025-07-01 12:08:51,713 - INFO - 🏆 Episode 68: GOAL REACHED | Reward: -378.0 | Steps: 145
2025-07-01 12:08:51,713 - INFO - Episode 69/300 started - Strategy: curiosity
2025-07-01 12:09:16,643 - INFO - 🏆 Episode 69: GOAL REACHED | Reward: -177.5 | Steps: 131
2025-07-01 12:09:16,644 - INFO - Episode 70/300 started - Strategy: curiosity
2025-07-01 12:09:39,732 - INFO - 🏆 Episode 70: GOAL REACHED | Reward: 44.0 | Steps: 121
2025-07-01 12:09:39,734 - INFO - Episodes completed: 70
2025-07-01 12:09:39,734 - INFO - Average reward (last 50): -2257.64
2025-07-01 12:09:39,734 - INFO - Average steps (last 50): 188.2
2025-07-01 12:09:39,734 - INFO - Success rate (last 50): 22.0%
2025-07-01 12:09:39,734 - INFO - States explored: 66
2025-07-01 12:09:39,734 - INFO - Total checkpoints reached: 228
2025-07-01 12:09:39,734 - INFO - Unique checkpoints discovered: 4
2025-07-01 12:09:39,734 - INFO - Episodes with checkpoints: 67/70
2025-07-01 12:09:39,735 - INFO - Checkpoint values found: [1, 2, 3, 4]
2025-07-01 12:09:39,735 - INFO - Episode 71/300 started - Strategy: curiosity
2025-07-01 12:10:14,193 - INFO - 🏆 Episode 71: GOAL REACHED | Reward: -1028.0 | Steps: 182
2025-07-01 12:10:14,194 - INFO - Episode 72/300 started - Strategy: curiosity
2025-07-01 12:10:40,532 - INFO - 🏆 Episode 72: GOAL REACHED | Reward: -480.5 | Steps: 142
2025-07-01 12:10:40,532 - INFO - Episode 73/300 started - Strategy: curiosity
2025-07-01 12:11:10,289 - INFO - 🏆 Episode 73: GOAL REACHED | Reward: -534.5 | Steps: 158
2025-07-01 12:11:10,289 - INFO - Episode 74/300 started - Strategy: curiosity
2025-07-01 12:11:28,307 - INFO - 🏆 Episode 74: GOAL REACHED | Reward: 824.0 | Steps: 94
2025-07-01 12:11:28,308 - INFO - Episode 75/300 started - Strategy: curiosity
2025-07-01 12:11:45,178 - INFO - 🏆 Episode 75: GOAL REACHED | Reward: 863.5 | Steps: 85
2025-07-01 12:11:45,178 - INFO - Episode 76/300 started - Strategy: curiosity
2025-07-01 12:12:06,221 - INFO - 🏆 Episode 76: GOAL REACHED | Reward: 467.0 | Steps: 107
2025-07-01 12:12:06,221 - INFO - Episode 77/300 started - Strategy: curiosity
2025-07-01 12:12:32,121 - INFO - 🏆 Episode 77: GOAL REACHED | Reward: -202.5 | Steps: 135
2025-07-01 12:12:32,121 - INFO - Episode 78/300 started - Strategy: curiosity
2025-07-01 12:12:52,557 - INFO - 🏆 Episode 78: GOAL REACHED | Reward: 752.0 | Steps: 106
2025-07-01 12:12:52,558 - INFO - Episode 79/300 started - Strategy: curiosity
2025-07-01 12:13:05,662 - INFO - 🏆 Episode 79: GOAL REACHED | Reward: 1515.0 | Steps: 64
2025-07-01 12:13:05,662 - INFO - Episode 80/300 started - Strategy: curiosity
2025-07-01 12:13:27,491 - INFO - 🏆 Episode 80: GOAL REACHED | Reward: 206.0 | Steps: 113
2025-07-01 12:13:27,494 - INFO - Episodes completed: 80
2025-07-01 12:13:27,494 - INFO - Average reward (last 50): -1611.58
2025-07-01 12:13:27,495 - INFO - Average steps (last 50): 172.6
2025-07-01 12:13:27,495 - INFO - Success rate (last 50): 40.0%
2025-07-01 12:13:27,495 - INFO - States explored: 66
2025-07-01 12:13:27,495 - INFO - Total checkpoints reached: 268
2025-07-01 12:13:27,495 - INFO - Unique checkpoints discovered: 4
2025-07-01 12:13:27,495 - INFO - Episodes with checkpoints: 77/80
2025-07-01 12:13:27,495 - INFO - Checkpoint values found: [1, 2, 3, 4]
2025-07-01 12:13:27,495 - INFO - Episode 81/300 started - Strategy: curiosity
2025-07-01 12:13:39,731 - INFO - 🏆 Episode 81: GOAL REACHED | Reward: 1411.0 | Steps: 60
2025-07-01 12:13:39,731 - INFO - Episode 82/300 started - Strategy: curiosity
2025-07-01 12:14:01,471 - INFO - 🏆 Episode 82: GOAL REACHED | Reward: 318.0 | Steps: 113
2025-07-01 12:14:01,471 - INFO - Episode 83/300 started - Strategy: curiosity
2025-07-01 12:14:23,681 - INFO - 🏆 Episode 83: GOAL REACHED | Reward: 50.0 | Steps: 115
2025-07-01 12:14:23,682 - INFO - Episode 84/300 started - Strategy: curiosity
2025-07-01 12:14:37,097 - INFO - 🏆 Episode 84: GOAL REACHED | Reward: 1692.0 | Steps: 65
2025-07-01 12:14:37,097 - INFO - Episode 85/300 started - Strategy: curiosity
2025-07-01 12:14:56,849 - INFO - 🏆 Episode 85: GOAL REACHED | Reward: 479.0 | Steps: 103
2025-07-01 12:14:56,850 - INFO - Episode 86/300 started - Strategy: curiosity
2025-07-01 12:15:19,386 - INFO - 🏆 Episode 86: GOAL REACHED | Reward: 246.5 | Steps: 117
2025-07-01 12:15:19,387 - INFO - Episode 87/300 started - Strategy: curiosity
2025-07-01 12:15:40,682 - INFO - 🏆 Episode 87: GOAL REACHED | Reward: 330.0 | Steps: 110
2025-07-01 12:15:40,683 - INFO - Episode 88/300 started - Strategy: curiosity
2025-07-01 12:15:55,937 - INFO - 🏆 Episode 88: GOAL REACHED | Reward: 1142.0 | Steps: 76
2025-07-01 12:15:55,937 - INFO - Episode 89/300 started - Strategy: curiosity
2025-07-01 12:16:10,148 - INFO - 🏆 Episode 89: GOAL REACHED | Reward: 2003.0 | Steps: 70
2025-07-01 12:16:10,149 - INFO - Episode 90/300 started - Strategy: curiosity
2025-07-01 12:16:27,845 - INFO - 🏆 Episode 90: GOAL REACHED | Reward: 851.5 | Steps: 89
2025-07-01 12:16:27,846 - INFO - Episodes completed: 90
2025-07-01 12:16:27,846 - INFO - Average reward (last 50): -986.92
2025-07-01 12:16:27,846 - INFO - Average steps (last 50): 153.7
2025-07-01 12:16:27,847 - INFO - Success rate (last 50): 56.0%
2025-07-01 12:16:27,847 - INFO - States explored: 66
2025-07-01 12:16:27,847 - INFO - Total checkpoints reached: 308
2025-07-01 12:16:27,847 - INFO - Unique checkpoints discovered: 4
2025-07-01 12:16:27,847 - INFO - Episodes with checkpoints: 87/90
2025-07-01 12:16:27,847 - INFO - Checkpoint values found: [1, 2, 3, 4]
2025-07-01 12:16:27,847 - INFO - Episode 91/300 started - Strategy: curiosity
2025-07-01 12:16:41,250 - INFO - 🏆 Episode 91: GOAL REACHED | Reward: 1311.5 | Steps: 66
2025-07-01 12:16:41,251 - INFO - Episode 92/300 started - Strategy: curiosity
2025-07-01 12:17:00,356 - INFO - 🏆 Episode 92: GOAL REACHED | Reward: 945.5 | Steps: 96
2025-07-01 12:17:00,356 - INFO - Episode 93/300 started - Strategy: curiosity
2025-07-01 12:17:18,965 - INFO - 🏆 Episode 93: GOAL REACHED | Reward: 740.5 | Steps: 95
2025-07-01 12:17:18,966 - INFO - Episode 94/300 started - Strategy: curiosity
2025-07-01 12:17:40,211 - INFO - 🏆 Episode 94: GOAL REACHED | Reward: 578.0 | Steps: 108
2025-07-01 12:17:40,211 - INFO - Episode 95/300 started - Strategy: curiosity
2025-07-01 12:18:01,418 - INFO - 🏆 Episode 95: GOAL REACHED | Reward: 323.5 | Steps: 110
2025-07-01 12:18:01,419 - INFO - Episode 96/300 started - Strategy: curiosity
2025-07-01 12:18:23,810 - INFO - 🏆 Episode 96: GOAL REACHED | Reward: 618.5 | Steps: 116
2025-07-01 12:18:23,810 - INFO - Episode 97/300 started - Strategy: curiosity
2025-07-01 12:18:46,303 - INFO - 🏆 Episode 97: GOAL REACHED | Reward: 448.0 | Steps: 116
2025-07-01 12:18:46,304 - INFO - Episode 98/300 started - Strategy: curiosity
2025-07-01 12:19:07,507 - INFO - 🏆 Episode 98: GOAL REACHED | Reward: 474.5 | Steps: 109
2025-07-01 12:19:07,508 - INFO - Episode 99/300 started - Strategy: curiosity
2025-07-01 12:19:24,040 - INFO - 🏆 Episode 99: GOAL REACHED | Reward: 824.0 | Steps: 84
2025-07-01 12:19:24,041 - INFO - Episode 100/300 started - Strategy: curiosity
2025-07-01 12:19:42,070 - INFO - 🏆 Episode 100: GOAL REACHED | Reward: 1084.5 | Steps: 91
2025-07-01 12:19:42,072 - INFO - Episodes completed: 100
2025-07-01 12:19:42,072 - INFO - Average reward (last 50): -353.94
2025-07-01 12:19:42,072 - INFO - Average steps (last 50): 134.9
2025-07-01 12:19:42,072 - INFO - Success rate (last 50): 74.0%
2025-07-01 12:19:42,072 - INFO - States explored: 66
2025-07-01 12:19:42,073 - INFO - Total checkpoints reached: 348
2025-07-01 12:19:42,073 - INFO - Unique checkpoints discovered: 4
2025-07-01 12:19:42,073 - INFO - Episodes with checkpoints: 97/100
2025-07-01 12:19:42,073 - INFO - Checkpoint values found: [1, 2, 3, 4]
2025-07-01 12:19:42,073 - INFO - Episode 101/300 started - Strategy: curiosity
2025-07-01 12:20:01,834 - INFO - 🏆 Episode 101: GOAL REACHED | Reward: 316.5 | Steps: 102
2025-07-01 12:20:01,834 - INFO - Episode 102/300 started - Strategy: curiosity
2025-07-01 12:20:29,953 - INFO - 🏆 Episode 102: GOAL REACHED | Reward: -299.5 | Steps: 147
2025-07-01 12:20:29,954 - INFO - Episode 103/300 started - Strategy: curiosity
2025-07-01 12:20:45,030 - INFO - 🏆 Episode 103: GOAL REACHED | Reward: 1189.5 | Steps: 74
2025-07-01 12:20:45,031 - INFO - Episode 104/300 started - Strategy: curiosity
2025-07-01 12:21:01,848 - INFO - 🏆 Episode 104: GOAL REACHED | Reward: 1585.5 | Steps: 83
2025-07-01 12:21:01,849 - INFO - Episode 105/300 started - Strategy: curiosity
2025-07-01 12:21:19,023 - INFO - 🏆 Episode 105: GOAL REACHED | Reward: 1198.0 | Steps: 85
2025-07-01 12:21:19,023 - INFO - Episode 106/300 started - Strategy: curiosity
2025-07-01 12:21:46,456 - INFO - 🏆 Episode 106: GOAL REACHED | Reward: -86.0 | Steps: 145
2025-07-01 12:21:46,457 - INFO - Episode 107/300 started - Strategy: curiosity
2025-07-01 12:22:08,458 - INFO - 🏆 Episode 107: GOAL REACHED | Reward: 526.5 | Steps: 113
2025-07-01 12:22:08,458 - INFO - Episode 108/300 started - Strategy: curiosity
2025-07-01 12:22:45,876 - INFO - 🔶 Episode 108: CHECKPOINTS (Short) | Reward: -2977.5 | Steps: 200
2025-07-01 12:22:45,877 - INFO - Episode 109/300 started - Strategy: curiosity
2025-07-01 12:23:04,958 - INFO - 🏆 Episode 109: GOAL REACHED | Reward: 628.5 | Steps: 98
2025-07-01 12:23:04,958 - INFO - Episode 110/300 started - Strategy: curiosity
2025-07-01 12:23:17,878 - INFO - 🏆 Episode 110: GOAL REACHED | Reward: 1593.0 | Steps: 63
2025-07-01 12:23:17,881 - INFO - Episodes completed: 110
2025-07-01 12:23:17,881 - INFO - Average reward (last 50): 160.36
2025-07-01 12:23:17,881 - INFO - Average steps (last 50): 117.8
2025-07-01 12:23:17,882 - INFO - Success rate (last 50): 88.0%
2025-07-01 12:23:17,882 - INFO - States explored: 66
2025-07-01 12:23:17,882 - INFO - Total checkpoints reached: 387
2025-07-01 12:23:17,882 - INFO - Unique checkpoints discovered: 4
2025-07-01 12:23:17,882 - INFO - Episodes with checkpoints: 107/110
2025-07-01 12:23:17,882 - INFO - Checkpoint values found: [1, 2, 3, 4]
2025-07-01 12:23:17,882 - INFO - Episode 111/300 started - Strategy: curiosity
2025-07-01 12:23:33,470 - INFO - 🏆 Episode 111: GOAL REACHED | Reward: 981.5 | Steps: 80
2025-07-01 12:23:33,470 - INFO - Episode 112/300 started - Strategy: curiosity
2025-07-01 12:23:45,016 - INFO - 🏆 Episode 112: GOAL REACHED | Reward: 1578.0 | Steps: 54
2025-07-01 12:23:45,016 - INFO - Episode 113/300 started - Strategy: curiosity
2025-07-01 12:24:02,665 - INFO - 🏆 Episode 113: GOAL REACHED | Reward: 934.0 | Steps: 90
2025-07-01 12:24:02,665 - INFO - Episode 114/300 started - Strategy: curiosity
2025-07-01 12:24:15,151 - INFO - 🏆 Episode 114: GOAL REACHED | Reward: 1469.0 | Steps: 61
2025-07-01 12:24:15,151 - INFO - Episode 115/300 started - Strategy: curiosity
2025-07-01 12:24:28,684 - INFO - 🏆 Episode 115: GOAL REACHED | Reward: 1200.5 | Steps: 67
2025-07-01 12:24:28,685 - INFO - Episode 116/300 started - Strategy: curiosity
2025-07-01 12:24:41,075 - INFO - 🏆 Episode 116: GOAL REACHED | Reward: 1376.0 | Steps: 61
2025-07-01 12:24:41,075 - INFO - Episode 117/300 started - Strategy: curiosity
2025-07-01 12:24:58,144 - INFO - 🏆 Episode 117: GOAL REACHED | Reward: 895.5 | Steps: 86
2025-07-01 12:24:58,144 - INFO - Episode 118/300 started - Strategy: curiosity
2025-07-01 12:25:26,402 - INFO - 🏆 Episode 118: GOAL REACHED | Reward: -294.0 | Steps: 148
2025-07-01 12:25:26,403 - INFO - Episode 119/300 started - Strategy: curiosity
2025-07-01 12:25:37,838 - INFO - 🏆 Episode 119: GOAL REACHED | Reward: 1507.0 | Steps: 55
2025-07-01 12:25:37,839 - INFO - Episode 120/300 started - Strategy: curiosity
2025-07-01 12:25:51,926 - INFO - 🏆 Episode 120: GOAL REACHED | Reward: 1331.0 | Steps: 71
2025-07-01 12:25:51,927 - INFO - Episodes completed: 120
2025-07-01 12:25:51,927 - INFO - Average reward (last 50): 658.13
2025-07-01 12:25:51,927 - INFO - Average steps (last 50): 99.6
2025-07-01 12:25:51,927 - INFO - Success rate (last 50): 98.0%
2025-07-01 12:25:51,928 - INFO - States explored: 66
2025-07-01 12:25:51,928 - INFO - Total checkpoints reached: 427
2025-07-01 12:25:51,928 - INFO - Unique checkpoints discovered: 4
2025-07-01 12:25:51,928 - INFO - Episodes with checkpoints: 117/120
2025-07-01 12:25:51,928 - INFO - Checkpoint values found: [1, 2, 3, 4]
2025-07-01 12:25:51,928 - INFO - Episode 121/300 started - Strategy: curiosity
2025-07-01 12:26:03,426 - INFO - 🏆 Episode 121: GOAL REACHED | Reward: 1636.0 | Steps: 56
2025-07-01 12:26:03,426 - INFO - Episode 122/300 started - Strategy: curiosity
2025-07-01 12:26:15,826 - INFO - 🏆 Episode 122: GOAL REACHED | Reward: 1383.5 | Steps: 61
2025-07-01 12:26:15,826 - INFO - Episode 123/300 started - Strategy: curiosity
2025-07-01 12:26:26,780 - INFO - 🏆 Episode 123: GOAL REACHED | Reward: 1644.0 | Steps: 52
2025-07-01 12:26:26,780 - INFO - Episode 124/300 started - Strategy: curiosity
2025-07-01 12:26:39,968 - INFO - 🏆 Episode 124: GOAL REACHED | Reward: 1343.5 | Steps: 66
2025-07-01 12:26:39,968 - INFO - Episode 125/300 started - Strategy: curiosity
2025-07-01 12:26:52,997 - INFO - 🏆 Episode 125: GOAL REACHED | Reward: 1611.5 | Steps: 63
2025-07-01 12:26:52,997 - INFO - Episode 126/300 started - Strategy: curiosity
2025-07-01 12:27:05,368 - INFO - 🏆 Episode 126: GOAL REACHED | Reward: 1618.5 | Steps: 60
2025-07-01 12:27:05,369 - INFO - Episode 127/300 started - Strategy: curiosity
2025-07-01 12:27:15,965 - INFO - 🏆 Episode 127: GOAL REACHED | Reward: 1565.0 | Steps: 50
2025-07-01 12:27:15,966 - INFO - Episode 128/300 started - Strategy: curiosity
2025-07-01 12:27:28,955 - INFO - 🏆 Episode 128: GOAL REACHED | Reward: 1691.0 | Steps: 63
2025-07-01 12:27:28,955 - INFO - Episode 129/300 started - Strategy: curiosity
2025-07-01 12:27:40,091 - INFO - 🏆 Episode 129: GOAL REACHED | Reward: 1538.5 | Steps: 54
2025-07-01 12:27:40,091 - INFO - Episode 130/300 started - Strategy: curiosity
2025-07-01 12:27:52,539 - INFO - 🏆 Episode 130: GOAL REACHED | Reward: 1467.0 | Steps: 62
2025-07-01 12:27:52,541 - INFO - Episodes completed: 130
2025-07-01 12:27:52,541 - INFO - Average reward (last 50): 920.46
2025-07-01 12:27:52,541 - INFO - Average steps (last 50): 87.6
2025-07-01 12:27:52,541 - INFO - Success rate (last 50): 98.0%
2025-07-01 12:27:52,542 - INFO - States explored: 66
2025-07-01 12:27:52,542 - INFO - Total checkpoints reached: 467
2025-07-01 12:27:52,542 - INFO - Unique checkpoints discovered: 4
2025-07-01 12:27:52,542 - INFO - Episodes with checkpoints: 127/130
2025-07-01 12:27:52,542 - INFO - Checkpoint values found: [1, 2, 3, 4]
2025-07-01 12:27:52,542 - INFO - Episode 131/300 started - Strategy: curiosity
2025-07-01 12:28:05,446 - INFO - 🏆 Episode 131: GOAL REACHED | Reward: 1645.0 | Steps: 63
2025-07-01 12:28:05,447 - INFO - Episode 132/300 started - Strategy: curiosity
2025-07-01 12:28:18,443 - INFO - 🏆 Episode 132: GOAL REACHED | Reward: 1200.5 | Steps: 65
2025-07-01 12:28:18,443 - INFO - Episode 133/300 started - Strategy: curiosity
2025-07-01 12:28:28,943 - INFO - 🏆 Episode 133: GOAL REACHED | Reward: 1577.5 | Steps: 50
2025-07-01 12:28:28,943 - INFO - Episode 134/300 started - Strategy: curiosity
2025-07-01 12:28:42,127 - INFO - 🏆 Episode 134: GOAL REACHED | Reward: 1597.0 | Steps: 64
2025-07-01 12:28:42,128 - INFO - Episode 135/300 started - Strategy: curiosity
2025-07-01 12:28:55,278 - INFO - 🏆 Episode 135: GOAL REACHED | Reward: 1480.0 | Steps: 64
2025-07-01 12:28:55,279 - INFO - Episode 136/300 started - Strategy: curiosity
2025-07-01 12:29:09,412 - INFO - 🏆 Episode 136: GOAL REACHED | Reward: 1637.0 | Steps: 69
2025-07-01 12:29:09,413 - INFO - Episode 137/300 started - Strategy: curiosity
2025-07-01 12:29:21,939 - INFO - 🏆 Episode 137: GOAL REACHED | Reward: 1298.0 | Steps: 63
2025-07-01 12:29:21,939 - INFO - Episode 138/300 started - Strategy: curiosity
2025-07-01 12:29:36,609 - INFO - 🏆 Episode 138: GOAL REACHED | Reward: 1182.0 | Steps: 73
2025-07-01 12:29:36,610 - INFO - Episode 139/300 started - Strategy: curiosity
2025-07-01 12:29:47,209 - INFO - 🏆 Episode 139: GOAL REACHED | Reward: 1767.0 | Steps: 50
2025-07-01 12:29:47,210 - INFO - Episode 140/300 started - Strategy: curiosity
2025-07-01 12:29:58,405 - INFO - 🏆 Episode 140: GOAL REACHED | Reward: 1474.5 | Steps: 55
2025-07-01 12:29:58,406 - INFO - Episodes completed: 140
2025-07-01 12:29:58,406 - INFO - Average reward (last 50): 1047.17
2025-07-01 12:29:58,406 - INFO - Average steps (last 50): 81.5
2025-07-01 12:29:58,407 - INFO - Success rate (last 50): 98.0%
2025-07-01 12:29:58,407 - INFO - States explored: 66
2025-07-01 12:29:58,407 - INFO - Total checkpoints reached: 507
2025-07-01 12:29:58,407 - INFO - Unique checkpoints discovered: 4
2025-07-01 12:29:58,407 - INFO - Episodes with checkpoints: 137/140
2025-07-01 12:29:58,407 - INFO - Checkpoint values found: [1, 2, 3, 4]
2025-07-01 12:29:58,407 - INFO - Episode 141/300 started - Strategy: curiosity
2025-07-01 12:30:12,744 - INFO - 🏆 Episode 141: GOAL REACHED | Reward: 1200.5 | Steps: 72
2025-07-01 12:30:12,744 - INFO - Episode 142/300 started - Strategy: curiosity
2025-07-01 12:30:24,501 - INFO - 🏆 Episode 142: GOAL REACHED | Reward: 1748.5 | Steps: 55
2025-07-01 12:30:24,501 - INFO - Episode 143/300 started - Strategy: curiosity
2025-07-01 12:30:36,859 - INFO - 🏆 Episode 143: GOAL REACHED | Reward: 1513.5 | Steps: 60
2025-07-01 12:30:36,859 - INFO - Episode 144/300 started - Strategy: curiosity
2025-07-01 12:30:53,135 - INFO - 🏆 Episode 144: GOAL REACHED | Reward: 968.0 | Steps: 82
2025-07-01 12:30:53,135 - INFO - Episode 145/300 started - Strategy: curiosity
2025-07-01 12:31:06,970 - INFO - 🏆 Episode 145: GOAL REACHED | Reward: 1233.0 | Steps: 69
2025-07-01 12:31:06,970 - INFO - Episode 146/300 started - Strategy: curiosity
2025-07-01 12:31:20,347 - INFO - 🏆 Episode 146: GOAL REACHED | Reward: 1273.0 | Steps: 66
2025-07-01 12:31:20,348 - INFO - Episode 147/300 started - Strategy: curiosity
2025-07-01 12:31:33,683 - INFO - 🏆 Episode 147: GOAL REACHED | Reward: 1649.5 | Steps: 65
2025-07-01 12:31:33,683 - INFO - Episode 148/300 started - Strategy: curiosity
2025-07-01 12:31:47,386 - INFO - 🏆 Episode 148: GOAL REACHED | Reward: 1514.0 | Steps: 67
2025-07-01 12:31:47,387 - INFO - Episode 149/300 started - Strategy: curiosity
2025-07-01 12:31:59,581 - INFO - 🏆 Episode 149: GOAL REACHED | Reward: 1428.0 | Steps: 59
2025-07-01 12:31:59,581 - INFO - Episode 150/300 started - Strategy: curiosity
2025-07-01 12:32:10,745 - INFO - 🏆 Episode 150: GOAL REACHED | Reward: 1690.5 | Steps: 53
2025-07-01 12:32:10,748 - INFO - Episodes completed: 150
2025-07-01 12:32:10,749 - INFO - Average reward (last 50): 1184.57
2025-07-01 12:32:10,749 - INFO - Average steps (last 50): 74.7
2025-07-01 12:32:10,749 - INFO - Success rate (last 50): 98.0%
2025-07-01 12:32:10,749 - INFO - States explored: 66
2025-07-01 12:32:10,749 - INFO - Total checkpoints reached: 547
2025-07-01 12:32:10,749 - INFO - Unique checkpoints discovered: 4
2025-07-01 12:32:10,749 - INFO - Episodes with checkpoints: 147/150
2025-07-01 12:32:10,749 - INFO - Checkpoint values found: [1, 2, 3, 4]
2025-07-01 12:32:10,749 - INFO - Episode 151/300 started - Strategy: curiosity
2025-07-01 12:32:22,903 - INFO - 🏆 Episode 151: GOAL REACHED | Reward: 1572.5 | Steps: 59
2025-07-01 12:32:22,903 - INFO - Episode 152/300 started - Strategy: curiosity
2025-07-01 12:32:35,180 - INFO - 🏆 Episode 152: GOAL REACHED | Reward: 1755.5 | Steps: 59
2025-07-01 12:32:35,180 - INFO - Episode 153/300 started - Strategy: curiosity
2025-07-01 12:32:46,331 - INFO - 🏆 Episode 153: GOAL REACHED | Reward: 1616.5 | Steps: 54
2025-07-01 12:32:46,331 - INFO - Episode 154/300 started - Strategy: curiosity
2025-07-01 12:33:00,019 - INFO - 🏆 Episode 154: GOAL REACHED | Reward: 1044.5 | Steps: 70
2025-07-01 12:33:00,019 - INFO - Episode 155/300 started - Strategy: curiosity
2025-07-01 12:33:17,752 - INFO - 🏆 Episode 155: GOAL REACHED | Reward: 890.0 | Steps: 91
2025-07-01 12:33:17,752 - INFO - Episode 156/300 started - Strategy: curiosity
2025-07-01 12:33:30,577 - INFO - 🏆 Episode 156: GOAL REACHED | Reward: 1666.5 | Steps: 62
2025-07-01 12:33:30,577 - INFO - Episode 157/300 started - Strategy: curiosity
2025-07-01 12:33:43,224 - INFO - 🏆 Episode 157: GOAL REACHED | Reward: 1435.0 | Steps: 61
2025-07-01 12:33:43,225 - INFO - Episode 158/300 started - Strategy: curiosity
2025-07-01 12:33:56,661 - INFO - 🏆 Episode 158: GOAL REACHED | Reward: 1200.5 | Steps: 68
2025-07-01 12:33:56,662 - INFO - Episode 159/300 started - Strategy: curiosity
2025-07-01 12:34:08,187 - INFO - 🏆 Episode 159: GOAL REACHED | Reward: 1545.5 | Steps: 58
2025-07-01 12:34:08,187 - INFO - Episode 160/300 started - Strategy: curiosity
2025-07-01 12:34:28,689 - INFO - 🔶 Episode 160: CHECKPOINTS (Short) | Reward: -4141.5 | Steps: 200
2025-07-01 12:34:28,693 - INFO - Episodes completed: 160
2025-07-01 12:34:28,693 - INFO - Average reward (last 50): 1282.78
2025-07-01 12:34:28,694 - INFO - Average steps (last 50): 68.1
2025-07-01 12:34:28,694 - INFO - Success rate (last 50): 98.0%
2025-07-01 12:34:28,694 - INFO - States explored: 69
2025-07-01 12:34:28,694 - INFO - Total checkpoints reached: 587
2025-07-01 12:34:28,695 - INFO - Unique checkpoints discovered: 4
2025-07-01 12:34:28,695 - INFO - Episodes with checkpoints: 157/160
2025-07-01 12:34:28,695 - INFO - Checkpoint values found: [1, 2, 3, 4]
2025-07-01 12:34:28,695 - INFO - Episode 161/300 started - Strategy: curiosity
2025-07-01 12:34:41,241 - INFO - 🏆 Episode 161: GOAL REACHED | Reward: 1402.0 | Steps: 64
2025-07-01 12:34:41,242 - INFO - Episode 162/300 started - Strategy: curiosity
2025-07-01 12:34:55,941 - INFO - 🏆 Episode 162: GOAL REACHED | Reward: 1195.5 | Steps: 78
2025-07-01 12:34:55,941 - INFO - Episode 163/300 started - Strategy: curiosity
2025-07-01 12:35:05,878 - INFO - 🏆 Episode 163: GOAL REACHED | Reward: 1747.5 | Steps: 50
2025-07-01 12:35:05,879 - INFO - Episode 164/300 started - Strategy: curiosity
2025-07-01 12:35:18,972 - INFO - 🏆 Episode 164: GOAL REACHED | Reward: 1272.0 | Steps: 68
2025-07-01 12:35:18,973 - INFO - Episode 165/300 started - Strategy: curiosity
2025-07-01 12:35:32,480 - INFO - 🏆 Episode 165: GOAL REACHED | Reward: 1259.5 | Steps: 70
2025-07-01 12:35:32,481 - INFO - Episode 166/300 started - Strategy: curiosity
2025-07-01 12:35:48,654 - INFO - 🏆 Episode 166: GOAL REACHED | Reward: 1038.0 | Steps: 87
2025-07-01 12:35:48,655 - INFO - Episode 167/300 started - Strategy: curiosity
2025-07-01 12:36:00,328 - INFO - 🏆 Episode 167: GOAL REACHED | Reward: 1593.0 | Steps: 60
2025-07-01 12:36:00,329 - INFO - Episode 168/300 started - Strategy: curiosity
2025-07-01 12:36:11,161 - INFO - 🏆 Episode 168: GOAL REACHED | Reward: 1685.5 | Steps: 54
2025-07-01 12:36:11,161 - INFO - Episode 169/300 started - Strategy: curiosity
2025-07-01 12:36:22,624 - INFO - 🏆 Episode 169: GOAL REACHED | Reward: 2062.0 | Steps: 57
2025-07-01 12:36:22,624 - INFO - Episode 170/300 started - Strategy: curiosity
2025-07-01 12:36:43,116 - INFO - 🔶 Episode 170: CHECKPOINTS (Short) | Reward: -4096.0 | Steps: 200
2025-07-01 12:36:43,119 - INFO - Episodes completed: 170
2025-07-01 12:36:43,119 - INFO - Average reward (last 50): 1246.39
2025-07-01 12:36:43,120 - INFO - Average steps (last 50): 68.4
2025-07-01 12:36:43,120 - INFO - Success rate (last 50): 96.0%
2025-07-01 12:36:43,120 - INFO - States explored: 71
2025-07-01 12:36:43,120 - INFO - Total checkpoints reached: 627
2025-07-01 12:36:43,120 - INFO - Unique checkpoints discovered: 4
2025-07-01 12:36:43,121 - INFO - Episodes with checkpoints: 167/170
2025-07-01 12:36:43,121 - INFO - Checkpoint values found: [1, 2, 3, 4]
2025-07-01 12:36:43,121 - INFO - Episode 171/300 started - Strategy: curiosity
2025-07-01 12:36:54,590 - INFO - 🏆 Episode 171: GOAL REACHED | Reward: 1523.0 | Steps: 59
2025-07-01 12:36:54,590 - INFO - Episode 172/300 started - Strategy: curiosity
2025-07-01 12:37:07,066 - INFO - 🏆 Episode 172: GOAL REACHED | Reward: 1604.0 | Steps: 64
2025-07-01 12:37:07,067 - INFO - Episode 173/300 started - Strategy: curiosity
2025-07-01 12:37:18,256 - INFO - 🏆 Episode 173: GOAL REACHED | Reward: 1623.0 | Steps: 56
2025-07-01 12:37:18,256 - INFO - Episode 174/300 started - Strategy: curiosity
2025-07-01 12:37:28,332 - INFO - 🏆 Episode 174: GOAL REACHED | Reward: 1799.0 | Steps: 50
2025-07-01 12:37:28,333 - INFO - Episode 175/300 started - Strategy: curiosity
2025-07-01 12:37:40,052 - INFO - 🏆 Episode 175: GOAL REACHED | Reward: 1717.0 | Steps: 59
2025-07-01 12:37:40,052 - INFO - Episode 176/300 started - Strategy: curiosity
2025-07-01 12:37:52,680 - INFO - 🏆 Episode 176: GOAL REACHED | Reward: 1483.0 | Steps: 66
2025-07-01 12:37:52,680 - INFO - Episode 177/300 started - Strategy: curiosity
2025-07-01 12:38:05,791 - INFO - 🏆 Episode 177: GOAL REACHED | Reward: 1480.5 | Steps: 67
2025-07-01 12:38:05,791 - INFO - Episode 178/300 started - Strategy: curiosity
2025-07-01 12:38:15,316 - INFO - 🏆 Episode 178: GOAL REACHED | Reward: 1993.0 | Steps: 46
2025-07-01 12:38:15,316 - INFO - Episode 179/300 started - Strategy: curiosity
2025-07-01 12:38:27,213 - INFO - 🏆 Episode 179: GOAL REACHED | Reward: 1494.0 | Steps: 60
2025-07-01 12:38:27,213 - INFO - Episode 180/300 started - Strategy: curiosity
2025-07-01 12:38:37,829 - INFO - 🏆 Episode 180: GOAL REACHED | Reward: 1675.0 | Steps: 53
2025-07-01 12:38:37,832 - INFO - Episodes completed: 180
2025-07-01 12:38:37,832 - INFO - Average reward (last 50): 1264.25
2025-07-01 12:38:37,832 - INFO - Average steps (last 50): 68.3
2025-07-01 12:38:37,833 - INFO - Success rate (last 50): 96.0%
2025-07-01 12:38:37,833 - INFO - States explored: 71
2025-07-01 12:38:37,833 - INFO - Total checkpoints reached: 667
2025-07-01 12:38:37,833 - INFO - Unique checkpoints discovered: 4
2025-07-01 12:38:37,833 - INFO - Episodes with checkpoints: 177/180
2025-07-01 12:38:37,833 - INFO - Checkpoint values found: [1, 2, 3, 4]
2025-07-01 12:38:37,833 - INFO - Episode 181/300 started - Strategy: curiosity
2025-07-01 12:38:52,408 - INFO - 🏆 Episode 181: GOAL REACHED | Reward: 1091.5 | Steps: 78
2025-07-01 12:38:52,408 - INFO - Episode 182/300 started - Strategy: curiosity
2025-07-01 12:39:03,733 - INFO - 🏆 Episode 182: GOAL REACHED | Reward: 1494.5 | Steps: 57
2025-07-01 12:39:03,734 - INFO - Episode 183/300 started - Strategy: curiosity
2025-07-01 12:39:14,449 - INFO - 🏆 Episode 183: GOAL REACHED | Reward: 1500.5 | Steps: 54
2025-07-01 12:39:14,450 - INFO - Episode 184/300 started - Strategy: curiosity
2025-07-01 12:39:26,405 - INFO - 🏆 Episode 184: GOAL REACHED | Reward: 1591.5 | Steps: 61
2025-07-01 12:39:26,405 - INFO - Episode 185/300 started - Strategy: curiosity
2025-07-01 12:39:37,991 - INFO - 🏆 Episode 185: GOAL REACHED | Reward: 1506.5 | Steps: 59
2025-07-01 12:39:37,991 - INFO - Episode 186/300 started - Strategy: curiosity
2025-07-01 12:39:48,181 - INFO - 🏆 Episode 186: GOAL REACHED | Reward: 1832.5 | Steps: 50
2025-07-01 12:39:48,181 - INFO - Episode 187/300 started - Strategy: curiosity
2025-07-01 12:39:59,661 - INFO - 🏆 Episode 187: GOAL REACHED | Reward: 1644.5 | Steps: 57
2025-07-01 12:39:59,661 - INFO - Episode 188/300 started - Strategy: curiosity
2025-07-01 12:40:10,515 - INFO - 🏆 Episode 188: GOAL REACHED | Reward: 1728.5 | Steps: 55
2025-07-01 12:40:10,516 - INFO - Episode 189/300 started - Strategy: curiosity
2025-07-01 12:40:22,325 - INFO - 🏆 Episode 189: GOAL REACHED | Reward: 1519.0 | Steps: 60
2025-07-01 12:40:22,326 - INFO - Episode 190/300 started - Strategy: curiosity
2025-07-01 12:40:34,871 - INFO - 🏆 Episode 190: GOAL REACHED | Reward: 1684.0 | Steps: 64
2025-07-01 12:40:34,874 - INFO - Episodes completed: 190
2025-07-01 12:40:34,874 - INFO - Average reward (last 50): 1278.94
2025-07-01 12:40:34,875 - INFO - Average steps (last 50): 67.9
2025-07-01 12:40:34,875 - INFO - Success rate (last 50): 96.0%
2025-07-01 12:40:34,875 - INFO - States explored: 71
2025-07-01 12:40:34,875 - INFO - Total checkpoints reached: 707
2025-07-01 12:40:34,875 - INFO - Unique checkpoints discovered: 4
2025-07-01 12:40:34,875 - INFO - Episodes with checkpoints: 187/190
2025-07-01 12:40:34,875 - INFO - Checkpoint values found: [1, 2, 3, 4]
2025-07-01 12:40:34,876 - INFO - Episode 191/300 started - Strategy: curiosity
2025-07-01 12:40:46,726 - INFO - 🏆 Episode 191: GOAL REACHED | Reward: 1344.0 | Steps: 61
2025-07-01 12:40:46,727 - INFO - Episode 192/300 started - Strategy: curiosity
2025-07-01 12:41:00,715 - INFO - 🏆 Episode 192: GOAL REACHED | Reward: 1293.5 | Steps: 74
2025-07-01 12:41:00,715 - INFO - Episode 193/300 started - Strategy: curiosity
2025-07-01 12:41:11,991 - INFO - 🏆 Episode 193: GOAL REACHED | Reward: 1571.0 | Steps: 58
2025-07-01 12:41:11,992 - INFO - Episode 194/300 started - Strategy: curiosity
2025-07-01 12:41:22,808 - INFO - 🏆 Episode 194: GOAL REACHED | Reward: 1545.5 | Steps: 54
2025-07-01 12:41:22,809 - INFO - Episode 195/300 started - Strategy: curiosity
2025-07-01 12:41:39,459 - INFO - 🏆 Episode 195: GOAL REACHED | Reward: 702.0 | Steps: 91
2025-07-01 12:41:39,459 - INFO - Episode 196/300 started - Strategy: curiosity
2025-07-01 12:41:50,557 - INFO - 🏆 Episode 196: GOAL REACHED | Reward: 1619.5 | Steps: 56
2025-07-01 12:41:50,557 - INFO - Episode 197/300 started - Strategy: curiosity
2025-07-01 12:41:59,463 - INFO - 🏆 Episode 197: GOAL REACHED | Reward: 2095.0 | Steps: 42
2025-07-01 12:41:59,464 - INFO - Episode 198/300 started - Strategy: curiosity
2025-07-01 12:42:11,067 - INFO - 🏆 Episode 198: GOAL REACHED | Reward: 1376.0 | Steps: 60
2025-07-01 12:42:11,068 - INFO - Episode 199/300 started - Strategy: curiosity
2025-07-01 12:42:22,896 - INFO - 🏆 Episode 199: GOAL REACHED | Reward: 1519.0 | Steps: 60
2025-07-01 12:42:22,897 - INFO - Episode 200/300 started - Strategy: curiosity
2025-07-01 12:42:35,529 - INFO - 🏆 Episode 200: GOAL REACHED | Reward: 1437.5 | Steps: 66
2025-07-01 12:42:35,530 - INFO - Episodes completed: 200
2025-07-01 12:42:35,531 - INFO - Average reward (last 50): 1284.63
2025-07-01 12:42:35,531 - INFO - Average steps (last 50): 67.3
2025-07-01 12:42:35,531 - INFO - Success rate (last 50): 96.0%
2025-07-01 12:42:35,531 - INFO - States explored: 71
2025-07-01 12:42:35,531 - INFO - Total checkpoints reached: 747
2025-07-01 12:42:35,531 - INFO - Unique checkpoints discovered: 4
2025-07-01 12:42:35,531 - INFO - Episodes with checkpoints: 197/200
2025-07-01 12:42:35,531 - INFO - Checkpoint values found: [1, 2, 3, 4]
2025-07-01 12:42:35,531 - INFO - Episode 201/300 started - Strategy: curiosity
2025-07-01 12:42:47,564 - INFO - 🏆 Episode 201: GOAL REACHED | Reward: 1533.0 | Steps: 61
2025-07-01 12:42:47,565 - INFO - Episode 202/300 started - Strategy: curiosity
2025-07-01 12:42:59,964 - INFO - 🏆 Episode 202: GOAL REACHED | Reward: 1575.5 | Steps: 66
2025-07-01 12:42:59,964 - INFO - Episode 203/300 started - Strategy: curiosity
2025-07-01 12:43:11,267 - INFO - 🏆 Episode 203: GOAL REACHED | Reward: 1473.5 | Steps: 57
2025-07-01 12:43:11,267 - INFO - Episode 204/300 started - Strategy: curiosity
2025-07-01 12:43:22,313 - INFO - 🏆 Episode 204: GOAL REACHED | Reward: 1958.5 | Steps: 54
2025-07-01 12:43:22,314 - INFO - Episode 205/300 started - Strategy: curiosity
2025-07-01 12:43:33,169 - INFO - 🏆 Episode 205: GOAL REACHED | Reward: 1651.0 | Steps: 55
2025-07-01 12:43:33,169 - INFO - Episode 206/300 started - Strategy: curiosity
2025-07-01 12:43:43,355 - INFO - 🏆 Episode 206: GOAL REACHED | Reward: 1677.0 | Steps: 51
2025-07-01 12:43:43,355 - INFO - Episode 207/300 started - Strategy: curiosity
2025-07-01 12:43:55,038 - INFO - 🏆 Episode 207: GOAL REACHED | Reward: 1572.5 | Steps: 59
2025-07-01 12:43:55,038 - INFO - Episode 208/300 started - Strategy: curiosity
2025-07-01 12:44:06,228 - INFO - 🏆 Episode 208: GOAL REACHED | Reward: 1644.0 | Steps: 56
2025-07-01 12:44:06,228 - INFO - Episode 209/300 started - Strategy: curiosity
2025-07-01 12:44:17,214 - INFO - 🏆 Episode 209: GOAL REACHED | Reward: 1792.5 | Steps: 55
2025-07-01 12:44:17,214 - INFO - Episode 210/300 started - Strategy: curiosity
2025-07-01 12:44:29,649 - INFO - 🏆 Episode 210: GOAL REACHED | Reward: 1571.5 | Steps: 63
2025-07-01 12:44:29,651 - INFO - Episodes completed: 210
2025-07-01 12:44:29,651 - INFO - Average reward (last 50): 1441.91
2025-07-01 12:44:29,652 - INFO - Average steps (last 50): 63.2
2025-07-01 12:44:29,652 - INFO - Success rate (last 50): 98.0%
2025-07-01 12:44:29,652 - INFO - States explored: 71
2025-07-01 12:44:29,652 - INFO - Total checkpoints reached: 787
2025-07-01 12:44:29,652 - INFO - Unique checkpoints discovered: 4
2025-07-01 12:44:29,652 - INFO - Episodes with checkpoints: 207/210
2025-07-01 12:44:29,653 - INFO - Checkpoint values found: [1, 2, 3, 4]
2025-07-01 12:44:29,653 - INFO - Episode 211/300 started - Strategy: curiosity
2025-07-01 12:44:40,844 - INFO - 🏆 Episode 211: GOAL REACHED | Reward: 1844.5 | Steps: 56
2025-07-01 12:44:40,844 - INFO - Episode 212/300 started - Strategy: curiosity
2025-07-01 12:44:53,054 - INFO - 🏆 Episode 212: GOAL REACHED | Reward: 1656.0 | Steps: 62
2025-07-01 12:44:53,055 - INFO - Episode 213/300 started - Strategy: curiosity
2025-07-01 12:45:05,461 - INFO - 🏆 Episode 213: GOAL REACHED | Reward: 1474.0 | Steps: 64
2025-07-01 12:45:05,462 - INFO - Episode 214/300 started - Strategy: curiosity
2025-07-01 12:45:16,050 - INFO - 🏆 Episode 214: GOAL REACHED | Reward: 1612.0 | Steps: 53
2025-07-01 12:45:16,051 - INFO - Episode 215/300 started - Strategy: curiosity
2025-07-01 12:45:29,167 - INFO - 🏆 Episode 215: GOAL REACHED | Reward: 1475.0 | Steps: 67
2025-07-01 12:45:29,168 - INFO - Episode 216/300 started - Strategy: curiosity
2025-07-01 12:45:40,551 - INFO - 🏆 Episode 216: GOAL REACHED | Reward: 1435.0 | Steps: 59
2025-07-01 12:45:40,551 - INFO - Episode 217/300 started - Strategy: curiosity
2025-07-01 12:45:51,664 - INFO - 🏆 Episode 217: GOAL REACHED | Reward: 1604.0 | Steps: 55
2025-07-01 12:45:51,664 - INFO - Episode 218/300 started - Strategy: curiosity
2025-07-01 12:46:02,397 - INFO - 🏆 Episode 218: GOAL REACHED | Reward: 1715.5 | Steps: 54
2025-07-01 12:46:02,398 - INFO - Episode 219/300 started - Strategy: curiosity
2025-07-01 12:46:14,065 - INFO - 🏆 Episode 219: GOAL REACHED | Reward: 1631.5 | Steps: 59
2025-07-01 12:46:14,066 - INFO - Episode 220/300 started - Strategy: curiosity
2025-07-01 12:46:25,952 - INFO - 🏆 Episode 220: GOAL REACHED | Reward: 1350.5 | Steps: 62
2025-07-01 12:46:25,955 - INFO - Episodes completed: 220
2025-07-01 12:46:25,955 - INFO - Average reward (last 50): 1574.69
2025-07-01 12:46:25,955 - INFO - Average steps (last 50): 59.3
2025-07-01 12:46:25,956 - INFO - Success rate (last 50): 100.0%
2025-07-01 12:46:25,956 - INFO - States explored: 71
2025-07-01 12:46:25,956 - INFO - Total checkpoints reached: 827
2025-07-01 12:46:25,956 - INFO - Unique checkpoints discovered: 4
2025-07-01 12:46:25,956 - INFO - Episodes with checkpoints: 217/220
2025-07-01 12:46:25,956 - INFO - Checkpoint values found: [1, 2, 3, 4]
2025-07-01 12:46:25,956 - INFO - Episode 221/300 started - Strategy: curiosity
2025-07-01 12:46:40,679 - INFO - 🏆 Episode 221: GOAL REACHED | Reward: 1053.0 | Steps: 75
2025-07-01 12:46:40,679 - INFO - Episode 222/300 started - Strategy: curiosity
2025-07-01 12:46:50,522 - INFO - 🏆 Episode 222: GOAL REACHED | Reward: 1746.5 | Steps: 45
2025-07-01 12:46:50,523 - INFO - Episode 223/300 started - Strategy: curiosity
2025-07-01 12:47:09,679 - INFO - 🔶 Episode 223: CHECKPOINTS (Short) | Reward: -5487.5 | Steps: 200
2025-07-01 12:47:09,680 - INFO - Episode 224/300 started - Strategy: curiosity
2025-07-01 12:47:21,343 - INFO - 🏆 Episode 224: GOAL REACHED | Reward: 1579.0 | Steps: 59
2025-07-01 12:47:21,344 - INFO - Episode 225/300 started - Strategy: curiosity
2025-07-01 12:47:34,261 - INFO - 🏆 Episode 225: GOAL REACHED | Reward: 1431.0 | Steps: 66
2025-07-01 12:47:34,263 - INFO - Episode 226/300 started - Strategy: curiosity
2025-07-01 12:47:45,137 - INFO - 🏆 Episode 226: GOAL REACHED | Reward: 1571.5 | Steps: 55
2025-07-01 12:47:45,137 - INFO - Episode 227/300 started - Strategy: curiosity
2025-07-01 12:47:57,090 - INFO - 🏆 Episode 227: GOAL REACHED | Reward: 1357.0 | Steps: 62
2025-07-01 12:47:57,090 - INFO - Episode 228/300 started - Strategy: curiosity
2025-07-01 12:48:09,210 - INFO - 🏆 Episode 228: GOAL REACHED | Reward: 1436.5 | Steps: 62
2025-07-01 12:48:09,211 - INFO - Episode 229/300 started - Strategy: curiosity
2025-07-01 12:48:22,830 - INFO - 🏆 Episode 229: GOAL REACHED | Reward: 1382.5 | Steps: 71
2025-07-01 12:48:22,831 - INFO - Episode 230/300 started - Strategy: curiosity
2025-07-01 12:48:34,480 - INFO - 🏆 Episode 230: GOAL REACHED | Reward: 1473.5 | Steps: 60
2025-07-01 12:48:34,483 - INFO - Episodes completed: 230
2025-07-01 12:48:34,484 - INFO - Average reward (last 50): 1397.72
2025-07-01 12:48:34,484 - INFO - Average steps (last 50): 62.8
2025-07-01 12:48:34,484 - INFO - Success rate (last 50): 98.0%
2025-07-01 12:48:34,484 - INFO - States explored: 72
2025-07-01 12:48:34,485 - INFO - Total checkpoints reached: 865
2025-07-01 12:48:34,485 - INFO - Unique checkpoints discovered: 4
2025-07-01 12:48:34,485 - INFO - Episodes with checkpoints: 227/230
2025-07-01 12:48:34,485 - INFO - Checkpoint values found: [1, 2, 3, 4]
2025-07-01 12:48:34,485 - INFO - Episode 231/300 started - Strategy: curiosity
2025-07-01 12:48:44,140 - INFO - 🏆 Episode 231: GOAL REACHED | Reward: 1702.5 | Steps: 48
2025-07-01 12:48:44,140 - INFO - Episode 232/300 started - Strategy: curiosity
2025-07-01 12:48:57,868 - INFO - 🏆 Episode 232: GOAL REACHED | Reward: 1032.5 | Steps: 73
2025-07-01 12:48:57,869 - INFO - Episode 233/300 started - Strategy: curiosity
2025-07-01 12:49:09,721 - INFO - 🏆 Episode 233: GOAL REACHED | Reward: 1564.5 | Steps: 59
2025-07-01 12:49:09,722 - INFO - Episode 234/300 started - Strategy: curiosity
2025-07-01 12:49:20,794 - INFO - 🏆 Episode 234: GOAL REACHED | Reward: 1695.0 | Steps: 55
2025-07-01 12:49:20,795 - INFO - Episode 235/300 started - Strategy: curiosity
2025-07-01 12:49:31,244 - INFO - 🏆 Episode 235: GOAL REACHED | Reward: 1623.0 | Steps: 52
2025-07-01 12:49:31,244 - INFO - Episode 236/300 started - Strategy: curiosity
2025-07-01 12:49:44,402 - INFO - 🏆 Episode 236: GOAL REACHED | Reward: 1638.0 | Steps: 66
2025-07-01 12:49:44,403 - INFO - Episode 237/300 started - Strategy: curiosity
2025-07-01 12:49:58,940 - INFO - 🏆 Episode 237: GOAL REACHED | Reward: 1474.5 | Steps: 77
2025-07-01 12:49:58,941 - INFO - Episode 238/300 started - Strategy: curiosity
2025-07-01 12:50:09,334 - INFO - 🏆 Episode 238: GOAL REACHED | Reward: 1785.5 | Steps: 51
2025-07-01 12:50:09,334 - INFO - Episode 239/300 started - Strategy: curiosity
2025-07-01 12:50:24,436 - INFO - 🏆 Episode 239: GOAL REACHED | Reward: 1116.5 | Steps: 81
2025-07-01 12:50:24,437 - INFO - Episode 240/300 started - Strategy: curiosity
2025-07-01 12:50:35,425 - INFO - 🏆 Episode 240: GOAL REACHED | Reward: 1794.0 | Steps: 55
2025-07-01 12:50:35,427 - INFO - Episodes completed: 240
2025-07-01 12:50:35,428 - INFO - Average reward (last 50): 1394.38
2025-07-01 12:50:35,428 - INFO - Average steps (last 50): 63.2
2025-07-01 12:50:35,428 - INFO - Success rate (last 50): 98.0%
2025-07-01 12:50:35,428 - INFO - States explored: 72
2025-07-01 12:50:35,428 - INFO - Total checkpoints reached: 905
2025-07-01 12:50:35,428 - INFO - Unique checkpoints discovered: 4
2025-07-01 12:50:35,428 - INFO - Episodes with checkpoints: 237/240
2025-07-01 12:50:35,428 - INFO - Checkpoint values found: [1, 2, 3, 4]
2025-07-01 12:50:35,428 - INFO - Episode 241/300 started - Strategy: curiosity
2025-07-01 12:50:46,503 - INFO - 🏆 Episode 241: GOAL REACHED | Reward: 1597.5 | Steps: 56
2025-07-01 12:50:46,503 - INFO - Episode 242/300 started - Strategy: curiosity
2025-07-01 12:50:58,273 - INFO - 🏆 Episode 242: GOAL REACHED | Reward: 1525.5 | Steps: 61
2025-07-01 12:50:58,274 - INFO - Episode 243/300 started - Strategy: curiosity
2025-07-01 12:51:11,051 - INFO - 🏆 Episode 243: GOAL REACHED | Reward: 1317.5 | Steps: 67
2025-07-01 12:51:11,051 - INFO - Episode 244/300 started - Strategy: curiosity
2025-07-01 12:51:20,705 - INFO - 🏆 Episode 244: GOAL REACHED | Reward: 1899.5 | Steps: 47
2025-07-01 12:51:20,706 - INFO - Episode 245/300 started - Strategy: curiosity
2025-07-01 12:51:33,640 - INFO - 🏆 Episode 245: GOAL REACHED | Reward: 1313.5 | Steps: 68
2025-07-01 12:51:33,640 - INFO - Episode 246/300 started - Strategy: curiosity
2025-07-01 12:51:44,192 - INFO - 🏆 Episode 246: GOAL REACHED | Reward: 1435.0 | Steps: 54
2025-07-01 12:51:44,193 - INFO - Episode 247/300 started - Strategy: curiosity
2025-07-01 12:51:54,057 - INFO - 🏆 Episode 247: GOAL REACHED | Reward: 1617.5 | Steps: 49
2025-07-01 12:51:54,057 - INFO - Episode 248/300 started - Strategy: curiosity
2025-07-01 12:52:05,462 - INFO - 🏆 Episode 248: GOAL REACHED | Reward: 1461.0 | Steps: 57
2025-07-01 12:52:05,463 - INFO - Episode 249/300 started - Strategy: curiosity
2025-07-01 12:52:16,892 - INFO - 🏆 Episode 249: GOAL REACHED | Reward: 1527.5 | Steps: 58
2025-07-01 12:52:16,892 - INFO - Episode 250/300 started - Strategy: curiosity
2025-07-01 12:52:28,124 - INFO - 🏆 Episode 250: GOAL REACHED | Reward: 1508.0 | Steps: 57
2025-07-01 12:52:28,126 - INFO - Episodes completed: 250
2025-07-01 12:52:28,126 - INFO - Average reward (last 50): 1408.37
2025-07-01 12:52:28,126 - INFO - Average steps (last 50): 62.3
2025-07-01 12:52:28,126 - INFO - Success rate (last 50): 98.0%
2025-07-01 12:52:28,126 - INFO - States explored: 72
2025-07-01 12:52:28,126 - INFO - Total checkpoints reached: 945
2025-07-01 12:52:28,126 - INFO - Unique checkpoints discovered: 4
2025-07-01 12:52:28,126 - INFO - Episodes with checkpoints: 247/250
2025-07-01 12:52:28,126 - INFO - Checkpoint values found: [1, 2, 3, 4]
2025-07-01 12:52:28,126 - INFO - Episode 251/300 started - Strategy: curiosity
2025-07-01 12:52:38,440 - INFO - 🏆 Episode 251: GOAL REACHED | Reward: 2078.5 | Steps: 50
2025-07-01 12:52:38,440 - INFO - Episode 252/300 started - Strategy: curiosity
2025-07-01 12:52:51,055 - INFO - 🏆 Episode 252: GOAL REACHED | Reward: 1627.0 | Steps: 64
2025-07-01 12:52:51,056 - INFO - Episode 253/300 started - Strategy: curiosity
2025-07-01 12:53:03,100 - INFO - 🏆 Episode 253: GOAL REACHED | Reward: 1636.5 | Steps: 61
2025-07-01 12:53:03,100 - INFO - Episode 254/300 started - Strategy: curiosity
2025-07-01 12:53:15,264 - INFO - 🏆 Episode 254: GOAL REACHED | Reward: 1568.5 | Steps: 63
2025-07-01 12:53:15,265 - INFO - Episode 255/300 started - Strategy: curiosity
2025-07-01 12:53:27,627 - INFO - 🏆 Episode 255: GOAL REACHED | Reward: 1330.5 | Steps: 64
2025-07-01 12:53:27,627 - INFO - Episode 256/300 started - Strategy: curiosity
2025-07-01 12:53:38,439 - INFO - 🏆 Episode 256: GOAL REACHED | Reward: 1669.0 | Steps: 53
2025-07-01 12:53:38,439 - INFO - Episode 257/300 started - Strategy: curiosity
2025-07-01 12:53:48,453 - INFO - 🏆 Episode 257: GOAL REACHED | Reward: 1605.5 | Steps: 50
2025-07-01 12:53:48,453 - INFO - Episode 258/300 started - Strategy: curiosity
2025-07-01 12:53:59,052 - INFO - 🏆 Episode 258: GOAL REACHED | Reward: 1936.0 | Steps: 51
2025-07-01 12:53:59,053 - INFO - Episode 259/300 started - Strategy: curiosity
2025-07-01 12:54:11,619 - INFO - 🏆 Episode 259: GOAL REACHED | Reward: 1520.0 | Steps: 65
2025-07-01 12:54:11,620 - INFO - Episode 260/300 started - Strategy: curiosity
2025-07-01 12:54:22,980 - INFO - 🏆 Episode 260: GOAL REACHED | Reward: 1938.5 | Steps: 57
2025-07-01 12:54:22,982 - INFO - Episodes completed: 260
2025-07-01 12:54:22,982 - INFO - Average reward (last 50): 1417.59
2025-07-01 12:54:22,982 - INFO - Average steps (last 50): 62.3
2025-07-01 12:54:22,982 - INFO - Success rate (last 50): 98.0%
2025-07-01 12:54:22,982 - INFO - States explored: 72
2025-07-01 12:54:22,982 - INFO - Total checkpoints reached: 985
2025-07-01 12:54:22,982 - INFO - Unique checkpoints discovered: 4
2025-07-01 12:54:22,982 - INFO - Episodes with checkpoints: 257/260
2025-07-01 12:54:22,982 - INFO - Checkpoint values found: [1, 2, 3, 4]
2025-07-01 12:54:22,982 - INFO - Episode 261/300 started - Strategy: curiosity
2025-07-01 12:54:34,757 - INFO - 🏆 Episode 261: GOAL REACHED | Reward: 1462.0 | Steps: 61
2025-07-01 12:54:34,758 - INFO - Episode 262/300 started - Strategy: curiosity
2025-07-01 12:54:45,157 - INFO - 🏆 Episode 262: GOAL REACHED | Reward: 1937.5 | Steps: 51
2025-07-01 12:54:45,158 - INFO - Episode 263/300 started - Strategy: curiosity
2025-07-01 12:54:55,334 - INFO - 🏆 Episode 263: GOAL REACHED | Reward: 1798.5 | Steps: 49
2025-07-01 12:54:55,335 - INFO - Episode 264/300 started - Strategy: curiosity
2025-07-01 12:55:08,302 - INFO - 🏆 Episode 264: GOAL REACHED | Reward: 1483.0 | Steps: 64
2025-07-01 12:55:08,303 - INFO - Episode 265/300 started - Strategy: curiosity
2025-07-01 12:55:21,373 - INFO - 🏆 Episode 265: GOAL REACHED | Reward: 1317.5 | Steps: 64
2025-07-01 12:55:21,374 - INFO - Episode 266/300 started - Strategy: curiosity
2025-07-01 12:55:34,474 - INFO - 🏆 Episode 266: GOAL REACHED | Reward: 1898.0 | Steps: 63
2025-07-01 12:55:34,474 - INFO - Episode 267/300 started - Strategy: curiosity
2025-07-01 12:55:49,179 - INFO - 🏆 Episode 267: GOAL REACHED | Reward: 1265.5 | Steps: 74
2025-07-01 12:55:49,180 - INFO - Episode 268/300 started - Strategy: curiosity
2025-07-01 12:56:03,149 - INFO - 🏆 Episode 268: GOAL REACHED | Reward: 1387.0 | Steps: 71
2025-07-01 12:56:03,149 - INFO - Episode 269/300 started - Strategy: curiosity
2025-07-01 12:56:15,294 - INFO - 🏆 Episode 269: GOAL REACHED | Reward: 1409.0 | Steps: 59
2025-07-01 12:56:15,294 - INFO - Episode 270/300 started - Strategy: curiosity
2025-07-01 12:56:26,457 - INFO - 🏆 Episode 270: GOAL REACHED | Reward: 1699.0 | Steps: 53
2025-07-01 12:56:26,459 - INFO - Episodes completed: 270
2025-07-01 12:56:26,460 - INFO - Average reward (last 50): 1414.77
2025-07-01 12:56:26,460 - INFO - Average steps (last 50): 62.7
2025-07-01 12:56:26,460 - INFO - Success rate (last 50): 98.0%
2025-07-01 12:56:26,460 - INFO - States explored: 72
2025-07-01 12:56:26,460 - INFO - Total checkpoints reached: 1025
2025-07-01 12:56:26,460 - INFO - Unique checkpoints discovered: 4
2025-07-01 12:56:26,460 - INFO - Episodes with checkpoints: 267/270
2025-07-01 12:56:26,460 - INFO - Checkpoint values found: [1, 2, 3, 4]
2025-07-01 12:56:26,460 - INFO - Episode 271/300 started - Strategy: curiosity
2025-07-01 12:56:40,539 - INFO - 🏆 Episode 271: GOAL REACHED | Reward: 1307.5 | Steps: 69
2025-07-01 12:56:40,540 - INFO - Episode 272/300 started - Strategy: curiosity
2025-07-01 12:56:51,933 - INFO - 🏆 Episode 272: GOAL REACHED | Reward: 1643.5 | Steps: 55
2025-07-01 12:56:51,934 - INFO - Episode 273/300 started - Strategy: curiosity
2025-07-01 12:57:04,756 - INFO - 🏆 Episode 273: GOAL REACHED | Reward: 1325.5 | Steps: 63
2025-07-01 12:57:04,756 - INFO - Episode 274/300 started - Strategy: curiosity
2025-07-01 12:57:14,763 - INFO - 🏆 Episode 274: GOAL REACHED | Reward: 2080.5 | Steps: 47
2025-07-01 12:57:14,763 - INFO - Episode 275/300 started - Strategy: curiosity
2025-07-01 12:57:24,323 - INFO - 🏆 Episode 275: GOAL REACHED | Reward: 2249.5 | Steps: 43
2025-07-01 12:57:24,324 - INFO - Episode 276/300 started - Strategy: curiosity
2025-07-01 12:57:38,072 - INFO - 🏆 Episode 276: GOAL REACHED | Reward: 1590.5 | Steps: 66
2025-07-01 12:57:38,073 - INFO - Episode 277/300 started - Strategy: curiosity
2025-07-01 12:57:50,642 - INFO - 🏆 Episode 277: GOAL REACHED | Reward: 1325.5 | Steps: 62
2025-07-01 12:57:50,642 - INFO - Episode 278/300 started - Strategy: curiosity
2025-07-01 12:58:02,025 - INFO - 🏆 Episode 278: GOAL REACHED | Reward: 1624.5 | Steps: 54
2025-07-01 12:58:02,025 - INFO - Episode 279/300 started - Strategy: curiosity
2025-07-01 12:58:13,565 - INFO - 🏆 Episode 279: GOAL REACHED | Reward: 1735.0 | Steps: 55
2025-07-01 12:58:13,565 - INFO - Episode 280/300 started - Strategy: curiosity
2025-07-01 12:58:25,738 - INFO - 🏆 Episode 280: GOAL REACHED | Reward: 1565.5 | Steps: 59
2025-07-01 12:58:25,741 - INFO - Episodes completed: 280
2025-07-01 12:58:25,741 - INFO - Average reward (last 50): 1592.86
2025-07-01 12:58:25,741 - INFO - Average steps (last 50): 59.0
2025-07-01 12:58:25,741 - INFO - Success rate (last 50): 100.0%
2025-07-01 12:58:25,741 - INFO - States explored: 72
2025-07-01 12:58:25,742 - INFO - Total checkpoints reached: 1065
2025-07-01 12:58:25,742 - INFO - Unique checkpoints discovered: 4
2025-07-01 12:58:25,742 - INFO - Episodes with checkpoints: 277/280
2025-07-01 12:58:25,742 - INFO - Checkpoint values found: [1, 2, 3, 4]
2025-07-01 12:58:25,742 - INFO - Episode 281/300 started - Strategy: curiosity
2025-07-01 12:58:36,514 - INFO - 🏆 Episode 281: GOAL REACHED | Reward: 1779.0 | Steps: 52
2025-07-01 12:58:36,514 - INFO - Episode 282/300 started - Strategy: curiosity
2025-07-01 12:58:47,163 - INFO - 🏆 Episode 282: GOAL REACHED | Reward: 1688.0 | Steps: 50
2025-07-01 12:58:47,165 - INFO - Episode 283/300 started - Strategy: curiosity
2025-07-01 12:58:59,407 - INFO - 🏆 Episode 283: GOAL REACHED | Reward: 1650.0 | Steps: 59
2025-07-01 12:58:59,407 - INFO - Episode 284/300 started - Strategy: curiosity
2025-07-01 12:59:13,005 - INFO - 🏆 Episode 284: GOAL REACHED | Reward: 1493.5 | Steps: 66
2025-07-01 12:59:13,006 - INFO - Episode 285/300 started - Strategy: curiosity
2025-07-01 12:59:25,674 - INFO - 🏆 Episode 285: GOAL REACHED | Reward: 1858.5 | Steps: 62
2025-07-01 12:59:25,675 - INFO - Episode 286/300 started - Strategy: curiosity
2025-07-01 12:59:37,186 - INFO - 🏆 Episode 286: GOAL REACHED | Reward: 1748.0 | Steps: 55
2025-07-01 12:59:37,187 - INFO - Episode 287/300 started - Strategy: curiosity
2025-07-01 12:59:50,305 - INFO - 🏆 Episode 287: GOAL REACHED | Reward: 1558.0 | Steps: 64
2025-07-01 12:59:50,307 - INFO - Episode 288/300 started - Strategy: curiosity
2025-07-01 13:00:01,017 - INFO - 🏆 Episode 288: GOAL REACHED | Reward: 1695.5 | Steps: 51
2025-07-01 13:00:01,018 - INFO - Episode 289/300 started - Strategy: curiosity
2025-07-01 13:00:15,647 - INFO - 🏆 Episode 289: GOAL REACHED | Reward: 1405.0 | Steps: 74
2025-07-01 13:00:15,647 - INFO - Episode 290/300 started - Strategy: curiosity
2025-07-01 13:00:27,574 - INFO - 🏆 Episode 290: GOAL REACHED | Reward: 1830.5 | Steps: 57
2025-07-01 13:00:27,576 - INFO - Episodes completed: 290
2025-07-01 13:00:27,577 - INFO - Average reward (last 50): 1618.46
2025-07-01 13:00:27,577 - INFO - Average steps (last 50): 58.5
2025-07-01 13:00:27,577 - INFO - Success rate (last 50): 100.0%
2025-07-01 13:00:27,577 - INFO - States explored: 72
2025-07-01 13:00:27,577 - INFO - Total checkpoints reached: 1105
2025-07-01 13:00:27,577 - INFO - Unique checkpoints discovered: 4
2025-07-01 13:00:27,577 - INFO - Episodes with checkpoints: 287/290
2025-07-01 13:00:27,577 - INFO - Checkpoint values found: [1, 2, 3, 4]
2025-07-01 13:00:27,577 - INFO - Episode 291/300 started - Strategy: curiosity
2025-07-01 13:00:46,115 - INFO - 🏆 Episode 291: GOAL REACHED | Reward: 596.5 | Steps: 95
2025-07-01 13:00:46,115 - INFO - Episode 292/300 started - Strategy: curiosity
2025-07-01 13:00:56,257 - INFO - 🏆 Episode 292: GOAL REACHED | Reward: 1883.0 | Steps: 48
2025-07-01 13:00:56,257 - INFO - Episode 293/300 started - Strategy: curiosity
2025-07-01 13:01:06,676 - INFO - 🏆 Episode 293: GOAL REACHED | Reward: 1761.0 | Steps: 49
2025-07-01 13:01:06,676 - INFO - Episode 294/300 started - Strategy: curiosity
2025-07-01 13:01:23,735 - INFO - 🏆 Episode 294: GOAL REACHED | Reward: 1012.0 | Steps: 85
2025-07-01 13:01:23,735 - INFO - Episode 295/300 started - Strategy: curiosity
2025-07-01 13:01:37,207 - INFO - 🏆 Episode 295: GOAL REACHED | Reward: 1559.5 | Steps: 66
2025-07-01 13:01:37,207 - INFO - Episode 296/300 started - Strategy: curiosity
2025-07-01 13:01:48,952 - INFO - 🏆 Episode 296: GOAL REACHED | Reward: 1565.0 | Steps: 57
2025-07-01 13:01:48,953 - INFO - Episode 297/300 started - Strategy: curiosity
2025-07-01 13:02:02,077 - INFO - 🏆 Episode 297: GOAL REACHED | Reward: 1754.5 | Steps: 63
2025-07-01 13:02:02,078 - INFO - Episode 298/300 started - Strategy: curiosity
2025-07-01 13:02:14,806 - INFO - 🏆 Episode 298: GOAL REACHED | Reward: 1376.5 | Steps: 62
2025-07-01 13:02:14,806 - INFO - Episode 299/300 started - Strategy: curiosity
2025-07-01 13:02:26,156 - INFO - 🏆 Episode 299: GOAL REACHED | Reward: 1900.0 | Steps: 53
2025-07-01 13:02:26,157 - INFO - Episode 300/300 started - Strategy: curiosity
2025-07-01 13:02:39,273 - INFO - 🏆 Episode 300: GOAL REACHED | Reward: 1469.0 | Steps: 66
2025-07-01 13:02:39,276 - INFO - Episodes completed: 300
2025-07-01 13:02:39,276 - INFO - Average reward (last 50): 1611.95
2025-07-01 13:02:39,277 - INFO - Average steps (last 50): 59.9
2025-07-01 13:02:39,277 - INFO - Success rate (last 50): 100.0%
2025-07-01 13:02:39,277 - INFO - States explored: 72
2025-07-01 13:02:39,277 - INFO - Total checkpoints reached: 1145
2025-07-01 13:02:39,277 - INFO - Unique checkpoints discovered: 4
2025-07-01 13:02:39,277 - INFO - Episodes with checkpoints: 297/300
2025-07-01 13:02:39,277 - INFO - Checkpoint values found: [1, 2, 3, 4]
2025-07-01 13:02:39,278 - INFO - ✅ Training completed!
2025-07-01 13:02:39,279 - INFO - === FINAL TRAINING STATISTICS ===
2025-07-01 13:02:39,279 - INFO -   total_episodes: 300
2025-07-01 13:02:39,279 - INFO -   states_explored: 72
2025-07-01 13:02:39,279 - INFO -   avg_reward: 354.8883333333333
2025-07-01 13:02:39,279 - INFO -   max_reward: 2249.5
2025-07-01 13:02:39,279 - INFO -   success_rate: 0.79
2025-07-01 13:02:39,279 - INFO -   strategy_info: {'epsilon': 0.3, 'novelty_bonus': 8.0, 'states_discovered': 72}
2025-07-01 13:02:39,279 - INFO - === FINAL CHECKPOINT ANALYSIS ===
2025-07-01 13:02:39,279 - INFO -   Checkpoint discovery rate: 0.013 unique/episode
2025-07-01 13:02:39,279 - INFO -   Checkpoint frequency: 3.817 checkpoints/episode
2025-07-01 13:02:39,279 - INFO -   Best checkpoint reached: 4
2025-07-01 13:02:39,279 - INFO - DDS stopped.
