2025-06-23 03:02:56,016 - INFO - Strategy initialized: CuriosityStrategy
2025-06-23 03:02:56,016 - INFO - Strategy info: {'base_epsilon': 0.65, 'novelty_bonus': 5.0, 'states_discovered': 0}
2025-06-23 03:02:56,016 - INFO - CLI mode selected: continue
2025-06-23 03:02:56,016 - INFO - Continuing training for 50 additional episodes.
2025-06-23 03:02:56,016 - INFO - ================================================================================
2025-06-23 03:02:56,016 - INFO - 🚀 STARTING TRAINING SESSION
2025-06-23 03:02:56,016 - INFO - ================================================================================
2025-06-23 03:02:56,016 - INFO - Episodes: 50
2025-06-23 03:02:56,016 - INFO - Strategy: curiosity
2025-06-23 03:02:56,016 - INFO - Min steps per episode: 100
2025-06-23 03:02:56,016 - INFO - Max steps per episode: 200
2025-06-23 03:02:56,016 - INFO - Model path: models/q_agent.pkl
2025-06-23 03:02:56,016 - INFO - ================================================================================
2025-06-23 03:02:56,019 - INFO - 🔗 Connected to Godot simulation!
2025-06-23 03:02:56,019 - INFO - Episode 1/50 started - Strategy: CuriosityStrategy
2025-06-23 03:03:34,896 - INFO - 📍 Episode 1: MIN_STEPS + CHECKPOINTS | Reward: -4392.0 | Steps: 200
2025-06-23 03:03:34,897 - INFO - Episode 2/50 started - Strategy: CuriosityStrategy
2025-06-23 03:04:13,937 - INFO - 📍 Episode 2: MIN_STEPS + CHECKPOINTS | Reward: -3083.0 | Steps: 200
2025-06-23 03:04:13,938 - INFO - Episode 3/50 started - Strategy: CuriosityStrategy
2025-06-23 03:04:53,115 - INFO - 📍 Episode 3: MIN_STEPS + CHECKPOINTS | Reward: -2775.0 | Steps: 200
2025-06-23 03:04:53,115 - INFO - Episode 4/50 started - Strategy: CuriosityStrategy
2025-06-23 03:05:31,357 - INFO - 📍 Episode 4: MIN_STEPS + CHECKPOINTS | Reward: -3574.0 | Steps: 200
2025-06-23 03:05:31,358 - INFO - Episode 5/50 started - Strategy: CuriosityStrategy
2025-06-23 03:06:10,428 - INFO - 📍 Episode 5: MIN_STEPS + CHECKPOINTS | Reward: -3221.0 | Steps: 200
2025-06-23 03:06:10,428 - INFO - Episode 6/50 started - Strategy: CuriosityStrategy
2025-06-23 03:06:49,248 - INFO - 📍 Episode 6: MIN_STEPS + CHECKPOINTS | Reward: -2756.0 | Steps: 200
2025-06-23 03:06:49,249 - INFO - Episode 7/50 started - Strategy: CuriosityStrategy
2025-06-23 03:07:28,192 - INFO - 📍 Episode 7: MIN_STEPS + CHECKPOINTS | Reward: -3224.0 | Steps: 200
2025-06-23 03:07:28,192 - INFO - Episode 8/50 started - Strategy: CuriosityStrategy
2025-06-23 03:08:06,485 - INFO - 📍 Episode 8: MIN_STEPS + CHECKPOINTS | Reward: -3927.0 | Steps: 200
2025-06-23 03:08:06,486 - INFO - Episode 9/50 started - Strategy: CuriosityStrategy
2025-06-23 03:08:45,352 - INFO - 📍 Episode 9: MIN_STEPS + CHECKPOINTS | Reward: -4281.0 | Steps: 200
2025-06-23 03:08:45,353 - INFO - Episode 10/50 started - Strategy: CuriosityStrategy
2025-06-23 03:09:24,582 - INFO - 📍 Episode 10: MIN_STEPS + CHECKPOINTS | Reward: -3871.0 | Steps: 200
2025-06-23 03:09:24,585 - INFO - Episodes completed: 10
2025-06-23 03:09:24,585 - INFO - Average reward (last 50): -3444.66
2025-06-23 03:09:24,585 - INFO - Average steps (last 50): 200.0
2025-06-23 03:09:24,585 - INFO - Success rate (last 50): 0.0%
2025-06-23 03:09:24,586 - INFO - Min steps achieved (last 50): 50/50 (100.0%)
2025-06-23 03:09:24,586 - INFO - States explored: 54
2025-06-23 03:09:24,586 - INFO - Total checkpoints reached: 22
2025-06-23 03:09:24,586 - INFO - Unique checkpoints discovered: 3
2025-06-23 03:09:24,586 - INFO - Episodes with checkpoints: 10/10
2025-06-23 03:09:24,586 - INFO - Episodes reaching min_steps: 10/10
2025-06-23 03:09:24,586 - INFO - Checkpoint values found: [1, 2, 3]
2025-06-23 03:09:24,586 - INFO - Episode 11/50 started - Strategy: CuriosityStrategy
2025-06-23 03:10:02,310 - INFO - 📍 Episode 11: MIN_STEPS + CHECKPOINTS | Reward: -4305.0 | Steps: 200
2025-06-23 03:10:02,311 - INFO - Episode 12/50 started - Strategy: CuriosityStrategy
2025-06-23 03:10:41,297 - INFO - 📍 Episode 12: MIN_STEPS + CHECKPOINTS | Reward: -3095.0 | Steps: 200
2025-06-23 03:10:41,298 - INFO - Episode 13/50 started - Strategy: CuriosityStrategy
2025-06-23 03:11:19,775 - INFO - 📍 Episode 13: MIN_STEPS + CHECKPOINTS | Reward: -3186.0 | Steps: 200
2025-06-23 03:11:19,775 - INFO - Episode 14/50 started - Strategy: CuriosityStrategy
2025-06-23 03:11:58,839 - INFO - 📍 Episode 14: MIN_STEPS + CHECKPOINTS | Reward: -3209.0 | Steps: 200
2025-06-23 03:11:58,840 - INFO - Episode 15/50 started - Strategy: CuriosityStrategy
2025-06-23 03:12:37,094 - INFO - 📍 Episode 15: MIN_STEPS + CHECKPOINTS | Reward: -3745.0 | Steps: 200
2025-06-23 03:12:37,094 - INFO - Episode 16/50 started - Strategy: CuriosityStrategy
2025-06-23 03:13:16,181 - INFO - 📍 Episode 16: MIN_STEPS + CHECKPOINTS | Reward: -3541.0 | Steps: 200
2025-06-23 03:13:16,182 - INFO - Episode 17/50 started - Strategy: CuriosityStrategy
2025-06-23 03:13:54,886 - INFO - 📍 Episode 17: MIN_STEPS + CHECKPOINTS | Reward: -3712.0 | Steps: 200
2025-06-23 03:13:54,886 - INFO - Episode 18/50 started - Strategy: CuriosityStrategy
2025-06-23 03:14:33,490 - INFO - 📍 Episode 18: MIN_STEPS + CHECKPOINTS | Reward: -3874.0 | Steps: 200
2025-06-23 03:14:33,491 - INFO - Episode 19/50 started - Strategy: CuriosityStrategy
2025-06-23 03:15:11,378 - INFO - 📍 Episode 19: MIN_STEPS + CHECKPOINTS | Reward: -3814.0 | Steps: 200
2025-06-23 03:15:11,379 - INFO - Episode 20/50 started - Strategy: CuriosityStrategy
2025-06-23 03:15:50,359 - INFO - 📍 Episode 20: MIN_STEPS + CHECKPOINTS | Reward: -3553.0 | Steps: 200
2025-06-23 03:15:50,361 - INFO - Episodes completed: 20
2025-06-23 03:15:50,361 - INFO - Average reward (last 50): -3439.74
2025-06-23 03:15:50,361 - INFO - Average steps (last 50): 200.0
2025-06-23 03:15:50,361 - INFO - Success rate (last 50): 0.0%
2025-06-23 03:15:50,362 - INFO - Min steps achieved (last 50): 50/50 (100.0%)
2025-06-23 03:15:50,362 - INFO - States explored: 54
2025-06-23 03:15:50,362 - INFO - Total checkpoints reached: 44
2025-06-23 03:15:50,362 - INFO - Unique checkpoints discovered: 3
2025-06-23 03:15:50,362 - INFO - Episodes with checkpoints: 20/20
2025-06-23 03:15:50,362 - INFO - Episodes reaching min_steps: 20/20
2025-06-23 03:15:50,362 - INFO - Checkpoint values found: [1, 2, 3]
2025-06-23 03:15:50,362 - INFO - Episode 21/50 started - Strategy: CuriosityStrategy
2025-06-23 03:16:29,176 - INFO - 📍 Episode 21: MIN_STEPS + CHECKPOINTS | Reward: -3317.0 | Steps: 200
2025-06-23 03:16:29,176 - INFO - Episode 22/50 started - Strategy: CuriosityStrategy
2025-06-23 03:17:07,918 - INFO - 📍 Episode 22: MIN_STEPS + CHECKPOINTS | Reward: -3149.0 | Steps: 200
2025-06-23 03:17:07,919 - INFO - Episode 23/50 started - Strategy: CuriosityStrategy
2025-06-23 03:17:45,658 - INFO - 📍 Episode 23: MIN_STEPS + CHECKPOINTS | Reward: -4177.0 | Steps: 200
2025-06-23 03:17:45,659 - INFO - Episode 24/50 started - Strategy: CuriosityStrategy
2025-06-23 03:18:25,183 - INFO - 📍 Episode 24: MIN_STEPS + CHECKPOINTS | Reward: -2513.0 | Steps: 200
2025-06-23 03:18:25,183 - INFO - Episode 25/50 started - Strategy: CuriosityStrategy
2025-06-23 03:19:03,002 - INFO - 📍 Episode 25: MIN_STEPS + CHECKPOINTS | Reward: -3931.0 | Steps: 200
2025-06-23 03:19:03,003 - INFO - Episode 26/50 started - Strategy: CuriosityStrategy
2025-06-23 03:19:41,782 - INFO - 📍 Episode 26: MIN_STEPS + CHECKPOINTS | Reward: -3233.0 | Steps: 200
2025-06-23 03:19:41,783 - INFO - Episode 27/50 started - Strategy: CuriosityStrategy
2025-06-23 03:20:20,612 - INFO - 📍 Episode 27: MIN_STEPS + CHECKPOINTS | Reward: -3994.0 | Steps: 200
2025-06-23 03:20:20,612 - INFO - Episode 28/50 started - Strategy: CuriosityStrategy
2025-06-23 03:20:59,503 - INFO - 📍 Episode 28: MIN_STEPS + CHECKPOINTS | Reward: -3050.0 | Steps: 200
2025-06-23 03:20:59,504 - INFO - Episode 29/50 started - Strategy: CuriosityStrategy
2025-06-23 03:21:37,574 - INFO - 📍 Episode 29: MIN_STEPS + CHECKPOINTS | Reward: -2945.0 | Steps: 200
2025-06-23 03:21:37,576 - INFO - Episode 30/50 started - Strategy: CuriosityStrategy
2025-06-23 03:22:16,051 - INFO - 📍 Episode 30: MIN_STEPS + CHECKPOINTS | Reward: -3820.0 | Steps: 200
2025-06-23 03:22:16,053 - INFO - Episodes completed: 30
2025-06-23 03:22:16,053 - INFO - Average reward (last 50): -3440.30
2025-06-23 03:22:16,053 - INFO - Average steps (last 50): 200.0
2025-06-23 03:22:16,053 - INFO - Success rate (last 50): 0.0%
2025-06-23 03:22:16,053 - INFO - Min steps achieved (last 50): 50/50 (100.0%)
2025-06-23 03:22:16,053 - INFO - States explored: 54
2025-06-23 03:22:16,053 - INFO - Total checkpoints reached: 70
2025-06-23 03:22:16,053 - INFO - Unique checkpoints discovered: 3
2025-06-23 03:22:16,053 - INFO - Episodes with checkpoints: 30/30
2025-06-23 03:22:16,053 - INFO - Episodes reaching min_steps: 30/30
2025-06-23 03:22:16,053 - INFO - Checkpoint values found: [1, 2, 3]
2025-06-23 03:22:16,053 - INFO - Episode 31/50 started - Strategy: CuriosityStrategy
2025-06-23 03:22:54,096 - INFO - 📍 Episode 31: MIN_STEPS + CHECKPOINTS | Reward: -4183.0 | Steps: 200
2025-06-23 03:22:54,096 - INFO - Episode 32/50 started - Strategy: CuriosityStrategy
2025-06-23 03:23:33,417 - INFO - 📍 Episode 32: MIN_STEPS + CHECKPOINTS | Reward: -2997.0 | Steps: 200
2025-06-23 03:23:33,417 - INFO - Episode 33/50 started - Strategy: CuriosityStrategy
2025-06-23 03:24:11,763 - INFO - 📍 Episode 33: MIN_STEPS + CHECKPOINTS | Reward: -3216.0 | Steps: 200
2025-06-23 03:24:11,763 - INFO - Episode 34/50 started - Strategy: CuriosityStrategy
2025-06-23 03:24:49,925 - INFO - 📍 Episode 34: MIN_STEPS + CHECKPOINTS | Reward: -4366.0 | Steps: 200
2025-06-23 03:24:49,926 - INFO - Episode 35/50 started - Strategy: CuriosityStrategy
2025-06-23 03:25:29,656 - INFO - 📍 Episode 35: MIN_STEPS + CHECKPOINTS | Reward: -1774.0 | Steps: 200
2025-06-23 03:25:29,657 - INFO - Episode 36/50 started - Strategy: CuriosityStrategy
2025-06-23 03:26:08,553 - INFO - 📍 Episode 36: MIN_STEPS + CHECKPOINTS | Reward: -3011.0 | Steps: 200
2025-06-23 03:26:08,554 - INFO - Episode 37/50 started - Strategy: CuriosityStrategy
2025-06-23 03:26:47,876 - INFO - 📍 Episode 37: MIN_STEPS + CHECKPOINTS | Reward: -3074.0 | Steps: 200
2025-06-23 03:26:47,877 - INFO - Episode 38/50 started - Strategy: CuriosityStrategy
2025-06-23 03:27:26,722 - INFO - 📍 Episode 38: MIN_STEPS + CHECKPOINTS | Reward: -2846.0 | Steps: 200
2025-06-23 03:27:26,723 - INFO - Episode 39/50 started - Strategy: CuriosityStrategy
2025-06-23 03:28:05,785 - INFO - 📍 Episode 39: MIN_STEPS + CHECKPOINTS | Reward: -3239.0 | Steps: 200
2025-06-23 03:28:05,785 - INFO - Episode 40/50 started - Strategy: CuriosityStrategy
2025-06-23 03:28:45,321 - INFO - 📍 Episode 40: MIN_STEPS + CHECKPOINTS | Reward: -3146.0 | Steps: 200
2025-06-23 03:28:45,324 - INFO - Episodes completed: 40
2025-06-23 03:28:45,325 - INFO - Average reward (last 50): -3411.82
2025-06-23 03:28:45,325 - INFO - Average steps (last 50): 200.0
2025-06-23 03:28:45,325 - INFO - Success rate (last 50): 0.0%
2025-06-23 03:28:45,325 - INFO - Min steps achieved (last 50): 50/50 (100.0%)
2025-06-23 03:28:45,325 - INFO - States explored: 56
2025-06-23 03:28:45,325 - INFO - Total checkpoints reached: 99
2025-06-23 03:28:45,326 - INFO - Unique checkpoints discovered: 4
2025-06-23 03:28:45,326 - INFO - Episodes with checkpoints: 40/40
2025-06-23 03:28:45,326 - INFO - Episodes reaching min_steps: 40/40
2025-06-23 03:28:45,326 - INFO - Checkpoint values found: [1, 2, 3, 4]
2025-06-23 03:28:45,326 - INFO - Episode 41/50 started - Strategy: CuriosityStrategy
2025-06-23 03:29:23,873 - INFO - 📍 Episode 41: MIN_STEPS + CHECKPOINTS | Reward: -3062.0 | Steps: 200
2025-06-23 03:29:23,873 - INFO - Episode 42/50 started - Strategy: CuriosityStrategy
2025-06-23 03:30:02,950 - INFO - 📍 Episode 42: MIN_STEPS + CHECKPOINTS | Reward: -2924.0 | Steps: 200
2025-06-23 03:30:02,952 - INFO - Episode 43/50 started - Strategy: CuriosityStrategy
2025-06-23 03:30:42,240 - INFO - 📍 Episode 43: MIN_STEPS + CHECKPOINTS | Reward: -3167.0 | Steps: 200
2025-06-23 03:30:42,240 - INFO - Episode 44/50 started - Strategy: CuriosityStrategy
2025-06-23 03:31:20,850 - INFO - 📍 Episode 44: MIN_STEPS + CHECKPOINTS | Reward: -3231.0 | Steps: 200
2025-06-23 03:31:20,851 - INFO - Episode 45/50 started - Strategy: CuriosityStrategy
2025-06-23 03:31:59,771 - INFO - 📍 Episode 45: MIN_STEPS + CHECKPOINTS | Reward: -3233.0 | Steps: 200
2025-06-23 03:31:59,771 - INFO - Episode 46/50 started - Strategy: CuriosityStrategy
2025-06-23 03:32:38,025 - INFO - 📍 Episode 46: MIN_STEPS + CHECKPOINTS | Reward: -2903.0 | Steps: 200
2025-06-23 03:32:38,027 - INFO - Episode 47/50 started - Strategy: CuriosityStrategy
2025-06-23 03:33:17,584 - INFO - 📍 Episode 47: MIN_STEPS + CHECKPOINTS | Reward: -3583.0 | Steps: 200
2025-06-23 03:33:17,585 - INFO - Episode 48/50 started - Strategy: CuriosityStrategy
2025-06-23 03:33:56,169 - INFO - 📍 Episode 48: MIN_STEPS + CHECKPOINTS | Reward: -3368.0 | Steps: 200
2025-06-23 03:33:56,169 - INFO - Episode 49/50 started - Strategy: CuriosityStrategy
2025-06-23 03:34:35,934 - INFO - 📍 Episode 49: MIN_STEPS + CHECKPOINTS | Reward: -3151.0 | Steps: 200
2025-06-23 03:34:35,936 - INFO - Episode 50/50 started - Strategy: CuriosityStrategy
2025-06-23 03:35:14,076 - INFO - 📍 Episode 50: MIN_STEPS + CHECKPOINTS | Reward: -3916.0 | Steps: 200
2025-06-23 03:35:14,081 - INFO - Episodes completed: 50
2025-06-23 03:35:14,081 - INFO - Average reward (last 50): -3393.14
2025-06-23 03:35:14,081 - INFO - Average steps (last 50): 200.0
2025-06-23 03:35:14,081 - INFO - Success rate (last 50): 0.0%
2025-06-23 03:35:14,082 - INFO - Min steps achieved (last 50): 50/50 (100.0%)
2025-06-23 03:35:14,082 - INFO - States explored: 56
2025-06-23 03:35:14,082 - INFO - Total checkpoints reached: 126
2025-06-23 03:35:14,082 - INFO - Unique checkpoints discovered: 4
2025-06-23 03:35:14,082 - INFO - Episodes with checkpoints: 50/50
2025-06-23 03:35:14,082 - INFO - Episodes reaching min_steps: 50/50
2025-06-23 03:35:14,082 - INFO - Checkpoint values found: [1, 2, 3, 4]
2025-06-23 03:35:14,083 - INFO - ✅ Training completed!
2025-06-23 03:35:14,084 - INFO - === FINAL TRAINING STATISTICS ===
2025-06-23 03:35:14,084 - INFO -   total_episodes: 550
2025-06-23 03:35:14,084 - INFO -   states_explored: 56
2025-06-23 03:35:14,084 - INFO -   avg_reward: -3628.4218181818183
2025-06-23 03:35:14,084 - INFO -   max_reward: -1774.0
2025-06-23 03:35:14,084 - INFO -   success_rate: 0.0
2025-06-23 03:35:14,084 - INFO -   strategy_info: {'base_epsilon': 0.65, 'novelty_bonus': 5.0, 'states_discovered': 56}
2025-06-23 03:35:14,084 - INFO - === FINAL CHECKPOINT ANALYSIS ===
2025-06-23 03:35:14,084 - INFO -   Checkpoint discovery rate: 0.007 unique/episode
2025-06-23 03:35:14,084 - INFO -   Checkpoint frequency: 0.229 checkpoints/episode
2025-06-23 03:35:14,084 - INFO -   Min steps achievement rate: 9.1%
2025-06-23 03:35:14,084 - INFO -   Best checkpoint reached: 4
2025-06-23 03:35:14,084 - INFO -   Maze progress: 80.0% (checkpoints discovered)
2025-06-23 03:35:14,084 - INFO - DDS stopped.
