2025-06-23 04:39:47,717 - INFO - Strategy initialized: CuriosityStrategy
2025-06-23 04:39:47,717 - INFO - Strategy info: {'base_epsilon': 0.65, 'novelty_bonus': 5.0, 'states_discovered': 0}
2025-06-23 04:39:47,717 - INFO - CLI mode selected: continue
2025-06-23 04:39:47,717 - INFO - Continuing training for 50 additional episodes.
2025-06-23 04:39:47,717 - INFO - ================================================================================
2025-06-23 04:39:47,717 - INFO - 🚀 STARTING TRAINING SESSION
2025-06-23 04:39:47,717 - INFO - ================================================================================
2025-06-23 04:39:47,717 - INFO - Episodes: 50
2025-06-23 04:39:47,717 - INFO - Strategy: curiosity
2025-06-23 04:39:47,717 - INFO - Min steps per episode: 100
2025-06-23 04:39:47,717 - INFO - Max steps per episode: 200
2025-06-23 04:39:47,717 - INFO - Model path: models/q_agent.pkl
2025-06-23 04:39:47,717 - INFO - ================================================================================
2025-06-23 04:39:47,720 - INFO - 🔗 Connected to Godot simulation!
2025-06-23 04:39:47,720 - INFO - Episode 1/50 started - Strategy: CuriosityStrategy
2025-06-23 04:40:25,827 - INFO - 📍 Episode 1: MIN_STEPS + CHECKPOINTS | Reward: -3682.0 | Steps: 200
2025-06-23 04:40:25,828 - INFO - Episode 2/50 started - Strategy: CuriosityStrategy
2025-06-23 04:41:05,450 - INFO - 📍 Episode 2: MIN_STEPS + CHECKPOINTS | Reward: -3059.0 | Steps: 200
2025-06-23 04:41:05,451 - INFO - Episode 3/50 started - Strategy: CuriosityStrategy
2025-06-23 04:41:44,521 - INFO - 📍 Episode 3: MIN_STEPS + CHECKPOINTS | Reward: -3488.0 | Steps: 200
2025-06-23 04:41:44,522 - INFO - Episode 4/50 started - Strategy: CuriosityStrategy
2025-06-23 04:42:23,280 - INFO - 📍 Episode 4: MIN_STEPS + CHECKPOINTS | Reward: -3925.0 | Steps: 200
2025-06-23 04:42:23,281 - INFO - Episode 5/50 started - Strategy: CuriosityStrategy
2025-06-23 04:43:01,551 - INFO - 📍 Episode 5: MIN_STEPS + CHECKPOINTS | Reward: -3958.0 | Steps: 200
2025-06-23 04:43:01,553 - INFO - Episode 6/50 started - Strategy: CuriosityStrategy
2025-06-23 04:43:40,467 - INFO - 📍 Episode 6: MIN_STEPS + CHECKPOINTS | Reward: -3370.0 | Steps: 200
2025-06-23 04:43:40,467 - INFO - Episode 7/50 started - Strategy: CuriosityStrategy
2025-06-23 04:44:18,817 - INFO - 📍 Episode 7: MIN_STEPS + CHECKPOINTS | Reward: -4159.0 | Steps: 200
2025-06-23 04:44:18,818 - INFO - Episode 8/50 started - Strategy: CuriosityStrategy
2025-06-23 04:44:56,319 - INFO - 📍 Episode 8: MIN_STEPS + CHECKPOINTS | Reward: -3844.0 | Steps: 200
2025-06-23 04:44:56,319 - INFO - Episode 9/50 started - Strategy: CuriosityStrategy
2025-06-23 04:45:35,534 - INFO - 📍 Episode 9: MIN_STEPS + CHECKPOINTS | Reward: -3278.0 | Steps: 200
2025-06-23 04:45:35,535 - INFO - Episode 10/50 started - Strategy: CuriosityStrategy
2025-06-23 04:46:14,154 - INFO - 📍 Episode 10: MIN_STEPS + CHECKPOINTS | Reward: -3230.0 | Steps: 200
2025-06-23 04:46:14,156 - INFO - Episodes completed: 10
2025-06-23 04:46:14,157 - INFO - Average reward (last 50): -3380.76
2025-06-23 04:46:14,157 - INFO - Average steps (last 50): 200.0
2025-06-23 04:46:14,157 - INFO - Success rate (last 50): 0.0%
2025-06-23 04:46:14,157 - INFO - Min steps achieved (last 50): 50/50 (100.0%)
2025-06-23 04:46:14,157 - INFO - States explored: 61
2025-06-23 04:46:14,157 - INFO - Total checkpoints reached: 24
2025-06-23 04:46:14,157 - INFO - Unique checkpoints discovered: 3
2025-06-23 04:46:14,157 - INFO - Episodes with checkpoints: 10/10
2025-06-23 04:46:14,157 - INFO - Episodes reaching min_steps: 10/10
2025-06-23 04:46:14,157 - INFO - Checkpoint values found: [1, 2, 3]
2025-06-23 04:46:14,157 - INFO - Episode 11/50 started - Strategy: CuriosityStrategy
2025-06-23 04:46:52,886 - INFO - 📍 Episode 11: MIN_STEPS + CHECKPOINTS | Reward: -3392.0 | Steps: 200
2025-06-23 04:46:52,887 - INFO - Episode 12/50 started - Strategy: CuriosityStrategy
2025-06-23 04:47:31,692 - INFO - 📍 Episode 12: MIN_STEPS + CHECKPOINTS | Reward: -3380.0 | Steps: 200
2025-06-23 04:47:31,692 - INFO - Episode 13/50 started - Strategy: CuriosityStrategy
2025-06-23 04:48:01,780 - INFO - 🏆 Episode 13: GOAL REACHED | Reward: 775.0 | Steps: 152
2025-06-23 04:48:01,780 - INFO - Episode 14/50 started - Strategy: CuriosityStrategy
2025-06-23 04:48:40,642 - INFO - 📍 Episode 14: MIN_STEPS + CHECKPOINTS | Reward: -3563.0 | Steps: 200
2025-06-23 04:48:40,642 - INFO - Episode 15/50 started - Strategy: CuriosityStrategy
2025-06-23 04:49:19,241 - INFO - 📍 Episode 15: MIN_STEPS + CHECKPOINTS | Reward: -3248.0 | Steps: 200
2025-06-23 04:49:19,242 - INFO - Episode 16/50 started - Strategy: CuriosityStrategy
2025-06-23 04:49:58,085 - INFO - 📍 Episode 16: MIN_STEPS + CHECKPOINTS | Reward: -3018.0 | Steps: 200
2025-06-23 04:49:58,086 - INFO - Episode 17/50 started - Strategy: CuriosityStrategy
2025-06-23 04:50:36,890 - INFO - 📍 Episode 17: MIN_STEPS + CHECKPOINTS | Reward: -3601.0 | Steps: 200
2025-06-23 04:50:36,892 - INFO - Episode 18/50 started - Strategy: CuriosityStrategy
2025-06-23 04:51:14,971 - INFO - 📍 Episode 18: MIN_STEPS + CHECKPOINTS | Reward: -3110.0 | Steps: 200
2025-06-23 04:51:14,971 - INFO - Episode 19/50 started - Strategy: CuriosityStrategy
2025-06-23 04:51:54,369 - INFO - 📍 Episode 19: MIN_STEPS + CHECKPOINTS | Reward: -3542.0 | Steps: 200
2025-06-23 04:51:54,369 - INFO - Episode 20/50 started - Strategy: CuriosityStrategy
2025-06-23 04:52:33,089 - INFO - 📍 Episode 20: MIN_STEPS + CHECKPOINTS | Reward: -3200.0 | Steps: 200
2025-06-23 04:52:33,092 - INFO - Episodes completed: 20
2025-06-23 04:52:33,092 - INFO - Average reward (last 50): -3318.62
2025-06-23 04:52:33,092 - INFO - Average steps (last 50): 199.0
2025-06-23 04:52:33,092 - INFO - Success rate (last 50): 2.0%
2025-06-23 04:52:33,092 - INFO - Min steps achieved (last 50): 50/50 (100.0%)
2025-06-23 04:52:33,092 - INFO - States explored: 61
2025-06-23 04:52:33,092 - INFO - Total checkpoints reached: 53
2025-06-23 04:52:33,092 - INFO - Unique checkpoints discovered: 4
2025-06-23 04:52:33,092 - INFO - Episodes with checkpoints: 20/20
2025-06-23 04:52:33,092 - INFO - Episodes reaching min_steps: 20/20
2025-06-23 04:52:33,092 - INFO - Checkpoint values found: [1, 2, 3, 4]
2025-06-23 04:52:33,093 - INFO - Episode 21/50 started - Strategy: CuriosityStrategy
2025-06-23 04:53:12,515 - INFO - 📍 Episode 21: MIN_STEPS + CHECKPOINTS | Reward: -2137.0 | Steps: 200
2025-06-23 04:53:12,516 - INFO - Episode 22/50 started - Strategy: CuriosityStrategy
2025-06-23 04:53:51,268 - INFO - 📍 Episode 22: MIN_STEPS + CHECKPOINTS | Reward: -2557.0 | Steps: 200
2025-06-23 04:53:51,268 - INFO - Episode 23/50 started - Strategy: CuriosityStrategy
2025-06-23 04:54:29,961 - INFO - 📍 Episode 23: MIN_STEPS + CHECKPOINTS | Reward: -3802.0 | Steps: 200
2025-06-23 04:54:29,961 - INFO - Episode 24/50 started - Strategy: CuriosityStrategy
2025-06-23 04:55:09,179 - INFO - 📍 Episode 24: MIN_STEPS + CHECKPOINTS | Reward: -3565.0 | Steps: 200
2025-06-23 04:55:09,180 - INFO - Episode 25/50 started - Strategy: CuriosityStrategy
2025-06-23 04:55:47,727 - INFO - 📍 Episode 25: MIN_STEPS + CHECKPOINTS | Reward: -2982.0 | Steps: 200
2025-06-23 04:55:47,728 - INFO - Episode 26/50 started - Strategy: CuriosityStrategy
2025-06-23 04:56:25,758 - INFO - 📍 Episode 26: MIN_STEPS + CHECKPOINTS | Reward: -3023.0 | Steps: 200
2025-06-23 04:56:25,759 - INFO - Episode 27/50 started - Strategy: CuriosityStrategy
2025-06-23 04:57:03,962 - INFO - 📍 Episode 27: MIN_STEPS + CHECKPOINTS | Reward: -4138.0 | Steps: 200
2025-06-23 04:57:03,963 - INFO - Episode 28/50 started - Strategy: CuriosityStrategy
2025-06-23 04:57:43,451 - INFO - 📍 Episode 28: MIN_STEPS + CHECKPOINTS | Reward: -3131.0 | Steps: 200
2025-06-23 04:57:43,452 - INFO - Episode 29/50 started - Strategy: CuriosityStrategy
2025-06-23 04:58:22,654 - INFO - 📍 Episode 29: MIN_STEPS + CHECKPOINTS | Reward: -3550.0 | Steps: 200
2025-06-23 04:58:22,654 - INFO - Episode 30/50 started - Strategy: CuriosityStrategy
2025-06-23 04:59:01,759 - INFO - 📍 Episode 30: MIN_STEPS + CHECKPOINTS | Reward: -2894.0 | Steps: 200
2025-06-23 04:59:01,762 - INFO - Episodes completed: 30
2025-06-23 04:59:01,762 - INFO - Average reward (last 50): -3286.68
2025-06-23 04:59:01,763 - INFO - Average steps (last 50): 199.0
2025-06-23 04:59:01,763 - INFO - Success rate (last 50): 2.0%
2025-06-23 04:59:01,763 - INFO - Min steps achieved (last 50): 50/50 (100.0%)
2025-06-23 04:59:01,763 - INFO - States explored: 61
2025-06-23 04:59:01,763 - INFO - Total checkpoints reached: 81
2025-06-23 04:59:01,763 - INFO - Unique checkpoints discovered: 4
2025-06-23 04:59:01,763 - INFO - Episodes with checkpoints: 30/30
2025-06-23 04:59:01,763 - INFO - Episodes reaching min_steps: 30/30
2025-06-23 04:59:01,763 - INFO - Checkpoint values found: [1, 2, 3, 4]
2025-06-23 04:59:01,763 - INFO - Episode 31/50 started - Strategy: CuriosityStrategy
2025-06-23 04:59:40,748 - INFO - 📍 Episode 31: MIN_STEPS + CHECKPOINTS | Reward: -3326.0 | Steps: 200
2025-06-23 04:59:40,748 - INFO - Episode 32/50 started - Strategy: CuriosityStrategy
2025-06-23 05:00:19,732 - INFO - 📍 Episode 32: MIN_STEPS + CHECKPOINTS | Reward: -3401.0 | Steps: 200
2025-06-23 05:00:19,733 - INFO - Episode 33/50 started - Strategy: CuriosityStrategy
2025-06-23 05:00:58,928 - INFO - 📍 Episode 33: MIN_STEPS + CHECKPOINTS | Reward: -3035.0 | Steps: 200
2025-06-23 05:00:58,928 - INFO - Episode 34/50 started - Strategy: CuriosityStrategy
2025-06-23 05:01:38,696 - INFO - 📍 Episode 34: MIN_STEPS + CHECKPOINTS | Reward: -2963.0 | Steps: 200
2025-06-23 05:01:38,696 - INFO - Episode 35/50 started - Strategy: CuriosityStrategy
2025-06-23 05:02:18,197 - INFO - 📍 Episode 35: MIN_STEPS + CHECKPOINTS | Reward: -2269.0 | Steps: 200
2025-06-23 05:02:18,199 - INFO - Episode 36/50 started - Strategy: CuriosityStrategy
2025-06-23 05:02:57,277 - INFO - 📍 Episode 36: MIN_STEPS + CHECKPOINTS | Reward: -3736.0 | Steps: 200
2025-06-23 05:02:57,278 - INFO - Episode 37/50 started - Strategy: CuriosityStrategy
2025-06-23 05:03:36,905 - INFO - 📍 Episode 37: MIN_STEPS + CHECKPOINTS | Reward: -3023.0 | Steps: 200
2025-06-23 05:03:36,907 - INFO - Episode 38/50 started - Strategy: CuriosityStrategy
2025-06-23 05:04:15,202 - INFO - 📍 Episode 38: MIN_STEPS + CHECKPOINTS | Reward: -4051.0 | Steps: 200
2025-06-23 05:04:15,203 - INFO - Episode 39/50 started - Strategy: CuriosityStrategy
2025-06-23 05:04:54,588 - INFO - 📍 Episode 39: MIN_STEPS + CHECKPOINTS | Reward: -1996.0 | Steps: 200
2025-06-23 05:04:54,589 - INFO - Episode 40/50 started - Strategy: CuriosityStrategy
2025-06-23 05:05:33,665 - INFO - 📍 Episode 40: MIN_STEPS + CHECKPOINTS | Reward: -3772.0 | Steps: 200
2025-06-23 05:05:33,667 - INFO - Episodes completed: 40
2025-06-23 05:05:33,668 - INFO - Average reward (last 50): -3242.74
2025-06-23 05:05:33,668 - INFO - Average steps (last 50): 199.0
2025-06-23 05:05:33,668 - INFO - Success rate (last 50): 2.0%
2025-06-23 05:05:33,668 - INFO - Min steps achieved (last 50): 50/50 (100.0%)
2025-06-23 05:05:33,668 - INFO - States explored: 61
2025-06-23 05:05:33,669 - INFO - Total checkpoints reached: 110
2025-06-23 05:05:33,669 - INFO - Unique checkpoints discovered: 4
2025-06-23 05:05:33,669 - INFO - Episodes with checkpoints: 40/40
2025-06-23 05:05:33,669 - INFO - Episodes reaching min_steps: 40/40
2025-06-23 05:05:33,669 - INFO - Checkpoint values found: [1, 2, 3, 4]
2025-06-23 05:05:33,669 - INFO - Episode 41/50 started - Strategy: CuriosityStrategy
2025-06-23 05:06:12,191 - INFO - 📍 Episode 41: MIN_STEPS + CHECKPOINTS | Reward: -3461.0 | Steps: 200
2025-06-23 05:06:12,191 - INFO - Episode 42/50 started - Strategy: CuriosityStrategy
2025-06-23 05:06:51,042 - INFO - 📍 Episode 42: MIN_STEPS + CHECKPOINTS | Reward: -3898.0 | Steps: 200
2025-06-23 05:06:51,043 - INFO - Episode 43/50 started - Strategy: CuriosityStrategy
2025-06-23 05:07:29,850 - INFO - 📍 Episode 43: MIN_STEPS + CHECKPOINTS | Reward: -3239.0 | Steps: 200
2025-06-23 05:07:29,851 - INFO - Episode 44/50 started - Strategy: CuriosityStrategy
2025-06-23 05:08:08,578 - INFO - 📍 Episode 44: MIN_STEPS + CHECKPOINTS | Reward: -3119.0 | Steps: 200
2025-06-23 05:08:08,578 - INFO - Episode 45/50 started - Strategy: CuriosityStrategy
2025-06-23 05:08:46,938 - INFO - 📍 Episode 45: MIN_STEPS + CHECKPOINTS | Reward: -3682.0 | Steps: 200
2025-06-23 05:08:46,938 - INFO - Episode 46/50 started - Strategy: CuriosityStrategy
2025-06-23 05:09:26,464 - INFO - 📍 Episode 46: MIN_STEPS + CHECKPOINTS | Reward: -3289.0 | Steps: 200
2025-06-23 05:09:26,465 - INFO - Episode 47/50 started - Strategy: CuriosityStrategy
2025-06-23 05:10:05,662 - INFO - 📍 Episode 47: MIN_STEPS + CHECKPOINTS | Reward: -2903.0 | Steps: 200
2025-06-23 05:10:05,662 - INFO - Episode 48/50 started - Strategy: CuriosityStrategy
2025-06-23 05:10:44,550 - INFO - 📍 Episode 48: MIN_STEPS + CHECKPOINTS | Reward: -4036.0 | Steps: 200
2025-06-23 05:10:44,550 - INFO - Episode 49/50 started - Strategy: CuriosityStrategy
2025-06-23 05:11:23,238 - INFO - 📍 Episode 49: MIN_STEPS + CHECKPOINTS | Reward: -2831.0 | Steps: 200
2025-06-23 05:11:23,238 - INFO - Episode 50/50 started - Strategy: CuriosityStrategy
2025-06-23 05:12:01,767 - INFO - 📍 Episode 50: MIN_STEPS + CHECKPOINTS | Reward: -3623.0 | Steps: 200
2025-06-23 05:12:01,770 - INFO - Episodes completed: 50
2025-06-23 05:12:01,770 - INFO - Average reward (last 50): -3254.08
2025-06-23 05:12:01,770 - INFO - Average steps (last 50): 199.0
2025-06-23 05:12:01,770 - INFO - Success rate (last 50): 2.0%
2025-06-23 05:12:01,770 - INFO - Min steps achieved (last 50): 50/50 (100.0%)
2025-06-23 05:12:01,770 - INFO - States explored: 61
2025-06-23 05:12:01,771 - INFO - Total checkpoints reached: 136
2025-06-23 05:12:01,771 - INFO - Unique checkpoints discovered: 4
2025-06-23 05:12:01,771 - INFO - Episodes with checkpoints: 50/50
2025-06-23 05:12:01,771 - INFO - Episodes reaching min_steps: 50/50
2025-06-23 05:12:01,771 - INFO - Checkpoint values found: [1, 2, 3, 4]
2025-06-23 05:12:01,772 - INFO - ✅ Training completed!
2025-06-23 05:12:01,772 - INFO - === FINAL TRAINING STATISTICS ===
2025-06-23 05:12:01,772 - INFO -   total_episodes: 700
2025-06-23 05:12:01,772 - INFO -   states_explored: 61
2025-06-23 05:12:01,772 - INFO -   avg_reward: -3553.437142857143
2025-06-23 05:12:01,772 - INFO -   max_reward: 775.0
2025-06-23 05:12:01,772 - INFO -   success_rate: 0.0014285714285714286
2025-06-23 05:12:01,772 - INFO -   strategy_info: {'base_epsilon': 0.65, 'novelty_bonus': 5.0, 'states_discovered': 61}
2025-06-23 05:12:01,772 - INFO - === FINAL CHECKPOINT ANALYSIS ===
2025-06-23 05:12:01,772 - INFO -   Checkpoint discovery rate: 0.006 unique/episode
2025-06-23 05:12:01,772 - INFO -   Checkpoint frequency: 0.194 checkpoints/episode
2025-06-23 05:12:01,773 - INFO -   Min steps achievement rate: 7.1%
2025-06-23 05:12:01,773 - INFO -   Best checkpoint reached: 4
2025-06-23 05:12:01,773 - INFO -   Maze progress: 80.0% (checkpoints discovered)
2025-06-23 05:12:01,773 - INFO - DDS stopped.
