2025-06-23 04:07:33,026 - INFO - Strategy initialized: CuriosityStrategy
2025-06-23 04:07:33,026 - INFO - Strategy info: {'base_epsilon': 0.65, 'novelty_bonus': 5.0, 'states_discovered': 0}
2025-06-23 04:07:33,026 - INFO - CLI mode selected: continue
2025-06-23 04:07:33,026 - INFO - Continuing training for 50 additional episodes.
2025-06-23 04:07:33,026 - INFO - ================================================================================
2025-06-23 04:07:33,026 - INFO - 🚀 STARTING TRAINING SESSION
2025-06-23 04:07:33,026 - INFO - ================================================================================
2025-06-23 04:07:33,026 - INFO - Episodes: 50
2025-06-23 04:07:33,026 - INFO - Strategy: curiosity
2025-06-23 04:07:33,026 - INFO - Min steps per episode: 100
2025-06-23 04:07:33,026 - INFO - Max steps per episode: 200
2025-06-23 04:07:33,026 - INFO - Model path: models/q_agent.pkl
2025-06-23 04:07:33,026 - INFO - ================================================================================
2025-06-23 04:07:33,029 - INFO - 🔗 Connected to Godot simulation!
2025-06-23 04:07:33,029 - INFO - Episode 1/50 started - Strategy: CuriosityStrategy
2025-06-23 04:08:12,300 - INFO - 📍 Episode 1: MIN_STEPS + CHECKPOINTS | Reward: -3209.0 | Steps: 200
2025-06-23 04:08:12,300 - INFO - Episode 2/50 started - Strategy: CuriosityStrategy
2025-06-23 04:08:50,339 - INFO - 📍 Episode 2: MIN_STEPS + CHECKPOINTS | Reward: -3715.0 | Steps: 200
2025-06-23 04:08:50,340 - INFO - Episode 3/50 started - Strategy: CuriosityStrategy
2025-06-23 04:09:28,625 - INFO - 📍 Episode 3: MIN_STEPS + CHECKPOINTS | Reward: -2948.0 | Steps: 200
2025-06-23 04:09:28,626 - INFO - Episode 4/50 started - Strategy: CuriosityStrategy
2025-06-23 04:10:07,042 - INFO - 📍 Episode 4: MIN_STEPS + CHECKPOINTS | Reward: -3916.0 | Steps: 200
2025-06-23 04:10:07,043 - INFO - Episode 5/50 started - Strategy: CuriosityStrategy
2025-06-23 04:10:45,666 - INFO - 📍 Episode 5: MIN_STEPS + CHECKPOINTS | Reward: -2939.0 | Steps: 200
2025-06-23 04:10:45,667 - INFO - Episode 6/50 started - Strategy: CuriosityStrategy
2025-06-23 04:11:25,454 - INFO - 📍 Episode 6: MIN_STEPS + CHECKPOINTS | Reward: -3706.0 | Steps: 200
2025-06-23 04:11:25,455 - INFO - Episode 7/50 started - Strategy: CuriosityStrategy
2025-06-23 04:12:04,132 - INFO - 📍 Episode 7: MIN_STEPS + CHECKPOINTS | Reward: -3395.0 | Steps: 200
2025-06-23 04:12:04,132 - INFO - Episode 8/50 started - Strategy: CuriosityStrategy
2025-06-23 04:12:43,399 - INFO - 📍 Episode 8: MIN_STEPS + CHECKPOINTS | Reward: -3805.0 | Steps: 200
2025-06-23 04:12:43,399 - INFO - Episode 9/50 started - Strategy: CuriosityStrategy
2025-06-23 04:13:22,597 - INFO - 📍 Episode 9: MIN_STEPS + CHECKPOINTS | Reward: -2855.0 | Steps: 200
2025-06-23 04:13:22,598 - INFO - Episode 10/50 started - Strategy: CuriosityStrategy
2025-06-23 04:14:01,512 - INFO - 📍 Episode 10: MIN_STEPS + CHECKPOINTS | Reward: -3628.0 | Steps: 200
2025-06-23 04:14:01,516 - INFO - Episodes completed: 10
2025-06-23 04:14:01,516 - INFO - Average reward (last 50): -3281.22
2025-06-23 04:14:01,516 - INFO - Average steps (last 50): 200.0
2025-06-23 04:14:01,516 - INFO - Success rate (last 50): 0.0%
2025-06-23 04:14:01,516 - INFO - Min steps achieved (last 50): 50/50 (100.0%)
2025-06-23 04:14:01,516 - INFO - States explored: 56
2025-06-23 04:14:01,516 - INFO - Total checkpoints reached: 25
2025-06-23 04:14:01,516 - INFO - Unique checkpoints discovered: 3
2025-06-23 04:14:01,516 - INFO - Episodes with checkpoints: 10/10
2025-06-23 04:14:01,516 - INFO - Episodes reaching min_steps: 10/10
2025-06-23 04:14:01,516 - INFO - Checkpoint values found: [1, 2, 3]
2025-06-23 04:14:01,516 - INFO - Episode 11/50 started - Strategy: CuriosityStrategy
2025-06-23 04:14:39,522 - INFO - 📍 Episode 11: MIN_STEPS + CHECKPOINTS | Reward: -3035.0 | Steps: 200
2025-06-23 04:14:39,523 - INFO - Episode 12/50 started - Strategy: CuriosityStrategy
2025-06-23 04:15:18,860 - INFO - 📍 Episode 12: MIN_STEPS + CHECKPOINTS | Reward: -3020.0 | Steps: 200
2025-06-23 04:15:18,861 - INFO - Episode 13/50 started - Strategy: CuriosityStrategy
2025-06-23 04:15:56,550 - INFO - 📍 Episode 13: MIN_STEPS + CHECKPOINTS | Reward: -3889.0 | Steps: 200
2025-06-23 04:15:56,551 - INFO - Episode 14/50 started - Strategy: CuriosityStrategy
2025-06-23 04:16:35,832 - INFO - 📍 Episode 14: MIN_STEPS + CHECKPOINTS | Reward: -3188.0 | Steps: 200
2025-06-23 04:16:35,832 - INFO - Episode 15/50 started - Strategy: CuriosityStrategy
2025-06-23 04:17:15,252 - INFO - 📍 Episode 15: MIN_STEPS + CHECKPOINTS | Reward: -4009.0 | Steps: 200
2025-06-23 04:17:15,252 - INFO - Episode 16/50 started - Strategy: CuriosityStrategy
2025-06-23 04:17:54,356 - INFO - 📍 Episode 16: MIN_STEPS + CHECKPOINTS | Reward: -3158.0 | Steps: 200
2025-06-23 04:17:54,356 - INFO - Episode 17/50 started - Strategy: CuriosityStrategy
2025-06-23 04:18:33,511 - INFO - 📍 Episode 17: MIN_STEPS + CHECKPOINTS | Reward: -2951.0 | Steps: 200
2025-06-23 04:18:33,512 - INFO - Episode 18/50 started - Strategy: CuriosityStrategy
2025-06-23 04:19:11,852 - INFO - 📍 Episode 18: MIN_STEPS + CHECKPOINTS | Reward: -3176.0 | Steps: 200
2025-06-23 04:19:11,853 - INFO - Episode 19/50 started - Strategy: CuriosityStrategy
2025-06-23 04:19:50,908 - INFO - 📍 Episode 19: MIN_STEPS + CHECKPOINTS | Reward: -2982.0 | Steps: 200
2025-06-23 04:19:50,910 - INFO - Episode 20/50 started - Strategy: CuriosityStrategy
2025-06-23 04:20:30,584 - INFO - 📍 Episode 20: MIN_STEPS + CHECKPOINTS | Reward: -2978.0 | Steps: 200
2025-06-23 04:20:30,586 - INFO - Episodes completed: 20
2025-06-23 04:20:30,586 - INFO - Average reward (last 50): -3275.34
2025-06-23 04:20:30,586 - INFO - Average steps (last 50): 200.0
2025-06-23 04:20:30,586 - INFO - Success rate (last 50): 0.0%
2025-06-23 04:20:30,586 - INFO - Min steps achieved (last 50): 50/50 (100.0%)
2025-06-23 04:20:30,587 - INFO - States explored: 56
2025-06-23 04:20:30,587 - INFO - Total checkpoints reached: 53
2025-06-23 04:20:30,587 - INFO - Unique checkpoints discovered: 3
2025-06-23 04:20:30,587 - INFO - Episodes with checkpoints: 20/20
2025-06-23 04:20:30,587 - INFO - Episodes reaching min_steps: 20/20
2025-06-23 04:20:30,587 - INFO - Checkpoint values found: [1, 2, 3]
2025-06-23 04:20:30,587 - INFO - Episode 21/50 started - Strategy: CuriosityStrategy
2025-06-23 04:21:09,762 - INFO - 📍 Episode 21: MIN_STEPS + CHECKPOINTS | Reward: -3269.0 | Steps: 200
2025-06-23 04:21:09,763 - INFO - Episode 22/50 started - Strategy: CuriosityStrategy
2025-06-23 04:21:48,304 - INFO - 📍 Episode 22: MIN_STEPS + CHECKPOINTS | Reward: -3874.0 | Steps: 200
2025-06-23 04:21:48,306 - INFO - Episode 23/50 started - Strategy: CuriosityStrategy
2025-06-23 04:22:25,335 - INFO - 📍 Episode 23: MIN_STEPS + CHECKPOINTS | Reward: -3823.0 | Steps: 200
2025-06-23 04:22:25,335 - INFO - Episode 24/50 started - Strategy: CuriosityStrategy
2025-06-23 04:23:02,954 - INFO - 📍 Episode 24: MIN_STEPS + CHECKPOINTS | Reward: -3316.0 | Steps: 200
2025-06-23 04:23:02,955 - INFO - Episode 25/50 started - Strategy: CuriosityStrategy
2025-06-23 04:23:41,625 - INFO - 📍 Episode 25: MIN_STEPS + CHECKPOINTS | Reward: -3281.0 | Steps: 200
2025-06-23 04:23:41,626 - INFO - Episode 26/50 started - Strategy: CuriosityStrategy
2025-06-23 04:24:19,963 - INFO - 📍 Episode 26: MIN_STEPS + CHECKPOINTS | Reward: -3035.0 | Steps: 200
2025-06-23 04:24:19,965 - INFO - Episode 27/50 started - Strategy: CuriosityStrategy
2025-06-23 04:24:59,761 - INFO - 📍 Episode 27: MIN_STEPS + CHECKPOINTS | Reward: -2981.0 | Steps: 200
2025-06-23 04:24:59,762 - INFO - Episode 28/50 started - Strategy: CuriosityStrategy
2025-06-23 04:25:38,170 - INFO - 📍 Episode 28: MIN_STEPS + CHECKPOINTS | Reward: -3395.0 | Steps: 200
2025-06-23 04:25:38,171 - INFO - Episode 29/50 started - Strategy: CuriosityStrategy
2025-06-23 04:26:15,827 - INFO - 📍 Episode 29: MIN_STEPS + CHECKPOINTS | Reward: -2945.0 | Steps: 200
2025-06-23 04:26:15,827 - INFO - Episode 30/50 started - Strategy: CuriosityStrategy
2025-06-23 04:26:55,407 - INFO - 📍 Episode 30: MIN_STEPS + CHECKPOINTS | Reward: -3457.0 | Steps: 200
2025-06-23 04:26:55,410 - INFO - Episodes completed: 30
2025-06-23 04:26:55,410 - INFO - Average reward (last 50): -3295.08
2025-06-23 04:26:55,410 - INFO - Average steps (last 50): 200.0
2025-06-23 04:26:55,410 - INFO - Success rate (last 50): 0.0%
2025-06-23 04:26:55,410 - INFO - Min steps achieved (last 50): 50/50 (100.0%)
2025-06-23 04:26:55,410 - INFO - States explored: 56
2025-06-23 04:26:55,410 - INFO - Total checkpoints reached: 79
2025-06-23 04:26:55,410 - INFO - Unique checkpoints discovered: 3
2025-06-23 04:26:55,410 - INFO - Episodes with checkpoints: 30/30
2025-06-23 04:26:55,410 - INFO - Episodes reaching min_steps: 30/30
2025-06-23 04:26:55,411 - INFO - Checkpoint values found: [1, 2, 3]
2025-06-23 04:26:55,411 - INFO - Episode 31/50 started - Strategy: CuriosityStrategy
2025-06-23 04:27:33,953 - INFO - 📍 Episode 31: MIN_STEPS + CHECKPOINTS | Reward: -2467.0 | Steps: 200
2025-06-23 04:27:33,953 - INFO - Episode 32/50 started - Strategy: CuriosityStrategy
2025-06-23 04:28:12,779 - INFO - 📍 Episode 32: MIN_STEPS + CHECKPOINTS | Reward: -3200.0 | Steps: 200
2025-06-23 04:28:12,780 - INFO - Episode 33/50 started - Strategy: CuriosityStrategy
2025-06-23 04:28:51,264 - INFO - 📍 Episode 33: MIN_STEPS + CHECKPOINTS | Reward: -3443.0 | Steps: 200
2025-06-23 04:28:51,264 - INFO - Episode 34/50 started - Strategy: CuriosityStrategy
2025-06-23 04:29:28,698 - INFO - 📍 Episode 34: MIN_STEPS + CHECKPOINTS | Reward: -3952.0 | Steps: 200
2025-06-23 04:29:28,698 - INFO - Episode 35/50 started - Strategy: CuriosityStrategy
2025-06-23 04:30:07,239 - INFO - 📍 Episode 35: MIN_STEPS + CHECKPOINTS | Reward: -3775.0 | Steps: 200
2025-06-23 04:30:07,239 - INFO - Episode 36/50 started - Strategy: CuriosityStrategy
2025-06-23 04:30:45,009 - INFO - 📍 Episode 36: MIN_STEPS + CHECKPOINTS | Reward: -3560.0 | Steps: 200
2025-06-23 04:30:45,010 - INFO - Episode 37/50 started - Strategy: CuriosityStrategy
2025-06-23 04:31:23,923 - INFO - 📍 Episode 37: MIN_STEPS + CHECKPOINTS | Reward: -3949.0 | Steps: 200
2025-06-23 04:31:23,923 - INFO - Episode 38/50 started - Strategy: CuriosityStrategy
2025-06-23 04:32:02,790 - INFO - 📍 Episode 38: MIN_STEPS + CHECKPOINTS | Reward: -3134.0 | Steps: 200
2025-06-23 04:32:02,791 - INFO - Episode 39/50 started - Strategy: CuriosityStrategy
2025-06-23 04:32:41,846 - INFO - 📍 Episode 39: MIN_STEPS + CHECKPOINTS | Reward: -2984.0 | Steps: 200
2025-06-23 04:32:41,847 - INFO - Episode 40/50 started - Strategy: CuriosityStrategy
2025-06-23 04:33:20,815 - INFO - 📍 Episode 40: MIN_STEPS + CHECKPOINTS | Reward: -3305.0 | Steps: 200
2025-06-23 04:33:20,818 - INFO - Episodes completed: 40
2025-06-23 04:33:20,818 - INFO - Average reward (last 50): -3323.16
2025-06-23 04:33:20,818 - INFO - Average steps (last 50): 200.0
2025-06-23 04:33:20,818 - INFO - Success rate (last 50): 0.0%
2025-06-23 04:33:20,818 - INFO - Min steps achieved (last 50): 50/50 (100.0%)
2025-06-23 04:33:20,818 - INFO - States explored: 56
2025-06-23 04:33:20,818 - INFO - Total checkpoints reached: 107
2025-06-23 04:33:20,819 - INFO - Unique checkpoints discovered: 4
2025-06-23 04:33:20,819 - INFO - Episodes with checkpoints: 40/40
2025-06-23 04:33:20,819 - INFO - Episodes reaching min_steps: 40/40
2025-06-23 04:33:20,819 - INFO - Checkpoint values found: [1, 2, 3, 4]
2025-06-23 04:33:20,819 - INFO - Episode 41/50 started - Strategy: CuriosityStrategy
2025-06-23 04:33:58,030 - INFO - 📍 Episode 41: MIN_STEPS + CHECKPOINTS | Reward: -3301.0 | Steps: 200
2025-06-23 04:33:58,030 - INFO - Episode 42/50 started - Strategy: CuriosityStrategy
2025-06-23 04:34:37,737 - INFO - 📍 Episode 42: MIN_STEPS + CHECKPOINTS | Reward: -3014.0 | Steps: 200
2025-06-23 04:34:37,738 - INFO - Episode 43/50 started - Strategy: CuriosityStrategy
2025-06-23 04:35:16,728 - INFO - 📍 Episode 43: MIN_STEPS + CHECKPOINTS | Reward: -3179.0 | Steps: 200
2025-06-23 04:35:16,729 - INFO - Episode 44/50 started - Strategy: CuriosityStrategy
2025-06-23 04:35:55,796 - INFO - 📍 Episode 44: MIN_STEPS + CHECKPOINTS | Reward: -3218.0 | Steps: 200
2025-06-23 04:35:55,797 - INFO - Episode 45/50 started - Strategy: CuriosityStrategy
2025-06-23 04:36:33,260 - INFO - 📍 Episode 45: MIN_STEPS + CHECKPOINTS | Reward: -4288.0 | Steps: 200
2025-06-23 04:36:33,262 - INFO - Episode 46/50 started - Strategy: CuriosityStrategy
2025-06-23 04:37:11,531 - INFO - 📍 Episode 46: MIN_STEPS + CHECKPOINTS | Reward: -2488.0 | Steps: 200
2025-06-23 04:37:11,532 - INFO - Episode 47/50 started - Strategy: CuriosityStrategy
2025-06-23 04:37:50,155 - INFO - 📍 Episode 47: MIN_STEPS + CHECKPOINTS | Reward: -3886.0 | Steps: 200
2025-06-23 04:37:50,156 - INFO - Episode 48/50 started - Strategy: CuriosityStrategy
2025-06-23 04:38:29,455 - INFO - 📍 Episode 48: MIN_STEPS + CHECKPOINTS | Reward: -3215.0 | Steps: 200
2025-06-23 04:38:29,456 - INFO - Episode 49/50 started - Strategy: CuriosityStrategy
2025-06-23 04:39:08,978 - INFO - 📍 Episode 49: MIN_STEPS + CHECKPOINTS | Reward: -2895.0 | Steps: 200
2025-06-23 04:39:08,980 - INFO - Episode 50/50 started - Strategy: CuriosityStrategy
2025-06-23 04:39:47,223 - INFO - 📍 Episode 50: MIN_STEPS + CHECKPOINTS | Reward: -4030.0 | Steps: 200
2025-06-23 04:39:47,226 - INFO - Episodes completed: 50
2025-06-23 04:39:47,226 - INFO - Average reward (last 50): -3343.22
2025-06-23 04:39:47,226 - INFO - Average steps (last 50): 200.0
2025-06-23 04:39:47,226 - INFO - Success rate (last 50): 0.0%
2025-06-23 04:39:47,226 - INFO - Min steps achieved (last 50): 50/50 (100.0%)
2025-06-23 04:39:47,226 - INFO - States explored: 61
2025-06-23 04:39:47,226 - INFO - Total checkpoints reached: 134
2025-06-23 04:39:47,226 - INFO - Unique checkpoints discovered: 4
2025-06-23 04:39:47,226 - INFO - Episodes with checkpoints: 50/50
2025-06-23 04:39:47,226 - INFO - Episodes reaching min_steps: 50/50
2025-06-23 04:39:47,226 - INFO - Checkpoint values found: [1, 2, 3, 4]
2025-06-23 04:39:47,227 - INFO - ✅ Training completed!
2025-06-23 04:39:47,228 - INFO - === FINAL TRAINING STATISTICS ===
2025-06-23 04:39:47,228 - INFO -   total_episodes: 650
2025-06-23 04:39:47,228 - INFO -   states_explored: 61
2025-06-23 04:39:47,228 - INFO -   avg_reward: -3576.464615384615
2025-06-23 04:39:47,228 - INFO -   max_reward: -1774.0
2025-06-23 04:39:47,228 - INFO -   success_rate: 0.0
2025-06-23 04:39:47,228 - INFO -   strategy_info: {'base_epsilon': 0.65, 'novelty_bonus': 5.0, 'states_discovered': 61}
2025-06-23 04:39:47,228 - INFO - === FINAL CHECKPOINT ANALYSIS ===
2025-06-23 04:39:47,228 - INFO -   Checkpoint discovery rate: 0.006 unique/episode
2025-06-23 04:39:47,229 - INFO -   Checkpoint frequency: 0.206 checkpoints/episode
2025-06-23 04:39:47,229 - INFO -   Min steps achievement rate: 7.7%
2025-06-23 04:39:47,229 - INFO -   Best checkpoint reached: 4
2025-06-23 04:39:47,229 - INFO -   Maze progress: 80.0% (checkpoints discovered)
2025-06-23 04:39:47,229 - INFO - DDS stopped.
