2025-06-23 13:42:46,190 - INFO - Strategy initialized: CuriosityStrategy
2025-06-23 13:42:46,190 - INFO - Strategy info: {'base_epsilon': 0.65, 'novelty_bonus': 5.0, 'states_discovered': 0}
2025-06-23 13:42:46,190 - INFO - CLI mode selected: continue
2025-06-23 13:42:46,190 - INFO - Continuing training for 50 additional episodes.
2025-06-23 13:42:46,190 - INFO - ================================================================================
2025-06-23 13:42:46,190 - INFO - 🚀 STARTING TRAINING SESSION
2025-06-23 13:42:46,190 - INFO - ================================================================================
2025-06-23 13:42:46,190 - INFO - Episodes: 50
2025-06-23 13:42:46,190 - INFO - Strategy: curiosity
2025-06-23 13:42:46,190 - INFO - Min steps per episode: 100
2025-06-23 13:42:46,191 - INFO - Max steps per episode: 200
2025-06-23 13:42:46,191 - INFO - Model path: models/q_agent.pkl
2025-06-23 13:42:46,191 - INFO - ================================================================================
2025-06-23 13:42:46,194 - INFO - 🔗 Connected to Godot simulation!
2025-06-23 13:42:46,194 - INFO - Episode 1/50 started - Strategy: CuriosityStrategy
2025-06-23 13:43:24,286 - INFO - 📍 Episode 1: MIN_STEPS + CHECKPOINTS | Reward: -3098.0 | Steps: 200
2025-06-23 13:43:24,287 - INFO - Episode 2/50 started - Strategy: CuriosityStrategy
2025-06-23 13:44:03,324 - INFO - 📍 Episode 2: MIN_STEPS + CHECKPOINTS | Reward: -2500.0 | Steps: 200
2025-06-23 13:44:03,325 - INFO - Episode 3/50 started - Strategy: CuriosityStrategy
2025-06-23 13:44:41,531 - INFO - 📍 Episode 3: MIN_STEPS + CHECKPOINTS | Reward: -3032.0 | Steps: 200
2025-06-23 13:44:41,531 - INFO - Episode 4/50 started - Strategy: CuriosityStrategy
2025-06-23 13:45:21,015 - INFO - 📍 Episode 4: MIN_STEPS + CHECKPOINTS | Reward: -2978.0 | Steps: 200
2025-06-23 13:45:21,015 - INFO - Episode 5/50 started - Strategy: CuriosityStrategy
2025-06-23 13:46:00,038 - INFO - 📍 Episode 5: MIN_STEPS + CHECKPOINTS | Reward: -3503.0 | Steps: 200
2025-06-23 13:46:00,038 - INFO - Episode 6/50 started - Strategy: CuriosityStrategy
2025-06-23 13:46:38,791 - INFO - 📍 Episode 6: MIN_STEPS + CHECKPOINTS | Reward: -2146.0 | Steps: 200
2025-06-23 13:46:38,792 - INFO - Episode 7/50 started - Strategy: CuriosityStrategy
2025-06-23 13:47:18,373 - INFO - 📍 Episode 7: MIN_STEPS + CHECKPOINTS | Reward: -1444.0 | Steps: 200
2025-06-23 13:47:18,374 - INFO - Episode 8/50 started - Strategy: CuriosityStrategy
2025-06-23 13:47:58,024 - INFO - 📍 Episode 8: MIN_STEPS + CHECKPOINTS | Reward: -1681.0 | Steps: 200
2025-06-23 13:47:58,025 - INFO - Episode 9/50 started - Strategy: CuriosityStrategy
2025-06-23 13:48:36,697 - INFO - 🏆 Episode 9: GOAL REACHED | Reward: 27.5 | Steps: 195
2025-06-23 13:48:36,698 - INFO - Episode 10/50 started - Strategy: CuriosityStrategy
2025-06-23 13:49:15,268 - INFO - 📍 Episode 10: MIN_STEPS + CHECKPOINTS | Reward: -3922.0 | Steps: 200
2025-06-23 13:49:15,271 - INFO - Episodes completed: 10
2025-06-23 13:49:15,271 - INFO - Average reward (last 50): -2536.47
2025-06-23 13:49:15,271 - INFO - Average steps (last 50): 198.8
2025-06-23 13:49:15,271 - INFO - Success rate (last 50): 8.0%
2025-06-23 13:49:15,272 - INFO - Min steps achieved (last 50): 50/50 (100.0%)
2025-06-23 13:49:15,272 - INFO - States explored: 66
2025-06-23 13:49:15,272 - INFO - Total checkpoints reached: 34
2025-06-23 13:49:15,272 - INFO - Unique checkpoints discovered: 4
2025-06-23 13:49:15,272 - INFO - Episodes with checkpoints: 10/10
2025-06-23 13:49:15,272 - INFO - Episodes reaching min_steps: 10/10
2025-06-23 13:49:15,272 - INFO - Checkpoint values found: [1, 2, 3, 4]
2025-06-23 13:49:15,272 - INFO - Episode 11/50 started - Strategy: CuriosityStrategy
2025-06-23 13:49:52,264 - INFO - 📍 Episode 11: MIN_STEPS + CHECKPOINTS | Reward: -3529.0 | Steps: 200
2025-06-23 13:49:52,264 - INFO - Episode 12/50 started - Strategy: CuriosityStrategy
2025-06-23 13:50:31,660 - INFO - 📍 Episode 12: MIN_STEPS + CHECKPOINTS | Reward: -2047.0 | Steps: 200
2025-06-23 13:50:31,661 - INFO - Episode 13/50 started - Strategy: CuriosityStrategy
2025-06-23 13:51:10,376 - INFO - 📍 Episode 13: MIN_STEPS + CHECKPOINTS | Reward: -3108.0 | Steps: 200
2025-06-23 13:51:10,377 - INFO - Episode 14/50 started - Strategy: CuriosityStrategy
2025-06-23 13:51:49,094 - INFO - 📍 Episode 14: MIN_STEPS + CHECKPOINTS | Reward: -2656.0 | Steps: 200
2025-06-23 13:51:49,094 - INFO - Episode 15/50 started - Strategy: CuriosityStrategy
2025-06-23 13:52:29,063 - INFO - 📍 Episode 15: MIN_STEPS + CHECKPOINTS | Reward: -1686.0 | Steps: 200
2025-06-23 13:52:29,063 - INFO - Episode 16/50 started - Strategy: CuriosityStrategy
2025-06-23 13:53:08,445 - INFO - 📍 Episode 16: MIN_STEPS + CHECKPOINTS | Reward: -2096.0 | Steps: 200
2025-06-23 13:53:08,445 - INFO - Episode 17/50 started - Strategy: CuriosityStrategy
2025-06-23 13:53:47,156 - INFO - 🏆 Episode 17: GOAL REACHED | Reward: 90.5 | Steps: 195
2025-06-23 13:53:47,157 - INFO - Episode 18/50 started - Strategy: CuriosityStrategy
2025-06-23 13:54:26,908 - INFO - 📍 Episode 18: MIN_STEPS + CHECKPOINTS | Reward: -1540.0 | Steps: 200
2025-06-23 13:54:26,909 - INFO - Episode 19/50 started - Strategy: CuriosityStrategy
2025-06-23 13:55:06,502 - INFO - 📍 Episode 19: MIN_STEPS + CHECKPOINTS | Reward: -2026.0 | Steps: 200
2025-06-23 13:55:06,503 - INFO - Episode 20/50 started - Strategy: CuriosityStrategy
2025-06-23 13:55:45,107 - INFO - 📍 Episode 20: MIN_STEPS + CHECKPOINTS | Reward: -3104.0 | Steps: 200
2025-06-23 13:55:45,109 - INFO - Episodes completed: 20
2025-06-23 13:55:45,110 - INFO - Average reward (last 50): -2484.94
2025-06-23 13:55:45,110 - INFO - Average steps (last 50): 198.7
2025-06-23 13:55:45,110 - INFO - Success rate (last 50): 8.0%
2025-06-23 13:55:45,110 - INFO - Min steps achieved (last 50): 50/50 (100.0%)
2025-06-23 13:55:45,110 - INFO - States explored: 66
2025-06-23 13:55:45,110 - INFO - Total checkpoints reached: 70
2025-06-23 13:55:45,110 - INFO - Unique checkpoints discovered: 4
2025-06-23 13:55:45,111 - INFO - Episodes with checkpoints: 20/20
2025-06-23 13:55:45,111 - INFO - Episodes reaching min_steps: 20/20
2025-06-23 13:55:45,111 - INFO - Checkpoint values found: [1, 2, 3, 4]
2025-06-23 13:55:45,111 - INFO - Episode 21/50 started - Strategy: CuriosityStrategy
2025-06-23 13:56:23,375 - INFO - 📍 Episode 21: MIN_STEPS + CHECKPOINTS | Reward: -3811.0 | Steps: 200
2025-06-23 13:56:23,376 - INFO - Episode 22/50 started - Strategy: CuriosityStrategy
2025-06-23 13:57:02,441 - INFO - 📍 Episode 22: MIN_STEPS + CHECKPOINTS | Reward: -2305.0 | Steps: 200
2025-06-23 13:57:02,441 - INFO - Episode 23/50 started - Strategy: CuriosityStrategy
2025-06-23 13:57:41,588 - INFO - 📍 Episode 23: MIN_STEPS + CHECKPOINTS | Reward: -2437.0 | Steps: 200
2025-06-23 13:57:41,588 - INFO - Episode 24/50 started - Strategy: CuriosityStrategy
2025-06-23 13:58:21,315 - INFO - 📍 Episode 24: MIN_STEPS + CHECKPOINTS | Reward: -2081.0 | Steps: 200
2025-06-23 13:58:21,316 - INFO - Episode 25/50 started - Strategy: CuriosityStrategy
2025-06-23 13:58:59,753 - INFO - 📍 Episode 25: MIN_STEPS + CHECKPOINTS | Reward: -4012.0 | Steps: 200
2025-06-23 13:58:59,753 - INFO - Episode 26/50 started - Strategy: CuriosityStrategy
2025-06-23 13:59:38,382 - INFO - 📍 Episode 26: MIN_STEPS + CHECKPOINTS | Reward: -2735.0 | Steps: 200
2025-06-23 13:59:38,383 - INFO - Episode 27/50 started - Strategy: CuriosityStrategy
2025-06-23 14:00:18,221 - INFO - 📍 Episode 27: MIN_STEPS + CHECKPOINTS | Reward: -1906.0 | Steps: 200
2025-06-23 14:00:18,221 - INFO - Episode 28/50 started - Strategy: CuriosityStrategy
2025-06-23 14:00:55,849 - INFO - 📍 Episode 28: MIN_STEPS + CHECKPOINTS | Reward: -4021.0 | Steps: 200
2025-06-23 14:00:55,849 - INFO - Episode 29/50 started - Strategy: CuriosityStrategy
2025-06-23 14:01:34,710 - INFO - 📍 Episode 29: MIN_STEPS + CHECKPOINTS | Reward: -2263.0 | Steps: 200
2025-06-23 14:01:34,711 - INFO - Episode 30/50 started - Strategy: CuriosityStrategy
2025-06-23 14:02:12,302 - INFO - 📍 Episode 30: MIN_STEPS + CHECKPOINTS | Reward: -3616.0 | Steps: 200
2025-06-23 14:02:12,304 - INFO - Episodes completed: 30
2025-06-23 14:02:12,304 - INFO - Average reward (last 50): -2536.44
2025-06-23 14:02:12,304 - INFO - Average steps (last 50): 199.4
2025-06-23 14:02:12,304 - INFO - Success rate (last 50): 6.0%
2025-06-23 14:02:12,304 - INFO - Min steps achieved (last 50): 50/50 (100.0%)
2025-06-23 14:02:12,305 - INFO - States explored: 66
2025-06-23 14:02:12,305 - INFO - Total checkpoints reached: 101
2025-06-23 14:02:12,305 - INFO - Unique checkpoints discovered: 4
2025-06-23 14:02:12,305 - INFO - Episodes with checkpoints: 30/30
2025-06-23 14:02:12,305 - INFO - Episodes reaching min_steps: 30/30
2025-06-23 14:02:12,305 - INFO - Checkpoint values found: [1, 2, 3, 4]
2025-06-23 14:02:12,305 - INFO - Episode 31/50 started - Strategy: CuriosityStrategy
2025-06-23 14:02:51,903 - INFO - 📍 Episode 31: MIN_STEPS + CHECKPOINTS | Reward: -2392.0 | Steps: 200
2025-06-23 14:02:51,904 - INFO - Episode 32/50 started - Strategy: CuriosityStrategy
2025-06-23 14:03:30,882 - INFO - 📍 Episode 32: MIN_STEPS + CHECKPOINTS | Reward: -2533.0 | Steps: 200
2025-06-23 14:03:30,883 - INFO - Episode 33/50 started - Strategy: CuriosityStrategy
2025-06-23 14:04:07,983 - INFO - 📍 Episode 33: MIN_STEPS + CHECKPOINTS | Reward: -2906.0 | Steps: 200
2025-06-23 14:04:07,983 - INFO - Episode 34/50 started - Strategy: CuriosityStrategy
2025-06-23 14:04:45,595 - INFO - 📍 Episode 34: MIN_STEPS + CHECKPOINTS | Reward: -2384.0 | Steps: 200
2025-06-23 14:04:45,595 - INFO - Episode 35/50 started - Strategy: CuriosityStrategy
2025-06-23 14:05:22,983 - INFO - 📍 Episode 35: MIN_STEPS + CHECKPOINTS | Reward: -2287.0 | Steps: 200
2025-06-23 14:05:22,984 - INFO - Episode 36/50 started - Strategy: CuriosityStrategy
2025-06-23 14:06:00,114 - INFO - 📍 Episode 36: MIN_STEPS + CHECKPOINTS | Reward: -2425.0 | Steps: 200
2025-06-23 14:06:00,115 - INFO - Episode 37/50 started - Strategy: CuriosityStrategy
2025-06-23 14:06:37,134 - INFO - 📍 Episode 37: MIN_STEPS + CHECKPOINTS | Reward: -2945.0 | Steps: 200
2025-06-23 14:06:37,134 - INFO - Episode 38/50 started - Strategy: CuriosityStrategy
2025-06-23 14:07:13,629 - INFO - 📍 Episode 38: MIN_STEPS + CHECKPOINTS | Reward: -2458.0 | Steps: 200
2025-06-23 14:07:13,630 - INFO - Episode 39/50 started - Strategy: CuriosityStrategy
2025-06-23 14:07:49,867 - INFO - 📍 Episode 39: MIN_STEPS + CHECKPOINTS | Reward: -3682.0 | Steps: 200
2025-06-23 14:07:49,867 - INFO - Episode 40/50 started - Strategy: CuriosityStrategy
2025-06-23 14:08:26,973 - INFO - 📍 Episode 40: MIN_STEPS + CHECKPOINTS | Reward: -2143.0 | Steps: 200
2025-06-23 14:08:26,975 - INFO - Episodes completed: 40
2025-06-23 14:08:26,975 - INFO - Average reward (last 50): -2549.92
2025-06-23 14:08:26,976 - INFO - Average steps (last 50): 199.8
2025-06-23 14:08:26,976 - INFO - Success rate (last 50): 4.0%
2025-06-23 14:08:26,976 - INFO - Min steps achieved (last 50): 50/50 (100.0%)
2025-06-23 14:08:26,976 - INFO - States explored: 66
2025-06-23 14:08:26,976 - INFO - Total checkpoints reached: 137
2025-06-23 14:08:26,976 - INFO - Unique checkpoints discovered: 4
2025-06-23 14:08:26,976 - INFO - Episodes with checkpoints: 40/40
2025-06-23 14:08:26,976 - INFO - Episodes reaching min_steps: 40/40
2025-06-23 14:08:26,976 - INFO - Checkpoint values found: [1, 2, 3, 4]
2025-06-23 14:08:26,976 - INFO - Episode 41/50 started - Strategy: CuriosityStrategy
2025-06-23 14:08:55,039 - INFO - 🏆 Episode 41: GOAL REACHED | Reward: 968.5 | Steps: 143
2025-06-23 14:08:55,040 - INFO - Episode 42/50 started - Strategy: CuriosityStrategy
2025-06-23 14:09:34,726 - INFO - 📍 Episode 42: MIN_STEPS + CHECKPOINTS | Reward: -2107.0 | Steps: 200
2025-06-23 14:09:34,727 - INFO - Episode 43/50 started - Strategy: CuriosityStrategy
2025-06-23 14:10:13,653 - INFO - 📍 Episode 43: MIN_STEPS + CHECKPOINTS | Reward: -3775.0 | Steps: 200
2025-06-23 14:10:13,653 - INFO - Episode 44/50 started - Strategy: CuriosityStrategy
2025-06-23 14:10:52,391 - INFO - 📍 Episode 44: MIN_STEPS + CHECKPOINTS | Reward: -2374.0 | Steps: 200
2025-06-23 14:10:52,391 - INFO - Episode 45/50 started - Strategy: CuriosityStrategy
2025-06-23 14:11:31,918 - INFO - 📍 Episode 45: MIN_STEPS + CHECKPOINTS | Reward: -3158.0 | Steps: 200
2025-06-23 14:11:31,919 - INFO - Episode 46/50 started - Strategy: CuriosityStrategy
2025-06-23 14:12:11,572 - INFO - 📍 Episode 46: MIN_STEPS + CHECKPOINTS | Reward: -1907.0 | Steps: 200
2025-06-23 14:12:11,572 - INFO - Episode 47/50 started - Strategy: CuriosityStrategy
2025-06-23 14:12:50,924 - INFO - 📍 Episode 47: MIN_STEPS + CHECKPOINTS | Reward: -1918.0 | Steps: 200
2025-06-23 14:12:50,924 - INFO - Episode 48/50 started - Strategy: CuriosityStrategy
2025-06-23 14:13:28,745 - INFO - 📍 Episode 48: MIN_STEPS + CHECKPOINTS | Reward: -1855.0 | Steps: 200
2025-06-23 14:13:28,746 - INFO - Episode 49/50 started - Strategy: CuriosityStrategy
2025-06-23 14:13:58,804 - INFO - 🏆 Episode 49: GOAL REACHED | Reward: 411.0 | Steps: 164
2025-06-23 14:13:58,805 - INFO - Episode 50/50 started - Strategy: CuriosityStrategy
2025-06-23 14:14:35,689 - INFO - 📍 Episode 50: MIN_STEPS + CHECKPOINTS | Reward: -3541.0 | Steps: 200
2025-06-23 14:14:35,691 - INFO - Episodes completed: 50
2025-06-23 14:14:35,692 - INFO - Average reward (last 50): -2411.51
2025-06-23 14:14:35,692 - INFO - Average steps (last 50): 197.9
2025-06-23 14:14:35,692 - INFO - Success rate (last 50): 8.0%
2025-06-23 14:14:35,692 - INFO - Min steps achieved (last 50): 50/50 (100.0%)
2025-06-23 14:14:35,692 - INFO - States explored: 66
2025-06-23 14:14:35,693 - INFO - Total checkpoints reached: 172
2025-06-23 14:14:35,693 - INFO - Unique checkpoints discovered: 4
2025-06-23 14:14:35,693 - INFO - Episodes with checkpoints: 50/50
2025-06-23 14:14:35,693 - INFO - Episodes reaching min_steps: 50/50
2025-06-23 14:14:35,693 - INFO - Checkpoint values found: [1, 2, 3, 4]
2025-06-23 14:14:35,695 - INFO - ✅ Training completed!
2025-06-23 14:14:35,695 - INFO - === FINAL TRAINING STATISTICS ===
2025-06-23 14:14:35,695 - INFO -   total_episodes: 1250
2025-06-23 14:14:35,695 - INFO -   states_explored: 66
2025-06-23 14:14:35,696 - INFO -   avg_reward: -3287.166
2025-06-23 14:14:35,696 - INFO -   max_reward: 968.5
2025-06-23 14:14:35,696 - INFO -   success_rate: 0.012
2025-06-23 14:14:35,696 - INFO -   strategy_info: {'base_epsilon': 0.65, 'novelty_bonus': 5.0, 'states_discovered': 66}
2025-06-23 14:14:35,696 - INFO - === FINAL CHECKPOINT ANALYSIS ===
2025-06-23 14:14:35,696 - INFO -   Checkpoint discovery rate: 0.003 unique/episode
2025-06-23 14:14:35,696 - INFO -   Checkpoint frequency: 0.138 checkpoints/episode
2025-06-23 14:14:35,696 - INFO -   Min steps achievement rate: 4.0%
2025-06-23 14:14:35,696 - INFO -   Best checkpoint reached: 4
2025-06-23 14:14:35,696 - INFO -   Maze progress: 80.0% (checkpoints discovered)
2025-06-23 14:14:35,696 - INFO - DDS stopped.
