2025-06-24 01:36:29,999 - INFO - Strategy initialized: CuriosityStrategy
2025-06-24 01:36:29,999 - INFO - Strategy info: {'base_epsilon': 0.5, 'novelty_bonus': 5.0, 'states_discovered': 0}
2025-06-24 01:36:29,999 - INFO - CLI mode selected: continue
2025-06-24 01:36:29,999 - INFO - Continuing training for 250 additional episodes.
2025-06-24 01:36:29,999 - INFO - ================================================================================
2025-06-24 01:36:29,999 - INFO - 🚀 STARTING TRAINING SESSION
2025-06-24 01:36:29,999 - INFO - ================================================================================
2025-06-24 01:36:29,999 - INFO - Episodes: 250
2025-06-24 01:36:29,999 - INFO - Strategy: curiosity
2025-06-24 01:36:29,999 - INFO - Min steps per episode: 100
2025-06-24 01:36:30,000 - INFO - Max steps per episode: 200
2025-06-24 01:36:30,000 - INFO - Model path: models/q_agent.pkl
2025-06-24 01:36:30,000 - INFO - ================================================================================
2025-06-24 01:36:30,004 - INFO - 🔗 Connected to Godot simulation!
2025-06-24 01:36:30,004 - INFO - Episode 1/250 started - Strategy: CuriosityStrategy
2025-06-24 01:37:09,129 - INFO - 📍 Episode 1: MIN_STEPS + CHECKPOINTS | Reward: -3218.0 | Steps: 200
2025-06-24 01:37:09,131 - INFO - Episode 2/250 started - Strategy: CuriosityStrategy
2025-06-24 01:37:47,801 - INFO - 📍 Episode 2: MIN_STEPS + CHECKPOINTS | Reward: -2461.0 | Steps: 200
2025-06-24 01:37:47,801 - INFO - Episode 3/250 started - Strategy: CuriosityStrategy
2025-06-24 01:38:26,350 - INFO - 📍 Episode 3: MIN_STEPS + CHECKPOINTS | Reward: -3084.0 | Steps: 200
2025-06-24 01:38:26,351 - INFO - Episode 4/250 started - Strategy: CuriosityStrategy
2025-06-24 01:39:06,730 - INFO - 📍 Episode 4: MIN_STEPS + CHECKPOINTS | Reward: -1660.0 | Steps: 200
2025-06-24 01:39:06,730 - INFO - Episode 5/250 started - Strategy: CuriosityStrategy
2025-06-24 01:39:44,882 - INFO - 📍 Episode 5: MIN_STEPS + CHECKPOINTS | Reward: -4015.0 | Steps: 200
2025-06-24 01:39:44,883 - INFO - Episode 6/250 started - Strategy: CuriosityStrategy
2025-06-24 01:40:24,156 - INFO - 📍 Episode 6: MIN_STEPS + CHECKPOINTS | Reward: -2320.0 | Steps: 200
2025-06-24 01:40:24,157 - INFO - Episode 7/250 started - Strategy: CuriosityStrategy
2025-06-24 01:41:02,267 - INFO - 📍 Episode 7: MIN_STEPS + CHECKPOINTS | Reward: -3335.0 | Steps: 200
2025-06-24 01:41:02,268 - INFO - Episode 8/250 started - Strategy: CuriosityStrategy
2025-06-24 01:41:41,741 - INFO - 📍 Episode 8: MIN_STEPS + CHECKPOINTS | Reward: -2735.0 | Steps: 200
2025-06-24 01:41:41,743 - INFO - Episode 9/250 started - Strategy: CuriosityStrategy
2025-06-24 01:42:20,538 - INFO - 📍 Episode 9: MIN_STEPS + CHECKPOINTS | Reward: -2689.0 | Steps: 200
2025-06-24 01:42:20,538 - INFO - Episode 10/250 started - Strategy: CuriosityStrategy
2025-06-24 01:42:59,176 - INFO - 📍 Episode 10: MIN_STEPS + CHECKPOINTS | Reward: -3715.0 | Steps: 200
2025-06-24 01:42:59,178 - INFO - Episodes completed: 10
2025-06-24 01:42:59,179 - INFO - Average reward (last 50): -2848.56
2025-06-24 01:42:59,179 - INFO - Average steps (last 50): 199.7
2025-06-24 01:42:59,179 - INFO - Success rate (last 50): 4.0%
2025-06-24 01:42:59,179 - INFO - Min steps achieved (last 50): 50/50 (100.0%)
2025-06-24 01:42:59,179 - INFO - States explored: 78
2025-06-24 01:42:59,179 - INFO - Total checkpoints reached: 32
2025-06-24 01:42:59,179 - INFO - Unique checkpoints discovered: 4
2025-06-24 01:42:59,179 - INFO - Episodes with checkpoints: 10/10
2025-06-24 01:42:59,179 - INFO - Episodes reaching min_steps: 10/10
2025-06-24 01:42:59,179 - INFO - Checkpoint values found: [1, 2, 3, 4]
2025-06-24 01:42:59,179 - INFO - Episode 11/250 started - Strategy: CuriosityStrategy
2025-06-24 01:43:38,429 - INFO - 📍 Episode 11: MIN_STEPS + CHECKPOINTS | Reward: -1705.0 | Steps: 200
2025-06-24 01:43:38,431 - INFO - Episode 12/250 started - Strategy: CuriosityStrategy
2025-06-24 01:44:18,373 - INFO - 📍 Episode 12: MIN_STEPS + CHECKPOINTS | Reward: -1726.0 | Steps: 200
2025-06-24 01:44:18,373 - INFO - Episode 13/250 started - Strategy: CuriosityStrategy
2025-06-24 01:44:56,991 - INFO - 📍 Episode 13: MIN_STEPS + CHECKPOINTS | Reward: -3670.0 | Steps: 200
2025-06-24 01:44:56,991 - INFO - Episode 14/250 started - Strategy: CuriosityStrategy
2025-06-24 01:45:34,342 - INFO - 📍 Episode 14: MIN_STEPS + CHECKPOINTS | Reward: -3946.0 | Steps: 200
2025-06-24 01:45:34,342 - INFO - Episode 15/250 started - Strategy: CuriosityStrategy
2025-06-24 01:46:13,746 - INFO - 📍 Episode 15: MIN_STEPS + CHECKPOINTS | Reward: -3083.0 | Steps: 200
2025-06-24 01:46:13,747 - INFO - Episode 16/250 started - Strategy: CuriosityStrategy
2025-06-24 01:46:52,494 - INFO - 📍 Episode 16: MIN_STEPS + CHECKPOINTS | Reward: -3544.0 | Steps: 200
2025-06-24 01:46:52,495 - INFO - Episode 17/250 started - Strategy: CuriosityStrategy
2025-06-24 01:47:31,461 - INFO - 📍 Episode 17: MIN_STEPS + CHECKPOINTS | Reward: -3063.0 | Steps: 200
2025-06-24 01:47:31,461 - INFO - Episode 18/250 started - Strategy: CuriosityStrategy
2025-06-24 01:48:10,346 - INFO - 📍 Episode 18: MIN_STEPS + CHECKPOINTS | Reward: -3251.0 | Steps: 200
2025-06-24 01:48:10,347 - INFO - Episode 19/250 started - Strategy: CuriosityStrategy
2025-06-24 01:48:48,135 - INFO - 📍 Episode 19: MIN_STEPS + CHECKPOINTS | Reward: -3802.0 | Steps: 200
2025-06-24 01:48:48,135 - INFO - Episode 20/250 started - Strategy: CuriosityStrategy
2025-06-24 01:49:25,832 - INFO - 📍 Episode 20: MIN_STEPS + CHECKPOINTS | Reward: -3922.0 | Steps: 200
2025-06-24 01:49:25,835 - INFO - Episodes completed: 20
2025-06-24 01:49:25,836 - INFO - Average reward (last 50): -2982.41
2025-06-24 01:49:25,836 - INFO - Average steps (last 50): 199.9
2025-06-24 01:49:25,836 - INFO - Success rate (last 50): 2.0%
2025-06-24 01:49:25,836 - INFO - Min steps achieved (last 50): 50/50 (100.0%)
2025-06-24 01:49:25,836 - INFO - States explored: 78
2025-06-24 01:49:25,836 - INFO - Total checkpoints reached: 59
2025-06-24 01:49:25,836 - INFO - Unique checkpoints discovered: 4
2025-06-24 01:49:25,836 - INFO - Episodes with checkpoints: 20/20
2025-06-24 01:49:25,836 - INFO - Episodes reaching min_steps: 20/20
2025-06-24 01:49:25,836 - INFO - Checkpoint values found: [1, 2, 3, 4]
2025-06-24 01:49:25,836 - INFO - Episode 21/250 started - Strategy: CuriosityStrategy
2025-06-24 01:50:05,068 - INFO - 📍 Episode 21: MIN_STEPS + CHECKPOINTS | Reward: -3793.0 | Steps: 200
2025-06-24 01:50:05,068 - INFO - Episode 22/250 started - Strategy: CuriosityStrategy
2025-06-24 01:50:43,659 - INFO - 📍 Episode 22: MIN_STEPS + CHECKPOINTS | Reward: -3832.0 | Steps: 200
2025-06-24 01:50:43,659 - INFO - Episode 23/250 started - Strategy: CuriosityStrategy
2025-06-24 01:51:22,404 - INFO - 📍 Episode 23: MIN_STEPS + CHECKPOINTS | Reward: -3014.0 | Steps: 200
2025-06-24 01:51:22,405 - INFO - Episode 24/250 started - Strategy: CuriosityStrategy
2025-06-24 01:51:59,675 - INFO - 📍 Episode 24: MIN_STEPS + CHECKPOINTS | Reward: -3769.0 | Steps: 200
2025-06-24 01:51:59,675 - INFO - Episode 25/250 started - Strategy: CuriosityStrategy
2025-06-24 01:52:39,011 - INFO - 📍 Episode 25: MIN_STEPS + CHECKPOINTS | Reward: -3107.0 | Steps: 200
2025-06-24 01:52:39,011 - INFO - Episode 26/250 started - Strategy: CuriosityStrategy
2025-06-24 01:53:17,842 - INFO - 📍 Episode 26: MIN_STEPS + CHECKPOINTS | Reward: -3089.0 | Steps: 200
2025-06-24 01:53:17,843 - INFO - Episode 27/250 started - Strategy: CuriosityStrategy
2025-06-24 01:53:56,933 - INFO - 📍 Episode 27: MIN_STEPS + CHECKPOINTS | Reward: -3179.0 | Steps: 200
2025-06-24 01:53:56,934 - INFO - Episode 28/250 started - Strategy: CuriosityStrategy
2025-06-24 01:54:36,130 - INFO - 📍 Episode 28: MIN_STEPS + CHECKPOINTS | Reward: -3275.0 | Steps: 200
2025-06-24 01:54:36,131 - INFO - Episode 29/250 started - Strategy: CuriosityStrategy
2025-06-24 01:55:14,685 - INFO - 📍 Episode 29: MIN_STEPS + CHECKPOINTS | Reward: -3245.0 | Steps: 200
2025-06-24 01:55:14,686 - INFO - Episode 30/250 started - Strategy: CuriosityStrategy
2025-06-24 01:55:53,716 - INFO - 📍 Episode 30: MIN_STEPS + CHECKPOINTS | Reward: -3275.0 | Steps: 200
2025-06-24 01:55:53,719 - INFO - Episodes completed: 30
2025-06-24 01:55:53,719 - INFO - Average reward (last 50): -3107.68
2025-06-24 01:55:53,719 - INFO - Average steps (last 50): 200.0
2025-06-24 01:55:53,719 - INFO - Success rate (last 50): 0.0%
2025-06-24 01:55:53,719 - INFO - Min steps achieved (last 50): 50/50 (100.0%)
2025-06-24 01:55:53,719 - INFO - States explored: 78
2025-06-24 01:55:53,719 - INFO - Total checkpoints reached: 86
2025-06-24 01:55:53,719 - INFO - Unique checkpoints discovered: 4
2025-06-24 01:55:53,719 - INFO - Episodes with checkpoints: 30/30
2025-06-24 01:55:53,719 - INFO - Episodes reaching min_steps: 30/30
2025-06-24 01:55:53,720 - INFO - Checkpoint values found: [1, 2, 3, 4]
2025-06-24 01:55:53,720 - INFO - Episode 31/250 started - Strategy: CuriosityStrategy
2025-06-24 01:56:32,870 - INFO - 📍 Episode 31: MIN_STEPS + CHECKPOINTS | Reward: -3233.0 | Steps: 200
2025-06-24 01:56:32,871 - INFO - Episode 32/250 started - Strategy: CuriosityStrategy
2025-06-24 01:57:10,491 - INFO - 📍 Episode 32: MIN_STEPS + CHECKPOINTS | Reward: -3604.0 | Steps: 200
2025-06-24 01:57:10,492 - INFO - Episode 33/250 started - Strategy: CuriosityStrategy
2025-06-24 01:57:48,822 - INFO - 📍 Episode 33: MIN_STEPS + CHECKPOINTS | Reward: -3850.0 | Steps: 200
2025-06-24 01:57:48,822 - INFO - Episode 34/250 started - Strategy: CuriosityStrategy
2025-06-24 01:58:27,724 - INFO - 📍 Episode 34: MIN_STEPS + CHECKPOINTS | Reward: -3925.0 | Steps: 200
2025-06-24 01:58:27,724 - INFO - Episode 35/250 started - Strategy: CuriosityStrategy
2025-06-24 01:59:06,530 - INFO - 📍 Episode 35: MIN_STEPS + CHECKPOINTS | Reward: -4143.0 | Steps: 200
2025-06-24 01:59:06,532 - INFO - Episode 36/250 started - Strategy: CuriosityStrategy
2025-06-24 01:59:45,414 - INFO - 📍 Episode 36: MIN_STEPS + CHECKPOINTS | Reward: -4317.0 | Steps: 200
2025-06-24 01:59:45,414 - INFO - Episode 37/250 started - Strategy: CuriosityStrategy
2025-06-24 02:00:24,680 - INFO - 📍 Episode 37: MIN_STEPS + CHECKPOINTS | Reward: -3116.0 | Steps: 200
2025-06-24 02:00:24,681 - INFO - Episode 38/250 started - Strategy: CuriosityStrategy
2025-06-24 02:01:03,504 - INFO - 📍 Episode 38: MIN_STEPS + CHECKPOINTS | Reward: -2747.0 | Steps: 200
2025-06-24 02:01:03,504 - INFO - Episode 39/250 started - Strategy: CuriosityStrategy
2025-06-24 02:01:42,280 - INFO - 📍 Episode 39: MIN_STEPS + CHECKPOINTS | Reward: -2843.0 | Steps: 200
2025-06-24 02:01:42,282 - INFO - Episode 40/250 started - Strategy: CuriosityStrategy
2025-06-24 02:02:20,988 - INFO - 📍 Episode 40: MIN_STEPS + CHECKPOINTS | Reward: -3083.0 | Steps: 200
2025-06-24 02:02:20,990 - INFO - Episodes completed: 40
2025-06-24 02:02:20,990 - INFO - Average reward (last 50): -3222.42
2025-06-24 02:02:20,990 - INFO - Average steps (last 50): 200.0
2025-06-24 02:02:20,990 - INFO - Success rate (last 50): 0.0%
2025-06-24 02:02:20,990 - INFO - Min steps achieved (last 50): 50/50 (100.0%)
2025-06-24 02:02:20,991 - INFO - States explored: 78
2025-06-24 02:02:20,991 - INFO - Total checkpoints reached: 109
2025-06-24 02:02:20,991 - INFO - Unique checkpoints discovered: 4
2025-06-24 02:02:20,991 - INFO - Episodes with checkpoints: 40/40
2025-06-24 02:02:20,991 - INFO - Episodes reaching min_steps: 40/40
2025-06-24 02:02:20,991 - INFO - Checkpoint values found: [1, 2, 3, 4]
2025-06-24 02:02:20,991 - INFO - Episode 41/250 started - Strategy: CuriosityStrategy
2025-06-24 02:02:59,843 - INFO - 📍 Episode 41: MIN_STEPS + CHECKPOINTS | Reward: -2395.0 | Steps: 200
2025-06-24 02:02:59,843 - INFO - Episode 42/250 started - Strategy: CuriosityStrategy
2025-06-24 02:03:38,900 - INFO - 📍 Episode 42: MIN_STEPS + CHECKPOINTS | Reward: -3051.0 | Steps: 200
2025-06-24 02:03:38,901 - INFO - Episode 43/250 started - Strategy: CuriosityStrategy
2025-06-24 02:04:17,295 - INFO - 📍 Episode 43: MIN_STEPS + CHECKPOINTS | Reward: -3326.0 | Steps: 200
2025-06-24 02:04:17,296 - INFO - Episode 44/250 started - Strategy: CuriosityStrategy
2025-06-24 02:04:55,375 - INFO - 📍 Episode 44: MIN_STEPS + CHECKPOINTS | Reward: -3622.0 | Steps: 200
2025-06-24 02:04:55,376 - INFO - Episode 45/250 started - Strategy: CuriosityStrategy
2025-06-24 02:05:33,445 - INFO - 📍 Episode 45: MIN_STEPS + CHECKPOINTS | Reward: -3550.0 | Steps: 200
2025-06-24 02:05:33,446 - INFO - Episode 46/250 started - Strategy: CuriosityStrategy
2025-06-24 02:06:11,583 - INFO - 📍 Episode 46: MIN_STEPS + CHECKPOINTS | Reward: -3493.0 | Steps: 200
2025-06-24 02:06:11,584 - INFO - Episode 47/250 started - Strategy: CuriosityStrategy
2025-06-24 02:06:50,191 - INFO - 📍 Episode 47: MIN_STEPS + CHECKPOINTS | Reward: -3230.0 | Steps: 200
2025-06-24 02:06:50,192 - INFO - Episode 48/250 started - Strategy: CuriosityStrategy
2025-06-24 02:07:29,098 - INFO - 📍 Episode 48: MIN_STEPS + CHECKPOINTS | Reward: -3161.0 | Steps: 200
2025-06-24 02:07:29,099 - INFO - Episode 49/250 started - Strategy: CuriosityStrategy
2025-06-24 02:08:08,030 - INFO - 📍 Episode 49: MIN_STEPS + CHECKPOINTS | Reward: -2774.0 | Steps: 200
2025-06-24 02:08:08,030 - INFO - Episode 50/250 started - Strategy: CuriosityStrategy
2025-06-24 02:08:46,662 - INFO - 📍 Episode 50: MIN_STEPS + CHECKPOINTS | Reward: -3952.0 | Steps: 200
2025-06-24 02:08:46,665 - INFO - Episodes completed: 50
2025-06-24 02:08:46,665 - INFO - Average reward (last 50): -3238.74
2025-06-24 02:08:46,665 - INFO - Average steps (last 50): 200.0
2025-06-24 02:08:46,665 - INFO - Success rate (last 50): 0.0%
2025-06-24 02:08:46,665 - INFO - Min steps achieved (last 50): 50/50 (100.0%)
2025-06-24 02:08:46,665 - INFO - States explored: 78
2025-06-24 02:08:46,665 - INFO - Total checkpoints reached: 136
2025-06-24 02:08:46,666 - INFO - Unique checkpoints discovered: 4
2025-06-24 02:08:46,666 - INFO - Episodes with checkpoints: 50/50
2025-06-24 02:08:46,666 - INFO - Episodes reaching min_steps: 50/50
2025-06-24 02:08:46,666 - INFO - Checkpoint values found: [1, 2, 3, 4]
2025-06-24 02:08:46,666 - INFO - Episode 51/250 started - Strategy: CuriosityStrategy
2025-06-24 02:09:25,669 - INFO - 📍 Episode 51: MIN_STEPS + CHECKPOINTS | Reward: -4000.0 | Steps: 200
2025-06-24 02:09:25,670 - INFO - Episode 52/250 started - Strategy: CuriosityStrategy
2025-06-24 02:10:04,590 - INFO - 📍 Episode 52: MIN_STEPS + CHECKPOINTS | Reward: -4099.0 | Steps: 200
2025-06-24 02:10:04,591 - INFO - Episode 53/250 started - Strategy: CuriosityStrategy
2025-06-24 02:10:43,336 - INFO - 📍 Episode 53: MIN_STEPS + CHECKPOINTS | Reward: -2852.0 | Steps: 200
2025-06-24 02:10:43,337 - INFO - Episode 54/250 started - Strategy: CuriosityStrategy
2025-06-24 02:11:21,445 - INFO - 📍 Episode 54: MIN_STEPS + CHECKPOINTS | Reward: -3589.0 | Steps: 200
2025-06-24 02:11:21,445 - INFO - Episode 55/250 started - Strategy: CuriosityStrategy
2025-06-24 02:11:59,920 - INFO - 📍 Episode 55: MIN_STEPS + CHECKPOINTS | Reward: -3164.0 | Steps: 200
2025-06-24 02:11:59,921 - INFO - Episode 56/250 started - Strategy: CuriosityStrategy
2025-06-24 02:12:38,478 - INFO - 📍 Episode 56: MIN_STEPS + CHECKPOINTS | Reward: -3329.0 | Steps: 200
2025-06-24 02:12:38,479 - INFO - Episode 57/250 started - Strategy: CuriosityStrategy
2025-06-24 02:13:16,516 - INFO - 📍 Episode 57: MIN_STEPS + CHECKPOINTS | Reward: -3703.0 | Steps: 200
2025-06-24 02:13:16,516 - INFO - Episode 58/250 started - Strategy: CuriosityStrategy
2025-06-24 02:13:55,293 - INFO - 📍 Episode 58: MIN_STEPS + CHECKPOINTS | Reward: -3194.0 | Steps: 200
2025-06-24 02:13:55,294 - INFO - Episode 59/250 started - Strategy: CuriosityStrategy
2025-06-24 02:14:34,020 - INFO - 📍 Episode 59: MIN_STEPS + CHECKPOINTS | Reward: -3589.0 | Steps: 200
2025-06-24 02:14:34,020 - INFO - Episode 60/250 started - Strategy: CuriosityStrategy
2025-06-24 02:15:12,851 - INFO - 📍 Episode 60: MIN_STEPS + CHECKPOINTS | Reward: -3173.0 | Steps: 200
2025-06-24 02:15:12,855 - INFO - Episodes completed: 60
2025-06-24 02:15:12,856 - INFO - Average reward (last 50): -3347.94
2025-06-24 02:15:12,856 - INFO - Average steps (last 50): 200.0
2025-06-24 02:15:12,856 - INFO - Success rate (last 50): 0.0%
2025-06-24 02:15:12,856 - INFO - Min steps achieved (last 50): 50/50 (100.0%)
2025-06-24 02:15:12,856 - INFO - States explored: 78
2025-06-24 02:15:12,856 - INFO - Total checkpoints reached: 160
2025-06-24 02:15:12,856 - INFO - Unique checkpoints discovered: 4
2025-06-24 02:15:12,856 - INFO - Episodes with checkpoints: 60/60
2025-06-24 02:15:12,856 - INFO - Episodes reaching min_steps: 60/60
2025-06-24 02:15:12,856 - INFO - Checkpoint values found: [1, 2, 3, 4]
2025-06-24 02:15:12,856 - INFO - Episode 61/250 started - Strategy: CuriosityStrategy
2025-06-24 02:15:51,338 - INFO - 📍 Episode 61: MIN_STEPS + CHECKPOINTS | Reward: -3018.0 | Steps: 200
2025-06-24 02:15:51,338 - INFO - Episode 62/250 started - Strategy: CuriosityStrategy
2025-06-24 02:16:29,805 - INFO - 📍 Episode 62: MIN_STEPS + CHECKPOINTS | Reward: -3700.0 | Steps: 200
2025-06-24 02:16:29,806 - INFO - Episode 63/250 started - Strategy: CuriosityStrategy
2025-06-24 02:17:08,451 - INFO - 📍 Episode 63: MIN_STEPS + CHECKPOINTS | Reward: -3541.0 | Steps: 200
2025-06-24 02:17:08,451 - INFO - Episode 64/250 started - Strategy: CuriosityStrategy
2025-06-24 02:17:46,683 - INFO - 📍 Episode 64: MIN_STEPS + CHECKPOINTS | Reward: -3721.0 | Steps: 200
2025-06-24 02:17:46,684 - INFO - Episode 65/250 started - Strategy: CuriosityStrategy
2025-06-24 02:18:24,769 - INFO - 📍 Episode 65: MIN_STEPS + CHECKPOINTS | Reward: -3652.0 | Steps: 200
2025-06-24 02:18:24,771 - INFO - Episode 66/250 started - Strategy: CuriosityStrategy
2025-06-24 02:19:02,948 - INFO - 📍 Episode 66: MIN_STEPS + CHECKPOINTS | Reward: -3385.0 | Steps: 200
2025-06-24 02:19:02,949 - INFO - Episode 67/250 started - Strategy: CuriosityStrategy
2025-06-24 02:19:41,493 - INFO - 📍 Episode 67: MIN_STEPS + CHECKPOINTS | Reward: -3382.0 | Steps: 200
2025-06-24 02:19:41,494 - INFO - Episode 68/250 started - Strategy: CuriosityStrategy
2025-06-24 02:20:19,792 - INFO - 📍 Episode 68: MIN_STEPS + CHECKPOINTS | Reward: -2867.0 | Steps: 200
2025-06-24 02:20:19,793 - INFO - Episode 69/250 started - Strategy: CuriosityStrategy
2025-06-24 02:20:59,008 - INFO - 📍 Episode 69: MIN_STEPS + CHECKPOINTS | Reward: -3235.0 | Steps: 200
2025-06-24 02:20:59,010 - INFO - Episode 70/250 started - Strategy: CuriosityStrategy
2025-06-24 02:21:37,327 - INFO - 📍 Episode 70: MIN_STEPS + CHECKPOINTS | Reward: -3544.0 | Steps: 200
2025-06-24 02:21:37,330 - INFO - Episodes completed: 70
2025-06-24 02:21:37,330 - INFO - Average reward (last 50): -3394.60
2025-06-24 02:21:37,330 - INFO - Average steps (last 50): 200.0
2025-06-24 02:21:37,330 - INFO - Success rate (last 50): 0.0%
2025-06-24 02:21:37,330 - INFO - Min steps achieved (last 50): 50/50 (100.0%)
2025-06-24 02:21:37,330 - INFO - States explored: 78
2025-06-24 02:21:37,330 - INFO - Total checkpoints reached: 182
2025-06-24 02:21:37,330 - INFO - Unique checkpoints discovered: 4
2025-06-24 02:21:37,330 - INFO - Episodes with checkpoints: 70/70
2025-06-24 02:21:37,330 - INFO - Episodes reaching min_steps: 70/70
2025-06-24 02:21:37,330 - INFO - Checkpoint values found: [1, 2, 3, 4]
2025-06-24 02:21:37,330 - INFO - Episode 71/250 started - Strategy: CuriosityStrategy
2025-06-24 02:22:15,902 - INFO - 📍 Episode 71: MIN_STEPS + CHECKPOINTS | Reward: -3122.0 | Steps: 200
2025-06-24 02:22:15,903 - INFO - Episode 72/250 started - Strategy: CuriosityStrategy
2025-06-24 02:22:54,747 - INFO - 📍 Episode 72: MIN_STEPS + CHECKPOINTS | Reward: -3445.0 | Steps: 200
2025-06-24 02:22:54,747 - INFO - Episode 73/250 started - Strategy: CuriosityStrategy
2025-06-24 02:23:32,783 - INFO - 📍 Episode 73: MIN_STEPS + CHECKPOINTS | Reward: -3317.0 | Steps: 200
2025-06-24 02:23:32,783 - INFO - Episode 74/250 started - Strategy: CuriosityStrategy
2025-06-24 02:24:11,140 - INFO - 📍 Episode 74: MIN_STEPS + CHECKPOINTS | Reward: -2918.0 | Steps: 200
2025-06-24 02:24:11,141 - INFO - Episode 75/250 started - Strategy: CuriosityStrategy
2025-06-24 02:24:49,829 - INFO - 📍 Episode 75: MIN_STEPS + CHECKPOINTS | Reward: -3098.0 | Steps: 200
2025-06-24 02:24:49,829 - INFO - Episode 76/250 started - Strategy: CuriosityStrategy
2025-06-24 02:25:28,828 - INFO - 📍 Episode 76: MIN_STEPS + CHECKPOINTS | Reward: -3601.0 | Steps: 200
2025-06-24 02:25:28,830 - INFO - Episode 77/250 started - Strategy: CuriosityStrategy
2025-06-24 02:26:06,182 - INFO - 📍 Episode 77: MIN_STEPS + CHECKPOINTS | Reward: -3224.0 | Steps: 200
2025-06-24 02:26:06,184 - INFO - Episode 78/250 started - Strategy: CuriosityStrategy
2025-06-24 02:26:44,795 - INFO - 📍 Episode 78: MIN_STEPS + CHECKPOINTS | Reward: -3892.0 | Steps: 200
2025-06-24 02:26:44,796 - INFO - Episode 79/250 started - Strategy: CuriosityStrategy
2025-06-24 02:27:23,536 - INFO - 📍 Episode 79: MIN_STEPS + CHECKPOINTS | Reward: -2984.0 | Steps: 200
2025-06-24 02:27:23,537 - INFO - Episode 80/250 started - Strategy: CuriosityStrategy
2025-06-24 02:28:03,038 - INFO - 📍 Episode 80: MIN_STEPS + CHECKPOINTS | Reward: -3388.0 | Steps: 200
2025-06-24 02:28:03,040 - INFO - Episodes completed: 80
2025-06-24 02:28:03,040 - INFO - Average reward (last 50): -3382.82
2025-06-24 02:28:03,040 - INFO - Average steps (last 50): 200.0
2025-06-24 02:28:03,040 - INFO - Success rate (last 50): 0.0%
2025-06-24 02:28:03,041 - INFO - Min steps achieved (last 50): 50/50 (100.0%)
2025-06-24 02:28:03,041 - INFO - States explored: 78
2025-06-24 02:28:03,041 - INFO - Total checkpoints reached: 208
2025-06-24 02:28:03,041 - INFO - Unique checkpoints discovered: 4
2025-06-24 02:28:03,041 - INFO - Episodes with checkpoints: 80/80
2025-06-24 02:28:03,041 - INFO - Episodes reaching min_steps: 80/80
2025-06-24 02:28:03,041 - INFO - Checkpoint values found: [1, 2, 3, 4]
2025-06-24 02:28:03,041 - INFO - Episode 81/250 started - Strategy: CuriosityStrategy
2025-06-24 02:28:41,289 - INFO - 📍 Episode 81: MIN_STEPS + CHECKPOINTS | Reward: -3628.0 | Steps: 200
2025-06-24 02:28:41,289 - INFO - Episode 82/250 started - Strategy: CuriosityStrategy
2025-06-24 02:29:20,605 - INFO - 📍 Episode 82: MIN_STEPS + CHECKPOINTS | Reward: -3080.0 | Steps: 200
2025-06-24 02:29:20,605 - INFO - Episode 83/250 started - Strategy: CuriosityStrategy
2025-06-24 02:29:58,780 - INFO - 📍 Episode 83: MIN_STEPS + CHECKPOINTS | Reward: -3787.0 | Steps: 200
2025-06-24 02:29:58,780 - INFO - Episode 84/250 started - Strategy: CuriosityStrategy
2025-06-24 02:30:37,265 - INFO - 📍 Episode 84: MIN_STEPS + CHECKPOINTS | Reward: -3167.0 | Steps: 200
2025-06-24 02:30:37,266 - INFO - Episode 85/250 started - Strategy: CuriosityStrategy
2025-06-24 02:31:15,925 - INFO - 📍 Episode 85: MIN_STEPS + CHECKPOINTS | Reward: -2780.0 | Steps: 200
2025-06-24 02:31:15,925 - INFO - Episode 86/250 started - Strategy: CuriosityStrategy
2025-06-24 02:31:53,838 - INFO - 📍 Episode 86: MIN_STEPS + CHECKPOINTS | Reward: -3781.0 | Steps: 200
2025-06-24 02:31:53,839 - INFO - Episode 87/250 started - Strategy: CuriosityStrategy
2025-06-24 02:32:32,162 - INFO - 📍 Episode 87: MIN_STEPS + CHECKPOINTS | Reward: -2981.0 | Steps: 200
2025-06-24 02:32:32,164 - INFO - Episode 88/250 started - Strategy: CuriosityStrategy
2025-06-24 02:33:11,367 - INFO - 📍 Episode 88: MIN_STEPS + CHECKPOINTS | Reward: -3587.0 | Steps: 200
2025-06-24 02:33:11,368 - INFO - Episode 89/250 started - Strategy: CuriosityStrategy
2025-06-24 02:33:50,283 - INFO - 📍 Episode 89: MIN_STEPS + CHECKPOINTS | Reward: -3464.0 | Steps: 200
2025-06-24 02:33:50,283 - INFO - Episode 90/250 started - Strategy: CuriosityStrategy
2025-06-24 02:34:28,278 - INFO - 📍 Episode 90: MIN_STEPS + CHECKPOINTS | Reward: -3812.0 | Steps: 200
2025-06-24 02:34:28,280 - INFO - Episodes completed: 90
2025-06-24 02:34:28,280 - INFO - Average reward (last 50): -3366.94
2025-06-24 02:34:28,281 - INFO - Average steps (last 50): 200.0
2025-06-24 02:34:28,281 - INFO - Success rate (last 50): 0.0%
2025-06-24 02:34:28,281 - INFO - Min steps achieved (last 50): 50/50 (100.0%)
2025-06-24 02:34:28,281 - INFO - States explored: 78
2025-06-24 02:34:28,281 - INFO - Total checkpoints reached: 233
2025-06-24 02:34:28,281 - INFO - Unique checkpoints discovered: 4
2025-06-24 02:34:28,281 - INFO - Episodes with checkpoints: 90/90
2025-06-24 02:34:28,281 - INFO - Episodes reaching min_steps: 90/90
2025-06-24 02:34:28,281 - INFO - Checkpoint values found: [1, 2, 3, 4]
2025-06-24 02:34:28,281 - INFO - Episode 91/250 started - Strategy: CuriosityStrategy
2025-06-24 02:35:07,284 - INFO - 📍 Episode 91: MIN_STEPS + CHECKPOINTS | Reward: -3862.0 | Steps: 200
2025-06-24 02:35:07,286 - INFO - Episode 92/250 started - Strategy: CuriosityStrategy
2025-06-24 02:35:46,217 - INFO - 📍 Episode 92: MIN_STEPS + CHECKPOINTS | Reward: -3559.0 | Steps: 200
2025-06-24 02:35:46,219 - INFO - Episode 93/250 started - Strategy: CuriosityStrategy
2025-06-24 02:36:24,895 - INFO - 📍 Episode 93: MIN_STEPS + CHECKPOINTS | Reward: -3679.0 | Steps: 200
2025-06-24 02:36:24,896 - INFO - Episode 94/250 started - Strategy: CuriosityStrategy
2025-06-24 02:37:03,848 - INFO - 📍 Episode 94: MIN_STEPS + CHECKPOINTS | Reward: -3209.0 | Steps: 200
2025-06-24 02:37:03,850 - INFO - Episode 95/250 started - Strategy: CuriosityStrategy
2025-06-24 02:37:42,155 - INFO - 📍 Episode 95: MIN_STEPS + CHECKPOINTS | Reward: -3865.0 | Steps: 200
2025-06-24 02:37:42,155 - INFO - Episode 96/250 started - Strategy: CuriosityStrategy
2025-06-24 02:38:20,996 - INFO - 📍 Episode 96: MIN_STEPS + CHECKPOINTS | Reward: -3832.0 | Steps: 200
2025-06-24 02:38:20,997 - INFO - Episode 97/250 started - Strategy: CuriosityStrategy
2025-06-24 02:38:59,735 - INFO - 📍 Episode 97: MIN_STEPS + CHECKPOINTS | Reward: -3102.0 | Steps: 200
2025-06-24 02:38:59,737 - INFO - Episode 98/250 started - Strategy: CuriosityStrategy
2025-06-24 02:39:38,109 - INFO - 📍 Episode 98: MIN_STEPS + CHECKPOINTS | Reward: -3883.0 | Steps: 200
2025-06-24 02:39:38,110 - INFO - Episode 99/250 started - Strategy: CuriosityStrategy
2025-06-24 02:40:16,846 - INFO - 📍 Episode 99: MIN_STEPS + CHECKPOINTS | Reward: -3153.0 | Steps: 200
2025-06-24 02:40:16,848 - INFO - Episode 100/250 started - Strategy: CuriosityStrategy
2025-06-24 02:40:56,402 - INFO - 📍 Episode 100: MIN_STEPS + CHECKPOINTS | Reward: -2880.0 | Steps: 200
2025-06-24 02:40:56,405 - INFO - Episodes completed: 100
2025-06-24 02:40:56,405 - INFO - Average reward (last 50): -3416.34
2025-06-24 02:40:56,405 - INFO - Average steps (last 50): 200.0
2025-06-24 02:40:56,405 - INFO - Success rate (last 50): 0.0%
2025-06-24 02:40:56,405 - INFO - Min steps achieved (last 50): 50/50 (100.0%)
2025-06-24 02:40:56,405 - INFO - States explored: 78
2025-06-24 02:40:56,405 - INFO - Total checkpoints reached: 257
2025-06-24 02:40:56,405 - INFO - Unique checkpoints discovered: 4
2025-06-24 02:40:56,405 - INFO - Episodes with checkpoints: 100/100
2025-06-24 02:40:56,405 - INFO - Episodes reaching min_steps: 100/100
2025-06-24 02:40:56,405 - INFO - Checkpoint values found: [1, 2, 3, 4]
2025-06-24 02:40:56,405 - INFO - Episode 101/250 started - Strategy: CuriosityStrategy
2025-06-24 02:41:34,297 - INFO - 📍 Episode 101: MIN_STEPS + CHECKPOINTS | Reward: -3907.0 | Steps: 200
2025-06-24 02:41:34,298 - INFO - Episode 102/250 started - Strategy: CuriosityStrategy
2025-06-24 02:42:12,844 - INFO - 📍 Episode 102: MIN_STEPS + CHECKPOINTS | Reward: -3589.0 | Steps: 200
2025-06-24 02:42:12,845 - INFO - Episode 103/250 started - Strategy: CuriosityStrategy
2025-06-24 02:42:50,715 - INFO - 📍 Episode 103: MIN_STEPS + CHECKPOINTS | Reward: -3682.0 | Steps: 200
2025-06-24 02:42:50,715 - INFO - Episode 104/250 started - Strategy: CuriosityStrategy
2025-06-24 02:43:29,961 - INFO - 📍 Episode 104: MIN_STEPS + CHECKPOINTS | Reward: -3601.0 | Steps: 200
2025-06-24 02:43:29,962 - INFO - Episode 105/250 started - Strategy: CuriosityStrategy
2025-06-24 02:44:09,090 - INFO - 📍 Episode 105: MIN_STEPS + CHECKPOINTS | Reward: -3104.0 | Steps: 200
2025-06-24 02:44:09,090 - INFO - Episode 106/250 started - Strategy: CuriosityStrategy
2025-06-24 02:44:47,933 - INFO - 📍 Episode 106: MIN_STEPS + CHECKPOINTS | Reward: -4290.0 | Steps: 200
2025-06-24 02:44:47,934 - INFO - Episode 107/250 started - Strategy: CuriosityStrategy
2025-06-24 02:45:26,548 - INFO - 📍 Episode 107: MIN_STEPS + CHECKPOINTS | Reward: -3799.0 | Steps: 200
2025-06-24 02:45:26,550 - INFO - Episode 108/250 started - Strategy: CuriosityStrategy
2025-06-24 02:46:05,338 - INFO - 📍 Episode 108: MIN_STEPS + CHECKPOINTS | Reward: -4012.0 | Steps: 200
2025-06-24 02:46:05,338 - INFO - Episode 109/250 started - Strategy: CuriosityStrategy
2025-06-24 02:46:43,828 - INFO - 📍 Episode 109: MIN_STEPS + CHECKPOINTS | Reward: -4051.0 | Steps: 200
2025-06-24 02:46:43,828 - INFO - Episode 110/250 started - Strategy: CuriosityStrategy
2025-06-24 02:47:21,259 - INFO - 📍 Episode 110: MIN_STEPS + CHECKPOINTS | Reward: -3778.0 | Steps: 200
2025-06-24 02:47:21,261 - INFO - Episodes completed: 110
2025-06-24 02:47:21,261 - INFO - Average reward (last 50): -3478.76
2025-06-24 02:47:21,261 - INFO - Average steps (last 50): 200.0
2025-06-24 02:47:21,262 - INFO - Success rate (last 50): 0.0%
2025-06-24 02:47:21,262 - INFO - Min steps achieved (last 50): 50/50 (100.0%)
2025-06-24 02:47:21,262 - INFO - States explored: 78
2025-06-24 02:47:21,262 - INFO - Total checkpoints reached: 277
2025-06-24 02:47:21,262 - INFO - Unique checkpoints discovered: 4
2025-06-24 02:47:21,262 - INFO - Episodes with checkpoints: 110/110
2025-06-24 02:47:21,262 - INFO - Episodes reaching min_steps: 110/110
2025-06-24 02:47:21,262 - INFO - Checkpoint values found: [1, 2, 3, 4]
2025-06-24 02:47:21,262 - INFO - Episode 111/250 started - Strategy: CuriosityStrategy
2025-06-24 02:48:00,343 - INFO - 📍 Episode 111: MIN_STEPS + CHECKPOINTS | Reward: -3697.0 | Steps: 200
2025-06-24 02:48:00,345 - INFO - Episode 112/250 started - Strategy: CuriosityStrategy
2025-06-24 02:48:39,361 - INFO - 📍 Episode 112: MIN_STEPS + CHECKPOINTS | Reward: -2882.0 | Steps: 200
2025-06-24 02:48:39,361 - INFO - Episode 113/250 started - Strategy: CuriosityStrategy
2025-06-24 02:49:17,832 - INFO - 📍 Episode 113: MIN_STEPS + CHECKPOINTS | Reward: -2978.0 | Steps: 200
2025-06-24 02:49:17,832 - INFO - Episode 114/250 started - Strategy: CuriosityStrategy
2025-06-24 02:49:56,694 - INFO - 📍 Episode 114: MIN_STEPS + CHECKPOINTS | Reward: -2451.0 | Steps: 200
2025-06-24 02:49:56,696 - INFO - Episode 115/250 started - Strategy: CuriosityStrategy
2025-06-24 02:50:35,551 - INFO - 📍 Episode 115: MIN_STEPS + CHECKPOINTS | Reward: -3751.0 | Steps: 200
2025-06-24 02:50:35,552 - INFO - Episode 116/250 started - Strategy: CuriosityStrategy
2025-06-24 02:51:14,016 - INFO - 📍 Episode 116: MIN_STEPS + CHECKPOINTS | Reward: -4200.0 | Steps: 200
2025-06-24 02:51:14,017 - INFO - Episode 117/250 started - Strategy: CuriosityStrategy
2025-06-24 02:51:52,830 - INFO - 📍 Episode 117: MIN_STEPS + CHECKPOINTS | Reward: -2807.0 | Steps: 200
2025-06-24 02:51:52,830 - INFO - Episode 118/250 started - Strategy: CuriosityStrategy
2025-06-24 02:52:31,604 - INFO - 📍 Episode 118: MIN_STEPS + CHECKPOINTS | Reward: -3003.0 | Steps: 200
2025-06-24 02:52:31,605 - INFO - Episode 119/250 started - Strategy: CuriosityStrategy
2025-06-24 02:53:10,013 - INFO - 📍 Episode 119: MIN_STEPS + CHECKPOINTS | Reward: -3619.0 | Steps: 200
2025-06-24 02:53:10,013 - INFO - Episode 120/250 started - Strategy: CuriosityStrategy
2025-06-24 02:53:48,393 - INFO - 📍 Episode 120: MIN_STEPS + CHECKPOINTS | Reward: -3411.0 | Steps: 200
2025-06-24 02:53:48,395 - INFO - Episodes completed: 120
2025-06-24 02:53:48,395 - INFO - Average reward (last 50): -3453.84
2025-06-24 02:53:48,395 - INFO - Average steps (last 50): 200.0
2025-06-24 02:53:48,396 - INFO - Success rate (last 50): 0.0%
2025-06-24 02:53:48,396 - INFO - Min steps achieved (last 50): 50/50 (100.0%)
2025-06-24 02:53:48,396 - INFO - States explored: 78
2025-06-24 02:53:48,396 - INFO - Total checkpoints reached: 302
2025-06-24 02:53:48,396 - INFO - Unique checkpoints discovered: 4
2025-06-24 02:53:48,396 - INFO - Episodes with checkpoints: 120/120
2025-06-24 02:53:48,396 - INFO - Episodes reaching min_steps: 120/120
2025-06-24 02:53:48,396 - INFO - Checkpoint values found: [1, 2, 3, 4]
2025-06-24 02:53:48,396 - INFO - Episode 121/250 started - Strategy: CuriosityStrategy
2025-06-24 02:54:27,021 - INFO - 📍 Episode 121: MIN_STEPS + CHECKPOINTS | Reward: -3107.0 | Steps: 200
2025-06-24 02:54:27,022 - INFO - Episode 122/250 started - Strategy: CuriosityStrategy
2025-06-24 02:55:05,566 - INFO - 📍 Episode 122: MIN_STEPS + CHECKPOINTS | Reward: -2828.0 | Steps: 200
2025-06-24 02:55:05,566 - INFO - Episode 123/250 started - Strategy: CuriosityStrategy
2025-06-24 02:55:44,167 - INFO - 📍 Episode 123: MIN_STEPS + CHECKPOINTS | Reward: -3047.0 | Steps: 200
2025-06-24 02:55:44,168 - INFO - Episode 124/250 started - Strategy: CuriosityStrategy
2025-06-24 02:56:22,743 - INFO - 📍 Episode 124: MIN_STEPS + CHECKPOINTS | Reward: -3218.0 | Steps: 200
2025-06-24 02:56:22,744 - INFO - Episode 125/250 started - Strategy: CuriosityStrategy
2025-06-24 02:57:01,906 - INFO - 📍 Episode 125: MIN_STEPS + CHECKPOINTS | Reward: -3134.0 | Steps: 200
2025-06-24 02:57:01,907 - INFO - Episode 126/250 started - Strategy: CuriosityStrategy
2025-06-24 02:57:40,924 - INFO - 📍 Episode 126: MIN_STEPS + CHECKPOINTS | Reward: -4009.0 | Steps: 200
2025-06-24 02:57:40,925 - INFO - Episode 127/250 started - Strategy: CuriosityStrategy
2025-06-24 02:58:19,778 - INFO - 📍 Episode 127: MIN_STEPS + CHECKPOINTS | Reward: -3871.0 | Steps: 200
2025-06-24 02:58:19,778 - INFO - Episode 128/250 started - Strategy: CuriosityStrategy
2025-06-24 02:58:58,484 - INFO - 📍 Episode 128: MIN_STEPS + CHECKPOINTS | Reward: -3101.0 | Steps: 200
2025-06-24 02:58:58,486 - INFO - Episode 129/250 started - Strategy: CuriosityStrategy
2025-06-24 02:59:36,945 - INFO - 📍 Episode 129: MIN_STEPS + CHECKPOINTS | Reward: -3341.0 | Steps: 200
2025-06-24 02:59:36,946 - INFO - Episode 130/250 started - Strategy: CuriosityStrategy
2025-06-24 03:00:15,601 - INFO - 📍 Episode 130: MIN_STEPS + CHECKPOINTS | Reward: -3679.0 | Steps: 200
2025-06-24 03:00:15,605 - INFO - Episodes completed: 130
2025-06-24 03:00:15,605 - INFO - Average reward (last 50): -3460.76
2025-06-24 03:00:15,605 - INFO - Average steps (last 50): 200.0
2025-06-24 03:00:15,605 - INFO - Success rate (last 50): 0.0%
2025-06-24 03:00:15,605 - INFO - Min steps achieved (last 50): 50/50 (100.0%)
2025-06-24 03:00:15,606 - INFO - States explored: 78
2025-06-24 03:00:15,606 - INFO - Total checkpoints reached: 328
2025-06-24 03:00:15,606 - INFO - Unique checkpoints discovered: 4
2025-06-24 03:00:15,606 - INFO - Episodes with checkpoints: 130/130
2025-06-24 03:00:15,606 - INFO - Episodes reaching min_steps: 130/130
2025-06-24 03:00:15,606 - INFO - Checkpoint values found: [1, 2, 3, 4]
2025-06-24 03:00:15,606 - INFO - Episode 131/250 started - Strategy: CuriosityStrategy
2025-06-24 03:00:53,544 - INFO - 📍 Episode 131: MIN_STEPS + CHECKPOINTS | Reward: -3215.0 | Steps: 200
2025-06-24 03:00:53,545 - INFO - Episode 132/250 started - Strategy: CuriosityStrategy
2025-06-24 03:01:32,182 - INFO - 📍 Episode 132: MIN_STEPS + CHECKPOINTS | Reward: -3059.0 | Steps: 200
2025-06-24 03:01:32,182 - INFO - Episode 133/250 started - Strategy: CuriosityStrategy
2025-06-24 03:02:10,606 - INFO - 📍 Episode 133: MIN_STEPS + CHECKPOINTS | Reward: -3380.0 | Steps: 200
2025-06-24 03:02:10,607 - INFO - Episode 134/250 started - Strategy: CuriosityStrategy
2025-06-24 03:02:49,245 - INFO - 📍 Episode 134: MIN_STEPS + CHECKPOINTS | Reward: -3841.0 | Steps: 200
2025-06-24 03:02:49,245 - INFO - Episode 135/250 started - Strategy: CuriosityStrategy
2025-06-24 03:03:27,882 - INFO - 📍 Episode 135: MIN_STEPS + CHECKPOINTS | Reward: -2963.0 | Steps: 200
2025-06-24 03:03:27,882 - INFO - Episode 136/250 started - Strategy: CuriosityStrategy
2025-06-24 03:04:07,001 - INFO - 📍 Episode 136: MIN_STEPS + CHECKPOINTS | Reward: -2756.0 | Steps: 200
2025-06-24 03:04:07,001 - INFO - Episode 137/250 started - Strategy: CuriosityStrategy
2025-06-24 03:04:44,846 - INFO - 📍 Episode 137: MIN_STEPS + CHECKPOINTS | Reward: -3577.0 | Steps: 200
2025-06-24 03:04:44,846 - INFO - Episode 138/250 started - Strategy: CuriosityStrategy
2025-06-24 03:05:23,308 - INFO - 📍 Episode 138: MIN_STEPS + CHECKPOINTS | Reward: -3721.0 | Steps: 200
2025-06-24 03:05:23,309 - INFO - Episode 139/250 started - Strategy: CuriosityStrategy
2025-06-24 03:06:02,198 - INFO - 📍 Episode 139: MIN_STEPS + CHECKPOINTS | Reward: -3392.0 | Steps: 200
2025-06-24 03:06:02,199 - INFO - Episode 140/250 started - Strategy: CuriosityStrategy
2025-06-24 03:06:41,538 - INFO - 📍 Episode 140: MIN_STEPS + CHECKPOINTS | Reward: -3857.0 | Steps: 200
2025-06-24 03:06:41,541 - INFO - Episodes completed: 140
2025-06-24 03:06:41,541 - INFO - Average reward (last 50): -3454.64
2025-06-24 03:06:41,541 - INFO - Average steps (last 50): 200.0
2025-06-24 03:06:41,541 - INFO - Success rate (last 50): 0.0%
2025-06-24 03:06:41,542 - INFO - Min steps achieved (last 50): 50/50 (100.0%)
2025-06-24 03:06:41,542 - INFO - States explored: 78
2025-06-24 03:06:41,542 - INFO - Total checkpoints reached: 353
2025-06-24 03:06:41,542 - INFO - Unique checkpoints discovered: 4
2025-06-24 03:06:41,542 - INFO - Episodes with checkpoints: 140/140
2025-06-24 03:06:41,542 - INFO - Episodes reaching min_steps: 140/140
2025-06-24 03:06:41,542 - INFO - Checkpoint values found: [1, 2, 3, 4]
2025-06-24 03:06:41,542 - INFO - Episode 141/250 started - Strategy: CuriosityStrategy
2025-06-24 03:07:21,387 - INFO - 📍 Episode 141: MIN_STEPS + CHECKPOINTS | Reward: -2368.0 | Steps: 200
2025-06-24 03:07:21,388 - INFO - Episode 142/250 started - Strategy: CuriosityStrategy
2025-06-24 03:08:00,269 - INFO - 📍 Episode 142: MIN_STEPS + CHECKPOINTS | Reward: -3026.0 | Steps: 200
2025-06-24 03:08:00,269 - INFO - Episode 143/250 started - Strategy: CuriosityStrategy
2025-06-24 03:08:38,812 - INFO - 📍 Episode 143: MIN_STEPS + CHECKPOINTS | Reward: -3670.0 | Steps: 200
2025-06-24 03:08:38,812 - INFO - Episode 144/250 started - Strategy: CuriosityStrategy
2025-06-24 03:09:15,939 - INFO - 📍 Episode 144: MIN_STEPS + CHECKPOINTS | Reward: -2939.0 | Steps: 200
2025-06-24 03:09:15,940 - INFO - Episode 145/250 started - Strategy: CuriosityStrategy
2025-06-24 03:09:54,880 - INFO - 📍 Episode 145: MIN_STEPS + CHECKPOINTS | Reward: -3697.0 | Steps: 200
2025-06-24 03:09:54,880 - INFO - Episode 146/250 started - Strategy: CuriosityStrategy
2025-06-24 03:10:33,422 - INFO - 📍 Episode 146: MIN_STEPS + CHECKPOINTS | Reward: -3595.0 | Steps: 200
2025-06-24 03:10:33,423 - INFO - Episode 147/250 started - Strategy: CuriosityStrategy
2025-06-24 03:11:11,853 - INFO - 📍 Episode 147: MIN_STEPS + CHECKPOINTS | Reward: -3353.0 | Steps: 200
2025-06-24 03:11:11,855 - INFO - Episode 148/250 started - Strategy: CuriosityStrategy
2025-06-24 03:11:52,122 - INFO - 📍 Episode 148: MIN_STEPS + CHECKPOINTS | Reward: -2654.0 | Steps: 200
2025-06-24 03:11:52,124 - INFO - Episode 149/250 started - Strategy: CuriosityStrategy
2025-06-24 03:12:31,896 - INFO - 📍 Episode 149: MIN_STEPS + CHECKPOINTS | Reward: -3244.0 | Steps: 200
2025-06-24 03:12:31,897 - INFO - Episode 150/250 started - Strategy: CuriosityStrategy
2025-06-24 03:13:09,890 - INFO - 📍 Episode 150: MIN_STEPS + CHECKPOINTS | Reward: -3553.0 | Steps: 200
2025-06-24 03:13:09,898 - INFO - Episodes completed: 150
2025-06-24 03:13:09,900 - INFO - Average reward (last 50): -3396.14
2025-06-24 03:13:09,902 - INFO - Average steps (last 50): 200.0
2025-06-24 03:13:09,902 - INFO - Success rate (last 50): 0.0%
2025-06-24 03:13:09,903 - INFO - Min steps achieved (last 50): 50/50 (100.0%)
2025-06-24 03:13:09,904 - INFO - States explored: 78
2025-06-24 03:13:09,904 - INFO - Total checkpoints reached: 378
2025-06-24 03:13:09,905 - INFO - Unique checkpoints discovered: 4
2025-06-24 03:13:09,905 - INFO - Episodes with checkpoints: 150/150
2025-06-24 03:13:09,906 - INFO - Episodes reaching min_steps: 150/150
2025-06-24 03:13:09,906 - INFO - Checkpoint values found: [1, 2, 3, 4]
2025-06-24 03:13:09,906 - INFO - Episode 151/250 started - Strategy: CuriosityStrategy
2025-06-24 03:13:31,342 - INFO - ✅ Episode 151: MIN_STEPS REACHED | Reward: -6178.0 | Steps: 200
2025-06-24 03:13:31,343 - INFO - Episode 152/250 started - Strategy: CuriosityStrategy
2025-06-24 03:14:10,905 - INFO - 📍 Episode 152: MIN_STEPS + CHECKPOINTS | Reward: -3912.0 | Steps: 200
2025-06-24 03:14:10,907 - INFO - Episode 153/250 started - Strategy: CuriosityStrategy
2025-06-24 03:14:50,382 - INFO - 📍 Episode 153: MIN_STEPS + CHECKPOINTS | Reward: -2747.0 | Steps: 200
2025-06-24 03:14:50,385 - INFO - Episode 154/250 started - Strategy: CuriosityStrategy
2025-06-24 03:15:29,334 - INFO - 📍 Episode 154: MIN_STEPS + CHECKPOINTS | Reward: -2687.0 | Steps: 200
2025-06-24 03:15:29,335 - INFO - Episode 155/250 started - Strategy: CuriosityStrategy
2025-06-24 03:16:09,792 - INFO - 📍 Episode 155: MIN_STEPS + CHECKPOINTS | Reward: -1995.0 | Steps: 200
2025-06-24 03:16:09,794 - INFO - Episode 156/250 started - Strategy: CuriosityStrategy
2025-06-24 03:16:26,771 - INFO - ✅ Episode 156: MIN_STEPS REACHED | Reward: -6361.0 | Steps: 200
2025-06-24 03:16:26,772 - INFO - Episode 157/250 started - Strategy: CuriosityStrategy
2025-06-24 03:17:06,433 - INFO - 📍 Episode 157: MIN_STEPS + CHECKPOINTS | Reward: -3164.0 | Steps: 200
2025-06-24 03:17:06,435 - INFO - Episode 158/250 started - Strategy: CuriosityStrategy
2025-06-24 03:17:46,508 - INFO - 📍 Episode 158: MIN_STEPS + CHECKPOINTS | Reward: -2793.0 | Steps: 200
2025-06-24 03:17:46,509 - INFO - Episode 159/250 started - Strategy: CuriosityStrategy
2025-06-24 03:18:27,203 - INFO - 📍 Episode 159: MIN_STEPS + CHECKPOINTS | Reward: -3065.0 | Steps: 200
2025-06-24 03:18:27,206 - INFO - Episode 160/250 started - Strategy: CuriosityStrategy
2025-06-24 03:19:05,050 - INFO - 📍 Episode 160: MIN_STEPS + CHECKPOINTS | Reward: -2927.0 | Steps: 200
2025-06-24 03:19:05,055 - INFO - Episodes completed: 160
2025-06-24 03:19:05,055 - INFO - Average reward (last 50): -3356.46
2025-06-24 03:19:05,055 - INFO - Average steps (last 50): 200.0
2025-06-24 03:19:05,056 - INFO - Success rate (last 50): 0.0%
2025-06-24 03:19:05,056 - INFO - Min steps achieved (last 50): 50/50 (100.0%)
2025-06-24 03:19:05,056 - INFO - States explored: 88
2025-06-24 03:19:05,056 - INFO - Total checkpoints reached: 398
2025-06-24 03:19:05,056 - INFO - Unique checkpoints discovered: 4
2025-06-24 03:19:05,056 - INFO - Episodes with checkpoints: 158/160
2025-06-24 03:19:05,057 - INFO - Episodes reaching min_steps: 160/160
2025-06-24 03:19:05,057 - INFO - Checkpoint values found: [1, 2, 3, 4]
2025-06-24 03:19:05,057 - INFO - Episode 161/250 started - Strategy: CuriosityStrategy
2025-06-24 03:19:45,045 - INFO - 📍 Episode 161: MIN_STEPS + CHECKPOINTS | Reward: -1981.0 | Steps: 200
2025-06-24 03:19:45,045 - INFO - Episode 162/250 started - Strategy: CuriosityStrategy
2025-06-24 03:20:09,860 - INFO - 📍 Episode 162: MIN_STEPS + CHECKPOINTS | Reward: -4661.0 | Steps: 200
2025-06-24 03:20:09,862 - INFO - Episode 163/250 started - Strategy: CuriosityStrategy
2025-06-24 03:20:48,747 - INFO - 📍 Episode 163: MIN_STEPS + CHECKPOINTS | Reward: -2956.0 | Steps: 200
2025-06-24 03:20:48,747 - INFO - Episode 164/250 started - Strategy: CuriosityStrategy
2025-06-24 03:21:28,561 - INFO - 📍 Episode 164: MIN_STEPS + CHECKPOINTS | Reward: -2775.0 | Steps: 200
2025-06-24 03:21:28,562 - INFO - Episode 165/250 started - Strategy: CuriosityStrategy
2025-06-24 03:22:07,928 - INFO - 📍 Episode 165: MIN_STEPS + CHECKPOINTS | Reward: -2550.0 | Steps: 200
2025-06-24 03:22:07,928 - INFO - Episode 166/250 started - Strategy: CuriosityStrategy
2025-06-24 03:22:46,042 - INFO - 📍 Episode 166: MIN_STEPS + CHECKPOINTS | Reward: -4264.0 | Steps: 200
2025-06-24 03:22:46,042 - INFO - Episode 167/250 started - Strategy: CuriosityStrategy
2025-06-24 03:23:24,768 - INFO - 📍 Episode 167: MIN_STEPS + CHECKPOINTS | Reward: -2913.0 | Steps: 200
2025-06-24 03:23:24,770 - INFO - Episode 168/250 started - Strategy: CuriosityStrategy
2025-06-24 03:24:03,606 - INFO - 📍 Episode 168: MIN_STEPS + CHECKPOINTS | Reward: -3356.0 | Steps: 200
2025-06-24 03:24:03,607 - INFO - Episode 169/250 started - Strategy: CuriosityStrategy
2025-06-24 03:24:33,324 - INFO - 📍 Episode 169: MIN_STEPS + CHECKPOINTS | Reward: -5100.0 | Steps: 200
2025-06-24 03:24:33,328 - INFO - Episode 170/250 started - Strategy: CuriosityStrategy
2025-06-24 03:25:00,608 - INFO - ✅ Episode 170: MIN_STEPS REACHED | Reward: -5362.0 | Steps: 200
2025-06-24 03:25:00,612 - INFO - Episodes completed: 170
2025-06-24 03:25:00,613 - INFO - Average reward (last 50): -3418.84
2025-06-24 03:25:00,613 - INFO - Average steps (last 50): 200.0
2025-06-24 03:25:00,614 - INFO - Success rate (last 50): 0.0%
2025-06-24 03:25:00,614 - INFO - Min steps achieved (last 50): 50/50 (100.0%)
2025-06-24 03:25:00,614 - INFO - States explored: 90
2025-06-24 03:25:00,614 - INFO - Total checkpoints reached: 420
2025-06-24 03:25:00,614 - INFO - Unique checkpoints discovered: 4
2025-06-24 03:25:00,615 - INFO - Episodes with checkpoints: 167/170
2025-06-24 03:25:00,615 - INFO - Episodes reaching min_steps: 170/170
2025-06-24 03:25:00,615 - INFO - Checkpoint values found: [1, 2, 3, 4]
2025-06-24 03:25:00,615 - INFO - Episode 171/250 started - Strategy: CuriosityStrategy
2025-06-24 03:25:39,998 - INFO - 📍 Episode 171: MIN_STEPS + CHECKPOINTS | Reward: -2672.0 | Steps: 200
2025-06-24 03:25:40,000 - INFO - Episode 172/250 started - Strategy: CuriosityStrategy
2025-06-24 03:26:05,544 - INFO - 📍 Episode 172: MIN_STEPS + CHECKPOINTS | Reward: -5502.0 | Steps: 200
2025-06-24 03:26:05,546 - INFO - Episode 173/250 started - Strategy: CuriosityStrategy
2025-06-24 03:26:22,993 - INFO - ✅ Episode 173: MIN_STEPS REACHED | Reward: -6403.0 | Steps: 200
2025-06-24 03:26:22,994 - INFO - Episode 174/250 started - Strategy: CuriosityStrategy
2025-06-24 03:27:01,823 - INFO - 📍 Episode 174: MIN_STEPS + CHECKPOINTS | Reward: -3769.0 | Steps: 200
2025-06-24 03:27:01,824 - INFO - Episode 175/250 started - Strategy: CuriosityStrategy
2025-06-24 03:27:41,148 - INFO - 📍 Episode 175: MIN_STEPS + CHECKPOINTS | Reward: -3253.0 | Steps: 200
2025-06-24 03:27:41,149 - INFO - Episode 176/250 started - Strategy: CuriosityStrategy
2025-06-24 03:28:20,543 - INFO - 📍 Episode 176: MIN_STEPS + CHECKPOINTS | Reward: -3158.0 | Steps: 200
2025-06-24 03:28:20,544 - INFO - Episode 177/250 started - Strategy: CuriosityStrategy
2025-06-24 03:28:39,001 - INFO - ✅ Episode 177: MIN_STEPS REACHED | Reward: -6301.0 | Steps: 200
2025-06-24 03:28:39,003 - INFO - Episode 178/250 started - Strategy: CuriosityStrategy
2025-06-24 03:29:16,252 - INFO - 📍 Episode 178: MIN_STEPS + CHECKPOINTS | Reward: -3023.0 | Steps: 200
2025-06-24 03:29:16,253 - INFO - Episode 179/250 started - Strategy: CuriosityStrategy
2025-06-24 03:29:54,448 - INFO - 📍 Episode 179: MIN_STEPS + CHECKPOINTS | Reward: -4108.0 | Steps: 200
2025-06-24 03:29:54,450 - INFO - Episode 180/250 started - Strategy: CuriosityStrategy
2025-06-24 03:30:34,117 - INFO - 📍 Episode 180: MIN_STEPS + CHECKPOINTS | Reward: -3730.0 | Steps: 200
2025-06-24 03:30:34,124 - INFO - Episodes completed: 180
2025-06-24 03:30:34,124 - INFO - Average reward (last 50): -3590.52
2025-06-24 03:30:34,125 - INFO - Average steps (last 50): 200.0
2025-06-24 03:30:34,125 - INFO - Success rate (last 50): 0.0%
2025-06-24 03:30:34,125 - INFO - Min steps achieved (last 50): 50/50 (100.0%)
2025-06-24 03:30:34,125 - INFO - States explored: 92
2025-06-24 03:30:34,125 - INFO - Total checkpoints reached: 438
2025-06-24 03:30:34,125 - INFO - Unique checkpoints discovered: 4
2025-06-24 03:30:34,126 - INFO - Episodes with checkpoints: 175/180
2025-06-24 03:30:34,126 - INFO - Episodes reaching min_steps: 180/180
2025-06-24 03:30:34,126 - INFO - Checkpoint values found: [1, 2, 3, 4]
2025-06-24 03:30:34,127 - INFO - Episode 181/250 started - Strategy: CuriosityStrategy
2025-06-24 03:31:13,574 - INFO - 📍 Episode 181: MIN_STEPS + CHECKPOINTS | Reward: -3373.0 | Steps: 200
2025-06-24 03:31:13,576 - INFO - Episode 182/250 started - Strategy: CuriosityStrategy
2025-06-24 08:43:25,230 - INFO - ✅ Episode 182: MIN_STEPS REACHED | Reward: -6208.0 | Steps: 200
2025-06-24 08:43:25,233 - INFO - Episode 183/250 started - Strategy: CuriosityStrategy
2025-06-24 08:43:43,819 - INFO - ✅ Episode 183: MIN_STEPS REACHED | Reward: -6403.0 | Steps: 200
2025-06-24 08:43:43,822 - INFO - Episode 184/250 started - Strategy: CuriosityStrategy
2025-06-24 08:44:04,234 - INFO - ✅ Episode 184: MIN_STEPS REACHED | Reward: -6295.0 | Steps: 200
2025-06-24 08:44:04,235 - INFO - Episode 185/250 started - Strategy: CuriosityStrategy
2025-06-24 08:44:32,816 - INFO - 📍 Episode 185: MIN_STEPS + CHECKPOINTS | Reward: -4117.0 | Steps: 200
2025-06-24 08:44:32,816 - INFO - Episode 186/250 started - Strategy: CuriosityStrategy
2025-06-24 08:44:50,810 - INFO - ✅ Episode 186: MIN_STEPS REACHED | Reward: -6412.0 | Steps: 200
2025-06-24 08:44:50,811 - INFO - Episode 187/250 started - Strategy: CuriosityStrategy
2025-06-24 08:45:07,207 - INFO - ✅ Episode 187: MIN_STEPS REACHED | Reward: -6358.0 | Steps: 200
2025-06-24 08:45:07,208 - INFO - Episode 188/250 started - Strategy: CuriosityStrategy
2025-06-24 08:45:44,088 - INFO - 📍 Episode 188: MIN_STEPS + CHECKPOINTS | Reward: -3475.0 | Steps: 200
2025-06-24 08:45:44,088 - INFO - Episode 189/250 started - Strategy: CuriosityStrategy
2025-06-24 08:46:21,765 - INFO - 📍 Episode 189: MIN_STEPS + CHECKPOINTS | Reward: -3114.0 | Steps: 200
2025-06-24 08:46:21,767 - INFO - Episode 190/250 started - Strategy: CuriosityStrategy
2025-06-24 08:46:58,201 - INFO - 📍 Episode 190: MIN_STEPS + CHECKPOINTS | Reward: -3386.0 | Steps: 200
2025-06-24 08:46:58,213 - INFO - Episodes completed: 190
2025-06-24 08:46:58,215 - INFO - Average reward (last 50): -3898.12
2025-06-24 08:46:58,215 - INFO - Average steps (last 50): 200.0
2025-06-24 08:46:58,216 - INFO - Success rate (last 50): 0.0%
2025-06-24 08:46:58,216 - INFO - Min steps achieved (last 50): 50/50 (100.0%)
2025-06-24 08:46:58,216 - INFO - States explored: 96
2025-06-24 08:46:58,216 - INFO - Total checkpoints reached: 450
2025-06-24 08:46:58,216 - INFO - Unique checkpoints discovered: 4
2025-06-24 08:46:58,217 - INFO - Episodes with checkpoints: 180/190
2025-06-24 08:46:58,217 - INFO - Episodes reaching min_steps: 190/190
2025-06-24 08:46:58,217 - INFO - Checkpoint values found: [1, 2, 3, 4]
2025-06-24 08:46:58,217 - INFO - Episode 191/250 started - Strategy: CuriosityStrategy
2025-06-24 08:47:39,895 - INFO - 📍 Episode 191: MIN_STEPS + CHECKPOINTS | Reward: -2989.0 | Steps: 200
2025-06-24 08:47:39,895 - INFO - Episode 192/250 started - Strategy: CuriosityStrategy
2025-06-24 08:48:16,710 - INFO - 📍 Episode 192: MIN_STEPS + CHECKPOINTS | Reward: -3676.0 | Steps: 200
2025-06-24 08:48:16,710 - INFO - Episode 193/250 started - Strategy: CuriosityStrategy
2025-06-24 08:48:52,350 - INFO - 📍 Episode 193: MIN_STEPS + CHECKPOINTS | Reward: -3218.0 | Steps: 200
2025-06-24 08:48:52,350 - INFO - Episode 194/250 started - Strategy: CuriosityStrategy
2025-06-24 08:49:28,979 - INFO - 📍 Episode 194: MIN_STEPS + CHECKPOINTS | Reward: -2771.0 | Steps: 200
2025-06-24 08:49:28,979 - INFO - Episode 195/250 started - Strategy: CuriosityStrategy
2025-06-24 08:50:06,060 - INFO - 📍 Episode 195: MIN_STEPS + CHECKPOINTS | Reward: -3616.0 | Steps: 200
2025-06-24 08:50:06,060 - INFO - Episode 196/250 started - Strategy: CuriosityStrategy
2025-06-24 08:50:43,140 - INFO - 📍 Episode 196: MIN_STEPS + CHECKPOINTS | Reward: -3784.0 | Steps: 200
2025-06-24 08:50:43,140 - INFO - Episode 197/250 started - Strategy: CuriosityStrategy
2025-06-24 08:51:20,481 - INFO - 📍 Episode 197: MIN_STEPS + CHECKPOINTS | Reward: -2963.0 | Steps: 200
2025-06-24 08:51:20,482 - INFO - Episode 198/250 started - Strategy: CuriosityStrategy
2025-06-24 08:51:58,169 - INFO - 📍 Episode 198: MIN_STEPS + CHECKPOINTS | Reward: -2164.0 | Steps: 200
2025-06-24 08:51:58,169 - INFO - Episode 199/250 started - Strategy: CuriosityStrategy
2025-06-24 08:52:35,336 - INFO - 📍 Episode 199: MIN_STEPS + CHECKPOINTS | Reward: -2867.0 | Steps: 200
2025-06-24 08:52:35,336 - INFO - Episode 200/250 started - Strategy: CuriosityStrategy
2025-06-24 08:53:12,821 - INFO - 📍 Episode 200: MIN_STEPS + CHECKPOINTS | Reward: -2383.0 | Steps: 200
2025-06-24 08:53:12,825 - INFO - Episodes completed: 200
2025-06-24 08:53:12,826 - INFO - Average reward (last 50): -3864.76
2025-06-24 08:53:12,826 - INFO - Average steps (last 50): 200.0
2025-06-24 08:53:12,826 - INFO - Success rate (last 50): 0.0%
2025-06-24 08:53:12,826 - INFO - Min steps achieved (last 50): 50/50 (100.0%)
2025-06-24 08:53:12,826 - INFO - States explored: 96
2025-06-24 08:53:12,826 - INFO - Total checkpoints reached: 478
2025-06-24 08:53:12,826 - INFO - Unique checkpoints discovered: 4
2025-06-24 08:53:12,826 - INFO - Episodes with checkpoints: 190/200
2025-06-24 08:53:12,826 - INFO - Episodes reaching min_steps: 200/200
2025-06-24 08:53:12,826 - INFO - Checkpoint values found: [1, 2, 3, 4]
2025-06-24 08:53:12,826 - INFO - Episode 201/250 started - Strategy: CuriosityStrategy
2025-06-24 08:53:50,282 - INFO - 📍 Episode 201: MIN_STEPS + CHECKPOINTS | Reward: -3131.0 | Steps: 200
2025-06-24 08:53:50,283 - INFO - Episode 202/250 started - Strategy: CuriosityStrategy
2025-06-24 08:54:27,882 - INFO - 📍 Episode 202: MIN_STEPS + CHECKPOINTS | Reward: -2266.0 | Steps: 200
2025-06-24 08:54:27,882 - INFO - Episode 203/250 started - Strategy: CuriosityStrategy
2025-06-24 08:55:04,390 - INFO - 📍 Episode 203: MIN_STEPS + CHECKPOINTS | Reward: -2515.0 | Steps: 200
2025-06-24 08:55:04,390 - INFO - Episode 204/250 started - Strategy: CuriosityStrategy
2025-06-24 08:55:41,673 - INFO - 📍 Episode 204: MIN_STEPS + CHECKPOINTS | Reward: -3571.0 | Steps: 200
2025-06-24 08:55:41,673 - INFO - Episode 205/250 started - Strategy: CuriosityStrategy
2025-06-24 08:56:19,032 - INFO - 📍 Episode 205: MIN_STEPS + CHECKPOINTS | Reward: -2569.0 | Steps: 200
2025-06-24 08:56:19,032 - INFO - Episode 206/250 started - Strategy: CuriosityStrategy
2025-06-24 08:56:56,536 - INFO - 📍 Episode 206: MIN_STEPS + CHECKPOINTS | Reward: -3164.0 | Steps: 200
2025-06-24 08:56:56,537 - INFO - Episode 207/250 started - Strategy: CuriosityStrategy
2025-06-24 08:57:33,402 - INFO - 📍 Episode 207: MIN_STEPS + CHECKPOINTS | Reward: -3970.0 | Steps: 200
2025-06-24 08:57:33,402 - INFO - Episode 208/250 started - Strategy: CuriosityStrategy
2025-06-24 08:58:09,970 - INFO - 📍 Episode 208: MIN_STEPS + CHECKPOINTS | Reward: -3955.0 | Steps: 200
2025-06-24 08:58:09,970 - INFO - Episode 209/250 started - Strategy: CuriosityStrategy
2025-06-24 08:58:46,916 - INFO - 📍 Episode 209: MIN_STEPS + CHECKPOINTS | Reward: -3170.0 | Steps: 200
2025-06-24 08:58:46,916 - INFO - Episode 210/250 started - Strategy: CuriosityStrategy
2025-06-24 08:59:24,140 - INFO - 📍 Episode 210: MIN_STEPS + CHECKPOINTS | Reward: -3787.0 | Steps: 200
2025-06-24 08:59:24,143 - INFO - Episodes completed: 210
2025-06-24 08:59:24,144 - INFO - Average reward (last 50): -3790.14
2025-06-24 08:59:24,144 - INFO - Average steps (last 50): 200.0
2025-06-24 08:59:24,144 - INFO - Success rate (last 50): 0.0%
2025-06-24 08:59:24,144 - INFO - Min steps achieved (last 50): 50/50 (100.0%)
2025-06-24 08:59:24,144 - INFO - States explored: 96
2025-06-24 08:59:24,144 - INFO - Total checkpoints reached: 507
2025-06-24 08:59:24,144 - INFO - Unique checkpoints discovered: 4
2025-06-24 08:59:24,144 - INFO - Episodes with checkpoints: 200/210
2025-06-24 08:59:24,144 - INFO - Episodes reaching min_steps: 210/210
2025-06-24 08:59:24,144 - INFO - Checkpoint values found: [1, 2, 3, 4]
2025-06-24 08:59:24,144 - INFO - Episode 211/250 started - Strategy: CuriosityStrategy
2025-06-24 09:00:02,102 - INFO - 📍 Episode 211: MIN_STEPS + CHECKPOINTS | Reward: -1939.0 | Steps: 200
2025-06-24 09:00:02,103 - INFO - Episode 212/250 started - Strategy: CuriosityStrategy
2025-06-24 09:00:39,672 - INFO - 📍 Episode 212: MIN_STEPS + CHECKPOINTS | Reward: -2206.0 | Steps: 200
2025-06-24 09:00:39,673 - INFO - Episode 213/250 started - Strategy: CuriosityStrategy
2025-06-24 09:01:16,303 - INFO - 📍 Episode 213: MIN_STEPS + CHECKPOINTS | Reward: -3302.0 | Steps: 200
2025-06-24 09:01:16,303 - INFO - Episode 214/250 started - Strategy: CuriosityStrategy
2025-06-24 09:01:54,011 - INFO - 📍 Episode 214: MIN_STEPS + CHECKPOINTS | Reward: -2137.0 | Steps: 200
2025-06-24 09:01:54,012 - INFO - Episode 215/250 started - Strategy: CuriosityStrategy
2025-06-24 09:02:30,928 - INFO - 📍 Episode 215: MIN_STEPS + CHECKPOINTS | Reward: -3161.0 | Steps: 200
2025-06-24 09:02:30,928 - INFO - Episode 216/250 started - Strategy: CuriosityStrategy
2025-06-24 09:03:07,260 - INFO - 📍 Episode 216: MIN_STEPS + CHECKPOINTS | Reward: -3092.0 | Steps: 200
2025-06-24 09:03:07,260 - INFO - Episode 217/250 started - Strategy: CuriosityStrategy
2025-06-24 09:03:43,982 - INFO - 📍 Episode 217: MIN_STEPS + CHECKPOINTS | Reward: -3655.0 | Steps: 200
2025-06-24 09:03:43,983 - INFO - Episode 218/250 started - Strategy: CuriosityStrategy
2025-06-24 09:04:20,761 - INFO - 📍 Episode 218: MIN_STEPS + CHECKPOINTS | Reward: -3461.0 | Steps: 200
2025-06-24 09:04:20,761 - INFO - Episode 219/250 started - Strategy: CuriosityStrategy
2025-06-24 09:04:59,135 - INFO - 📍 Episode 219: MIN_STEPS + CHECKPOINTS | Reward: -1751.0 | Steps: 200
2025-06-24 09:04:59,136 - INFO - Episode 220/250 started - Strategy: CuriosityStrategy
2025-06-24 09:05:35,362 - INFO - 📍 Episode 220: MIN_STEPS + CHECKPOINTS | Reward: -2966.0 | Steps: 200
2025-06-24 09:05:35,365 - INFO - Episodes completed: 220
2025-06-24 09:05:35,365 - INFO - Average reward (last 50): -3625.18
2025-06-24 09:05:35,365 - INFO - Average steps (last 50): 200.0
2025-06-24 09:05:35,366 - INFO - Success rate (last 50): 0.0%
2025-06-24 09:05:35,366 - INFO - Min steps achieved (last 50): 50/50 (100.0%)
2025-06-24 09:05:35,366 - INFO - States explored: 96
2025-06-24 09:05:35,366 - INFO - Total checkpoints reached: 540
2025-06-24 09:05:35,366 - INFO - Unique checkpoints discovered: 4
2025-06-24 09:05:35,366 - INFO - Episodes with checkpoints: 210/220
2025-06-24 09:05:35,366 - INFO - Episodes reaching min_steps: 220/220
2025-06-24 09:05:35,366 - INFO - Checkpoint values found: [1, 2, 3, 4]
2025-06-24 09:05:35,366 - INFO - Episode 221/250 started - Strategy: CuriosityStrategy
2025-06-24 09:06:12,250 - INFO - 📍 Episode 221: MIN_STEPS + CHECKPOINTS | Reward: -3625.0 | Steps: 200
2025-06-24 09:06:12,250 - INFO - Episode 222/250 started - Strategy: CuriosityStrategy
2025-06-24 09:06:49,064 - INFO - 📍 Episode 222: MIN_STEPS + CHECKPOINTS | Reward: -3398.0 | Steps: 200
2025-06-24 09:06:49,064 - INFO - Episode 223/250 started - Strategy: CuriosityStrategy
2025-06-24 09:07:26,195 - INFO - 📍 Episode 223: MIN_STEPS + CHECKPOINTS | Reward: -2113.0 | Steps: 200
2025-06-24 09:07:26,195 - INFO - Episode 224/250 started - Strategy: CuriosityStrategy
2025-06-24 09:08:02,622 - INFO - 📍 Episode 224: MIN_STEPS + CHECKPOINTS | Reward: -3340.0 | Steps: 200
2025-06-24 09:08:02,623 - INFO - Episode 225/250 started - Strategy: CuriosityStrategy
2025-06-24 09:08:39,798 - INFO - 📍 Episode 225: MIN_STEPS + CHECKPOINTS | Reward: -1999.0 | Steps: 200
2025-06-24 09:08:39,798 - INFO - Episode 226/250 started - Strategy: CuriosityStrategy
2025-06-24 09:09:17,962 - INFO - 📍 Episode 226: MIN_STEPS + CHECKPOINTS | Reward: -1906.0 | Steps: 200
2025-06-24 09:09:17,962 - INFO - Episode 227/250 started - Strategy: CuriosityStrategy
2025-06-24 09:09:54,742 - INFO - 📍 Episode 227: MIN_STEPS + CHECKPOINTS | Reward: -3011.0 | Steps: 200
2025-06-24 09:09:54,742 - INFO - Episode 228/250 started - Strategy: CuriosityStrategy
2025-06-24 09:10:32,406 - INFO - 📍 Episode 228: MIN_STEPS + CHECKPOINTS | Reward: -2008.0 | Steps: 200
2025-06-24 09:10:32,406 - INFO - Episode 229/250 started - Strategy: CuriosityStrategy
2025-06-24 09:11:09,754 - INFO - 📍 Episode 229: MIN_STEPS + CHECKPOINTS | Reward: -3281.0 | Steps: 200
2025-06-24 09:11:09,754 - INFO - Episode 230/250 started - Strategy: CuriosityStrategy
2025-06-24 09:11:47,126 - INFO - 📍 Episode 230: MIN_STEPS + CHECKPOINTS | Reward: -2254.0 | Steps: 200
2025-06-24 09:11:47,129 - INFO - Episodes completed: 230
2025-06-24 09:11:47,129 - INFO - Average reward (last 50): -3325.50
2025-06-24 09:11:47,129 - INFO - Average steps (last 50): 200.0
2025-06-24 09:11:47,129 - INFO - Success rate (last 50): 0.0%
2025-06-24 09:11:47,130 - INFO - Min steps achieved (last 50): 50/50 (100.0%)
2025-06-24 09:11:47,130 - INFO - States explored: 96
2025-06-24 09:11:47,130 - INFO - Total checkpoints reached: 573
2025-06-24 09:11:47,130 - INFO - Unique checkpoints discovered: 4
2025-06-24 09:11:47,130 - INFO - Episodes with checkpoints: 220/230
2025-06-24 09:11:47,130 - INFO - Episodes reaching min_steps: 230/230
2025-06-24 09:11:47,130 - INFO - Checkpoint values found: [1, 2, 3, 4]
2025-06-24 09:11:47,130 - INFO - Episode 231/250 started - Strategy: CuriosityStrategy
2025-06-24 09:12:24,280 - INFO - 📍 Episode 231: MIN_STEPS + CHECKPOINTS | Reward: -2404.0 | Steps: 200
2025-06-24 09:12:24,281 - INFO - Episode 232/250 started - Strategy: CuriosityStrategy
2025-06-24 09:13:00,392 - INFO - 📍 Episode 232: MIN_STEPS + CHECKPOINTS | Reward: -3916.0 | Steps: 200
2025-06-24 09:13:00,392 - INFO - Episode 233/250 started - Strategy: CuriosityStrategy
2025-06-24 09:13:38,958 - INFO - 📍 Episode 233: MIN_STEPS + CHECKPOINTS | Reward: -3209.0 | Steps: 200
2025-06-24 09:13:38,958 - INFO - Episode 234/250 started - Strategy: CuriosityStrategy
2025-06-24 09:14:16,338 - INFO - 📍 Episode 234: MIN_STEPS + CHECKPOINTS | Reward: -3670.0 | Steps: 200
2025-06-24 09:14:16,338 - INFO - Episode 235/250 started - Strategy: CuriosityStrategy
2025-06-24 09:14:55,291 - INFO - 📍 Episode 235: MIN_STEPS + CHECKPOINTS | Reward: -1930.0 | Steps: 200
2025-06-24 09:14:55,291 - INFO - Episode 236/250 started - Strategy: CuriosityStrategy
2025-06-24 09:15:31,013 - INFO - 🏆 Episode 236: GOAL REACHED | Reward: 343.0 | Steps: 180
2025-06-24 09:15:31,015 - INFO - Episode 237/250 started - Strategy: CuriosityStrategy
2025-06-24 09:16:08,083 - INFO - 📍 Episode 237: MIN_STEPS + CHECKPOINTS | Reward: -2801.0 | Steps: 200
2025-06-24 09:16:08,085 - INFO - Episode 238/250 started - Strategy: CuriosityStrategy
2025-06-24 09:16:44,704 - INFO - 📍 Episode 238: MIN_STEPS + CHECKPOINTS | Reward: -2473.0 | Steps: 200
2025-06-24 09:16:44,705 - INFO - Episode 239/250 started - Strategy: CuriosityStrategy
2025-06-24 09:17:21,500 - INFO - 📍 Episode 239: MIN_STEPS + CHECKPOINTS | Reward: -2365.0 | Steps: 200
2025-06-24 09:17:21,500 - INFO - Episode 240/250 started - Strategy: CuriosityStrategy
2025-06-24 09:17:57,652 - INFO - 📍 Episode 240: MIN_STEPS + CHECKPOINTS | Reward: -3574.0 | Steps: 200
2025-06-24 09:17:57,656 - INFO - Episodes completed: 240
2025-06-24 09:17:57,656 - INFO - Average reward (last 50): -2862.66
2025-06-24 09:17:57,656 - INFO - Average steps (last 50): 199.6
2025-06-24 09:17:57,656 - INFO - Success rate (last 50): 2.0%
2025-06-24 09:17:57,656 - INFO - Min steps achieved (last 50): 50/50 (100.0%)
2025-06-24 09:17:57,657 - INFO - States explored: 96
2025-06-24 09:17:57,657 - INFO - Total checkpoints reached: 605
2025-06-24 09:17:57,657 - INFO - Unique checkpoints discovered: 4
2025-06-24 09:17:57,657 - INFO - Episodes with checkpoints: 230/240
2025-06-24 09:17:57,657 - INFO - Episodes reaching min_steps: 240/240
2025-06-24 09:17:57,657 - INFO - Checkpoint values found: [1, 2, 3, 4]
2025-06-24 09:17:57,657 - INFO - Episode 241/250 started - Strategy: CuriosityStrategy
2025-06-24 09:18:35,052 - INFO - 📍 Episode 241: MIN_STEPS + CHECKPOINTS | Reward: -3601.0 | Steps: 200
2025-06-24 09:18:35,052 - INFO - Episode 242/250 started - Strategy: CuriosityStrategy
2025-06-24 09:19:11,407 - INFO - 📍 Episode 242: MIN_STEPS + CHECKPOINTS | Reward: -3277.0 | Steps: 200
2025-06-24 09:19:11,408 - INFO - Episode 243/250 started - Strategy: CuriosityStrategy
2025-06-24 09:19:48,390 - INFO - 📍 Episode 243: MIN_STEPS + CHECKPOINTS | Reward: -2948.0 | Steps: 200
2025-06-24 09:19:48,390 - INFO - Episode 244/250 started - Strategy: CuriosityStrategy
2025-06-24 09:20:25,492 - INFO - 📍 Episode 244: MIN_STEPS + CHECKPOINTS | Reward: -2366.0 | Steps: 200
2025-06-24 09:20:25,492 - INFO - Episode 245/250 started - Strategy: CuriosityStrategy
2025-06-24 09:21:02,764 - INFO - 📍 Episode 245: MIN_STEPS + CHECKPOINTS | Reward: -2455.0 | Steps: 200
2025-06-24 09:21:02,765 - INFO - Episode 246/250 started - Strategy: CuriosityStrategy
2025-06-24 09:21:40,329 - INFO - 📍 Episode 246: MIN_STEPS + CHECKPOINTS | Reward: -1967.0 | Steps: 200
2025-06-24 09:21:40,330 - INFO - Episode 247/250 started - Strategy: CuriosityStrategy
2025-06-24 09:22:16,995 - INFO - 📍 Episode 247: MIN_STEPS + CHECKPOINTS | Reward: -3173.0 | Steps: 200
2025-06-24 09:22:16,996 - INFO - Episode 248/250 started - Strategy: CuriosityStrategy
2025-06-24 09:22:54,257 - INFO - 📍 Episode 248: MIN_STEPS + CHECKPOINTS | Reward: -2326.0 | Steps: 200
2025-06-24 09:22:54,258 - INFO - Episode 249/250 started - Strategy: CuriosityStrategy
2025-06-24 09:23:32,221 - INFO - 📍 Episode 249: MIN_STEPS + CHECKPOINTS | Reward: -2741.0 | Steps: 200
2025-06-24 09:23:32,224 - INFO - Episode 250/250 started - Strategy: CuriosityStrategy
2025-06-24 09:24:09,550 - INFO - 📍 Episode 250: MIN_STEPS + CHECKPOINTS | Reward: -2732.0 | Steps: 200
2025-06-24 09:24:09,554 - INFO - Episodes completed: 250
2025-06-24 09:24:09,554 - INFO - Average reward (last 50): -2805.76
2025-06-24 09:24:09,554 - INFO - Average steps (last 50): 199.6
2025-06-24 09:24:09,554 - INFO - Success rate (last 50): 2.0%
2025-06-24 09:24:09,554 - INFO - Min steps achieved (last 50): 50/50 (100.0%)
2025-06-24 09:24:09,554 - INFO - States explored: 96
2025-06-24 09:24:09,554 - INFO - Total checkpoints reached: 636
2025-06-24 09:24:09,554 - INFO - Unique checkpoints discovered: 4
2025-06-24 09:24:09,554 - INFO - Episodes with checkpoints: 240/250
2025-06-24 09:24:09,555 - INFO - Episodes reaching min_steps: 250/250
2025-06-24 09:24:09,555 - INFO - Checkpoint values found: [1, 2, 3, 4]
2025-06-24 09:24:09,557 - INFO - ✅ Training completed!
2025-06-24 09:24:09,557 - INFO - === FINAL TRAINING STATISTICS ===
2025-06-24 09:24:09,557 - INFO -   total_episodes: 2500
2025-06-24 09:24:09,557 - INFO -   states_explored: 96
2025-06-24 09:24:09,558 - INFO -   avg_reward: -3149.1414
2025-06-24 09:24:09,558 - INFO -   max_reward: 2010.5
2025-06-24 09:24:09,558 - INFO -   success_rate: 0.0348
2025-06-24 09:24:09,558 - INFO -   strategy_info: {'base_epsilon': 0.65, 'novelty_bonus': 5.0, 'states_discovered': 96}
2025-06-24 09:24:09,558 - INFO - === FINAL CHECKPOINT ANALYSIS ===
2025-06-24 09:24:09,558 - INFO -   Checkpoint discovery rate: 0.002 unique/episode
2025-06-24 09:24:09,558 - INFO -   Checkpoint frequency: 0.254 checkpoints/episode
2025-06-24 09:24:09,558 - INFO -   Min steps achievement rate: 10.0%
2025-06-24 09:24:09,558 - INFO -   Best checkpoint reached: 4
2025-06-24 09:24:09,558 - INFO -   Maze progress: 80.0% (checkpoints discovered)
2025-06-24 09:24:09,559 - INFO - DDS stopped.
