2025-06-23 20:13:44,513 - INFO - Strategy initialized: CuriosityStrategy
2025-06-23 20:13:44,513 - INFO - Strategy info: {'base_epsilon': 0.65, 'novelty_bonus': 5.0, 'states_discovered': 0}
2025-06-23 20:13:44,513 - INFO - CLI mode selected: continue
2025-06-23 20:13:44,513 - INFO - Continuing training for 100 additional episodes.
2025-06-23 20:13:44,513 - INFO - ================================================================================
2025-06-23 20:13:44,513 - INFO - 🚀 STARTING TRAINING SESSION
2025-06-23 20:13:44,513 - INFO - ================================================================================
2025-06-23 20:13:44,513 - INFO - Episodes: 100
2025-06-23 20:13:44,513 - INFO - Strategy: curiosity
2025-06-23 20:13:44,513 - INFO - Min steps per episode: 100
2025-06-23 20:13:44,513 - INFO - Max steps per episode: 200
2025-06-23 20:13:44,513 - INFO - Model path: models/q_agent.pkl
2025-06-23 20:13:44,513 - INFO - ================================================================================
2025-06-23 20:13:44,515 - INFO - 🔗 Connected to Godot simulation!
2025-06-23 20:13:44,515 - INFO - Episode 1/100 started - Strategy: CuriosityStrategy
2025-06-23 20:14:22,874 - INFO - 📍 Episode 1: MIN_STEPS + CHECKPOINTS | Reward: -3065.0 | Steps: 200
2025-06-23 20:14:22,876 - INFO - Episode 2/100 started - Strategy: CuriosityStrategy
2025-06-23 20:15:01,261 - INFO - 📍 Episode 2: MIN_STEPS + CHECKPOINTS | Reward: -3254.0 | Steps: 200
2025-06-23 20:15:01,261 - INFO - Episode 3/100 started - Strategy: CuriosityStrategy
2025-06-23 20:15:38,504 - INFO - 📍 Episode 3: MIN_STEPS + CHECKPOINTS | Reward: -3631.0 | Steps: 200
2025-06-23 20:15:38,504 - INFO - Episode 4/100 started - Strategy: CuriosityStrategy
2025-06-23 20:16:16,547 - INFO - 📍 Episode 4: MIN_STEPS + CHECKPOINTS | Reward: -3511.0 | Steps: 200
2025-06-23 20:16:16,549 - INFO - Episode 5/100 started - Strategy: CuriosityStrategy
2025-06-23 20:16:54,014 - INFO - 🏆 Episode 5: GOAL REACHED | Reward: -373.0 | Steps: 190
2025-06-23 20:16:54,014 - INFO - Episode 6/100 started - Strategy: CuriosityStrategy
2025-06-23 20:17:31,991 - INFO - 📍 Episode 6: MIN_STEPS + CHECKPOINTS | Reward: -3970.0 | Steps: 200
2025-06-23 20:17:31,992 - INFO - Episode 7/100 started - Strategy: CuriosityStrategy
2025-06-23 20:18:05,669 - INFO - 🏆 Episode 7: GOAL REACHED | Reward: 1047.5 | Steps: 171
2025-06-23 20:18:05,670 - INFO - Episode 8/100 started - Strategy: CuriosityStrategy
2025-06-23 20:18:45,216 - INFO - 📍 Episode 8: MIN_STEPS + CHECKPOINTS | Reward: -2401.0 | Steps: 200
2025-06-23 20:18:45,216 - INFO - Episode 9/100 started - Strategy: CuriosityStrategy
2025-06-23 20:19:24,749 - INFO - 📍 Episode 9: MIN_STEPS + CHECKPOINTS | Reward: -2185.0 | Steps: 200
2025-06-23 20:19:24,750 - INFO - Episode 10/100 started - Strategy: CuriosityStrategy
2025-06-23 20:19:52,077 - INFO - 🏆 Episode 10: GOAL REACHED | Reward: 1516.0 | Steps: 134
2025-06-23 20:19:52,081 - INFO - Episodes completed: 10
2025-06-23 20:19:52,081 - INFO - Average reward (last 50): -2773.68
2025-06-23 20:19:52,081 - INFO - Average steps (last 50): 196.6
2025-06-23 20:19:52,081 - INFO - Success rate (last 50): 14.0%
2025-06-23 20:19:52,081 - INFO - Min steps achieved (last 50): 50/50 (100.0%)
2025-06-23 20:19:52,082 - INFO - States explored: 77
2025-06-23 20:19:52,082 - INFO - Total checkpoints reached: 32
2025-06-23 20:19:52,082 - INFO - Unique checkpoints discovered: 4
2025-06-23 20:19:52,082 - INFO - Episodes with checkpoints: 10/10
2025-06-23 20:19:52,082 - INFO - Episodes reaching min_steps: 10/10
2025-06-23 20:19:52,082 - INFO - Checkpoint values found: [1, 2, 3, 4]
2025-06-23 20:19:52,082 - INFO - Episode 11/100 started - Strategy: CuriosityStrategy
2025-06-23 20:20:30,502 - INFO - 📍 Episode 11: MIN_STEPS + CHECKPOINTS | Reward: -3200.0 | Steps: 200
2025-06-23 20:20:30,502 - INFO - Episode 12/100 started - Strategy: CuriosityStrategy
2025-06-23 20:21:09,184 - INFO - 📍 Episode 12: MIN_STEPS + CHECKPOINTS | Reward: -2372.0 | Steps: 200
2025-06-23 20:21:09,184 - INFO - Episode 13/100 started - Strategy: CuriosityStrategy
2025-06-23 20:21:48,290 - INFO - 📍 Episode 13: MIN_STEPS + CHECKPOINTS | Reward: -3197.0 | Steps: 200
2025-06-23 20:21:48,290 - INFO - Episode 14/100 started - Strategy: CuriosityStrategy
2025-06-23 20:22:27,547 - INFO - 📍 Episode 14: MIN_STEPS + CHECKPOINTS | Reward: -3197.0 | Steps: 200
2025-06-23 20:22:27,548 - INFO - Episode 15/100 started - Strategy: CuriosityStrategy
2025-06-23 20:22:54,886 - INFO - 🏆 Episode 15: GOAL REACHED | Reward: 1361.0 | Steps: 136
2025-06-23 20:22:54,886 - INFO - Episode 16/100 started - Strategy: CuriosityStrategy
2025-06-23 20:23:33,857 - INFO - 📍 Episode 16: MIN_STEPS + CHECKPOINTS | Reward: -3299.0 | Steps: 200
2025-06-23 20:23:33,857 - INFO - Episode 17/100 started - Strategy: CuriosityStrategy
2025-06-23 20:24:12,570 - INFO - 📍 Episode 17: MIN_STEPS + CHECKPOINTS | Reward: -3928.0 | Steps: 200
2025-06-23 20:24:12,570 - INFO - Episode 18/100 started - Strategy: CuriosityStrategy
2025-06-23 20:24:49,611 - INFO - 📍 Episode 18: MIN_STEPS + CHECKPOINTS | Reward: -3782.0 | Steps: 200
2025-06-23 20:24:49,612 - INFO - Episode 19/100 started - Strategy: CuriosityStrategy
2025-06-23 20:25:28,627 - INFO - 📍 Episode 19: MIN_STEPS + CHECKPOINTS | Reward: -2816.0 | Steps: 200
2025-06-23 20:25:28,628 - INFO - Episode 20/100 started - Strategy: CuriosityStrategy
2025-06-23 20:26:04,457 - INFO - 🏆 Episode 20: GOAL REACHED | Reward: 811.5 | Steps: 179
2025-06-23 20:26:04,459 - INFO - Episodes completed: 20
2025-06-23 20:26:04,459 - INFO - Average reward (last 50): -2675.68
2025-06-23 20:26:04,460 - INFO - Average steps (last 50): 195.2
2025-06-23 20:26:04,460 - INFO - Success rate (last 50): 16.0%
2025-06-23 20:26:04,460 - INFO - Min steps achieved (last 50): 50/50 (100.0%)
2025-06-23 20:26:04,460 - INFO - States explored: 77
2025-06-23 20:26:04,460 - INFO - Total checkpoints reached: 64
2025-06-23 20:26:04,460 - INFO - Unique checkpoints discovered: 4
2025-06-23 20:26:04,460 - INFO - Episodes with checkpoints: 20/20
2025-06-23 20:26:04,460 - INFO - Episodes reaching min_steps: 20/20
2025-06-23 20:26:04,460 - INFO - Checkpoint values found: [1, 2, 3, 4]
2025-06-23 20:26:04,460 - INFO - Episode 21/100 started - Strategy: CuriosityStrategy
2025-06-23 20:26:43,086 - INFO - 📍 Episode 21: MIN_STEPS + CHECKPOINTS | Reward: -3039.0 | Steps: 200
2025-06-23 20:26:43,086 - INFO - Episode 22/100 started - Strategy: CuriosityStrategy
2025-06-23 20:27:13,646 - INFO - 🏆 Episode 22: GOAL REACHED | Reward: 954.0 | Steps: 152
2025-06-23 20:27:13,647 - INFO - Episode 23/100 started - Strategy: CuriosityStrategy
2025-06-23 20:27:52,627 - INFO - 📍 Episode 23: MIN_STEPS + CHECKPOINTS | Reward: -3641.0 | Steps: 200
2025-06-23 20:27:52,627 - INFO - Episode 24/100 started - Strategy: CuriosityStrategy
2025-06-23 20:28:30,368 - INFO - 📍 Episode 24: MIN_STEPS + CHECKPOINTS | Reward: -2881.0 | Steps: 200
2025-06-23 20:28:30,368 - INFO - Episode 25/100 started - Strategy: CuriosityStrategy
2025-06-23 20:29:08,006 - INFO - 📍 Episode 25: MIN_STEPS + CHECKPOINTS | Reward: -3943.0 | Steps: 200
2025-06-23 20:29:08,006 - INFO - Episode 26/100 started - Strategy: CuriosityStrategy
2025-06-23 20:29:46,565 - INFO - 📍 Episode 26: MIN_STEPS + CHECKPOINTS | Reward: -3384.0 | Steps: 200
2025-06-23 20:29:46,566 - INFO - Episode 27/100 started - Strategy: CuriosityStrategy
2025-06-23 20:30:25,458 - INFO - 📍 Episode 27: MIN_STEPS + CHECKPOINTS | Reward: -2907.0 | Steps: 200
2025-06-23 20:30:25,458 - INFO - Episode 28/100 started - Strategy: CuriosityStrategy
2025-06-23 20:31:03,312 - INFO - 📍 Episode 28: MIN_STEPS + CHECKPOINTS | Reward: -3889.0 | Steps: 200
2025-06-23 20:31:03,312 - INFO - Episode 29/100 started - Strategy: CuriosityStrategy
2025-06-23 20:31:41,051 - INFO - 📍 Episode 29: MIN_STEPS + CHECKPOINTS | Reward: -3367.0 | Steps: 200
2025-06-23 20:31:41,051 - INFO - Episode 30/100 started - Strategy: CuriosityStrategy
2025-06-23 20:32:17,210 - INFO - 🏆 Episode 30: GOAL REACHED | Reward: 42.5 | Steps: 181
2025-06-23 20:32:17,213 - INFO - Episodes completed: 30
2025-06-23 20:32:17,213 - INFO - Average reward (last 50): -2598.64
2025-06-23 20:32:17,213 - INFO - Average steps (last 50): 194.0
2025-06-23 20:32:17,213 - INFO - Success rate (last 50): 18.0%
2025-06-23 20:32:17,213 - INFO - Min steps achieved (last 50): 50/50 (100.0%)
2025-06-23 20:32:17,213 - INFO - States explored: 77
2025-06-23 20:32:17,213 - INFO - Total checkpoints reached: 93
2025-06-23 20:32:17,213 - INFO - Unique checkpoints discovered: 4
2025-06-23 20:32:17,213 - INFO - Episodes with checkpoints: 30/30
2025-06-23 20:32:17,213 - INFO - Episodes reaching min_steps: 30/30
2025-06-23 20:32:17,214 - INFO - Checkpoint values found: [1, 2, 3, 4]
2025-06-23 20:32:17,214 - INFO - Episode 31/100 started - Strategy: CuriosityStrategy
2025-06-23 20:32:55,656 - INFO - 📍 Episode 31: MIN_STEPS + CHECKPOINTS | Reward: -3086.0 | Steps: 200
2025-06-23 20:32:55,657 - INFO - Episode 32/100 started - Strategy: CuriosityStrategy
2025-06-23 20:33:33,288 - INFO - 📍 Episode 32: MIN_STEPS + CHECKPOINTS | Reward: -3341.0 | Steps: 200
2025-06-23 20:33:33,288 - INFO - Episode 33/100 started - Strategy: CuriosityStrategy
2025-06-23 20:34:12,275 - INFO - 📍 Episode 33: MIN_STEPS + CHECKPOINTS | Reward: -3352.0 | Steps: 200
2025-06-23 20:34:12,275 - INFO - Episode 34/100 started - Strategy: CuriosityStrategy
2025-06-23 20:34:51,819 - INFO - 📍 Episode 34: MIN_STEPS + CHECKPOINTS | Reward: -2891.0 | Steps: 200
2025-06-23 20:34:51,819 - INFO - Episode 35/100 started - Strategy: CuriosityStrategy
2025-06-23 20:35:31,531 - INFO - 📍 Episode 35: MIN_STEPS + CHECKPOINTS | Reward: -2290.0 | Steps: 200
2025-06-23 20:35:31,532 - INFO - Episode 36/100 started - Strategy: CuriosityStrategy
2025-06-23 20:36:00,211 - INFO - 🏆 Episode 36: GOAL REACHED | Reward: 1468.5 | Steps: 141
2025-06-23 20:36:00,211 - INFO - Episode 37/100 started - Strategy: CuriosityStrategy
2025-06-23 20:36:39,733 - INFO - 📍 Episode 37: MIN_STEPS + CHECKPOINTS | Reward: -2167.0 | Steps: 200
2025-06-23 20:36:39,734 - INFO - Episode 38/100 started - Strategy: CuriosityStrategy
2025-06-23 20:37:18,545 - INFO - 📍 Episode 38: MIN_STEPS + CHECKPOINTS | Reward: -3827.0 | Steps: 200
2025-06-23 20:37:18,546 - INFO - Episode 39/100 started - Strategy: CuriosityStrategy
2025-06-23 20:37:57,216 - INFO - 📍 Episode 39: MIN_STEPS + CHECKPOINTS | Reward: -3248.0 | Steps: 200
2025-06-23 20:37:57,217 - INFO - Episode 40/100 started - Strategy: CuriosityStrategy
2025-06-23 20:38:36,002 - INFO - 📍 Episode 40: MIN_STEPS + CHECKPOINTS | Reward: -2908.0 | Steps: 200
2025-06-23 20:38:36,004 - INFO - Episodes completed: 40
2025-06-23 20:38:36,004 - INFO - Average reward (last 50): -2546.76
2025-06-23 20:38:36,004 - INFO - Average steps (last 50): 193.7
2025-06-23 20:38:36,005 - INFO - Success rate (last 50): 18.0%
2025-06-23 20:38:36,005 - INFO - Min steps achieved (last 50): 50/50 (100.0%)
2025-06-23 20:38:36,005 - INFO - States explored: 77
2025-06-23 20:38:36,005 - INFO - Total checkpoints reached: 125
2025-06-23 20:38:36,005 - INFO - Unique checkpoints discovered: 4
2025-06-23 20:38:36,005 - INFO - Episodes with checkpoints: 40/40
2025-06-23 20:38:36,005 - INFO - Episodes reaching min_steps: 40/40
2025-06-23 20:38:36,005 - INFO - Checkpoint values found: [1, 2, 3, 4]
2025-06-23 20:38:36,006 - INFO - Episode 41/100 started - Strategy: CuriosityStrategy
2025-06-23 20:39:14,115 - INFO - 📍 Episode 41: MIN_STEPS + CHECKPOINTS | Reward: -2912.0 | Steps: 200
2025-06-23 20:39:14,115 - INFO - Episode 42/100 started - Strategy: CuriosityStrategy
2025-06-23 20:39:53,647 - INFO - 📍 Episode 42: MIN_STEPS + CHECKPOINTS | Reward: -2087.0 | Steps: 200
2025-06-23 20:39:53,647 - INFO - Episode 43/100 started - Strategy: CuriosityStrategy
2025-06-23 20:40:13,778 - INFO - ✅ Episode 43: MIN_STEPS REACHED | Reward: -6250.0 | Steps: 200
2025-06-23 20:40:13,778 - INFO - Episode 44/100 started - Strategy: CuriosityStrategy
2025-06-23 20:40:52,577 - INFO - 📍 Episode 44: MIN_STEPS + CHECKPOINTS | Reward: -2954.0 | Steps: 200
2025-06-23 20:40:52,578 - INFO - Episode 45/100 started - Strategy: CuriosityStrategy
2025-06-23 20:41:26,449 - INFO - 🏆 Episode 45: GOAL REACHED | Reward: 389.5 | Steps: 173
2025-06-23 20:41:26,449 - INFO - Episode 46/100 started - Strategy: CuriosityStrategy
2025-06-23 20:42:05,565 - INFO - 📍 Episode 46: MIN_STEPS + CHECKPOINTS | Reward: -3580.0 | Steps: 200
2025-06-23 20:42:05,565 - INFO - Episode 47/100 started - Strategy: CuriosityStrategy
2025-06-23 20:42:44,339 - INFO - 📍 Episode 47: MIN_STEPS + CHECKPOINTS | Reward: -3443.0 | Steps: 200
2025-06-23 20:42:44,340 - INFO - Episode 48/100 started - Strategy: CuriosityStrategy
2025-06-23 20:43:22,389 - INFO - 📍 Episode 48: MIN_STEPS + CHECKPOINTS | Reward: -3745.0 | Steps: 200
2025-06-23 20:43:22,389 - INFO - Episode 49/100 started - Strategy: CuriosityStrategy
2025-06-23 20:43:49,339 - INFO - 🏆 Episode 49: GOAL REACHED | Reward: 1471.5 | Steps: 133
2025-06-23 20:43:49,340 - INFO - Episode 50/100 started - Strategy: CuriosityStrategy
2025-06-23 20:44:27,655 - INFO - 📍 Episode 50: MIN_STEPS + CHECKPOINTS | Reward: -2824.0 | Steps: 200
2025-06-23 20:44:27,659 - INFO - Episodes completed: 50
2025-06-23 20:44:27,659 - INFO - Average reward (last 50): -2421.50
2025-06-23 20:44:27,659 - INFO - Average steps (last 50): 191.8
2025-06-23 20:44:27,659 - INFO - Success rate (last 50): 20.0%
2025-06-23 20:44:27,660 - INFO - Min steps achieved (last 50): 50/50 (100.0%)
2025-06-23 20:44:27,660 - INFO - States explored: 78
2025-06-23 20:44:27,660 - INFO - Total checkpoints reached: 154
2025-06-23 20:44:27,660 - INFO - Unique checkpoints discovered: 4
2025-06-23 20:44:27,660 - INFO - Episodes with checkpoints: 49/50
2025-06-23 20:44:27,660 - INFO - Episodes reaching min_steps: 50/50
2025-06-23 20:44:27,660 - INFO - Checkpoint values found: [1, 2, 3, 4]
2025-06-23 20:44:27,660 - INFO - Episode 51/100 started - Strategy: CuriosityStrategy
2025-06-23 20:45:07,155 - INFO - 📍 Episode 51: MIN_STEPS + CHECKPOINTS | Reward: -3083.0 | Steps: 200
2025-06-23 20:45:07,156 - INFO - Episode 52/100 started - Strategy: CuriosityStrategy
2025-06-23 20:45:45,160 - INFO - 🏆 Episode 52: GOAL REACHED | Reward: 188.0 | Steps: 192
2025-06-23 20:45:45,161 - INFO - Episode 53/100 started - Strategy: CuriosityStrategy
2025-06-23 20:46:23,424 - INFO - 📍 Episode 53: MIN_STEPS + CHECKPOINTS | Reward: -3760.0 | Steps: 200
2025-06-23 20:46:23,424 - INFO - Episode 54/100 started - Strategy: CuriosityStrategy
2025-06-23 20:47:01,342 - INFO - 📍 Episode 54: MIN_STEPS + CHECKPOINTS | Reward: -4296.0 | Steps: 200
2025-06-23 20:47:01,342 - INFO - Episode 55/100 started - Strategy: CuriosityStrategy
2025-06-23 20:47:40,878 - INFO - 📍 Episode 55: MIN_STEPS + CHECKPOINTS | Reward: -1897.0 | Steps: 200
2025-06-23 20:47:40,879 - INFO - Episode 56/100 started - Strategy: CuriosityStrategy
2025-06-23 20:48:20,023 - INFO - 📍 Episode 56: MIN_STEPS + CHECKPOINTS | Reward: -2702.0 | Steps: 200
2025-06-23 20:48:20,024 - INFO - Episode 57/100 started - Strategy: CuriosityStrategy
2025-06-23 20:48:56,444 - INFO - 🏆 Episode 57: GOAL REACHED | Reward: 35.0 | Steps: 184
2025-06-23 20:48:56,444 - INFO - Episode 58/100 started - Strategy: CuriosityStrategy
2025-06-23 20:49:35,519 - INFO - 📍 Episode 58: MIN_STEPS + CHECKPOINTS | Reward: -3538.0 | Steps: 200
2025-06-23 20:49:35,519 - INFO - Episode 59/100 started - Strategy: CuriosityStrategy
2025-06-23 20:50:14,169 - INFO - 📍 Episode 59: MIN_STEPS + CHECKPOINTS | Reward: -3191.0 | Steps: 200
2025-06-23 20:50:14,169 - INFO - Episode 60/100 started - Strategy: CuriosityStrategy
2025-06-23 20:50:51,674 - INFO - 📍 Episode 60: MIN_STEPS + CHECKPOINTS | Reward: -3721.0 | Steps: 200
2025-06-23 20:50:51,676 - INFO - Episodes completed: 60
2025-06-23 20:50:51,677 - INFO - Average reward (last 50): -2544.27
2025-06-23 20:50:51,677 - INFO - Average steps (last 50): 193.4
2025-06-23 20:50:51,677 - INFO - Success rate (last 50): 18.0%
2025-06-23 20:50:51,677 - INFO - Min steps achieved (last 50): 50/50 (100.0%)
2025-06-23 20:50:51,677 - INFO - States explored: 78
2025-06-23 20:50:51,677 - INFO - Total checkpoints reached: 182
2025-06-23 20:50:51,677 - INFO - Unique checkpoints discovered: 4
2025-06-23 20:50:51,677 - INFO - Episodes with checkpoints: 59/60
2025-06-23 20:50:51,677 - INFO - Episodes reaching min_steps: 60/60
2025-06-23 20:50:51,677 - INFO - Checkpoint values found: [1, 2, 3, 4]
2025-06-23 20:50:51,677 - INFO - Episode 61/100 started - Strategy: CuriosityStrategy
2025-06-23 20:51:30,107 - INFO - 📍 Episode 61: MIN_STEPS + CHECKPOINTS | Reward: -3229.0 | Steps: 200
2025-06-23 20:51:30,108 - INFO - Episode 62/100 started - Strategy: CuriosityStrategy
2025-06-23 20:52:04,522 - INFO - 🏆 Episode 62: GOAL REACHED | Reward: 134.5 | Steps: 177
2025-06-23 20:52:04,523 - INFO - Episode 63/100 started - Strategy: CuriosityStrategy
2025-06-23 20:52:42,114 - INFO - 📍 Episode 63: MIN_STEPS + CHECKPOINTS | Reward: -3745.0 | Steps: 200
2025-06-23 20:52:42,116 - INFO - Episode 64/100 started - Strategy: CuriosityStrategy
2025-06-23 20:53:21,662 - INFO - 📍 Episode 64: MIN_STEPS + CHECKPOINTS | Reward: -2921.0 | Steps: 200
2025-06-23 20:53:21,662 - INFO - Episode 65/100 started - Strategy: CuriosityStrategy
2025-06-23 20:54:00,056 - INFO - 📍 Episode 65: MIN_STEPS + CHECKPOINTS | Reward: -3514.0 | Steps: 200
2025-06-23 20:54:00,056 - INFO - Episode 66/100 started - Strategy: CuriosityStrategy
2025-06-23 20:54:38,165 - INFO - 📍 Episode 66: MIN_STEPS + CHECKPOINTS | Reward: -4012.0 | Steps: 200
2025-06-23 20:54:38,166 - INFO - Episode 67/100 started - Strategy: CuriosityStrategy
2025-06-23 20:55:15,488 - INFO - 📍 Episode 67: MIN_STEPS + CHECKPOINTS | Reward: -4204.0 | Steps: 200
2025-06-23 20:55:15,490 - INFO - Episode 68/100 started - Strategy: CuriosityStrategy
2025-06-23 20:55:54,297 - INFO - 📍 Episode 68: MIN_STEPS + CHECKPOINTS | Reward: -3724.0 | Steps: 200
2025-06-23 20:55:54,298 - INFO - Episode 69/100 started - Strategy: CuriosityStrategy
2025-06-23 20:56:30,365 - INFO - 🏆 Episode 69: GOAL REACHED | Reward: 496.0 | Steps: 180
2025-06-23 20:56:30,366 - INFO - Episode 70/100 started - Strategy: CuriosityStrategy
2025-06-23 20:57:06,526 - INFO - 🏆 Episode 70: GOAL REACHED | Reward: 460.5 | Steps: 179
2025-06-23 20:57:06,529 - INFO - Episodes completed: 70
2025-06-23 20:57:06,530 - INFO - Average reward (last 50): -2557.06
2025-06-23 20:57:06,530 - INFO - Average steps (last 50): 193.8
2025-06-23 20:57:06,530 - INFO - Success rate (last 50): 20.0%
2025-06-23 20:57:06,530 - INFO - Min steps achieved (last 50): 50/50 (100.0%)
2025-06-23 20:57:06,530 - INFO - States explored: 78
2025-06-23 20:57:06,530 - INFO - Total checkpoints reached: 209
2025-06-23 20:57:06,530 - INFO - Unique checkpoints discovered: 4
2025-06-23 20:57:06,530 - INFO - Episodes with checkpoints: 69/70
2025-06-23 20:57:06,530 - INFO - Episodes reaching min_steps: 70/70
2025-06-23 20:57:06,531 - INFO - Checkpoint values found: [1, 2, 3, 4]
2025-06-23 20:57:06,531 - INFO - Episode 71/100 started - Strategy: CuriosityStrategy
2025-06-23 20:57:46,195 - INFO - 📍 Episode 71: MIN_STEPS + CHECKPOINTS | Reward: -2647.0 | Steps: 200
2025-06-23 20:57:46,196 - INFO - Episode 72/100 started - Strategy: CuriosityStrategy
2025-06-23 20:58:24,907 - INFO - 📍 Episode 72: MIN_STEPS + CHECKPOINTS | Reward: -3793.0 | Steps: 200
2025-06-23 20:58:24,907 - INFO - Episode 73/100 started - Strategy: CuriosityStrategy
2025-06-23 20:58:58,553 - INFO - 🏆 Episode 73: GOAL REACHED | Reward: 866.0 | Steps: 168
2025-06-23 20:58:58,554 - INFO - Episode 74/100 started - Strategy: CuriosityStrategy
2025-06-23 20:59:37,774 - INFO - 📍 Episode 74: MIN_STEPS + CHECKPOINTS | Reward: -2460.0 | Steps: 200
2025-06-23 20:59:37,774 - INFO - Episode 75/100 started - Strategy: CuriosityStrategy
2025-06-23 21:00:16,167 - INFO - 📍 Episode 75: MIN_STEPS + CHECKPOINTS | Reward: -3155.0 | Steps: 200
2025-06-23 21:00:16,168 - INFO - Episode 76/100 started - Strategy: CuriosityStrategy
2025-06-23 21:00:54,264 - INFO - 📍 Episode 76: MIN_STEPS + CHECKPOINTS | Reward: -3053.0 | Steps: 200
2025-06-23 21:00:54,264 - INFO - Episode 77/100 started - Strategy: CuriosityStrategy
2025-06-23 21:01:33,420 - INFO - 📍 Episode 77: MIN_STEPS + CHECKPOINTS | Reward: -3147.0 | Steps: 200
2025-06-23 21:01:33,421 - INFO - Episode 78/100 started - Strategy: CuriosityStrategy
2025-06-23 21:02:13,599 - INFO - 📍 Episode 78: MIN_STEPS + CHECKPOINTS | Reward: -1426.0 | Steps: 200
2025-06-23 21:02:13,600 - INFO - Episode 79/100 started - Strategy: CuriosityStrategy
2025-06-23 21:02:51,149 - INFO - 📍 Episode 79: MIN_STEPS + CHECKPOINTS | Reward: -4042.0 | Steps: 200
2025-06-23 21:02:51,150 - INFO - Episode 80/100 started - Strategy: CuriosityStrategy
2025-06-23 21:03:30,532 - INFO - 📍 Episode 80: MIN_STEPS + CHECKPOINTS | Reward: -2969.0 | Steps: 200
2025-06-23 21:03:30,534 - INFO - Episodes completed: 80
2025-06-23 21:03:30,534 - INFO - Average reward (last 50): -2552.49
2025-06-23 21:03:30,534 - INFO - Average steps (last 50): 194.5
2025-06-23 21:03:30,535 - INFO - Success rate (last 50): 18.0%
2025-06-23 21:03:30,535 - INFO - Min steps achieved (last 50): 50/50 (100.0%)
2025-06-23 21:03:30,535 - INFO - States explored: 78
2025-06-23 21:03:30,535 - INFO - Total checkpoints reached: 241
2025-06-23 21:03:30,535 - INFO - Unique checkpoints discovered: 4
2025-06-23 21:03:30,535 - INFO - Episodes with checkpoints: 79/80
2025-06-23 21:03:30,535 - INFO - Episodes reaching min_steps: 80/80
2025-06-23 21:03:30,535 - INFO - Checkpoint values found: [1, 2, 3, 4]
2025-06-23 21:03:30,535 - INFO - Episode 81/100 started - Strategy: CuriosityStrategy
2025-06-23 21:04:08,505 - INFO - 📍 Episode 81: MIN_STEPS + CHECKPOINTS | Reward: -3448.0 | Steps: 200
2025-06-23 21:04:08,506 - INFO - Episode 82/100 started - Strategy: CuriosityStrategy
2025-06-23 21:04:46,850 - INFO - 📍 Episode 82: MIN_STEPS + CHECKPOINTS | Reward: -3874.0 | Steps: 200
2025-06-23 21:04:46,851 - INFO - Episode 83/100 started - Strategy: CuriosityStrategy
2025-06-23 21:05:25,535 - INFO - 📍 Episode 83: MIN_STEPS + CHECKPOINTS | Reward: -3652.0 | Steps: 200
2025-06-23 21:05:25,535 - INFO - Episode 84/100 started - Strategy: CuriosityStrategy
2025-06-23 21:06:03,593 - INFO - 📍 Episode 84: MIN_STEPS + CHECKPOINTS | Reward: -3967.0 | Steps: 200
2025-06-23 21:06:03,594 - INFO - Episode 85/100 started - Strategy: CuriosityStrategy
2025-06-23 21:06:42,192 - INFO - 📍 Episode 85: MIN_STEPS + CHECKPOINTS | Reward: -3242.0 | Steps: 200
2025-06-23 21:06:42,193 - INFO - Episode 86/100 started - Strategy: CuriosityStrategy
2025-06-23 21:07:20,914 - INFO - 📍 Episode 86: MIN_STEPS + CHECKPOINTS | Reward: -3206.0 | Steps: 200
2025-06-23 21:07:20,916 - INFO - Episode 87/100 started - Strategy: CuriosityStrategy
2025-06-23 21:07:59,659 - INFO - 📍 Episode 87: MIN_STEPS + CHECKPOINTS | Reward: -2846.0 | Steps: 200
2025-06-23 21:07:59,660 - INFO - Episode 88/100 started - Strategy: CuriosityStrategy
2025-06-23 21:08:22,979 - INFO - 🏆 Episode 88: GOAL REACHED | Reward: 2010.5 | Steps: 113
2025-06-23 21:08:22,979 - INFO - Episode 89/100 started - Strategy: CuriosityStrategy
2025-06-23 21:09:02,576 - INFO - 📍 Episode 89: MIN_STEPS + CHECKPOINTS | Reward: -3147.0 | Steps: 200
2025-06-23 21:09:02,577 - INFO - Episode 90/100 started - Strategy: CuriosityStrategy
2025-06-23 21:09:42,340 - INFO - 📍 Episode 90: MIN_STEPS + CHECKPOINTS | Reward: -2014.0 | Steps: 200
2025-06-23 21:09:42,342 - INFO - Episodes completed: 90
2025-06-23 21:09:42,342 - INFO - Average reward (last 50): -2587.37
2025-06-23 21:09:42,342 - INFO - Average steps (last 50): 194.0
2025-06-23 21:09:42,342 - INFO - Success rate (last 50): 18.0%
2025-06-23 21:09:42,342 - INFO - Min steps achieved (last 50): 50/50 (100.0%)
2025-06-23 21:09:42,342 - INFO - States explored: 78
2025-06-23 21:09:42,343 - INFO - Total checkpoints reached: 269
2025-06-23 21:09:42,343 - INFO - Unique checkpoints discovered: 4
2025-06-23 21:09:42,343 - INFO - Episodes with checkpoints: 89/90
2025-06-23 21:09:42,343 - INFO - Episodes reaching min_steps: 90/90
2025-06-23 21:09:42,343 - INFO - Checkpoint values found: [1, 2, 3, 4]
2025-06-23 21:09:42,343 - INFO - Episode 91/100 started - Strategy: CuriosityStrategy
2025-06-23 21:10:21,324 - INFO - 📍 Episode 91: MIN_STEPS + CHECKPOINTS | Reward: -2679.0 | Steps: 200
2025-06-23 21:10:21,324 - INFO - Episode 92/100 started - Strategy: CuriosityStrategy
2025-06-23 21:11:00,425 - INFO - 📍 Episode 92: MIN_STEPS + CHECKPOINTS | Reward: -3230.0 | Steps: 200
2025-06-23 21:11:00,425 - INFO - Episode 93/100 started - Strategy: CuriosityStrategy
2025-06-23 21:11:38,770 - INFO - 📍 Episode 93: MIN_STEPS + CHECKPOINTS | Reward: -3688.0 | Steps: 200
2025-06-23 21:11:38,772 - INFO - Episode 94/100 started - Strategy: CuriosityStrategy
2025-06-23 21:12:17,830 - INFO - 📍 Episode 94: MIN_STEPS + CHECKPOINTS | Reward: -2410.0 | Steps: 200
2025-06-23 21:12:17,832 - INFO - Episode 95/100 started - Strategy: CuriosityStrategy
2025-06-23 21:12:57,209 - INFO - 📍 Episode 95: MIN_STEPS + CHECKPOINTS | Reward: -2293.0 | Steps: 200
2025-06-23 21:12:57,211 - INFO - Episode 96/100 started - Strategy: CuriosityStrategy
2025-06-23 21:13:36,126 - INFO - 📍 Episode 96: MIN_STEPS + CHECKPOINTS | Reward: -2275.0 | Steps: 200
2025-06-23 21:13:36,127 - INFO - Episode 97/100 started - Strategy: CuriosityStrategy
2025-06-23 21:14:14,858 - INFO - 📍 Episode 97: MIN_STEPS + CHECKPOINTS | Reward: -2936.0 | Steps: 200
2025-06-23 21:14:14,858 - INFO - Episode 98/100 started - Strategy: CuriosityStrategy
2025-06-23 21:14:54,699 - INFO - 📍 Episode 98: MIN_STEPS + CHECKPOINTS | Reward: -2107.0 | Steps: 200
2025-06-23 21:14:54,700 - INFO - Episode 99/100 started - Strategy: CuriosityStrategy
2025-06-23 21:15:33,301 - INFO - 📍 Episode 99: MIN_STEPS + CHECKPOINTS | Reward: -3499.0 | Steps: 200
2025-06-23 21:15:33,303 - INFO - Episode 100/100 started - Strategy: CuriosityStrategy
2025-06-23 21:16:11,934 - INFO - 📍 Episode 100: MIN_STEPS + CHECKPOINTS | Reward: -3515.0 | Steps: 200
2025-06-23 21:16:11,936 - INFO - Episodes completed: 100
2025-06-23 21:16:11,937 - INFO - Average reward (last 50): -2641.33
2025-06-23 21:16:11,937 - INFO - Average steps (last 50): 195.9
2025-06-23 21:16:11,937 - INFO - Success rate (last 50): 14.0%
2025-06-23 21:16:11,937 - INFO - Min steps achieved (last 50): 50/50 (100.0%)
2025-06-23 21:16:11,937 - INFO - States explored: 78
2025-06-23 21:16:11,937 - INFO - Total checkpoints reached: 301
2025-06-23 21:16:11,937 - INFO - Unique checkpoints discovered: 4
2025-06-23 21:16:11,937 - INFO - Episodes with checkpoints: 99/100
2025-06-23 21:16:11,937 - INFO - Episodes reaching min_steps: 100/100
2025-06-23 21:16:11,937 - INFO - Checkpoint values found: [1, 2, 3, 4]
2025-06-23 21:16:11,939 - INFO - ✅ Training completed!
2025-06-23 21:16:11,939 - INFO - === FINAL TRAINING STATISTICS ===
2025-06-23 21:16:11,939 - INFO -   total_episodes: 1900
2025-06-23 21:16:11,939 - INFO -   states_explored: 78
2025-06-23 21:16:11,939 - INFO -   avg_reward: -3154.428157894737
2025-06-23 21:16:11,939 - INFO -   max_reward: 2010.5
2025-06-23 21:16:11,939 - INFO -   success_rate: 0.034736842105263156
2025-06-23 21:16:11,939 - INFO -   strategy_info: {'base_epsilon': 0.65, 'novelty_bonus': 5.0, 'states_discovered': 78}
2025-06-23 21:16:11,939 - INFO - === FINAL CHECKPOINT ANALYSIS ===
2025-06-23 21:16:11,939 - INFO -   Checkpoint discovery rate: 0.002 unique/episode
2025-06-23 21:16:11,939 - INFO -   Checkpoint frequency: 0.158 checkpoints/episode
2025-06-23 21:16:11,939 - INFO -   Min steps achievement rate: 5.3%
2025-06-23 21:16:11,940 - INFO -   Best checkpoint reached: 4
2025-06-23 21:16:11,940 - INFO -   Maze progress: 80.0% (checkpoints discovered)
2025-06-23 21:16:11,940 - INFO - DDS stopped.
