2025-06-23 08:09:56,626 - INFO - Strategy initialized: CuriosityStrategy
2025-06-23 08:09:56,626 - INFO - Strategy info: {'base_epsilon': 0.65, 'novelty_bonus': 5.0, 'states_discovered': 0}
2025-06-23 08:09:56,626 - INFO - CLI mode selected: continue
2025-06-23 08:09:56,626 - INFO - Continuing training for 50 additional episodes.
2025-06-23 08:09:56,626 - INFO - ================================================================================
2025-06-23 08:09:56,626 - INFO - 🚀 STARTING TRAINING SESSION
2025-06-23 08:09:56,626 - INFO - ================================================================================
2025-06-23 08:09:56,626 - INFO - Episodes: 50
2025-06-23 08:09:56,626 - INFO - Strategy: curiosity
2025-06-23 08:09:56,626 - INFO - Min steps per episode: 100
2025-06-23 08:09:56,626 - INFO - Max steps per episode: 200
2025-06-23 08:09:56,626 - INFO - Model path: models/q_agent.pkl
2025-06-23 08:09:56,626 - INFO - ================================================================================
2025-06-23 08:09:56,631 - INFO - 🔗 Connected to Godot simulation!
2025-06-23 08:09:56,631 - INFO - Episode 1/50 started - Strategy: CuriosityStrategy
2025-06-23 08:10:33,046 - INFO - 📍 Episode 1: MIN_STEPS + CHECKPOINTS | Reward: -3397.0 | Steps: 200
2025-06-23 08:10:33,047 - INFO - Episode 2/50 started - Strategy: CuriosityStrategy
2025-06-23 08:11:10,132 - INFO - 📍 Episode 2: MIN_STEPS + CHECKPOINTS | Reward: -2480.0 | Steps: 200
2025-06-23 08:11:10,133 - INFO - Episode 3/50 started - Strategy: CuriosityStrategy
2025-06-23 08:11:47,066 - INFO - 📍 Episode 3: MIN_STEPS + CHECKPOINTS | Reward: -3008.0 | Steps: 200
2025-06-23 08:11:47,067 - INFO - Episode 4/50 started - Strategy: CuriosityStrategy
2025-06-23 08:12:24,526 - INFO - 📍 Episode 4: MIN_STEPS + CHECKPOINTS | Reward: -2401.0 | Steps: 200
2025-06-23 08:12:24,526 - INFO - Episode 5/50 started - Strategy: CuriosityStrategy
2025-06-23 08:13:01,769 - INFO - 📍 Episode 5: MIN_STEPS + CHECKPOINTS | Reward: -3505.0 | Steps: 200
2025-06-23 08:13:01,771 - INFO - Episode 6/50 started - Strategy: CuriosityStrategy
2025-06-23 08:13:37,631 - INFO - 📍 Episode 6: MIN_STEPS + CHECKPOINTS | Reward: -3347.0 | Steps: 200
2025-06-23 08:13:37,631 - INFO - Episode 7/50 started - Strategy: CuriosityStrategy
2025-06-23 08:14:14,092 - INFO - 📍 Episode 7: MIN_STEPS + CHECKPOINTS | Reward: -3479.0 | Steps: 200
2025-06-23 08:14:14,093 - INFO - Episode 8/50 started - Strategy: CuriosityStrategy
2025-06-23 08:14:50,521 - INFO - 📍 Episode 8: MIN_STEPS + CHECKPOINTS | Reward: -2840.0 | Steps: 200
2025-06-23 08:14:50,523 - INFO - Episode 9/50 started - Strategy: CuriosityStrategy
2025-06-23 08:15:27,827 - INFO - 📍 Episode 9: MIN_STEPS + CHECKPOINTS | Reward: -3240.0 | Steps: 200
2025-06-23 08:15:27,827 - INFO - Episode 10/50 started - Strategy: CuriosityStrategy
2025-06-23 08:16:05,416 - INFO - 📍 Episode 10: MIN_STEPS + CHECKPOINTS | Reward: -2023.0 | Steps: 200
2025-06-23 08:16:05,420 - INFO - Episodes completed: 10
2025-06-23 08:16:05,420 - INFO - Average reward (last 50): -3514.68
2025-06-23 08:16:05,420 - INFO - Average steps (last 50): 200.0
2025-06-23 08:16:05,420 - INFO - Success rate (last 50): 0.0%
2025-06-23 08:16:05,420 - INFO - Min steps achieved (last 50): 50/50 (100.0%)
2025-06-23 08:16:05,420 - INFO - States explored: 65
2025-06-23 08:16:05,420 - INFO - Total checkpoints reached: 31
2025-06-23 08:16:05,421 - INFO - Unique checkpoints discovered: 4
2025-06-23 08:16:05,421 - INFO - Episodes with checkpoints: 10/10
2025-06-23 08:16:05,421 - INFO - Episodes reaching min_steps: 10/10
2025-06-23 08:16:05,421 - INFO - Checkpoint values found: [1, 2, 3, 4]
2025-06-23 08:16:05,421 - INFO - Episode 11/50 started - Strategy: CuriosityStrategy
2025-06-23 08:16:41,592 - INFO - 📍 Episode 11: MIN_STEPS + CHECKPOINTS | Reward: -3745.0 | Steps: 200
2025-06-23 08:16:41,594 - INFO - Episode 12/50 started - Strategy: CuriosityStrategy
2025-06-23 08:17:18,461 - INFO - 📍 Episode 12: MIN_STEPS + CHECKPOINTS | Reward: -2906.0 | Steps: 200
2025-06-23 08:17:18,462 - INFO - Episode 13/50 started - Strategy: CuriosityStrategy
2025-06-23 08:17:54,795 - INFO - 📍 Episode 13: MIN_STEPS + CHECKPOINTS | Reward: -2915.0 | Steps: 200
2025-06-23 08:17:54,796 - INFO - Episode 14/50 started - Strategy: CuriosityStrategy
2025-06-23 08:18:31,253 - INFO - 📍 Episode 14: MIN_STEPS + CHECKPOINTS | Reward: -4249.0 | Steps: 200
2025-06-23 08:18:31,257 - INFO - Episode 15/50 started - Strategy: CuriosityStrategy
2025-06-23 08:19:07,885 - INFO - 📍 Episode 15: MIN_STEPS + CHECKPOINTS | Reward: -2702.0 | Steps: 200
2025-06-23 08:19:07,885 - INFO - Episode 16/50 started - Strategy: CuriosityStrategy
2025-06-23 08:19:44,382 - INFO - 📍 Episode 16: MIN_STEPS + CHECKPOINTS | Reward: -2317.0 | Steps: 200
2025-06-23 08:19:44,384 - INFO - Episode 17/50 started - Strategy: CuriosityStrategy
2025-06-23 08:20:22,330 - INFO - 📍 Episode 17: MIN_STEPS + CHECKPOINTS | Reward: -1873.0 | Steps: 200
2025-06-23 08:20:22,331 - INFO - Episode 18/50 started - Strategy: CuriosityStrategy
2025-06-23 08:20:59,003 - INFO - 📍 Episode 18: MIN_STEPS + CHECKPOINTS | Reward: -2942.0 | Steps: 200
2025-06-23 08:20:59,003 - INFO - Episode 19/50 started - Strategy: CuriosityStrategy
2025-06-23 08:21:36,370 - INFO - 📍 Episode 19: MIN_STEPS + CHECKPOINTS | Reward: -2071.0 | Steps: 200
2025-06-23 08:21:36,371 - INFO - Episode 20/50 started - Strategy: CuriosityStrategy
2025-06-23 08:22:13,703 - INFO - 📍 Episode 20: MIN_STEPS + CHECKPOINTS | Reward: -2176.0 | Steps: 200
2025-06-23 08:22:13,706 - INFO - Episodes completed: 20
2025-06-23 08:22:13,707 - INFO - Average reward (last 50): -3277.90
2025-06-23 08:22:13,707 - INFO - Average steps (last 50): 200.0
2025-06-23 08:22:13,707 - INFO - Success rate (last 50): 0.0%
2025-06-23 08:22:13,707 - INFO - Min steps achieved (last 50): 50/50 (100.0%)
2025-06-23 08:22:13,707 - INFO - States explored: 65
2025-06-23 08:22:13,707 - INFO - Total checkpoints reached: 63
2025-06-23 08:22:13,707 - INFO - Unique checkpoints discovered: 4
2025-06-23 08:22:13,707 - INFO - Episodes with checkpoints: 20/20
2025-06-23 08:22:13,707 - INFO - Episodes reaching min_steps: 20/20
2025-06-23 08:22:13,707 - INFO - Checkpoint values found: [1, 2, 3, 4]
2025-06-23 08:22:13,708 - INFO - Episode 21/50 started - Strategy: CuriosityStrategy
2025-06-23 08:22:50,282 - INFO - 📍 Episode 21: MIN_STEPS + CHECKPOINTS | Reward: -2805.0 | Steps: 200
2025-06-23 08:22:50,283 - INFO - Episode 22/50 started - Strategy: CuriosityStrategy
2025-06-23 08:23:26,479 - INFO - 📍 Episode 22: MIN_STEPS + CHECKPOINTS | Reward: -3500.0 | Steps: 200
2025-06-23 08:23:26,481 - INFO - Episode 23/50 started - Strategy: CuriosityStrategy
2025-06-23 08:24:02,970 - INFO - 📍 Episode 23: MIN_STEPS + CHECKPOINTS | Reward: -3089.0 | Steps: 200
2025-06-23 08:24:02,970 - INFO - Episode 24/50 started - Strategy: CuriosityStrategy
2025-06-23 08:24:40,792 - INFO - 📍 Episode 24: MIN_STEPS + CHECKPOINTS | Reward: -2200.0 | Steps: 200
2025-06-23 08:24:40,792 - INFO - Episode 25/50 started - Strategy: CuriosityStrategy
2025-06-23 08:25:16,453 - INFO - 📍 Episode 25: MIN_STEPS + CHECKPOINTS | Reward: -3796.0 | Steps: 200
2025-06-23 08:25:16,454 - INFO - Episode 26/50 started - Strategy: CuriosityStrategy
2025-06-23 08:25:53,298 - INFO - 📍 Episode 26: MIN_STEPS + CHECKPOINTS | Reward: -2551.0 | Steps: 200
2025-06-23 08:25:53,299 - INFO - Episode 27/50 started - Strategy: CuriosityStrategy
2025-06-23 08:26:28,953 - INFO - 📍 Episode 27: MIN_STEPS + CHECKPOINTS | Reward: -3586.0 | Steps: 200
2025-06-23 08:26:28,955 - INFO - Episode 28/50 started - Strategy: CuriosityStrategy
2025-06-23 08:32:26,740 - INFO - 📍 Episode 28: MIN_STEPS + CHECKPOINTS | Reward: -2158.0 | Steps: 200
2025-06-23 08:32:26,741 - INFO - Episode 29/50 started - Strategy: CuriosityStrategy
2025-06-23 08:33:02,754 - INFO - 📍 Episode 29: MIN_STEPS + CHECKPOINTS | Reward: -3811.0 | Steps: 200
2025-06-23 08:33:02,755 - INFO - Episode 30/50 started - Strategy: CuriosityStrategy
2025-06-23 08:33:38,983 - INFO - 📍 Episode 30: MIN_STEPS + CHECKPOINTS | Reward: -3808.0 | Steps: 200
2025-06-23 08:33:38,986 - INFO - Episodes completed: 30
2025-06-23 08:33:38,986 - INFO - Average reward (last 50): -3112.56
2025-06-23 08:33:38,986 - INFO - Average steps (last 50): 200.0
2025-06-23 08:33:38,986 - INFO - Success rate (last 50): 0.0%
2025-06-23 08:33:38,986 - INFO - Min steps achieved (last 50): 50/50 (100.0%)
2025-06-23 08:33:38,986 - INFO - States explored: 65
2025-06-23 08:33:38,986 - INFO - Total checkpoints reached: 92
2025-06-23 08:33:38,986 - INFO - Unique checkpoints discovered: 4
2025-06-23 08:33:38,986 - INFO - Episodes with checkpoints: 30/30
2025-06-23 08:33:38,986 - INFO - Episodes reaching min_steps: 30/30
2025-06-23 08:33:38,986 - INFO - Checkpoint values found: [1, 2, 3, 4]
2025-06-23 08:33:38,987 - INFO - Episode 31/50 started - Strategy: CuriosityStrategy
2025-06-23 08:34:14,922 - INFO - 📍 Episode 31: MIN_STEPS + CHECKPOINTS | Reward: -3580.0 | Steps: 200
2025-06-23 08:34:14,923 - INFO - Episode 32/50 started - Strategy: CuriosityStrategy
2025-06-23 08:34:51,394 - INFO - 📍 Episode 32: MIN_STEPS + CHECKPOINTS | Reward: -2909.0 | Steps: 200
2025-06-23 08:34:51,394 - INFO - Episode 33/50 started - Strategy: CuriosityStrategy
2025-06-23 08:35:28,101 - INFO - 📍 Episode 33: MIN_STEPS + CHECKPOINTS | Reward: -2741.0 | Steps: 200
2025-06-23 08:35:28,103 - INFO - Episode 34/50 started - Strategy: CuriosityStrategy
2025-06-23 08:36:04,703 - INFO - 📍 Episode 34: MIN_STEPS + CHECKPOINTS | Reward: -2916.0 | Steps: 200
2025-06-23 08:36:04,704 - INFO - Episode 35/50 started - Strategy: CuriosityStrategy
2025-06-23 08:36:41,198 - INFO - 📍 Episode 35: MIN_STEPS + CHECKPOINTS | Reward: -4000.0 | Steps: 200
2025-06-23 08:36:41,199 - INFO - Episode 36/50 started - Strategy: CuriosityStrategy
2025-06-23 08:37:18,506 - INFO - 📍 Episode 36: MIN_STEPS + CHECKPOINTS | Reward: -2290.0 | Steps: 200
2025-06-23 08:37:18,506 - INFO - Episode 37/50 started - Strategy: CuriosityStrategy
2025-06-23 08:37:55,787 - INFO - 📍 Episode 37: MIN_STEPS + CHECKPOINTS | Reward: -2732.0 | Steps: 200
2025-06-23 08:37:55,788 - INFO - Episode 38/50 started - Strategy: CuriosityStrategy
2025-06-23 08:38:32,642 - INFO - 📍 Episode 38: MIN_STEPS + CHECKPOINTS | Reward: -2624.0 | Steps: 200
2025-06-23 08:38:32,644 - INFO - Episode 39/50 started - Strategy: CuriosityStrategy
2025-06-23 08:39:09,135 - INFO - 📍 Episode 39: MIN_STEPS + CHECKPOINTS | Reward: -3796.0 | Steps: 200
2025-06-23 08:39:09,136 - INFO - Episode 40/50 started - Strategy: CuriosityStrategy
2025-06-23 08:39:46,457 - INFO - 📍 Episode 40: MIN_STEPS + CHECKPOINTS | Reward: -2608.0 | Steps: 200
2025-06-23 08:39:46,459 - INFO - Episodes completed: 40
2025-06-23 08:39:46,460 - INFO - Average reward (last 50): -2989.62
2025-06-23 08:39:46,460 - INFO - Average steps (last 50): 200.0
2025-06-23 08:39:46,460 - INFO - Success rate (last 50): 0.0%
2025-06-23 08:39:46,460 - INFO - Min steps achieved (last 50): 50/50 (100.0%)
2025-06-23 08:39:46,460 - INFO - States explored: 65
2025-06-23 08:39:46,460 - INFO - Total checkpoints reached: 122
2025-06-23 08:39:46,460 - INFO - Unique checkpoints discovered: 4
2025-06-23 08:39:46,460 - INFO - Episodes with checkpoints: 40/40
2025-06-23 08:39:46,460 - INFO - Episodes reaching min_steps: 40/40
2025-06-23 08:39:46,460 - INFO - Checkpoint values found: [1, 2, 3, 4]
2025-06-23 08:39:46,460 - INFO - Episode 41/50 started - Strategy: CuriosityStrategy
2025-06-23 08:40:24,012 - INFO - 📍 Episode 41: MIN_STEPS + CHECKPOINTS | Reward: -3194.0 | Steps: 200
2025-06-23 08:40:24,012 - INFO - Episode 42/50 started - Strategy: CuriosityStrategy
2025-06-23 08:40:58,905 - INFO - 📍 Episode 42: MIN_STEPS + CHECKPOINTS | Reward: -3793.0 | Steps: 200
2025-06-23 08:40:58,905 - INFO - Episode 43/50 started - Strategy: CuriosityStrategy
2025-06-23 08:41:35,894 - INFO - 📍 Episode 43: MIN_STEPS + CHECKPOINTS | Reward: -2050.0 | Steps: 200
2025-06-23 08:41:35,894 - INFO - Episode 44/50 started - Strategy: CuriosityStrategy
2025-06-23 08:42:13,336 - INFO - 📍 Episode 44: MIN_STEPS + CHECKPOINTS | Reward: -3242.0 | Steps: 200
2025-06-23 08:42:13,337 - INFO - Episode 45/50 started - Strategy: CuriosityStrategy
2025-06-23 08:42:52,314 - INFO - 📍 Episode 45: MIN_STEPS + CHECKPOINTS | Reward: -2113.0 | Steps: 200
2025-06-23 08:42:52,314 - INFO - Episode 46/50 started - Strategy: CuriosityStrategy
2025-06-23 08:43:30,240 - INFO - 📍 Episode 46: MIN_STEPS + CHECKPOINTS | Reward: -3565.0 | Steps: 200
2025-06-23 08:43:30,242 - INFO - Episode 47/50 started - Strategy: CuriosityStrategy
2025-06-23 08:44:09,041 - INFO - 📍 Episode 47: MIN_STEPS + CHECKPOINTS | Reward: -2134.0 | Steps: 200
2025-06-23 08:44:09,041 - INFO - Episode 48/50 started - Strategy: CuriosityStrategy
2025-06-23 08:44:47,619 - INFO - 📍 Episode 48: MIN_STEPS + CHECKPOINTS | Reward: -2315.0 | Steps: 200
2025-06-23 08:44:47,620 - INFO - Episode 49/50 started - Strategy: CuriosityStrategy
2025-06-23 08:45:27,137 - INFO - 📍 Episode 49: MIN_STEPS + CHECKPOINTS | Reward: -2131.0 | Steps: 200
2025-06-23 08:45:27,138 - INFO - Episode 50/50 started - Strategy: CuriosityStrategy
2025-06-23 08:46:05,626 - INFO - 📍 Episode 50: MIN_STEPS + CHECKPOINTS | Reward: -3101.0 | Steps: 200
2025-06-23 08:46:05,628 - INFO - Episodes completed: 50
2025-06-23 08:46:05,629 - INFO - Average reward (last 50): -2935.08
2025-06-23 08:46:05,629 - INFO - Average steps (last 50): 200.0
2025-06-23 08:46:05,629 - INFO - Success rate (last 50): 0.0%
2025-06-23 08:46:05,629 - INFO - Min steps achieved (last 50): 50/50 (100.0%)
2025-06-23 08:46:05,629 - INFO - States explored: 65
2025-06-23 08:46:05,629 - INFO - Total checkpoints reached: 155
2025-06-23 08:46:05,629 - INFO - Unique checkpoints discovered: 4
2025-06-23 08:46:05,629 - INFO - Episodes with checkpoints: 50/50
2025-06-23 08:46:05,629 - INFO - Episodes reaching min_steps: 50/50
2025-06-23 08:46:05,629 - INFO - Checkpoint values found: [1, 2, 3, 4]
2025-06-23 08:46:05,630 - INFO - ✅ Training completed!
2025-06-23 08:46:05,630 - INFO - === FINAL TRAINING STATISTICS ===
2025-06-23 08:46:05,630 - INFO -   total_episodes: 950
2025-06-23 08:46:05,630 - INFO -   states_explored: 65
2025-06-23 08:46:05,630 - INFO -   avg_reward: -3456.34
2025-06-23 08:46:05,631 - INFO -   max_reward: 775.0
2025-06-23 08:46:05,631 - INFO -   success_rate: 0.003157894736842105
2025-06-23 08:46:05,631 - INFO -   strategy_info: {'base_epsilon': 0.65, 'novelty_bonus': 5.0, 'states_discovered': 65}
2025-06-23 08:46:05,631 - INFO - === FINAL CHECKPOINT ANALYSIS ===
2025-06-23 08:46:05,631 - INFO -   Checkpoint discovery rate: 0.004 unique/episode
2025-06-23 08:46:05,631 - INFO -   Checkpoint frequency: 0.163 checkpoints/episode
2025-06-23 08:46:05,631 - INFO -   Min steps achievement rate: 5.3%
2025-06-23 08:46:05,631 - INFO -   Best checkpoint reached: 4
2025-06-23 08:46:05,631 - INFO -   Maze progress: 80.0% (checkpoints discovered)
2025-06-23 08:46:05,631 - INFO - DDS stopped.
