2025-06-13 14:52:03,975 - INFO - Strategy initialized: CuriosityStrategy
2025-06-13 14:52:03,975 - INFO - Strategy info: {'base_epsilon': 0.4, 'states_discovered': 0}
2025-06-13 14:52:05,770 - INFO - ================================================================================
2025-06-13 14:52:05,771 - INFO - 🚀 STARTING TRAINING SESSION
2025-06-13 14:52:05,771 - INFO - ================================================================================
2025-06-13 14:52:05,771 - INFO - Episodes: 250
2025-06-13 14:52:05,771 - INFO - Strategy: curiosity
2025-06-13 14:52:05,771 - INFO - Min steps per episode: 75
2025-06-13 14:52:05,772 - INFO - Max steps per episode: 150
2025-06-13 14:52:05,772 - INFO - Model path: models/q_agent.pkl
2025-06-13 14:52:05,772 - INFO - ================================================================================
2025-06-13 14:52:05,774 - INFO - 📁 Loaded existing model
2025-06-13 14:52:05,775 - INFO - 🔗 Connected to Godot simulation!
2025-06-13 14:52:05,776 - INFO - Episode 1/250 started - Strategy: CuriosityStrategy
2025-06-13 15:24:34,996 - INFO - 🔶 Episode 1: CHECKPOINTS (Short) | Reward: -260.0 | Steps: 45
2025-06-13 15:24:34,997 - INFO - Episode 2/250 started - Strategy: CuriosityStrategy
2025-06-13 15:51:05,111 - INFO - 🔶 Episode 2: CHECKPOINTS (Short) | Reward: -625.5 | Steps: 37
2025-06-13 15:51:05,112 - INFO - Episode 3/250 started - Strategy: CuriosityStrategy
2025-06-13 16:21:51,745 - INFO - 🔶 Episode 3: CHECKPOINTS (Short) | Reward: -510.6 | Steps: 43
2025-06-13 16:21:51,748 - INFO - Episode 4/250 started - Strategy: CuriosityStrategy
2025-06-13 16:53:42,692 - INFO - ⚠️ Training interrupted by user
2025-06-13 16:53:42,697 - INFO - ✅ Training completed!
2025-06-13 16:53:42,698 - INFO - === FINAL TRAINING STATISTICS ===
2025-06-13 16:53:42,698 - INFO -   total_episodes: 3
2025-06-13 16:53:42,698 - INFO -   states_explored: 9
2025-06-13 16:53:42,698 - INFO -   avg_reward: -465.3666666666666
2025-06-13 16:53:42,698 - INFO -   max_reward: -259.95000000000005
2025-06-13 16:53:42,699 - INFO -   success_rate: 0.0
2025-06-13 16:53:42,699 - INFO -   strategy_info: {'base_epsilon': 0.4, 'states_discovered': 9}
2025-06-13 16:53:42,699 - INFO - === FINAL CHECKPOINT ANALYSIS ===
2025-06-13 16:53:42,699 - INFO -   Checkpoint discovery rate: 0.333 unique/episode
2025-06-13 16:53:42,699 - INFO -   Checkpoint frequency: 1.333 checkpoints/episode
2025-06-13 16:53:42,699 - INFO -   Min steps achievement rate: 0.0%
2025-06-13 16:53:42,699 - INFO -   Best checkpoint reached: 1
2025-06-13 16:53:42,699 - INFO -   Maze progress: 20.0% (checkpoints discovered)
