2025-06-23 12:39:28,043 - INFO - Strategy initialized: CuriosityStrategy
2025-06-23 12:39:28,043 - INFO - Strategy info: {'base_epsilon': 0.65, 'novelty_bonus': 5.0, 'states_discovered': 0}
2025-06-23 12:39:28,043 - INFO - CLI mode selected: continue
2025-06-23 12:39:28,043 - INFO - Continuing training for 50 additional episodes.
2025-06-23 12:39:28,043 - INFO - ================================================================================
2025-06-23 12:39:28,043 - INFO - 🚀 STARTING TRAINING SESSION
2025-06-23 12:39:28,043 - INFO - ================================================================================
2025-06-23 12:39:28,043 - INFO - Episodes: 50
2025-06-23 12:39:28,043 - INFO - Strategy: curiosity
2025-06-23 12:39:28,043 - INFO - Min steps per episode: 100
2025-06-23 12:39:28,043 - INFO - Max steps per episode: 200
2025-06-23 12:39:28,043 - INFO - Model path: models/q_agent.pkl
2025-06-23 12:39:28,043 - INFO - ================================================================================
2025-06-23 12:39:28,045 - INFO - 🔗 Connected to Godot simulation!
2025-06-23 12:39:28,045 - INFO - Episode 1/50 started - Strategy: CuriosityStrategy
2025-06-23 12:40:06,538 - INFO - 📍 Episode 1: MIN_STEPS + CHECKPOINTS | Reward: -3547.0 | Steps: 200
2025-06-23 12:40:06,539 - INFO - Episode 2/50 started - Strategy: CuriosityStrategy
2025-06-23 12:40:43,621 - INFO - 📍 Episode 2: MIN_STEPS + CHECKPOINTS | Reward: -3509.0 | Steps: 200
2025-06-23 12:40:43,622 - INFO - Episode 3/50 started - Strategy: CuriosityStrategy
2025-06-23 12:41:20,424 - INFO - 📍 Episode 3: MIN_STEPS + CHECKPOINTS | Reward: -2735.0 | Steps: 200
2025-06-23 12:41:20,425 - INFO - Episode 4/50 started - Strategy: CuriosityStrategy
2025-06-23 12:41:57,731 - INFO - 📍 Episode 4: MIN_STEPS + CHECKPOINTS | Reward: -2708.0 | Steps: 200
2025-06-23 12:41:57,732 - INFO - Episode 5/50 started - Strategy: CuriosityStrategy
2025-06-23 12:42:34,597 - INFO - 📍 Episode 5: MIN_STEPS + CHECKPOINTS | Reward: -2975.0 | Steps: 200
2025-06-23 12:42:34,598 - INFO - Episode 6/50 started - Strategy: CuriosityStrategy
2025-06-23 12:43:12,092 - INFO - 📍 Episode 6: MIN_STEPS + CHECKPOINTS | Reward: -2125.0 | Steps: 200
2025-06-23 12:43:12,092 - INFO - Episode 7/50 started - Strategy: CuriosityStrategy
2025-06-23 12:43:48,986 - INFO - 📍 Episode 7: MIN_STEPS + CHECKPOINTS | Reward: -3323.0 | Steps: 200
2025-06-23 12:43:48,987 - INFO - Episode 8/50 started - Strategy: CuriosityStrategy
2025-06-23 12:44:26,921 - INFO - 📍 Episode 8: MIN_STEPS + CHECKPOINTS | Reward: -1715.0 | Steps: 200
2025-06-23 12:44:26,921 - INFO - Episode 9/50 started - Strategy: CuriosityStrategy
2025-06-23 12:45:04,939 - INFO - 📍 Episode 9: MIN_STEPS + CHECKPOINTS | Reward: -2060.0 | Steps: 200
2025-06-23 12:45:04,939 - INFO - Episode 10/50 started - Strategy: CuriosityStrategy
2025-06-23 12:45:43,386 - INFO - 📍 Episode 10: MIN_STEPS + CHECKPOINTS | Reward: -2546.0 | Steps: 200
2025-06-23 12:45:43,390 - INFO - Episodes completed: 10
2025-06-23 12:45:43,391 - INFO - Average reward (last 50): -2945.92
2025-06-23 12:45:43,391 - INFO - Average steps (last 50): 200.0
2025-06-23 12:45:43,391 - INFO - Success rate (last 50): 0.0%
2025-06-23 12:45:43,391 - INFO - Min steps achieved (last 50): 50/50 (100.0%)
2025-06-23 12:45:43,391 - INFO - States explored: 65
2025-06-23 12:45:43,392 - INFO - Total checkpoints reached: 33
2025-06-23 12:45:43,392 - INFO - Unique checkpoints discovered: 4
2025-06-23 12:45:43,392 - INFO - Episodes with checkpoints: 10/10
2025-06-23 12:45:43,392 - INFO - Episodes reaching min_steps: 10/10
2025-06-23 12:45:43,392 - INFO - Checkpoint values found: [1, 2, 3, 4]
2025-06-23 12:45:43,392 - INFO - Episode 11/50 started - Strategy: CuriosityStrategy
2025-06-23 12:46:20,086 - INFO - 📍 Episode 11: MIN_STEPS + CHECKPOINTS | Reward: -3763.0 | Steps: 200
2025-06-23 12:46:20,088 - INFO - Episode 12/50 started - Strategy: CuriosityStrategy
2025-06-23 12:46:56,936 - INFO - 📍 Episode 12: MIN_STEPS + CHECKPOINTS | Reward: -2377.0 | Steps: 200
2025-06-23 12:46:56,937 - INFO - Episode 13/50 started - Strategy: CuriosityStrategy
2025-06-23 12:47:33,548 - INFO - 📍 Episode 13: MIN_STEPS + CHECKPOINTS | Reward: -3110.0 | Steps: 200
2025-06-23 12:47:33,548 - INFO - Episode 14/50 started - Strategy: CuriosityStrategy
2025-06-23 12:48:11,155 - INFO - 📍 Episode 14: MIN_STEPS + CHECKPOINTS | Reward: -2901.0 | Steps: 200
2025-06-23 12:48:11,157 - INFO - Episode 15/50 started - Strategy: CuriosityStrategy
2025-06-23 12:48:48,240 - INFO - 📍 Episode 15: MIN_STEPS + CHECKPOINTS | Reward: -2557.0 | Steps: 200
2025-06-23 12:48:48,240 - INFO - Episode 16/50 started - Strategy: CuriosityStrategy
2025-06-23 12:49:24,977 - INFO - 📍 Episode 16: MIN_STEPS + CHECKPOINTS | Reward: -2993.0 | Steps: 200
2025-06-23 12:49:24,979 - INFO - Episode 17/50 started - Strategy: CuriosityStrategy
2025-06-23 12:50:02,502 - INFO - 📍 Episode 17: MIN_STEPS + CHECKPOINTS | Reward: -2357.0 | Steps: 200
2025-06-23 12:50:02,503 - INFO - Episode 18/50 started - Strategy: CuriosityStrategy
2025-06-23 12:50:39,730 - INFO - 📍 Episode 18: MIN_STEPS + CHECKPOINTS | Reward: -2830.0 | Steps: 200
2025-06-23 12:50:39,733 - INFO - Episode 19/50 started - Strategy: CuriosityStrategy
2025-06-23 12:51:16,053 - INFO - 📍 Episode 19: MIN_STEPS + CHECKPOINTS | Reward: -3298.0 | Steps: 200
2025-06-23 12:51:16,054 - INFO - Episode 20/50 started - Strategy: CuriosityStrategy
2025-06-23 12:51:52,195 - INFO - 📍 Episode 20: MIN_STEPS + CHECKPOINTS | Reward: -3376.0 | Steps: 200
2025-06-23 12:51:52,199 - INFO - Episodes completed: 20
2025-06-23 12:51:52,200 - INFO - Average reward (last 50): -2961.16
2025-06-23 12:51:52,200 - INFO - Average steps (last 50): 200.0
2025-06-23 12:51:52,200 - INFO - Success rate (last 50): 0.0%
2025-06-23 12:51:52,200 - INFO - Min steps achieved (last 50): 50/50 (100.0%)
2025-06-23 12:51:52,200 - INFO - States explored: 65
2025-06-23 12:51:52,200 - INFO - Total checkpoints reached: 61
2025-06-23 12:51:52,200 - INFO - Unique checkpoints discovered: 4
2025-06-23 12:51:52,201 - INFO - Episodes with checkpoints: 20/20
2025-06-23 12:51:52,201 - INFO - Episodes reaching min_steps: 20/20
2025-06-23 12:51:52,201 - INFO - Checkpoint values found: [1, 2, 3, 4]
2025-06-23 12:51:52,201 - INFO - Episode 21/50 started - Strategy: CuriosityStrategy
2025-06-23 12:52:29,921 - INFO - 📍 Episode 21: MIN_STEPS + CHECKPOINTS | Reward: -3418.0 | Steps: 200
2025-06-23 12:52:29,924 - INFO - Episode 22/50 started - Strategy: CuriosityStrategy
2025-06-23 12:53:07,160 - INFO - 📍 Episode 22: MIN_STEPS + CHECKPOINTS | Reward: -3715.0 | Steps: 200
2025-06-23 12:53:07,161 - INFO - Episode 23/50 started - Strategy: CuriosityStrategy
2025-06-23 12:53:43,539 - INFO - 📍 Episode 23: MIN_STEPS + CHECKPOINTS | Reward: -4659.0 | Steps: 200
2025-06-23 12:53:43,539 - INFO - Episode 24/50 started - Strategy: CuriosityStrategy
2025-06-23 12:54:20,152 - INFO - 📍 Episode 24: MIN_STEPS + CHECKPOINTS | Reward: -3655.0 | Steps: 200
2025-06-23 12:54:20,153 - INFO - Episode 25/50 started - Strategy: CuriosityStrategy
2025-06-23 12:54:54,998 - INFO - 📍 Episode 25: MIN_STEPS + CHECKPOINTS | Reward: -3760.0 | Steps: 200
2025-06-23 12:54:54,999 - INFO - Episode 26/50 started - Strategy: CuriosityStrategy
2025-06-23 12:55:31,985 - INFO - 📍 Episode 26: MIN_STEPS + CHECKPOINTS | Reward: -3691.0 | Steps: 200
2025-06-23 12:55:31,987 - INFO - Episode 27/50 started - Strategy: CuriosityStrategy
2025-06-23 12:56:09,838 - INFO - 📍 Episode 27: MIN_STEPS + CHECKPOINTS | Reward: -3836.0 | Steps: 200
2025-06-23 12:56:09,838 - INFO - Episode 28/50 started - Strategy: CuriosityStrategy
2025-06-23 12:56:48,344 - INFO - 📍 Episode 28: MIN_STEPS + CHECKPOINTS | Reward: -3598.0 | Steps: 200
2025-06-23 12:56:48,346 - INFO - Episode 29/50 started - Strategy: CuriosityStrategy
2025-06-23 12:57:27,634 - INFO - 📍 Episode 29: MIN_STEPS + CHECKPOINTS | Reward: -4000.0 | Steps: 200
2025-06-23 12:57:27,635 - INFO - Episode 30/50 started - Strategy: CuriosityStrategy
2025-06-23 12:58:06,767 - INFO - 📍 Episode 30: MIN_STEPS + CHECKPOINTS | Reward: -3832.0 | Steps: 200
2025-06-23 12:58:06,771 - INFO - Episodes completed: 30
2025-06-23 12:58:06,771 - INFO - Average reward (last 50): -3144.94
2025-06-23 12:58:06,772 - INFO - Average steps (last 50): 200.0
2025-06-23 12:58:06,772 - INFO - Success rate (last 50): 0.0%
2025-06-23 12:58:06,772 - INFO - Min steps achieved (last 50): 50/50 (100.0%)
2025-06-23 12:58:06,772 - INFO - States explored: 65
2025-06-23 12:58:06,772 - INFO - Total checkpoints reached: 80
2025-06-23 12:58:06,772 - INFO - Unique checkpoints discovered: 4
2025-06-23 12:58:06,772 - INFO - Episodes with checkpoints: 30/30
2025-06-23 12:58:06,772 - INFO - Episodes reaching min_steps: 30/30
2025-06-23 12:58:06,772 - INFO - Checkpoint values found: [1, 2, 3, 4]
2025-06-23 12:58:06,772 - INFO - Episode 31/50 started - Strategy: CuriosityStrategy
2025-06-23 12:58:46,449 - INFO - 📍 Episode 31: MIN_STEPS + CHECKPOINTS | Reward: -1775.0 | Steps: 200
2025-06-23 12:58:46,451 - INFO - Episode 32/50 started - Strategy: CuriosityStrategy
2025-06-23 12:59:24,350 - INFO - 📍 Episode 32: MIN_STEPS + CHECKPOINTS | Reward: -3808.0 | Steps: 200
2025-06-23 12:59:24,350 - INFO - Episode 33/50 started - Strategy: CuriosityStrategy
2025-06-23 12:59:58,542 - INFO - 🏆 Episode 33: GOAL REACHED | Reward: 408.0 | Steps: 174
2025-06-23 12:59:58,543 - INFO - Episode 34/50 started - Strategy: CuriosityStrategy
2025-06-23 13:00:38,256 - INFO - 📍 Episode 34: MIN_STEPS + CHECKPOINTS | Reward: -1946.0 | Steps: 200
2025-06-23 13:00:38,257 - INFO - Episode 35/50 started - Strategy: CuriosityStrategy
2025-06-23 13:01:16,939 - INFO - 📍 Episode 35: MIN_STEPS + CHECKPOINTS | Reward: -3344.0 | Steps: 200
2025-06-23 13:01:16,940 - INFO - Episode 36/50 started - Strategy: CuriosityStrategy
2025-06-23 13:01:55,222 - INFO - 📍 Episode 36: MIN_STEPS + CHECKPOINTS | Reward: -2777.0 | Steps: 200
2025-06-23 13:01:55,223 - INFO - Episode 37/50 started - Strategy: CuriosityStrategy
2025-06-23 13:02:34,015 - INFO - 📍 Episode 37: MIN_STEPS + CHECKPOINTS | Reward: -3574.0 | Steps: 200
2025-06-23 13:02:34,016 - INFO - Episode 38/50 started - Strategy: CuriosityStrategy
2025-06-23 13:03:13,792 - INFO - 📍 Episode 38: MIN_STEPS + CHECKPOINTS | Reward: -1978.0 | Steps: 200
2025-06-23 13:03:13,794 - INFO - Episode 39/50 started - Strategy: CuriosityStrategy
2025-06-23 13:03:52,495 - INFO - 📍 Episode 39: MIN_STEPS + CHECKPOINTS | Reward: -2446.0 | Steps: 200
2025-06-23 13:03:52,496 - INFO - Episode 40/50 started - Strategy: CuriosityStrategy
2025-06-23 13:04:29,284 - INFO - 🏆 Episode 40: GOAL REACHED | Reward: -338.0 | Steps: 190
2025-06-23 13:04:29,288 - INFO - Episodes completed: 40
2025-06-23 13:04:29,288 - INFO - Average reward (last 50): -3013.64
2025-06-23 13:04:29,288 - INFO - Average steps (last 50): 199.3
2025-06-23 13:04:29,288 - INFO - Success rate (last 50): 4.0%
2025-06-23 13:04:29,289 - INFO - Min steps achieved (last 50): 50/50 (100.0%)
2025-06-23 13:04:29,289 - INFO - States explored: 65
2025-06-23 13:04:29,289 - INFO - Total checkpoints reached: 114
2025-06-23 13:04:29,289 - INFO - Unique checkpoints discovered: 4
2025-06-23 13:04:29,289 - INFO - Episodes with checkpoints: 40/40
2025-06-23 13:04:29,289 - INFO - Episodes reaching min_steps: 40/40
2025-06-23 13:04:29,289 - INFO - Checkpoint values found: [1, 2, 3, 4]
2025-06-23 13:04:29,289 - INFO - Episode 41/50 started - Strategy: CuriosityStrategy
2025-06-23 13:05:07,814 - INFO - 📍 Episode 41: MIN_STEPS + CHECKPOINTS | Reward: -3535.0 | Steps: 200
2025-06-23 13:05:07,815 - INFO - Episode 42/50 started - Strategy: CuriosityStrategy
2025-06-23 13:05:47,481 - INFO - 📍 Episode 42: MIN_STEPS + CHECKPOINTS | Reward: -2374.0 | Steps: 200
2025-06-23 13:05:47,482 - INFO - Episode 43/50 started - Strategy: CuriosityStrategy
2025-06-23 13:06:26,260 - INFO - 📍 Episode 43: MIN_STEPS + CHECKPOINTS | Reward: -3877.0 | Steps: 200
2025-06-23 13:06:26,261 - INFO - Episode 44/50 started - Strategy: CuriosityStrategy
2025-06-23 13:07:05,445 - INFO - 📍 Episode 44: MIN_STEPS + CHECKPOINTS | Reward: -3038.0 | Steps: 200
2025-06-23 13:07:05,446 - INFO - Episode 45/50 started - Strategy: CuriosityStrategy
2025-06-23 13:07:44,394 - INFO - 📍 Episode 45: MIN_STEPS + CHECKPOINTS | Reward: -3315.0 | Steps: 200
2025-06-23 13:07:44,396 - INFO - Episode 46/50 started - Strategy: CuriosityStrategy
2025-06-23 13:08:23,693 - INFO - 📍 Episode 46: MIN_STEPS + CHECKPOINTS | Reward: -2176.0 | Steps: 200
2025-06-23 13:08:23,694 - INFO - Episode 47/50 started - Strategy: CuriosityStrategy
2025-06-23 13:09:02,870 - INFO - 📍 Episode 47: MIN_STEPS + CHECKPOINTS | Reward: -2473.0 | Steps: 200
2025-06-23 13:09:02,871 - INFO - Episode 48/50 started - Strategy: CuriosityStrategy
2025-06-23 13:09:41,713 - INFO - 📍 Episode 48: MIN_STEPS + CHECKPOINTS | Reward: -2230.0 | Steps: 200
2025-06-23 13:09:41,713 - INFO - Episode 49/50 started - Strategy: CuriosityStrategy
2025-06-23 13:10:21,020 - INFO - 📍 Episode 49: MIN_STEPS + CHECKPOINTS | Reward: -2744.0 | Steps: 200
2025-06-23 13:10:21,021 - INFO - Episode 50/50 started - Strategy: CuriosityStrategy
2025-06-23 13:11:00,031 - INFO - 📍 Episode 50: MIN_STEPS + CHECKPOINTS | Reward: -2560.0 | Steps: 200
2025-06-23 13:11:00,035 - INFO - Episodes completed: 50
2025-06-23 13:11:00,035 - INFO - Average reward (last 50): -2897.38
2025-06-23 13:11:00,035 - INFO - Average steps (last 50): 199.3
2025-06-23 13:11:00,035 - INFO - Success rate (last 50): 4.0%
2025-06-23 13:11:00,036 - INFO - Min steps achieved (last 50): 50/50 (100.0%)
2025-06-23 13:11:00,036 - INFO - States explored: 65
2025-06-23 13:11:00,036 - INFO - Total checkpoints reached: 147
2025-06-23 13:11:00,036 - INFO - Unique checkpoints discovered: 4
2025-06-23 13:11:00,036 - INFO - Episodes with checkpoints: 50/50
2025-06-23 13:11:00,036 - INFO - Episodes reaching min_steps: 50/50
2025-06-23 13:11:00,036 - INFO - Checkpoint values found: [1, 2, 3, 4]
2025-06-23 13:11:00,038 - INFO - ✅ Training completed!
2025-06-23 13:11:00,039 - INFO - === FINAL TRAINING STATISTICS ===
2025-06-23 13:11:00,039 - INFO -   total_episodes: 1150
2025-06-23 13:11:00,039 - INFO -   states_explored: 65
2025-06-23 13:11:00,039 - INFO -   avg_reward: -3356.4495652173914
2025-06-23 13:11:00,039 - INFO -   max_reward: 775.0
2025-06-23 13:11:00,039 - INFO -   success_rate: 0.006956521739130435
2025-06-23 13:11:00,039 - INFO -   strategy_info: {'base_epsilon': 0.65, 'novelty_bonus': 5.0, 'states_discovered': 65}
2025-06-23 13:11:00,039 - INFO - === FINAL CHECKPOINT ANALYSIS ===
2025-06-23 13:11:00,039 - INFO -   Checkpoint discovery rate: 0.003 unique/episode
2025-06-23 13:11:00,039 - INFO -   Checkpoint frequency: 0.128 checkpoints/episode
2025-06-23 13:11:00,040 - INFO -   Min steps achievement rate: 4.3%
2025-06-23 13:11:00,040 - INFO -   Best checkpoint reached: 4
2025-06-23 13:11:00,040 - INFO -   Maze progress: 80.0% (checkpoints discovered)
2025-06-23 13:11:00,040 - INFO - DDS stopped.
