2025-07-01 00:16:46,499 - INFO - Movement Mode: FAST (Teleport)
2025-07-01 00:16:46,499 - INFO - Strategy initialized: CuriosityStrategy
2025-07-01 00:16:46,499 - INFO - Strategy info: {'base_epsilon': 0.5, 'novelty_bonus': 8.0, 'states_discovered': 0}
2025-07-01 00:16:46,499 - INFO - CLI mode selected: continue
2025-07-01 00:16:46,499 - INFO - Continuing training for 150 additional episodes.
2025-07-01 00:16:46,499 - INFO - ================================================================================
2025-07-01 00:16:46,499 - INFO - 🚀 STARTING TRAINING SESSION
2025-07-01 00:16:46,499 - INFO - ================================================================================
2025-07-01 00:16:46,500 - INFO - Episodes: 150
2025-07-01 00:16:46,500 - INFO - Strategy: curiosity
2025-07-01 00:16:46,500 - INFO - Model path: models/q_agent.pkl
2025-07-01 00:16:46,500 - INFO - ================================================================================
2025-07-01 00:16:46,500 - INFO - 📁 Loaded existing model
2025-07-01 00:16:46,509 - INFO - 🔗 Connected to Godot simulation!
2025-07-01 00:16:46,509 - INFO - Episode 1/150 started - Strategy: CuriosityStrategy
2025-07-01 00:17:21,917 - INFO - 🏆 Episode 1: GOAL REACHED | Reward: -1127.5 | Steps: 197
2025-07-01 00:17:21,918 - INFO - Episode 2/150 started - Strategy: CuriosityStrategy
2025-07-01 00:17:57,197 - INFO - 🔶 Episode 2: CHECKPOINTS (Short) | Reward: -3777.0 | Steps: 200
2025-07-01 00:17:57,198 - INFO - Episode 3/150 started - Strategy: CuriosityStrategy
2025-07-01 00:18:33,262 - INFO - 🔶 Episode 3: CHECKPOINTS (Short) | Reward: -4174.5 | Steps: 200
2025-07-01 00:18:33,264 - INFO - Episode 4/150 started - Strategy: CuriosityStrategy
2025-07-01 00:19:08,366 - INFO - 🔶 Episode 4: CHECKPOINTS (Short) | Reward: -3673.0 | Steps: 200
2025-07-01 00:19:08,367 - INFO - Episode 5/150 started - Strategy: CuriosityStrategy
2025-07-01 00:19:44,239 - INFO - 🔶 Episode 5: CHECKPOINTS (Short) | Reward: -3660.0 | Steps: 200
2025-07-01 00:19:44,241 - INFO - Episode 6/150 started - Strategy: CuriosityStrategy
2025-07-01 00:20:20,260 - INFO - 🔶 Episode 6: CHECKPOINTS (Short) | Reward: -3764.0 | Steps: 200
2025-07-01 00:20:20,261 - INFO - Episode 7/150 started - Strategy: CuriosityStrategy
2025-07-01 00:20:55,911 - INFO - 🔶 Episode 7: CHECKPOINTS (Short) | Reward: -3861.5 | Steps: 200
2025-07-01 00:20:55,911 - INFO - Episode 8/150 started - Strategy: CuriosityStrategy
2025-07-01 00:21:31,213 - INFO - 🔶 Episode 8: CHECKPOINTS (Short) | Reward: -3726.0 | Steps: 200
2025-07-01 00:21:31,215 - INFO - Episode 9/150 started - Strategy: CuriosityStrategy
2025-07-01 00:22:06,840 - INFO - 🔶 Episode 9: CHECKPOINTS (Short) | Reward: -3901.5 | Steps: 200
2025-07-01 00:22:06,841 - INFO - Episode 10/150 started - Strategy: CuriosityStrategy
2025-07-01 00:22:43,087 - INFO - 🔶 Episode 10: CHECKPOINTS (Short) | Reward: -3049.5 | Steps: 200
2025-07-01 00:22:43,089 - INFO - Episode 11/150 started - Strategy: CuriosityStrategy
2025-07-01 00:23:18,242 - INFO - 🔶 Episode 11: CHECKPOINTS (Short) | Reward: -4031.5 | Steps: 200
2025-07-01 00:23:18,243 - INFO - Episode 12/150 started - Strategy: CuriosityStrategy
2025-07-01 00:23:54,118 - INFO - 🔶 Episode 12: CHECKPOINTS (Short) | Reward: -3986.0 | Steps: 200
2025-07-01 00:23:54,119 - INFO - Episode 13/150 started - Strategy: CuriosityStrategy
2025-07-01 00:24:29,683 - INFO - 🔶 Episode 13: CHECKPOINTS (Short) | Reward: -3939.5 | Steps: 200
2025-07-01 00:24:29,683 - INFO - Episode 14/150 started - Strategy: CuriosityStrategy
2025-07-01 00:25:05,245 - INFO - 🔶 Episode 14: CHECKPOINTS (Short) | Reward: -3082.0 | Steps: 200
2025-07-01 00:25:05,245 - INFO - Episode 15/150 started - Strategy: CuriosityStrategy
2025-07-01 00:25:41,387 - INFO - 🔶 Episode 15: CHECKPOINTS (Short) | Reward: -3357.5 | Steps: 200
2025-07-01 00:25:41,387 - INFO - Episode 16/150 started - Strategy: CuriosityStrategy
2025-07-01 00:26:17,443 - INFO - 🔶 Episode 16: CHECKPOINTS (Short) | Reward: -3817.0 | Steps: 200
2025-07-01 00:26:17,444 - INFO - Episode 17/150 started - Strategy: CuriosityStrategy
2025-07-01 00:26:53,583 - INFO - 🔶 Episode 17: CHECKPOINTS (Short) | Reward: -3556.0 | Steps: 200
2025-07-01 00:26:53,583 - INFO - Episode 18/150 started - Strategy: CuriosityStrategy
2025-07-01 00:27:29,927 - INFO - 🔶 Episode 18: CHECKPOINTS (Short) | Reward: -3497.5 | Steps: 200
2025-07-01 00:27:29,927 - INFO - Episode 19/150 started - Strategy: CuriosityStrategy
2025-07-01 00:28:05,634 - INFO - 🔶 Episode 19: CHECKPOINTS (Short) | Reward: -3731.5 | Steps: 200
2025-07-01 00:28:05,634 - INFO - Episode 20/150 started - Strategy: CuriosityStrategy
2025-07-01 00:28:41,779 - INFO - 🔶 Episode 20: CHECKPOINTS (Short) | Reward: -2711.5 | Steps: 200
2025-07-01 00:28:41,780 - INFO - Episode 21/150 started - Strategy: CuriosityStrategy
2025-07-01 00:29:17,910 - INFO - 🔶 Episode 21: CHECKPOINTS (Short) | Reward: -2893.5 | Steps: 200
2025-07-01 00:29:17,910 - INFO - Episode 22/150 started - Strategy: CuriosityStrategy
2025-07-01 00:29:53,430 - INFO - 🔶 Episode 22: CHECKPOINTS (Short) | Reward: -3706.5 | Steps: 200
2025-07-01 00:29:53,431 - INFO - Episode 23/150 started - Strategy: CuriosityStrategy
2025-07-01 00:30:28,585 - INFO - 🔶 Episode 23: CHECKPOINTS (Short) | Reward: -4565.0 | Steps: 200
2025-07-01 00:30:28,585 - INFO - Episode 24/150 started - Strategy: CuriosityStrategy
2025-07-01 00:31:04,816 - INFO - 🔶 Episode 24: CHECKPOINTS (Short) | Reward: -3192.5 | Steps: 200
2025-07-01 00:31:04,817 - INFO - Episode 25/150 started - Strategy: CuriosityStrategy
2025-07-01 00:31:29,288 - INFO - 🏆 Episode 25: GOAL REACHED | Reward: 459.0 | Steps: 133
2025-07-01 00:31:29,288 - INFO - Episode 26/150 started - Strategy: CuriosityStrategy
2025-07-01 00:32:04,687 - INFO - 🔶 Episode 26: CHECKPOINTS (Short) | Reward: -3999.0 | Steps: 200
2025-07-01 00:32:04,688 - INFO - Episode 27/150 started - Strategy: CuriosityStrategy
2025-07-01 00:32:41,022 - INFO - 🔶 Episode 27: CHECKPOINTS (Short) | Reward: -2666.0 | Steps: 200
2025-07-01 00:32:41,022 - INFO - Episode 28/150 started - Strategy: CuriosityStrategy
2025-07-01 00:33:16,481 - INFO - 🔶 Episode 28: CHECKPOINTS (Short) | Reward: -3755.0 | Steps: 200
2025-07-01 00:33:16,483 - INFO - Episode 29/150 started - Strategy: CuriosityStrategy
2025-07-01 00:33:52,488 - INFO - 🔶 Episode 29: CHECKPOINTS (Short) | Reward: -3439.0 | Steps: 200
2025-07-01 00:33:52,489 - INFO - Episode 30/150 started - Strategy: CuriosityStrategy
2025-07-01 00:34:28,332 - INFO - 🔶 Episode 30: CHECKPOINTS (Short) | Reward: -3043.0 | Steps: 200
2025-07-01 00:34:28,333 - INFO - Episode 31/150 started - Strategy: CuriosityStrategy
2025-07-01 00:35:03,972 - INFO - 🔶 Episode 31: CHECKPOINTS (Short) | Reward: -3456.0 | Steps: 200
2025-07-01 00:35:03,972 - INFO - Episode 32/150 started - Strategy: CuriosityStrategy
2025-07-01 00:35:35,124 - INFO - 🏆 Episode 32: GOAL REACHED | Reward: -644.5 | Steps: 172
2025-07-01 00:35:35,126 - INFO - Episode 33/150 started - Strategy: CuriosityStrategy
2025-07-01 00:36:11,555 - INFO - 🔶 Episode 33: CHECKPOINTS (Short) | Reward: -3283.0 | Steps: 200
2025-07-01 00:36:11,555 - INFO - Episode 34/150 started - Strategy: CuriosityStrategy
2025-07-01 00:36:47,227 - INFO - 🔶 Episode 34: CHECKPOINTS (Short) | Reward: -3700.0 | Steps: 200
2025-07-01 00:36:47,227 - INFO - Episode 35/150 started - Strategy: CuriosityStrategy
2025-07-01 00:37:22,631 - INFO - 🔶 Episode 35: CHECKPOINTS (Short) | Reward: -4064.0 | Steps: 200
2025-07-01 00:37:22,632 - INFO - Episode 36/150 started - Strategy: CuriosityStrategy
2025-07-01 00:37:53,856 - INFO - 🏆 Episode 36: GOAL REACHED | Reward: -292.0 | Steps: 170
2025-07-01 00:37:53,857 - INFO - Episode 37/150 started - Strategy: CuriosityStrategy
2025-07-01 00:38:29,814 - INFO - 🔶 Episode 37: CHECKPOINTS (Short) | Reward: -2945.5 | Steps: 200
2025-07-01 00:38:29,815 - INFO - Episode 38/150 started - Strategy: CuriosityStrategy
2025-07-01 00:39:04,997 - INFO - 🔶 Episode 38: CHECKPOINTS (Short) | Reward: -3445.5 | Steps: 200
2025-07-01 00:39:04,997 - INFO - Episode 39/150 started - Strategy: CuriosityStrategy
2025-07-01 00:39:40,609 - INFO - 🔶 Episode 39: CHECKPOINTS (Short) | Reward: -4291.5 | Steps: 200
2025-07-01 00:39:40,610 - INFO - Episode 40/150 started - Strategy: CuriosityStrategy
2025-07-01 00:40:16,066 - INFO - 🔶 Episode 40: CHECKPOINTS (Short) | Reward: -3020.0 | Steps: 200
2025-07-01 00:40:16,066 - INFO - Episode 41/150 started - Strategy: CuriosityStrategy
2025-07-01 00:40:52,328 - INFO - 🔶 Episode 41: CHECKPOINTS (Short) | Reward: -3465.0 | Steps: 200
2025-07-01 00:40:52,328 - INFO - Episode 42/150 started - Strategy: CuriosityStrategy
2025-07-01 00:41:28,266 - INFO - 🔶 Episode 42: CHECKPOINTS (Short) | Reward: -2939.0 | Steps: 200
2025-07-01 00:41:28,266 - INFO - Episode 43/150 started - Strategy: CuriosityStrategy
2025-07-01 00:42:03,814 - INFO - 🔶 Episode 43: CHECKPOINTS (Short) | Reward: -3517.0 | Steps: 200
2025-07-01 00:42:03,816 - INFO - Episode 44/150 started - Strategy: CuriosityStrategy
2025-07-01 00:42:39,585 - INFO - 🔶 Episode 44: CHECKPOINTS (Short) | Reward: -4122.5 | Steps: 200
2025-07-01 00:42:39,586 - INFO - Episode 45/150 started - Strategy: CuriosityStrategy
2025-07-01 00:43:15,468 - INFO - 🔶 Episode 45: CHECKPOINTS (Short) | Reward: -2874.0 | Steps: 200
2025-07-01 00:43:15,469 - INFO - Episode 46/150 started - Strategy: CuriosityStrategy
2025-07-01 00:43:51,295 - INFO - 🔶 Episode 46: CHECKPOINTS (Short) | Reward: -3582.0 | Steps: 200
2025-07-01 00:43:51,297 - INFO - Episode 47/150 started - Strategy: CuriosityStrategy
2025-07-01 00:44:27,395 - INFO - 🔶 Episode 47: CHECKPOINTS (Short) | Reward: -3973.0 | Steps: 200
2025-07-01 00:44:27,395 - INFO - Episode 48/150 started - Strategy: CuriosityStrategy
2025-07-01 00:45:02,830 - INFO - 🔶 Episode 48: CHECKPOINTS (Short) | Reward: -4181.0 | Steps: 200
2025-07-01 00:45:02,831 - INFO - Episode 49/150 started - Strategy: CuriosityStrategy
2025-07-01 00:45:38,299 - INFO - 🔶 Episode 49: CHECKPOINTS (Short) | Reward: -4057.5 | Steps: 200
2025-07-01 00:45:38,300 - INFO - Episode 50/150 started - Strategy: CuriosityStrategy
2025-07-01 00:46:14,042 - INFO - 🔶 Episode 50: CHECKPOINTS (Short) | Reward: -3452.0 | Steps: 200
2025-07-01 00:46:14,053 - INFO - Episodes completed: 50
2025-07-01 00:46:14,054 - INFO - Average reward (last 50): -3330.60
2025-07-01 00:46:14,055 - INFO - Average steps (last 50): 197.4
2025-07-01 00:46:14,055 - INFO - Success rate (last 50): 8.0%
2025-07-01 00:46:14,055 - INFO - States explored: 102
2025-07-01 00:46:14,055 - INFO - Total checkpoints reached: 146
2025-07-01 00:46:14,055 - INFO - Unique checkpoints discovered: 4
2025-07-01 00:46:14,055 - INFO - Episodes with checkpoints: 50/50
2025-07-01 00:46:14,055 - INFO - Checkpoint values found: [1, 2, 3, 4]
2025-07-01 00:46:14,055 - INFO - Episode 51/150 started - Strategy: CuriosityStrategy
2025-07-01 00:46:48,869 - INFO - 🔶 Episode 51: CHECKPOINTS (Short) | Reward: -3263.5 | Steps: 200
2025-07-01 00:46:48,869 - INFO - Episode 52/150 started - Strategy: CuriosityStrategy
2025-07-01 00:47:16,883 - INFO - 🏆 Episode 52: GOAL REACHED | Reward: 256.0 | Steps: 154
2025-07-01 00:47:16,884 - INFO - Episode 53/150 started - Strategy: CuriosityStrategy
2025-07-01 00:47:52,829 - INFO - 🔶 Episode 53: CHECKPOINTS (Short) | Reward: -3013.5 | Steps: 200
2025-07-01 00:47:52,830 - INFO - Episode 54/150 started - Strategy: CuriosityStrategy
2025-07-01 00:48:29,107 - INFO - 🔶 Episode 54: CHECKPOINTS (Short) | Reward: -3673.0 | Steps: 200
2025-07-01 00:48:29,109 - INFO - Episode 55/150 started - Strategy: CuriosityStrategy
2025-07-01 00:49:05,640 - INFO - 🔶 Episode 55: CHECKPOINTS (Short) | Reward: -2841.5 | Steps: 200
2025-07-01 00:49:05,641 - INFO - Episode 56/150 started - Strategy: CuriosityStrategy
2025-07-01 00:49:37,674 - INFO - 🏆 Episode 56: GOAL REACHED | Reward: -594.5 | Steps: 177
2025-07-01 00:49:37,674 - INFO - Episode 57/150 started - Strategy: CuriosityStrategy
2025-07-01 00:50:13,986 - INFO - 🔶 Episode 57: CHECKPOINTS (Short) | Reward: -2591.0 | Steps: 200
2025-07-01 00:50:13,988 - INFO - Episode 58/150 started - Strategy: CuriosityStrategy
2025-07-01 00:50:49,243 - INFO - 🔶 Episode 58: CHECKPOINTS (Short) | Reward: -3875.5 | Steps: 200
2025-07-01 00:50:49,243 - INFO - Episode 59/150 started - Strategy: CuriosityStrategy
2025-07-01 00:51:25,370 - INFO - 🔶 Episode 59: CHECKPOINTS (Short) | Reward: -2978.0 | Steps: 200
2025-07-01 00:51:25,372 - INFO - Episode 60/150 started - Strategy: CuriosityStrategy
2025-07-01 00:52:00,350 - INFO - 🏆 Episode 60: GOAL REACHED | Reward: -243.5 | Steps: 192
2025-07-01 00:52:00,351 - INFO - Episode 61/150 started - Strategy: CuriosityStrategy
2025-07-01 00:52:36,747 - INFO - 🔶 Episode 61: CHECKPOINTS (Short) | Reward: -2913.0 | Steps: 200
2025-07-01 00:52:36,748 - INFO - Episode 62/150 started - Strategy: CuriosityStrategy
2025-07-01 00:53:12,116 - INFO - 🔶 Episode 62: CHECKPOINTS (Short) | Reward: -4057.5 | Steps: 200
2025-07-01 00:53:12,117 - INFO - Episode 63/150 started - Strategy: CuriosityStrategy
2025-07-01 00:53:47,641 - INFO - 🔶 Episode 63: CHECKPOINTS (Short) | Reward: -2419.0 | Steps: 200
2025-07-01 00:53:47,643 - INFO - Episode 64/150 started - Strategy: CuriosityStrategy
2025-07-01 00:54:23,200 - INFO - 🔶 Episode 64: CHECKPOINTS (Short) | Reward: -4265.5 | Steps: 200
2025-07-01 00:54:23,201 - INFO - Episode 65/150 started - Strategy: CuriosityStrategy
2025-07-01 00:54:59,325 - INFO - 🔶 Episode 65: CHECKPOINTS (Short) | Reward: -2987.5 | Steps: 200
2025-07-01 00:54:59,325 - INFO - Episode 66/150 started - Strategy: CuriosityStrategy
2025-07-01 00:55:35,582 - INFO - 🔶 Episode 66: CHECKPOINTS (Short) | Reward: -3474.5 | Steps: 200
2025-07-01 00:55:35,584 - INFO - Episode 67/150 started - Strategy: CuriosityStrategy
2025-07-01 00:56:11,209 - INFO - 🔶 Episode 67: CHECKPOINTS (Short) | Reward: -3617.5 | Steps: 200
2025-07-01 00:56:11,211 - INFO - Episode 68/150 started - Strategy: CuriosityStrategy
2025-07-01 00:56:46,873 - INFO - 🔶 Episode 68: CHECKPOINTS (Short) | Reward: -3231.5 | Steps: 200
2025-07-01 00:56:46,875 - INFO - Episode 69/150 started - Strategy: CuriosityStrategy
2025-07-01 00:57:22,074 - INFO - 🔶 Episode 69: CHECKPOINTS (Short) | Reward: -3732.5 | Steps: 200
2025-07-01 00:57:22,075 - INFO - Episode 70/150 started - Strategy: CuriosityStrategy
2025-07-01 00:57:57,539 - INFO - 🔶 Episode 70: CHECKPOINTS (Short) | Reward: -4096.5 | Steps: 200
2025-07-01 00:57:57,540 - INFO - Episode 71/150 started - Strategy: CuriosityStrategy
2025-07-01 00:58:33,062 - INFO - 🔶 Episode 71: CHECKPOINTS (Short) | Reward: -3400.0 | Steps: 200
2025-07-01 00:58:33,062 - INFO - Episode 72/150 started - Strategy: CuriosityStrategy
2025-07-01 00:59:08,763 - INFO - 🔶 Episode 72: CHECKPOINTS (Short) | Reward: -3075.5 | Steps: 200
2025-07-01 00:59:08,764 - INFO - Episode 73/150 started - Strategy: CuriosityStrategy
2025-07-01 00:59:44,791 - INFO - 🔶 Episode 73: CHECKPOINTS (Short) | Reward: -3926.5 | Steps: 200
2025-07-01 00:59:44,792 - INFO - Episode 74/150 started - Strategy: CuriosityStrategy
2025-07-01 01:00:21,040 - INFO - 🔶 Episode 74: CHECKPOINTS (Short) | Reward: -2769.5 | Steps: 200
2025-07-01 01:00:21,041 - INFO - Episode 75/150 started - Strategy: CuriosityStrategy
2025-07-01 01:00:45,202 - INFO - 🏆 Episode 75: GOAL REACHED | Reward: 679.5 | Steps: 129
2025-07-01 01:00:45,203 - INFO - Episode 76/150 started - Strategy: CuriosityStrategy
2025-07-01 01:01:21,061 - INFO - 🔶 Episode 76: CHECKPOINTS (Short) | Reward: -3614.5 | Steps: 200
2025-07-01 01:01:21,062 - INFO - Episode 77/150 started - Strategy: CuriosityStrategy
2025-07-01 01:01:52,132 - INFO - 🏆 Episode 77: GOAL REACHED | Reward: -11.0 | Steps: 171
2025-07-01 01:01:52,132 - INFO - Episode 78/150 started - Strategy: CuriosityStrategy
2025-07-01 01:02:27,762 - INFO - 🔶 Episode 78: CHECKPOINTS (Short) | Reward: -3517.0 | Steps: 200
2025-07-01 01:02:27,762 - INFO - Episode 79/150 started - Strategy: CuriosityStrategy
2025-07-01 01:03:03,617 - INFO - 🔶 Episode 79: CHECKPOINTS (Short) | Reward: -3856.0 | Steps: 200
2025-07-01 01:03:03,618 - INFO - Episode 80/150 started - Strategy: CuriosityStrategy
2025-07-01 01:03:39,430 - INFO - 🔶 Episode 80: CHECKPOINTS (Short) | Reward: -3973.0 | Steps: 200
2025-07-01 01:03:39,431 - INFO - Episode 81/150 started - Strategy: CuriosityStrategy
2025-07-01 01:04:14,944 - INFO - 🔶 Episode 81: CHECKPOINTS (Short) | Reward: -3458.5 | Steps: 200
2025-07-01 01:04:14,945 - INFO - Episode 82/150 started - Strategy: CuriosityStrategy
2025-07-01 01:04:51,036 - INFO - 🔶 Episode 82: CHECKPOINTS (Short) | Reward: -3393.5 | Steps: 200
2025-07-01 01:04:51,036 - INFO - Episode 83/150 started - Strategy: CuriosityStrategy
2025-07-01 01:05:27,065 - INFO - 🔶 Episode 83: CHECKPOINTS (Short) | Reward: -3595.0 | Steps: 200
2025-07-01 01:05:27,066 - INFO - Episode 84/150 started - Strategy: CuriosityStrategy
2025-07-01 01:06:02,830 - INFO - 🔶 Episode 84: CHECKPOINTS (Short) | Reward: -3887.5 | Steps: 200
2025-07-01 01:06:02,830 - INFO - Episode 85/150 started - Strategy: CuriosityStrategy
2025-07-01 01:06:35,207 - INFO - 🏆 Episode 85: GOAL REACHED | Reward: -578.0 | Steps: 179
2025-07-01 01:06:35,208 - INFO - Episode 86/150 started - Strategy: CuriosityStrategy
2025-07-01 01:07:10,275 - INFO - 🏆 Episode 86: GOAL REACHED | Reward: -659.5 | Steps: 195
2025-07-01 01:07:10,275 - INFO - Episode 87/150 started - Strategy: CuriosityStrategy
2025-07-01 01:07:46,374 - INFO - 🔶 Episode 87: CHECKPOINTS (Short) | Reward: -2900.0 | Steps: 200
2025-07-01 01:07:46,376 - INFO - Episode 88/150 started - Strategy: CuriosityStrategy
2025-07-01 01:08:21,728 - INFO - 🔶 Episode 88: CHECKPOINTS (Short) | Reward: -4304.5 | Steps: 200
2025-07-01 01:08:21,728 - INFO - Episode 89/150 started - Strategy: CuriosityStrategy
2025-07-01 01:08:57,786 - INFO - 🔶 Episode 89: CHECKPOINTS (Short) | Reward: -3069.0 | Steps: 200
2025-07-01 01:08:57,786 - INFO - Episode 90/150 started - Strategy: CuriosityStrategy
2025-07-01 01:09:33,080 - INFO - 🔶 Episode 90: CHECKPOINTS (Short) | Reward: -3303.5 | Steps: 200
2025-07-01 01:09:33,081 - INFO - Episode 91/150 started - Strategy: CuriosityStrategy
2025-07-01 01:10:04,540 - INFO - 🏆 Episode 91: GOAL REACHED | Reward: -186.0 | Steps: 174
2025-07-01 01:10:04,540 - INFO - Episode 92/150 started - Strategy: CuriosityStrategy
2025-07-01 01:10:40,697 - INFO - 🔶 Episode 92: CHECKPOINTS (Short) | Reward: -2705.0 | Steps: 200
2025-07-01 01:10:40,697 - INFO - Episode 93/150 started - Strategy: CuriosityStrategy
2025-07-01 01:11:15,353 - INFO - 🏆 Episode 93: GOAL REACHED | Reward: -458.0 | Steps: 190
2025-07-01 01:11:15,353 - INFO - Episode 94/150 started - Strategy: CuriosityStrategy
2025-07-01 01:11:49,938 - INFO - 🔶 Episode 94: CHECKPOINTS (Short) | Reward: -4486.5 | Steps: 200
2025-07-01 01:11:49,939 - INFO - Episode 95/150 started - Strategy: CuriosityStrategy
2025-07-01 01:12:25,661 - INFO - 🔶 Episode 95: CHECKPOINTS (Short) | Reward: -3739.0 | Steps: 200
2025-07-01 01:12:25,661 - INFO - Episode 96/150 started - Strategy: CuriosityStrategy
2025-07-01 01:13:01,450 - INFO - 🔶 Episode 96: CHECKPOINTS (Short) | Reward: -3484.5 | Steps: 200
2025-07-01 01:13:01,451 - INFO - Episode 97/150 started - Strategy: CuriosityStrategy
2025-07-01 01:13:36,621 - INFO - 🏆 Episode 97: GOAL REACHED | Reward: -679.0 | Steps: 190
2025-07-01 01:13:36,621 - INFO - Episode 98/150 started - Strategy: CuriosityStrategy
2025-07-01 01:14:12,943 - INFO - 🔶 Episode 98: CHECKPOINTS (Short) | Reward: -2614.0 | Steps: 200
2025-07-01 01:14:12,944 - INFO - Episode 99/150 started - Strategy: CuriosityStrategy
2025-07-01 01:14:47,950 - INFO - 🔶 Episode 99: CHECKPOINTS (Short) | Reward: -3952.5 | Steps: 200
2025-07-01 01:14:47,950 - INFO - Episode 100/150 started - Strategy: CuriosityStrategy
2025-07-01 01:15:23,677 - INFO - 🔶 Episode 100: CHECKPOINTS (Short) | Reward: -3250.5 | Steps: 200
2025-07-01 01:15:23,686 - INFO - Episodes completed: 100
2025-07-01 01:15:23,687 - INFO - Average reward (last 50): -2795.61
2025-07-01 01:15:23,687 - INFO - Average steps (last 50): 195.0
2025-07-01 01:15:23,687 - INFO - Success rate (last 50): 20.0%
2025-07-01 01:15:23,687 - INFO - States explored: 102
2025-07-01 01:15:23,688 - INFO - Total checkpoints reached: 309
2025-07-01 01:15:23,688 - INFO - Unique checkpoints discovered: 4
2025-07-01 01:15:23,688 - INFO - Episodes with checkpoints: 100/100
2025-07-01 01:15:23,688 - INFO - Checkpoint values found: [1, 2, 3, 4]
2025-07-01 01:15:23,688 - INFO - Episode 101/150 started - Strategy: CuriosityStrategy
2025-07-01 01:15:48,725 - INFO - 🏆 Episode 101: GOAL REACHED | Reward: 314.0 | Steps: 139
2025-07-01 01:15:48,727 - INFO - Episode 102/150 started - Strategy: CuriosityStrategy
2025-07-01 01:16:24,748 - INFO - 🔶 Episode 102: CHECKPOINTS (Short) | Reward: -3296.0 | Steps: 200
2025-07-01 01:16:24,749 - INFO - Episode 103/150 started - Strategy: CuriosityStrategy
2025-07-01 01:17:00,288 - INFO - 🔶 Episode 103: CHECKPOINTS (Short) | Reward: -3413.5 | Steps: 200
2025-07-01 01:17:00,289 - INFO - Episode 104/150 started - Strategy: CuriosityStrategy
2025-07-01 01:17:35,293 - INFO - 🔶 Episode 104: CHECKPOINTS (Short) | Reward: -4272.0 | Steps: 200
2025-07-01 01:17:35,295 - INFO - Episode 105/150 started - Strategy: CuriosityStrategy
2025-07-01 01:18:00,023 - INFO - 🏆 Episode 105: GOAL REACHED | Reward: 594.0 | Steps: 135
2025-07-01 01:18:00,024 - INFO - Episode 106/150 started - Strategy: CuriosityStrategy
2025-07-01 01:18:35,169 - INFO - 🔶 Episode 106: CHECKPOINTS (Short) | Reward: -4519.5 | Steps: 200
2025-07-01 01:18:35,170 - INFO - Episode 107/150 started - Strategy: CuriosityStrategy
2025-07-01 01:19:11,064 - INFO - 🔶 Episode 107: CHECKPOINTS (Short) | Reward: -2360.5 | Steps: 200
2025-07-01 01:19:11,065 - INFO - Episode 108/150 started - Strategy: CuriosityStrategy
2025-07-01 01:19:46,528 - INFO - 🔶 Episode 108: CHECKPOINTS (Short) | Reward: -3582.0 | Steps: 200
2025-07-01 01:19:46,529 - INFO - Episode 109/150 started - Strategy: CuriosityStrategy
2025-07-01 01:20:21,821 - INFO - 🔶 Episode 109: CHECKPOINTS (Short) | Reward: -3299.0 | Steps: 200
2025-07-01 01:20:21,821 - INFO - Episode 110/150 started - Strategy: CuriosityStrategy
2025-07-01 01:20:57,755 - INFO - 🔶 Episode 110: CHECKPOINTS (Short) | Reward: -2994.0 | Steps: 200
2025-07-01 01:20:57,757 - INFO - Episode 111/150 started - Strategy: CuriosityStrategy
2025-07-01 01:21:24,784 - INFO - 🏆 Episode 111: GOAL REACHED | Reward: 829.5 | Steps: 147
2025-07-01 01:21:24,785 - INFO - Episode 112/150 started - Strategy: CuriosityStrategy
2025-07-01 01:22:00,717 - INFO - 🔶 Episode 112: CHECKPOINTS (Short) | Reward: -3497.5 | Steps: 200
2025-07-01 01:22:00,719 - INFO - Episode 113/150 started - Strategy: CuriosityStrategy
2025-07-01 01:22:37,063 - INFO - 🔶 Episode 113: CHECKPOINTS (Short) | Reward: -3257.0 | Steps: 200
2025-07-01 01:22:37,063 - INFO - Episode 114/150 started - Strategy: CuriosityStrategy
2025-07-01 01:23:12,559 - INFO - 🔶 Episode 114: CHECKPOINTS (Short) | Reward: -4168.0 | Steps: 200
2025-07-01 01:23:12,559 - INFO - Episode 115/150 started - Strategy: CuriosityStrategy
2025-07-01 01:23:48,102 - INFO - 🔶 Episode 115: CHECKPOINTS (Short) | Reward: -4135.5 | Steps: 200
2025-07-01 01:23:48,104 - INFO - Episode 116/150 started - Strategy: CuriosityStrategy
2025-07-01 01:24:23,785 - INFO - 🔶 Episode 116: CHECKPOINTS (Short) | Reward: -3751.0 | Steps: 200
2025-07-01 01:24:23,786 - INFO - Episode 117/150 started - Strategy: CuriosityStrategy
2025-07-01 01:24:59,378 - INFO - 🔶 Episode 117: CHECKPOINTS (Short) | Reward: -3739.0 | Steps: 200
2025-07-01 01:24:59,380 - INFO - Episode 118/150 started - Strategy: CuriosityStrategy
2025-07-01 01:25:35,694 - INFO - 🔶 Episode 118: CHECKPOINTS (Short) | Reward: -3458.5 | Steps: 200
2025-07-01 01:25:35,695 - INFO - Episode 119/150 started - Strategy: CuriosityStrategy
2025-07-01 01:26:11,519 - INFO - 🏆 Episode 119: GOAL REACHED | Reward: -1044.5 | Steps: 199
2025-07-01 01:26:11,519 - INFO - Episode 120/150 started - Strategy: CuriosityStrategy
2025-07-01 01:26:39,791 - INFO - 🔶 Episode 120: CHECKPOINTS (Short) | Reward: -3985.0 | Steps: 200
2025-07-01 01:26:39,791 - INFO - Episode 121/150 started - Strategy: CuriosityStrategy
2025-07-01 01:27:15,426 - INFO - 🔶 Episode 121: CHECKPOINTS (Short) | Reward: -3869.0 | Steps: 200
2025-07-01 01:27:15,426 - INFO - Episode 122/150 started - Strategy: CuriosityStrategy
2025-07-01 01:27:51,227 - INFO - 🔶 Episode 122: CHECKPOINTS (Short) | Reward: -3020.0 | Steps: 200
2025-07-01 01:27:51,227 - INFO - Episode 123/150 started - Strategy: CuriosityStrategy
2025-07-01 01:28:27,190 - INFO - 🔶 Episode 123: CHECKPOINTS (Short) | Reward: -2887.0 | Steps: 200
2025-07-01 01:28:27,190 - INFO - Episode 124/150 started - Strategy: CuriosityStrategy
2025-07-01 01:29:02,551 - INFO - 🔶 Episode 124: CHECKPOINTS (Short) | Reward: -4011.0 | Steps: 200
2025-07-01 01:29:02,553 - INFO - Episode 125/150 started - Strategy: CuriosityStrategy
2025-07-01 01:29:38,340 - INFO - 🔶 Episode 125: CHECKPOINTS (Short) | Reward: -3134.0 | Steps: 200
2025-07-01 01:29:38,341 - INFO - Episode 126/150 started - Strategy: CuriosityStrategy
2025-07-01 01:30:14,180 - INFO - 🔶 Episode 126: CHECKPOINTS (Short) | Reward: -3745.5 | Steps: 200
2025-07-01 01:30:14,180 - INFO - Episode 127/150 started - Strategy: CuriosityStrategy
2025-07-01 01:30:49,471 - INFO - 🔶 Episode 127: CHECKPOINTS (Short) | Reward: -3861.5 | Steps: 200
2025-07-01 01:30:49,471 - INFO - Episode 128/150 started - Strategy: CuriosityStrategy
2025-07-01 01:31:24,569 - INFO - 🔶 Episode 128: CHECKPOINTS (Short) | Reward: -4057.5 | Steps: 200
2025-07-01 01:31:24,569 - INFO - Episode 129/150 started - Strategy: CuriosityStrategy
2025-07-01 01:32:00,297 - INFO - 🔶 Episode 129: CHECKPOINTS (Short) | Reward: -3908.0 | Steps: 200
2025-07-01 01:32:00,299 - INFO - Episode 130/150 started - Strategy: CuriosityStrategy
2025-07-01 01:32:35,841 - INFO - 🔶 Episode 130: CHECKPOINTS (Short) | Reward: -3478.5 | Steps: 200
2025-07-01 01:32:35,842 - INFO - Episode 131/150 started - Strategy: CuriosityStrategy
2025-07-01 01:33:12,272 - INFO - 🔶 Episode 131: CHECKPOINTS (Short) | Reward: -2500.0 | Steps: 200
2025-07-01 01:33:12,273 - INFO - Episode 132/150 started - Strategy: CuriosityStrategy
2025-07-01 01:33:48,441 - INFO - 🏆 Episode 132: GOAL REACHED | Reward: -887.0 | Steps: 200
2025-07-01 01:33:48,443 - INFO - Episode 133/150 started - Strategy: CuriosityStrategy
2025-07-01 01:34:24,070 - INFO - 🔶 Episode 133: CHECKPOINTS (Short) | Reward: -3745.5 | Steps: 200
2025-07-01 01:34:24,071 - INFO - Episode 134/150 started - Strategy: CuriosityStrategy
2025-07-01 01:34:59,397 - INFO - 🏆 Episode 134: GOAL REACHED | Reward: -316.0 | Steps: 193
2025-07-01 01:34:59,397 - INFO - Episode 135/150 started - Strategy: CuriosityStrategy
2025-07-01 01:35:35,086 - INFO - 🔶 Episode 135: CHECKPOINTS (Short) | Reward: -3699.0 | Steps: 200
2025-07-01 01:35:35,087 - INFO - Episode 136/150 started - Strategy: CuriosityStrategy
2025-07-01 01:36:02,303 - INFO - 🏆 Episode 136: GOAL REACHED | Reward: 242.5 | Steps: 148
2025-07-01 01:36:02,303 - INFO - Episode 137/150 started - Strategy: CuriosityStrategy
2025-07-01 01:36:25,394 - INFO - 🏆 Episode 137: GOAL REACHED | Reward: 954.5 | Steps: 123
2025-07-01 01:36:25,395 - INFO - Episode 138/150 started - Strategy: CuriosityStrategy
2025-07-01 01:37:01,716 - INFO - 🔶 Episode 138: CHECKPOINTS (Short) | Reward: -2412.5 | Steps: 200
2025-07-01 01:37:01,717 - INFO - Episode 139/150 started - Strategy: CuriosityStrategy
2025-07-01 01:37:34,699 - INFO - 🏆 Episode 139: GOAL REACHED | Reward: -2.5 | Steps: 180
2025-07-01 01:37:34,700 - INFO - Episode 140/150 started - Strategy: CuriosityStrategy
2025-07-01 01:38:09,665 - INFO - 🔶 Episode 140: CHECKPOINTS (Short) | Reward: -3563.5 | Steps: 200
2025-07-01 01:38:09,665 - INFO - Episode 141/150 started - Strategy: CuriosityStrategy
2025-07-01 01:38:45,701 - INFO - 🔶 Episode 141: CHECKPOINTS (Short) | Reward: -3588.5 | Steps: 200
2025-07-01 01:38:45,703 - INFO - Episode 142/150 started - Strategy: CuriosityStrategy
2025-07-01 01:39:21,332 - INFO - 🔶 Episode 142: CHECKPOINTS (Short) | Reward: -3882.0 | Steps: 200
2025-07-01 01:39:21,333 - INFO - Episode 143/150 started - Strategy: CuriosityStrategy
2025-07-01 01:39:57,771 - INFO - 🔶 Episode 143: CHECKPOINTS (Short) | Reward: -2536.0 | Steps: 200
2025-07-01 01:39:57,772 - INFO - Episode 144/150 started - Strategy: CuriosityStrategy
2025-07-01 01:40:33,436 - INFO - 🔶 Episode 144: CHECKPOINTS (Short) | Reward: -3764.0 | Steps: 200
2025-07-01 01:40:33,437 - INFO - Episode 145/150 started - Strategy: CuriosityStrategy
2025-07-01 01:41:09,238 - INFO - 🔶 Episode 145: CHECKPOINTS (Short) | Reward: -3036.5 | Steps: 200
2025-07-01 01:41:09,239 - INFO - Episode 146/150 started - Strategy: CuriosityStrategy
2025-07-01 01:41:43,149 - INFO - 🏆 Episode 146: GOAL REACHED | Reward: -799.0 | Steps: 192
2025-07-01 01:41:43,149 - INFO - Episode 147/150 started - Strategy: CuriosityStrategy
2025-07-01 01:42:19,247 - INFO - 🔶 Episode 147: CHECKPOINTS (Short) | Reward: -2828.5 | Steps: 200
2025-07-01 01:42:19,249 - INFO - Episode 148/150 started - Strategy: CuriosityStrategy
2025-07-01 01:42:54,336 - INFO - 🔶 Episode 148: CHECKPOINTS (Short) | Reward: -4096.5 | Steps: 200
2025-07-01 01:42:54,336 - INFO - Episode 149/150 started - Strategy: CuriosityStrategy
2025-07-01 01:43:29,765 - INFO - 🔶 Episode 149: CHECKPOINTS (Short) | Reward: -2954.5 | Steps: 200
2025-07-01 01:43:29,766 - INFO - Episode 150/150 started - Strategy: CuriosityStrategy
2025-07-01 01:44:05,847 - INFO - 🔶 Episode 150: CHECKPOINTS (Short) | Reward: -2789.5 | Steps: 200
2025-07-01 01:44:05,855 - INFO - Episodes completed: 150
2025-07-01 01:44:05,855 - INFO - Average reward (last 50): -2784.22
2025-07-01 01:44:05,856 - INFO - Average steps (last 50): 193.1
2025-07-01 01:44:05,856 - INFO - Success rate (last 50): 20.0%
2025-07-01 01:44:05,856 - INFO - States explored: 102
2025-07-01 01:44:05,856 - INFO - Total checkpoints reached: 468
2025-07-01 01:44:05,856 - INFO - Unique checkpoints discovered: 4
2025-07-01 01:44:05,856 - INFO - Episodes with checkpoints: 150/150
2025-07-01 01:44:05,856 - INFO - Checkpoint values found: [1, 2, 3, 4]
2025-07-01 01:44:05,859 - INFO - ✅ Training completed!
2025-07-01 01:44:05,861 - INFO - === FINAL TRAINING STATISTICS ===
2025-07-01 01:44:05,861 - INFO -   total_episodes: 11430
2025-07-01 01:44:05,861 - INFO -   states_explored: 102
2025-07-01 01:44:05,861 - INFO -   avg_reward: -3030.9003062117235
2025-07-01 01:44:05,861 - INFO -   max_reward: 2582.0
2025-07-01 01:44:05,861 - INFO -   success_rate: 0.046456692913385826
2025-07-01 01:44:05,861 - INFO -   strategy_info: {'base_epsilon': 0.65, 'novelty_bonus': 5.0, 'states_discovered': 102}
2025-07-01 01:44:05,861 - INFO - === FINAL CHECKPOINT ANALYSIS ===
2025-07-01 01:44:05,861 - INFO -   Checkpoint discovery rate: 0.000 unique/episode
2025-07-01 01:44:05,861 - INFO -   Checkpoint frequency: 0.041 checkpoints/episode
2025-07-01 01:44:05,861 - INFO -   Best checkpoint reached: 4
2025-07-01 01:44:05,861 - INFO -   Maze progress: 80.0% (checkpoints discovered)
2025-07-01 01:44:05,861 - INFO - DDS stopped.
