2025-06-30 10:23:06,284 - INFO - Movement Mode: FAST (Teleport)
2025-06-30 10:23:06,284 - INFO - Strategy initialized: CuriosityStrategy
2025-06-30 10:23:06,284 - INFO - Strategy info: {'base_epsilon': 0.6, 'novelty_bonus': 8.0, 'states_discovered': 0}
2025-06-30 10:23:06,284 - INFO - CLI mode selected: continue
2025-06-30 10:23:06,284 - INFO - Continuing training for 150 additional episodes.
2025-06-30 10:23:06,284 - INFO - ================================================================================
2025-06-30 10:23:06,284 - INFO - 🚀 STARTING TRAINING SESSION
2025-06-30 10:23:06,284 - INFO - ================================================================================
2025-06-30 10:23:06,284 - INFO - Episodes: 150
2025-06-30 10:23:06,284 - INFO - Strategy: curiosity
2025-06-30 10:23:06,284 - INFO - Model path: models/q_agent.pkl
2025-06-30 10:23:06,284 - INFO - ================================================================================
2025-06-30 10:23:06,286 - INFO - 📁 Loaded existing model
2025-06-30 10:23:06,289 - INFO - 🔗 Connected to Godot simulation!
2025-06-30 10:23:06,289 - INFO - Episode 1/150 started - Strategy: CuriosityStrategy
2025-06-30 10:23:39,786 - INFO - 🔶 Episode 1: CHECKPOINTS (Short) | Reward: -4067.0 | Steps: 200
2025-06-30 10:23:39,787 - INFO - Episode 2/150 started - Strategy: CuriosityStrategy
2025-06-30 10:24:13,251 - INFO - 🔶 Episode 2: CHECKPOINTS (Short) | Reward: -3153.5 | Steps: 200
2025-06-30 10:24:13,252 - INFO - Episode 3/150 started - Strategy: CuriosityStrategy
2025-06-30 10:24:41,268 - INFO - 🏆 Episode 3: GOAL REACHED | Reward: -204.5 | Steps: 161
2025-06-30 10:24:41,269 - INFO - Episode 4/150 started - Strategy: CuriosityStrategy
2025-06-30 10:25:09,281 - INFO - 🏆 Episode 4: GOAL REACHED | Reward: 49.0 | Steps: 164
2025-06-30 10:25:09,282 - INFO - Episode 5/150 started - Strategy: CuriosityStrategy
2025-06-30 10:25:42,652 - INFO - 🔶 Episode 5: CHECKPOINTS (Short) | Reward: -3761.5 | Steps: 200
2025-06-30 10:25:42,653 - INFO - Episode 6/150 started - Strategy: CuriosityStrategy
2025-06-30 10:26:15,302 - INFO - 🔶 Episode 6: CHECKPOINTS (Short) | Reward: -3953.5 | Steps: 200
2025-06-30 10:26:15,303 - INFO - Episode 7/150 started - Strategy: CuriosityStrategy
2025-06-30 10:26:49,026 - INFO - 🏆 Episode 7: GOAL REACHED | Reward: -688.5 | Steps: 197
2025-06-30 10:26:49,027 - INFO - Episode 8/150 started - Strategy: CuriosityStrategy
2025-06-30 10:27:22,949 - INFO - 🔶 Episode 8: CHECKPOINTS (Short) | Reward: -3504.0 | Steps: 200
2025-06-30 10:27:22,950 - INFO - Episode 9/150 started - Strategy: CuriosityStrategy
2025-06-30 10:27:56,382 - INFO - 🔶 Episode 9: CHECKPOINTS (Short) | Reward: -3575.5 | Steps: 200
2025-06-30 10:27:56,383 - INFO - Episode 10/150 started - Strategy: CuriosityStrategy
2025-06-30 10:28:29,665 - INFO - 🔶 Episode 10: CHECKPOINTS (Short) | Reward: -4239.5 | Steps: 200
2025-06-30 10:28:29,666 - INFO - Episode 11/150 started - Strategy: CuriosityStrategy
2025-06-30 10:28:53,711 - INFO - 🔶 Episode 11: CHECKPOINTS (Short) | Reward: -5110.5 | Steps: 200
2025-06-30 10:28:53,713 - INFO - Episode 12/150 started - Strategy: CuriosityStrategy
2025-06-30 10:29:27,023 - INFO - 🔶 Episode 12: CHECKPOINTS (Short) | Reward: -3198.5 | Steps: 200
2025-06-30 10:29:27,023 - INFO - Episode 13/150 started - Strategy: CuriosityStrategy
2025-06-30 10:29:58,236 - INFO - 🏆 Episode 13: GOAL REACHED | Reward: -737.0 | Steps: 185
2025-06-30 10:29:58,237 - INFO - Episode 14/150 started - Strategy: CuriosityStrategy
2025-06-30 10:30:31,145 - INFO - 🔶 Episode 14: CHECKPOINTS (Short) | Reward: -4073.0 | Steps: 200
2025-06-30 10:30:31,146 - INFO - Episode 15/150 started - Strategy: CuriosityStrategy
2025-06-30 10:31:05,015 - INFO - 🔶 Episode 15: CHECKPOINTS (Short) | Reward: -3699.0 | Steps: 200
2025-06-30 10:31:05,015 - INFO - Episode 16/150 started - Strategy: CuriosityStrategy
2025-06-30 10:31:37,844 - INFO - 🔶 Episode 16: CHECKPOINTS (Short) | Reward: -3725.0 | Steps: 200
2025-06-30 10:31:37,845 - INFO - Episode 17/150 started - Strategy: CuriosityStrategy
2025-06-30 10:32:11,985 - INFO - 🔶 Episode 17: CHECKPOINTS (Short) | Reward: -3601.5 | Steps: 200
2025-06-30 10:32:11,986 - INFO - Episode 18/150 started - Strategy: CuriosityStrategy
2025-06-30 10:32:45,697 - INFO - 🔶 Episode 18: CHECKPOINTS (Short) | Reward: -3342.5 | Steps: 200
2025-06-30 10:32:45,698 - INFO - Episode 19/150 started - Strategy: CuriosityStrategy
2025-06-30 10:33:16,186 - INFO - 🏆 Episode 19: GOAL REACHED | Reward: -310.0 | Steps: 178
2025-06-30 10:33:16,187 - INFO - Episode 20/150 started - Strategy: CuriosityStrategy
2025-06-30 10:33:49,839 - INFO - 🔶 Episode 20: CHECKPOINTS (Short) | Reward: -3147.0 | Steps: 200
2025-06-30 10:33:49,840 - INFO - Episode 21/150 started - Strategy: CuriosityStrategy
2025-06-30 10:34:22,940 - INFO - 🔶 Episode 21: CHECKPOINTS (Short) | Reward: -4356.5 | Steps: 200
2025-06-30 10:34:22,941 - INFO - Episode 22/150 started - Strategy: CuriosityStrategy
2025-06-30 10:34:55,994 - INFO - 🔶 Episode 22: CHECKPOINTS (Short) | Reward: -4168.0 | Steps: 200
2025-06-30 10:34:55,995 - INFO - Episode 23/150 started - Strategy: CuriosityStrategy
2025-06-30 10:35:29,440 - INFO - 🔶 Episode 23: CHECKPOINTS (Short) | Reward: -4434.5 | Steps: 200
2025-06-30 10:35:29,441 - INFO - Episode 24/150 started - Strategy: CuriosityStrategy
2025-06-30 10:36:02,175 - INFO - 🔶 Episode 24: CHECKPOINTS (Short) | Reward: -3934.0 | Steps: 200
2025-06-30 10:36:02,175 - INFO - Episode 25/150 started - Strategy: CuriosityStrategy
2025-06-30 10:36:22,531 - INFO - 🏆 Episode 25: GOAL REACHED | Reward: 67.0 | Steps: 120
2025-06-30 10:36:22,532 - INFO - Episode 26/150 started - Strategy: CuriosityStrategy
2025-06-30 10:36:56,325 - INFO - 🔶 Episode 26: CHECKPOINTS (Short) | Reward: -3153.5 | Steps: 200
2025-06-30 10:36:56,326 - INFO - Episode 27/150 started - Strategy: CuriosityStrategy
2025-06-30 10:37:29,267 - INFO - 🔶 Episode 27: CHECKPOINTS (Short) | Reward: -3361.0 | Steps: 200
2025-06-30 10:37:29,267 - INFO - Episode 28/150 started - Strategy: CuriosityStrategy
2025-06-30 10:38:02,911 - INFO - 🔶 Episode 28: CHECKPOINTS (Short) | Reward: -3458.5 | Steps: 200
2025-06-30 10:38:02,912 - INFO - Episode 29/150 started - Strategy: CuriosityStrategy
2025-06-30 10:38:35,996 - INFO - 🔶 Episode 29: CHECKPOINTS (Short) | Reward: -4285.0 | Steps: 200
2025-06-30 10:38:35,996 - INFO - Episode 30/150 started - Strategy: CuriosityStrategy
2025-06-30 10:39:09,419 - INFO - 🔶 Episode 30: CHECKPOINTS (Short) | Reward: -3829.0 | Steps: 200
2025-06-30 10:39:09,419 - INFO - Episode 31/150 started - Strategy: CuriosityStrategy
2025-06-30 10:39:42,324 - INFO - 🔶 Episode 31: CHECKPOINTS (Short) | Reward: -4018.5 | Steps: 200
2025-06-30 10:39:42,325 - INFO - Episode 32/150 started - Strategy: CuriosityStrategy
2025-06-30 10:40:15,468 - INFO - 🔶 Episode 32: CHECKPOINTS (Short) | Reward: -3667.0 | Steps: 200
2025-06-30 10:40:15,468 - INFO - Episode 33/150 started - Strategy: CuriosityStrategy
2025-06-30 10:40:48,652 - INFO - 🔶 Episode 33: CHECKPOINTS (Short) | Reward: -4077.0 | Steps: 200
2025-06-30 10:40:48,652 - INFO - Episode 34/150 started - Strategy: CuriosityStrategy
2025-06-30 10:41:22,171 - INFO - 🔶 Episode 34: CHECKPOINTS (Short) | Reward: -4369.5 | Steps: 200
2025-06-30 10:41:22,172 - INFO - Episode 35/150 started - Strategy: CuriosityStrategy
2025-06-30 10:41:55,133 - INFO - 🔶 Episode 35: CHECKPOINTS (Short) | Reward: -3446.0 | Steps: 200
2025-06-30 10:41:55,133 - INFO - Episode 36/150 started - Strategy: CuriosityStrategy
2025-06-30 10:42:28,571 - INFO - 🔶 Episode 36: CHECKPOINTS (Short) | Reward: -2900.0 | Steps: 200
2025-06-30 10:42:28,572 - INFO - Episode 37/150 started - Strategy: CuriosityStrategy
2025-06-30 10:43:02,435 - INFO - 🔶 Episode 37: CHECKPOINTS (Short) | Reward: -2711.5 | Steps: 200
2025-06-30 10:43:02,435 - INFO - Episode 38/150 started - Strategy: CuriosityStrategy
2025-06-30 10:43:36,094 - INFO - 🔶 Episode 38: CHECKPOINTS (Short) | Reward: -3865.5 | Steps: 200
2025-06-30 10:43:36,095 - INFO - Episode 39/150 started - Strategy: CuriosityStrategy
2025-06-30 10:43:55,575 - INFO - 🏆 Episode 39: GOAL REACHED | Reward: 1263.0 | Steps: 109
2025-06-30 10:43:55,576 - INFO - Episode 40/150 started - Strategy: CuriosityStrategy
2025-06-30 10:44:29,299 - INFO - 🔶 Episode 40: CHECKPOINTS (Short) | Reward: -2750.5 | Steps: 200
2025-06-30 10:44:29,299 - INFO - Episode 41/150 started - Strategy: CuriosityStrategy
2025-06-30 10:45:02,520 - INFO - 🔶 Episode 41: CHECKPOINTS (Short) | Reward: -3726.0 | Steps: 200
2025-06-30 10:45:02,520 - INFO - Episode 42/150 started - Strategy: CuriosityStrategy
2025-06-30 10:45:34,392 - INFO - 🔶 Episode 42: CHECKPOINTS (Short) | Reward: -4070.5 | Steps: 200
2025-06-30 10:45:34,393 - INFO - Episode 43/150 started - Strategy: CuriosityStrategy
2025-06-30 10:46:07,542 - INFO - 🔶 Episode 43: CHECKPOINTS (Short) | Reward: -4122.5 | Steps: 200
2025-06-30 10:46:07,543 - INFO - Episode 44/150 started - Strategy: CuriosityStrategy
2025-06-30 10:46:40,434 - INFO - 🔶 Episode 44: CHECKPOINTS (Short) | Reward: -4265.5 | Steps: 200
2025-06-30 10:46:40,434 - INFO - Episode 45/150 started - Strategy: CuriosityStrategy
2025-06-30 10:47:13,923 - INFO - 🔶 Episode 45: CHECKPOINTS (Short) | Reward: -3238.0 | Steps: 200
2025-06-30 10:47:13,924 - INFO - Episode 46/150 started - Strategy: CuriosityStrategy
2025-06-30 10:47:46,908 - INFO - 🔶 Episode 46: CHECKPOINTS (Short) | Reward: -2678.5 | Steps: 200
2025-06-30 10:47:46,908 - INFO - Episode 47/150 started - Strategy: CuriosityStrategy
2025-06-30 10:48:20,471 - INFO - 🔶 Episode 47: CHECKPOINTS (Short) | Reward: -3700.0 | Steps: 200
2025-06-30 10:48:20,472 - INFO - Episode 48/150 started - Strategy: CuriosityStrategy
2025-06-30 10:48:53,189 - INFO - 🔶 Episode 48: CHECKPOINTS (Short) | Reward: -3537.5 | Steps: 200
2025-06-30 10:48:53,190 - INFO - Episode 49/150 started - Strategy: CuriosityStrategy
2025-06-30 10:49:25,741 - INFO - 🔶 Episode 49: CHECKPOINTS (Short) | Reward: -3680.5 | Steps: 200
2025-06-30 10:49:25,742 - INFO - Episode 50/150 started - Strategy: CuriosityStrategy
2025-06-30 10:49:58,769 - INFO - 🔶 Episode 50: CHECKPOINTS (Short) | Reward: -4070.5 | Steps: 200
2025-06-30 10:49:58,777 - INFO - Episodes completed: 50
2025-06-30 10:49:58,778 - INFO - Average reward (last 50): -3211.75
2025-06-30 10:49:58,778 - INFO - Average steps (last 50): 194.3
2025-06-30 10:49:58,778 - INFO - Success rate (last 50): 14.0%
2025-06-30 10:49:58,778 - INFO - States explored: 98
2025-06-30 10:49:58,778 - INFO - Total checkpoints reached: 139
2025-06-30 10:49:58,778 - INFO - Unique checkpoints discovered: 4
2025-06-30 10:49:58,778 - INFO - Episodes with checkpoints: 50/50
2025-06-30 10:49:58,778 - INFO - Checkpoint values found: [1, 2, 3, 4]
2025-06-30 10:49:58,778 - INFO - Episode 51/150 started - Strategy: CuriosityStrategy
2025-06-30 10:50:32,091 - INFO - 🔶 Episode 51: CHECKPOINTS (Short) | Reward: -3218.5 | Steps: 200
2025-06-30 10:50:32,091 - INFO - Episode 52/150 started - Strategy: CuriosityStrategy
2025-06-30 10:51:04,817 - INFO - 🔶 Episode 52: CHECKPOINTS (Short) | Reward: -3797.5 | Steps: 200
2025-06-30 10:51:04,818 - INFO - Episode 53/150 started - Strategy: CuriosityStrategy
2025-06-30 10:51:38,164 - INFO - 🔶 Episode 53: CHECKPOINTS (Short) | Reward: -3352.0 | Steps: 200
2025-06-30 10:51:38,165 - INFO - Episode 54/150 started - Strategy: CuriosityStrategy
2025-06-30 10:52:11,309 - INFO - 🔶 Episode 54: CHECKPOINTS (Short) | Reward: -4402.5 | Steps: 200
2025-06-30 10:52:11,310 - INFO - Episode 55/150 started - Strategy: CuriosityStrategy
2025-06-30 10:52:44,433 - INFO - 🔶 Episode 55: CHECKPOINTS (Short) | Reward: -3856.0 | Steps: 200
2025-06-30 10:52:44,434 - INFO - Episode 56/150 started - Strategy: CuriosityStrategy
2025-06-30 10:53:17,837 - INFO - 🔶 Episode 56: CHECKPOINTS (Short) | Reward: -3680.5 | Steps: 200
2025-06-30 10:53:17,838 - INFO - Episode 57/150 started - Strategy: CuriosityStrategy
2025-06-30 10:53:50,785 - INFO - 🔶 Episode 57: CHECKPOINTS (Short) | Reward: -4337.0 | Steps: 200
2025-06-30 10:53:50,785 - INFO - Episode 58/150 started - Strategy: CuriosityStrategy
2025-06-30 10:54:24,183 - INFO - 🔶 Episode 58: CHECKPOINTS (Short) | Reward: -4369.5 | Steps: 200
2025-06-30 10:54:24,183 - INFO - Episode 59/150 started - Strategy: CuriosityStrategy
2025-06-30 10:54:56,825 - INFO - 🔶 Episode 59: CHECKPOINTS (Short) | Reward: -4220.0 | Steps: 200
2025-06-30 10:54:56,825 - INFO - Episode 60/150 started - Strategy: CuriosityStrategy
2025-06-30 10:55:28,983 - INFO - 🔶 Episode 60: CHECKPOINTS (Short) | Reward: -4070.5 | Steps: 200
2025-06-30 10:55:28,984 - INFO - Episode 61/150 started - Strategy: CuriosityStrategy
2025-06-30 10:56:01,619 - INFO - 🔶 Episode 61: CHECKPOINTS (Short) | Reward: -3843.0 | Steps: 200
2025-06-30 10:56:01,621 - INFO - Episode 62/150 started - Strategy: CuriosityStrategy
2025-06-30 10:56:34,880 - INFO - 🔶 Episode 62: CHECKPOINTS (Short) | Reward: -3667.5 | Steps: 200
2025-06-30 10:56:34,882 - INFO - Episode 63/150 started - Strategy: CuriosityStrategy
2025-06-30 10:57:07,749 - INFO - 🔶 Episode 63: CHECKPOINTS (Short) | Reward: -3700.0 | Steps: 200
2025-06-30 10:57:07,750 - INFO - Episode 64/150 started - Strategy: CuriosityStrategy
2025-06-30 10:57:40,846 - INFO - 🔶 Episode 64: CHECKPOINTS (Short) | Reward: -3628.5 | Steps: 200
2025-06-30 10:57:40,847 - INFO - Episode 65/150 started - Strategy: CuriosityStrategy
2025-06-30 10:58:13,620 - INFO - 🔶 Episode 65: CHECKPOINTS (Short) | Reward: -3758.5 | Steps: 200
2025-06-30 10:58:13,620 - INFO - Episode 66/150 started - Strategy: CuriosityStrategy
2025-06-30 10:58:46,429 - INFO - 🔶 Episode 66: CHECKPOINTS (Short) | Reward: -3426.0 | Steps: 200
2025-06-30 10:58:46,430 - INFO - Episode 67/150 started - Strategy: CuriosityStrategy
2025-06-30 10:59:19,824 - INFO - 🔶 Episode 67: CHECKPOINTS (Short) | Reward: -3078.0 | Steps: 200
2025-06-30 10:59:19,826 - INFO - Episode 68/150 started - Strategy: CuriosityStrategy
2025-06-30 10:59:52,720 - INFO - 🔶 Episode 68: CHECKPOINTS (Short) | Reward: -3927.5 | Steps: 200
2025-06-30 10:59:52,722 - INFO - Episode 69/150 started - Strategy: CuriosityStrategy
2025-06-30 11:00:26,315 - INFO - 🔶 Episode 69: CHECKPOINTS (Short) | Reward: -3010.5 | Steps: 200
2025-06-30 11:00:26,316 - INFO - Episode 70/150 started - Strategy: CuriosityStrategy
2025-06-30 11:01:00,354 - INFO - 🔶 Episode 70: CHECKPOINTS (Short) | Reward: -3393.5 | Steps: 200
2025-06-30 11:01:00,355 - INFO - Episode 71/150 started - Strategy: CuriosityStrategy
2025-06-30 11:01:31,467 - INFO - 🏆 Episode 71: GOAL REACHED | Reward: -687.0 | Steps: 184
2025-06-30 11:01:31,468 - INFO - Episode 72/150 started - Strategy: CuriosityStrategy
2025-06-30 11:02:05,260 - INFO - 🔶 Episode 72: CHECKPOINTS (Short) | Reward: -2789.5 | Steps: 200
2025-06-30 11:02:05,262 - INFO - Episode 73/150 started - Strategy: CuriosityStrategy
2025-06-30 11:02:38,156 - INFO - 🔶 Episode 73: CHECKPOINTS (Short) | Reward: -3734.5 | Steps: 200
2025-06-30 11:02:38,156 - INFO - Episode 74/150 started - Strategy: CuriosityStrategy
2025-06-30 11:03:12,365 - INFO - 🔶 Episode 74: CHECKPOINTS (Short) | Reward: -3117.0 | Steps: 200
2025-06-30 11:03:12,365 - INFO - Episode 75/150 started - Strategy: CuriosityStrategy
2025-06-30 11:03:45,168 - INFO - 🏆 Episode 75: GOAL REACHED | Reward: -880.5 | Steps: 195
2025-06-30 11:03:45,169 - INFO - Episode 76/150 started - Strategy: CuriosityStrategy
2025-06-30 11:04:04,520 - INFO - 🔶 Episode 76: CHECKPOINTS (Short) | Reward: -5832.5 | Steps: 200
2025-06-30 11:04:04,521 - INFO - Episode 77/150 started - Strategy: CuriosityStrategy
2025-06-30 11:04:37,812 - INFO - 🔶 Episode 77: CHECKPOINTS (Short) | Reward: -4415.0 | Steps: 200
2025-06-30 11:04:37,813 - INFO - Episode 78/150 started - Strategy: CuriosityStrategy
2025-06-30 11:05:10,781 - INFO - 🔶 Episode 78: CHECKPOINTS (Short) | Reward: -4434.5 | Steps: 200
2025-06-30 11:05:10,782 - INFO - Episode 79/150 started - Strategy: CuriosityStrategy
2025-06-30 11:05:44,521 - INFO - 🔶 Episode 79: CHECKPOINTS (Short) | Reward: -4025.0 | Steps: 200
2025-06-30 11:05:44,521 - INFO - Episode 80/150 started - Strategy: CuriosityStrategy
2025-06-30 11:06:03,281 - INFO - 🏆 Episode 80: GOAL REACHED | Reward: 376.5 | Steps: 109
2025-06-30 11:06:03,282 - INFO - Episode 81/150 started - Strategy: CuriosityStrategy
2025-06-30 11:06:36,790 - INFO - 🔶 Episode 81: CHECKPOINTS (Short) | Reward: -3686.0 | Steps: 200
2025-06-30 11:06:36,791 - INFO - Episode 82/150 started - Strategy: CuriosityStrategy
2025-06-30 11:07:10,258 - INFO - 🔶 Episode 82: CHECKPOINTS (Short) | Reward: -3778.0 | Steps: 200
2025-06-30 11:07:10,259 - INFO - Episode 83/150 started - Strategy: CuriosityStrategy
2025-06-30 11:07:38,688 - INFO - 🏆 Episode 83: GOAL REACHED | Reward: -414.0 | Steps: 168
2025-06-30 11:07:38,689 - INFO - Episode 84/150 started - Strategy: CuriosityStrategy
2025-06-30 11:08:12,079 - INFO - 🔶 Episode 84: CHECKPOINTS (Short) | Reward: -4012.0 | Steps: 200
2025-06-30 11:08:12,080 - INFO - Episode 85/150 started - Strategy: CuriosityStrategy
2025-06-30 11:08:46,091 - INFO - 🔶 Episode 85: CHECKPOINTS (Short) | Reward: -2747.0 | Steps: 200
2025-06-30 11:08:46,092 - INFO - Episode 86/150 started - Strategy: CuriosityStrategy
2025-06-30 11:09:19,679 - INFO - 🔶 Episode 86: CHECKPOINTS (Short) | Reward: -2994.0 | Steps: 200
2025-06-30 11:09:19,679 - INFO - Episode 87/150 started - Strategy: CuriosityStrategy
2025-06-30 11:09:53,840 - INFO - 🔶 Episode 87: CHECKPOINTS (Short) | Reward: -2965.0 | Steps: 200
2025-06-30 11:09:53,841 - INFO - Episode 88/150 started - Strategy: CuriosityStrategy
2025-06-30 11:10:13,074 - INFO - 🔶 Episode 88: CHECKPOINTS (Short) | Reward: -5618.0 | Steps: 200
2025-06-30 11:10:13,075 - INFO - Episode 89/150 started - Strategy: CuriosityStrategy
2025-06-30 11:10:46,851 - INFO - 🔶 Episode 89: CHECKPOINTS (Short) | Reward: -4278.5 | Steps: 200
2025-06-30 11:10:46,852 - INFO - Episode 90/150 started - Strategy: CuriosityStrategy
2025-06-30 11:11:20,408 - INFO - 🔶 Episode 90: CHECKPOINTS (Short) | Reward: -3829.0 | Steps: 200
2025-06-30 11:11:20,409 - INFO - Episode 91/150 started - Strategy: CuriosityStrategy
2025-06-30 11:11:53,479 - INFO - 🔶 Episode 91: CHECKPOINTS (Short) | Reward: -3960.0 | Steps: 200
2025-06-30 11:11:53,480 - INFO - Episode 92/150 started - Strategy: CuriosityStrategy
2025-06-30 11:12:27,062 - INFO - 🔶 Episode 92: CHECKPOINTS (Short) | Reward: -2685.5 | Steps: 200
2025-06-30 11:12:27,062 - INFO - Episode 93/150 started - Strategy: CuriosityStrategy
2025-06-30 11:13:00,322 - INFO - 🔶 Episode 93: CHECKPOINTS (Short) | Reward: -3125.5 | Steps: 200
2025-06-30 11:13:00,322 - INFO - Episode 94/150 started - Strategy: CuriosityStrategy
2025-06-30 11:13:33,124 - INFO - 🔶 Episode 94: CHECKPOINTS (Short) | Reward: -3569.0 | Steps: 200
2025-06-30 11:13:33,124 - INFO - Episode 95/150 started - Strategy: CuriosityStrategy
2025-06-30 11:14:07,170 - INFO - 🔶 Episode 95: CHECKPOINTS (Short) | Reward: -3654.5 | Steps: 200
2025-06-30 11:14:07,171 - INFO - Episode 96/150 started - Strategy: CuriosityStrategy
2025-06-30 11:14:40,612 - INFO - 🔶 Episode 96: CHECKPOINTS (Short) | Reward: -3855.0 | Steps: 200
2025-06-30 11:14:40,613 - INFO - Episode 97/150 started - Strategy: CuriosityStrategy
2025-06-30 11:15:09,979 - INFO - 🏆 Episode 97: GOAL REACHED | Reward: -609.0 | Steps: 174
2025-06-30 11:15:09,979 - INFO - Episode 98/150 started - Strategy: CuriosityStrategy
2025-06-30 11:15:41,341 - INFO - 🏆 Episode 98: GOAL REACHED | Reward: -939.0 | Steps: 186
2025-06-30 11:15:41,342 - INFO - Episode 99/150 started - Strategy: CuriosityStrategy
2025-06-30 11:16:15,217 - INFO - 🔶 Episode 99: CHECKPOINTS (Short) | Reward: -3699.0 | Steps: 200
2025-06-30 11:16:15,218 - INFO - Episode 100/150 started - Strategy: CuriosityStrategy
2025-06-30 11:16:48,783 - INFO - 🔶 Episode 100: CHECKPOINTS (Short) | Reward: -3335.0 | Steps: 200
2025-06-30 11:16:48,793 - INFO - Episodes completed: 100
2025-06-30 11:16:48,795 - INFO - Average reward (last 50): -3360.58
2025-06-30 11:16:48,796 - INFO - Average steps (last 50): 196.3
2025-06-30 11:16:48,796 - INFO - Success rate (last 50): 12.0%
2025-06-30 11:16:48,796 - INFO - States explored: 100
2025-06-30 11:16:48,796 - INFO - Total checkpoints reached: 271
2025-06-30 11:16:48,796 - INFO - Unique checkpoints discovered: 4
2025-06-30 11:16:48,796 - INFO - Episodes with checkpoints: 100/100
2025-06-30 11:16:48,796 - INFO - Checkpoint values found: [1, 2, 3, 4]
2025-06-30 11:16:48,796 - INFO - Episode 101/150 started - Strategy: CuriosityStrategy
2025-06-30 11:17:22,249 - INFO - 🔶 Episode 101: CHECKPOINTS (Short) | Reward: -3663.0 | Steps: 200
2025-06-30 11:17:22,250 - INFO - Episode 102/150 started - Strategy: CuriosityStrategy
2025-06-30 11:17:56,065 - INFO - 🔶 Episode 102: CHECKPOINTS (Short) | Reward: -3250.5 | Steps: 200
2025-06-30 11:17:56,067 - INFO - Episode 103/150 started - Strategy: CuriosityStrategy
2025-06-30 11:18:31,840 - INFO - 🔶 Episode 103: CHECKPOINTS (Short) | Reward: -3699.0 | Steps: 200
2025-06-30 11:18:31,841 - INFO - Episode 104/150 started - Strategy: CuriosityStrategy
2025-06-30 11:19:07,509 - INFO - 🔶 Episode 104: CHECKPOINTS (Short) | Reward: -3901.5 | Steps: 200
2025-06-30 11:19:07,510 - INFO - Episode 105/150 started - Strategy: CuriosityStrategy
2025-06-30 11:19:43,830 - INFO - 🔶 Episode 105: CHECKPOINTS (Short) | Reward: -2659.5 | Steps: 200
2025-06-30 11:19:43,830 - INFO - Episode 106/150 started - Strategy: CuriosityStrategy
2025-06-30 11:20:18,849 - INFO - 🔶 Episode 106: CHECKPOINTS (Short) | Reward: -3901.5 | Steps: 200
2025-06-30 11:20:18,851 - INFO - Episode 107/150 started - Strategy: CuriosityStrategy
2025-06-30 11:20:54,510 - INFO - 🔶 Episode 107: CHECKPOINTS (Short) | Reward: -3713.0 | Steps: 200
2025-06-30 11:20:54,510 - INFO - Episode 108/150 started - Strategy: CuriosityStrategy
2025-06-30 11:21:29,674 - INFO - 🔶 Episode 108: CHECKPOINTS (Short) | Reward: -3056.0 | Steps: 200
2025-06-30 11:21:29,675 - INFO - Episode 109/150 started - Strategy: CuriosityStrategy
2025-06-30 11:22:05,552 - INFO - 🔶 Episode 109: CHECKPOINTS (Short) | Reward: -3797.5 | Steps: 200
2025-06-30 11:22:05,553 - INFO - Episode 110/150 started - Strategy: CuriosityStrategy
2025-06-30 11:22:41,132 - INFO - 🔶 Episode 110: CHECKPOINTS (Short) | Reward: -3367.5 | Steps: 200
2025-06-30 11:22:41,133 - INFO - Episode 111/150 started - Strategy: CuriosityStrategy
2025-06-30 11:23:16,526 - INFO - 🔶 Episode 111: CHECKPOINTS (Short) | Reward: -4408.5 | Steps: 200
2025-06-30 11:23:16,526 - INFO - Episode 112/150 started - Strategy: CuriosityStrategy
2025-06-30 11:23:52,382 - INFO - 🔶 Episode 112: CHECKPOINTS (Short) | Reward: -3309.0 | Steps: 200
2025-06-30 11:23:52,383 - INFO - Episode 113/150 started - Strategy: CuriosityStrategy
2025-06-30 11:24:28,203 - INFO - 🔶 Episode 113: CHECKPOINTS (Short) | Reward: -3526.5 | Steps: 200
2025-06-30 11:24:28,204 - INFO - Episode 114/150 started - Strategy: CuriosityStrategy
2025-06-30 11:25:03,048 - INFO - 🔶 Episode 114: CHECKPOINTS (Short) | Reward: -3706.5 | Steps: 200
2025-06-30 11:25:03,050 - INFO - Episode 115/150 started - Strategy: CuriosityStrategy
2025-06-30 11:25:38,740 - INFO - 🔶 Episode 115: CHECKPOINTS (Short) | Reward: -3108.0 | Steps: 200
2025-06-30 11:25:38,741 - INFO - Episode 116/150 started - Strategy: CuriosityStrategy
2025-06-30 11:26:13,514 - INFO - 🔶 Episode 116: CHECKPOINTS (Short) | Reward: -4220.0 | Steps: 200
2025-06-30 11:26:13,514 - INFO - Episode 117/150 started - Strategy: CuriosityStrategy
2025-06-30 11:26:48,936 - INFO - 🔶 Episode 117: CHECKPOINTS (Short) | Reward: -2737.5 | Steps: 200
2025-06-30 11:26:48,937 - INFO - Episode 118/150 started - Strategy: CuriosityStrategy
2025-06-30 11:27:24,786 - INFO - 🔶 Episode 118: CHECKPOINTS (Short) | Reward: -3647.0 | Steps: 200
2025-06-30 11:27:24,787 - INFO - Episode 119/150 started - Strategy: CuriosityStrategy
2025-06-30 11:28:00,395 - INFO - 🔶 Episode 119: CHECKPOINTS (Short) | Reward: -4252.5 | Steps: 200
2025-06-30 11:28:00,395 - INFO - Episode 120/150 started - Strategy: CuriosityStrategy
2025-06-30 11:28:36,527 - INFO - 🔶 Episode 120: CHECKPOINTS (Short) | Reward: -3745.5 | Steps: 200
2025-06-30 11:28:36,527 - INFO - Episode 121/150 started - Strategy: CuriosityStrategy
2025-06-30 11:29:12,381 - INFO - 🔶 Episode 121: CHECKPOINTS (Short) | Reward: -3491.0 | Steps: 200
2025-06-30 11:29:12,383 - INFO - Episode 122/150 started - Strategy: CuriosityStrategy
2025-06-30 11:29:44,590 - INFO - 🏆 Episode 122: GOAL REACHED | Reward: -513.0 | Steps: 192
2025-06-30 11:29:44,591 - INFO - Episode 123/150 started - Strategy: CuriosityStrategy
2025-06-30 11:30:18,290 - INFO - 🔶 Episode 123: CHECKPOINTS (Short) | Reward: -3240.5 | Steps: 200
2025-06-30 11:30:18,290 - INFO - Episode 124/150 started - Strategy: CuriosityStrategy
2025-06-30 11:30:51,997 - INFO - 🔶 Episode 124: CHECKPOINTS (Short) | Reward: -3569.0 | Steps: 200
2025-06-30 11:30:51,998 - INFO - Episode 125/150 started - Strategy: CuriosityStrategy
2025-06-30 11:31:25,532 - INFO - 🔶 Episode 125: CHECKPOINTS (Short) | Reward: -4207.0 | Steps: 200
2025-06-30 11:31:25,532 - INFO - Episode 126/150 started - Strategy: CuriosityStrategy
2025-06-30 11:31:58,778 - INFO - 🔶 Episode 126: CHECKPOINTS (Short) | Reward: -3140.0 | Steps: 200
2025-06-30 11:31:58,779 - INFO - Episode 127/150 started - Strategy: CuriosityStrategy
2025-06-30 11:32:32,033 - INFO - 🔶 Episode 127: CHECKPOINTS (Short) | Reward: -3705.5 | Steps: 200
2025-06-30 11:32:32,034 - INFO - Episode 128/150 started - Strategy: CuriosityStrategy
2025-06-30 11:33:04,817 - INFO - 🔶 Episode 128: CHECKPOINTS (Short) | Reward: -3927.5 | Steps: 200
2025-06-30 11:33:04,818 - INFO - Episode 129/150 started - Strategy: CuriosityStrategy
2025-06-30 11:33:38,491 - INFO - 🔶 Episode 129: CHECKPOINTS (Short) | Reward: -3237.5 | Steps: 200
2025-06-30 11:33:38,492 - INFO - Episode 130/150 started - Strategy: CuriosityStrategy
2025-06-30 11:33:57,770 - INFO - 🏆 Episode 130: GOAL REACHED | Reward: 387.5 | Steps: 110
2025-06-30 11:33:57,770 - INFO - Episode 131/150 started - Strategy: CuriosityStrategy
2025-06-30 11:34:28,893 - INFO - 🔶 Episode 131: CHECKPOINTS (Short) | Reward: -4565.0 | Steps: 200
2025-06-30 11:34:28,894 - INFO - Episode 132/150 started - Strategy: CuriosityStrategy
2025-06-30 11:35:01,541 - INFO - 🔶 Episode 132: CHECKPOINTS (Short) | Reward: -4044.5 | Steps: 200
2025-06-30 11:35:01,541 - INFO - Episode 133/150 started - Strategy: CuriosityStrategy
2025-06-30 11:35:35,178 - INFO - 🔶 Episode 133: CHECKPOINTS (Short) | Reward: -3950.0 | Steps: 200
2025-06-30 11:35:35,179 - INFO - Episode 134/150 started - Strategy: CuriosityStrategy
2025-06-30 11:36:08,611 - INFO - 🔶 Episode 134: CHECKPOINTS (Short) | Reward: -3791.0 | Steps: 200
2025-06-30 11:36:08,612 - INFO - Episode 135/150 started - Strategy: CuriosityStrategy
2025-06-30 11:36:42,525 - INFO - 🔶 Episode 135: CHECKPOINTS (Short) | Reward: -3530.0 | Steps: 200
2025-06-30 11:36:42,526 - INFO - Episode 136/150 started - Strategy: CuriosityStrategy
2025-06-30 11:37:15,661 - INFO - 🔶 Episode 136: CHECKPOINTS (Short) | Reward: -4129.0 | Steps: 200
2025-06-30 11:37:15,662 - INFO - Episode 137/150 started - Strategy: CuriosityStrategy
2025-06-30 11:37:49,228 - INFO - 🔶 Episode 137: CHECKPOINTS (Short) | Reward: -3283.0 | Steps: 200
2025-06-30 11:37:49,228 - INFO - Episode 138/150 started - Strategy: CuriosityStrategy
2025-06-30 11:38:22,514 - INFO - 🔶 Episode 138: CHECKPOINTS (Short) | Reward: -3771.5 | Steps: 200
2025-06-30 11:38:22,515 - INFO - Episode 139/150 started - Strategy: CuriosityStrategy
2025-06-30 11:38:55,646 - INFO - 🔶 Episode 139: CHECKPOINTS (Short) | Reward: -4148.5 | Steps: 200
2025-06-30 11:38:55,647 - INFO - Episode 140/150 started - Strategy: CuriosityStrategy
2025-06-30 11:39:29,363 - INFO - 🔶 Episode 140: CHECKPOINTS (Short) | Reward: -3505.0 | Steps: 200
2025-06-30 11:39:29,364 - INFO - Episode 141/150 started - Strategy: CuriosityStrategy
2025-06-30 11:40:03,073 - INFO - 🔶 Episode 141: CHECKPOINTS (Short) | Reward: -3479.0 | Steps: 200
2025-06-30 11:40:03,074 - INFO - Episode 142/150 started - Strategy: CuriosityStrategy
2025-06-30 11:40:36,563 - INFO - 🔶 Episode 142: CHECKPOINTS (Short) | Reward: -3927.5 | Steps: 200
2025-06-30 11:40:36,564 - INFO - Episode 143/150 started - Strategy: CuriosityStrategy
2025-06-30 11:41:09,428 - INFO - 🔶 Episode 143: CHECKPOINTS (Short) | Reward: -3622.0 | Steps: 200
2025-06-30 11:41:09,428 - INFO - Episode 144/150 started - Strategy: CuriosityStrategy
2025-06-30 11:41:42,764 - INFO - 🔶 Episode 144: CHECKPOINTS (Short) | Reward: -3706.5 | Steps: 200
2025-06-30 11:41:42,764 - INFO - Episode 145/150 started - Strategy: CuriosityStrategy
2025-06-30 11:42:15,335 - INFO - 🔶 Episode 145: CHECKPOINTS (Short) | Reward: -4155.0 | Steps: 200
2025-06-30 11:42:15,335 - INFO - Episode 146/150 started - Strategy: CuriosityStrategy
2025-06-30 11:42:47,977 - INFO - 🔶 Episode 146: CHECKPOINTS (Short) | Reward: -4259.0 | Steps: 200
2025-06-30 11:42:47,978 - INFO - Episode 147/150 started - Strategy: CuriosityStrategy
2025-06-30 11:43:20,368 - INFO - 🔶 Episode 147: CHECKPOINTS (Short) | Reward: -4376.0 | Steps: 200
2025-06-30 11:43:20,369 - INFO - Episode 148/150 started - Strategy: CuriosityStrategy
2025-06-30 11:43:54,421 - INFO - 🔶 Episode 148: CHECKPOINTS (Short) | Reward: -2614.0 | Steps: 200
2025-06-30 11:43:54,421 - INFO - Episode 149/150 started - Strategy: CuriosityStrategy
2025-06-30 11:44:10,704 - INFO - ❌ Episode 149: FAILED (Short) | Reward: -6331.0 | Steps: 200
2025-06-30 11:44:10,705 - INFO - Episode 150/150 started - Strategy: CuriosityStrategy
2025-06-30 11:44:44,297 - INFO - 🔶 Episode 150: CHECKPOINTS (Short) | Reward: -3212.0 | Steps: 200
2025-06-30 11:44:44,305 - INFO - Episodes completed: 150
2025-06-30 11:44:44,305 - INFO - Average reward (last 50): -3574.26
2025-06-30 11:44:44,305 - INFO - Average steps (last 50): 198.0
2025-06-30 11:44:44,305 - INFO - Success rate (last 50): 4.0%
2025-06-30 11:44:44,305 - INFO - States explored: 100
2025-06-30 11:44:44,305 - INFO - Total checkpoints reached: 396
2025-06-30 11:44:44,305 - INFO - Unique checkpoints discovered: 4
2025-06-30 11:44:44,305 - INFO - Episodes with checkpoints: 149/150
2025-06-30 11:44:44,305 - INFO - Checkpoint values found: [1, 2, 3, 4]
2025-06-30 11:44:44,308 - INFO - ✅ Training completed!
2025-06-30 11:44:44,310 - INFO - === FINAL TRAINING STATISTICS ===
2025-06-30 11:44:44,311 - INFO -   total_episodes: 10830
2025-06-30 11:44:44,311 - INFO -   states_explored: 100
2025-06-30 11:44:44,311 - INFO -   avg_reward: -3017.954570637119
2025-06-30 11:44:44,311 - INFO -   max_reward: 2582.0
2025-06-30 11:44:44,311 - INFO -   success_rate: 0.04422899353647276
2025-06-30 11:44:44,311 - INFO -   strategy_info: {'base_epsilon': 0.65, 'novelty_bonus': 5.0, 'states_discovered': 100}
2025-06-30 11:44:44,311 - INFO - === FINAL CHECKPOINT ANALYSIS ===
2025-06-30 11:44:44,311 - INFO -   Checkpoint discovery rate: 0.000 unique/episode
2025-06-30 11:44:44,311 - INFO -   Checkpoint frequency: 0.037 checkpoints/episode
2025-06-30 11:44:44,311 - INFO -   Best checkpoint reached: 4
2025-06-30 11:44:44,311 - INFO -   Maze progress: 80.0% (checkpoints discovered)
2025-06-30 11:44:44,311 - INFO - DDS stopped.
