2025-06-23 15:47:19,317 - INFO - Strategy initialized: CuriosityStrategy
2025-06-23 15:47:19,317 - INFO - Strategy info: {'base_epsilon': 0.65, 'novelty_bonus': 5.0, 'states_discovered': 0}
2025-06-23 15:47:19,317 - INFO - CLI mode selected: continue
2025-06-23 15:47:19,317 - INFO - Continuing training for 50 additional episodes.
2025-06-23 15:47:19,317 - INFO - ================================================================================
2025-06-23 15:47:19,317 - INFO - 🚀 STARTING TRAINING SESSION
2025-06-23 15:47:19,317 - INFO - ================================================================================
2025-06-23 15:47:19,317 - INFO - Episodes: 50
2025-06-23 15:47:19,317 - INFO - Strategy: curiosity
2025-06-23 15:47:19,317 - INFO - Min steps per episode: 100
2025-06-23 15:47:19,317 - INFO - Max steps per episode: 200
2025-06-23 15:47:19,317 - INFO - Model path: models/q_agent.pkl
2025-06-23 15:47:19,317 - INFO - ================================================================================
2025-06-23 15:47:19,323 - INFO - 🔗 Connected to Godot simulation!
2025-06-23 15:47:19,323 - INFO - Episode 1/50 started - Strategy: CuriosityStrategy
2025-06-23 15:47:56,116 - INFO - 📍 Episode 1: MIN_STEPS + CHECKPOINTS | Reward: -3727.0 | Steps: 200
2025-06-23 15:47:56,117 - INFO - Episode 2/50 started - Strategy: CuriosityStrategy
2025-06-23 15:48:33,375 - INFO - 📍 Episode 2: MIN_STEPS + CHECKPOINTS | Reward: -2401.0 | Steps: 200
2025-06-23 15:48:33,376 - INFO - Episode 3/50 started - Strategy: CuriosityStrategy
2025-06-23 15:49:10,070 - INFO - 📍 Episode 3: MIN_STEPS + CHECKPOINTS | Reward: -2593.0 | Steps: 200
2025-06-23 15:49:10,070 - INFO - Episode 4/50 started - Strategy: CuriosityStrategy
2025-06-23 15:49:46,712 - INFO - 📍 Episode 4: MIN_STEPS + CHECKPOINTS | Reward: -3230.0 | Steps: 200
2025-06-23 15:49:46,713 - INFO - Episode 5/50 started - Strategy: CuriosityStrategy
2025-06-23 15:50:23,747 - INFO - 📍 Episode 5: MIN_STEPS + CHECKPOINTS | Reward: -3320.0 | Steps: 200
2025-06-23 15:50:23,748 - INFO - Episode 6/50 started - Strategy: CuriosityStrategy
2025-06-23 15:51:00,038 - INFO - 🏆 Episode 6: GOAL REACHED | Reward: 59.5 | Steps: 195
2025-06-23 15:51:00,039 - INFO - Episode 7/50 started - Strategy: CuriosityStrategy
2025-06-23 15:51:29,890 - INFO - 🏆 Episode 7: GOAL REACHED | Reward: 911.0 | Steps: 156
2025-06-23 15:51:29,891 - INFO - Episode 8/50 started - Strategy: CuriosityStrategy
2025-06-23 15:52:05,657 - INFO - 📍 Episode 8: MIN_STEPS + CHECKPOINTS | Reward: -2957.0 | Steps: 200
2025-06-23 15:52:05,658 - INFO - Episode 9/50 started - Strategy: CuriosityStrategy
2025-06-23 15:52:43,137 - INFO - 📍 Episode 9: MIN_STEPS + CHECKPOINTS | Reward: -1868.0 | Steps: 200
2025-06-23 15:52:43,137 - INFO - Episode 10/50 started - Strategy: CuriosityStrategy
2025-06-23 15:53:19,697 - INFO - 🏆 Episode 10: GOAL REACHED | Reward: 147.5 | Steps: 195
2025-06-23 15:53:19,703 - INFO - Episodes completed: 10
2025-06-23 15:53:19,703 - INFO - Average reward (last 50): -2835.84
2025-06-23 15:53:19,704 - INFO - Average steps (last 50): 198.8
2025-06-23 15:53:19,704 - INFO - Success rate (last 50): 8.0%
2025-06-23 15:53:19,704 - INFO - Min steps achieved (last 50): 50/50 (100.0%)
2025-06-23 15:53:19,704 - INFO - States explored: 75
2025-06-23 15:53:19,704 - INFO - Total checkpoints reached: 35
2025-06-23 15:53:19,704 - INFO - Unique checkpoints discovered: 4
2025-06-23 15:53:19,704 - INFO - Episodes with checkpoints: 10/10
2025-06-23 15:53:19,704 - INFO - Episodes reaching min_steps: 10/10
2025-06-23 15:53:19,704 - INFO - Checkpoint values found: [1, 2, 3, 4]
2025-06-23 15:53:19,705 - INFO - Episode 11/50 started - Strategy: CuriosityStrategy
2025-06-23 15:53:56,740 - INFO - 📍 Episode 11: MIN_STEPS + CHECKPOINTS | Reward: -3131.0 | Steps: 200
2025-06-23 15:53:56,740 - INFO - Episode 12/50 started - Strategy: CuriosityStrategy
2025-06-23 15:54:33,893 - INFO - 📍 Episode 12: MIN_STEPS + CHECKPOINTS | Reward: -3143.0 | Steps: 200
2025-06-23 15:54:33,894 - INFO - Episode 13/50 started - Strategy: CuriosityStrategy
2025-06-23 15:55:10,511 - INFO - 📍 Episode 13: MIN_STEPS + CHECKPOINTS | Reward: -3077.0 | Steps: 200
2025-06-23 15:55:10,511 - INFO - Episode 14/50 started - Strategy: CuriosityStrategy
2025-06-23 15:55:47,495 - INFO - 📍 Episode 14: MIN_STEPS + CHECKPOINTS | Reward: -2339.0 | Steps: 200
2025-06-23 15:55:47,497 - INFO - Episode 15/50 started - Strategy: CuriosityStrategy
2025-06-23 15:56:24,644 - INFO - 📍 Episode 15: MIN_STEPS + CHECKPOINTS | Reward: -2972.0 | Steps: 200
2025-06-23 15:56:24,644 - INFO - Episode 16/50 started - Strategy: CuriosityStrategy
2025-06-23 15:57:02,177 - INFO - 📍 Episode 16: MIN_STEPS + CHECKPOINTS | Reward: -2392.0 | Steps: 200
2025-06-23 15:57:02,178 - INFO - Episode 17/50 started - Strategy: CuriosityStrategy
2025-06-23 15:57:38,790 - INFO - 📍 Episode 17: MIN_STEPS + CHECKPOINTS | Reward: -3766.0 | Steps: 200
2025-06-23 15:57:38,790 - INFO - Episode 18/50 started - Strategy: CuriosityStrategy
2025-06-23 15:58:16,222 - INFO - 📍 Episode 18: MIN_STEPS + CHECKPOINTS | Reward: -2864.0 | Steps: 200
2025-06-23 15:58:16,223 - INFO - Episode 19/50 started - Strategy: CuriosityStrategy
2025-06-23 15:58:52,707 - INFO - 📍 Episode 19: MIN_STEPS + CHECKPOINTS | Reward: -3148.0 | Steps: 200
2025-06-23 15:58:52,708 - INFO - Episode 20/50 started - Strategy: CuriosityStrategy
2025-06-23 15:59:30,097 - INFO - 📍 Episode 20: MIN_STEPS + CHECKPOINTS | Reward: -3143.0 | Steps: 200
2025-06-23 15:59:30,101 - INFO - Episodes completed: 20
2025-06-23 15:59:30,102 - INFO - Average reward (last 50): -2794.66
2025-06-23 15:59:30,102 - INFO - Average steps (last 50): 198.8
2025-06-23 15:59:30,102 - INFO - Success rate (last 50): 8.0%
2025-06-23 15:59:30,102 - INFO - Min steps achieved (last 50): 50/50 (100.0%)
2025-06-23 15:59:30,102 - INFO - States explored: 75
2025-06-23 15:59:30,102 - INFO - Total checkpoints reached: 65
2025-06-23 15:59:30,102 - INFO - Unique checkpoints discovered: 4
2025-06-23 15:59:30,102 - INFO - Episodes with checkpoints: 20/20
2025-06-23 15:59:30,102 - INFO - Episodes reaching min_steps: 20/20
2025-06-23 15:59:30,102 - INFO - Checkpoint values found: [1, 2, 3, 4]
2025-06-23 15:59:30,102 - INFO - Episode 21/50 started - Strategy: CuriosityStrategy
2025-06-23 16:00:06,700 - INFO - 📍 Episode 21: MIN_STEPS + CHECKPOINTS | Reward: -3042.0 | Steps: 200
2025-06-23 16:00:06,701 - INFO - Episode 22/50 started - Strategy: CuriosityStrategy
2025-06-23 16:00:43,927 - INFO - 📍 Episode 22: MIN_STEPS + CHECKPOINTS | Reward: -3090.0 | Steps: 200
2025-06-23 16:00:43,927 - INFO - Episode 23/50 started - Strategy: CuriosityStrategy
2025-06-23 16:01:20,660 - INFO - 📍 Episode 23: MIN_STEPS + CHECKPOINTS | Reward: -3080.0 | Steps: 200
2025-06-23 16:01:20,660 - INFO - Episode 24/50 started - Strategy: CuriosityStrategy
2025-06-23 16:01:57,990 - INFO - 📍 Episode 24: MIN_STEPS + CHECKPOINTS | Reward: -3254.0 | Steps: 200
2025-06-23 16:01:57,991 - INFO - Episode 25/50 started - Strategy: CuriosityStrategy
2025-06-23 16:02:33,983 - INFO - 📍 Episode 25: MIN_STEPS + CHECKPOINTS | Reward: -3431.0 | Steps: 200
2025-06-23 16:02:33,984 - INFO - Episode 26/50 started - Strategy: CuriosityStrategy
2025-06-23 16:03:10,885 - INFO - 📍 Episode 26: MIN_STEPS + CHECKPOINTS | Reward: -2790.0 | Steps: 200
2025-06-23 16:03:10,886 - INFO - Episode 27/50 started - Strategy: CuriosityStrategy
2025-06-23 16:03:47,177 - INFO - 📍 Episode 27: MIN_STEPS + CHECKPOINTS | Reward: -3230.0 | Steps: 200
2025-06-23 16:03:47,177 - INFO - Episode 28/50 started - Strategy: CuriosityStrategy
2025-06-23 16:04:23,244 - INFO - 📍 Episode 28: MIN_STEPS + CHECKPOINTS | Reward: -3802.0 | Steps: 200
2025-06-23 16:04:23,244 - INFO - Episode 29/50 started - Strategy: CuriosityStrategy
2025-06-23 16:04:59,404 - INFO - 📍 Episode 29: MIN_STEPS + CHECKPOINTS | Reward: -2886.0 | Steps: 200
2025-06-23 16:04:59,404 - INFO - Episode 30/50 started - Strategy: CuriosityStrategy
2025-06-23 16:05:33,173 - INFO - 🏆 Episode 30: GOAL REACHED | Reward: 213.5 | Steps: 181
2025-06-23 16:05:33,176 - INFO - Episodes completed: 30
2025-06-23 16:05:33,176 - INFO - Average reward (last 50): -2696.47
2025-06-23 16:05:33,176 - INFO - Average steps (last 50): 198.4
2025-06-23 16:05:33,177 - INFO - Success rate (last 50): 10.0%
2025-06-23 16:05:33,177 - INFO - Min steps achieved (last 50): 50/50 (100.0%)
2025-06-23 16:05:33,177 - INFO - States explored: 76
2025-06-23 16:05:33,177 - INFO - Total checkpoints reached: 95
2025-06-23 16:05:33,177 - INFO - Unique checkpoints discovered: 4
2025-06-23 16:05:33,177 - INFO - Episodes with checkpoints: 30/30
2025-06-23 16:05:33,177 - INFO - Episodes reaching min_steps: 30/30
2025-06-23 16:05:33,177 - INFO - Checkpoint values found: [1, 2, 3, 4]
2025-06-23 16:05:33,177 - INFO - Episode 31/50 started - Strategy: CuriosityStrategy
2025-06-23 16:06:19,014 - INFO - 📍 Episode 31: MIN_STEPS + CHECKPOINTS | Reward: -3212.0 | Steps: 200
2025-06-23 16:06:19,015 - INFO - Episode 32/50 started - Strategy: CuriosityStrategy
2025-06-23 16:06:55,648 - INFO - 🏆 Episode 32: GOAL REACHED | Reward: 86.0 | Steps: 194
2025-06-23 16:06:55,648 - INFO - Episode 33/50 started - Strategy: CuriosityStrategy
2025-06-23 16:07:31,037 - INFO - 📍 Episode 33: MIN_STEPS + CHECKPOINTS | Reward: -3799.0 | Steps: 200
2025-06-23 16:07:31,037 - INFO - Episode 34/50 started - Strategy: CuriosityStrategy
2025-06-23 16:08:08,649 - INFO - 📍 Episode 34: MIN_STEPS + CHECKPOINTS | Reward: -2101.0 | Steps: 200
2025-06-23 16:08:08,650 - INFO - Episode 35/50 started - Strategy: CuriosityStrategy
2025-06-23 16:08:45,537 - INFO - 📍 Episode 35: MIN_STEPS + CHECKPOINTS | Reward: -4299.0 | Steps: 200
2025-06-23 16:08:45,538 - INFO - Episode 36/50 started - Strategy: CuriosityStrategy
2025-06-23 16:09:22,215 - INFO - 📍 Episode 36: MIN_STEPS + CHECKPOINTS | Reward: -2410.0 | Steps: 200
2025-06-23 16:09:22,216 - INFO - Episode 37/50 started - Strategy: CuriosityStrategy
2025-06-23 16:09:45,657 - INFO - 🏆 Episode 37: GOAL REACHED | Reward: 1844.0 | Steps: 120
2025-06-23 16:09:45,658 - INFO - Episode 38/50 started - Strategy: CuriosityStrategy
2025-06-23 16:10:22,559 - INFO - 📍 Episode 38: MIN_STEPS + CHECKPOINTS | Reward: -2993.0 | Steps: 200
2025-06-23 16:10:22,559 - INFO - Episode 39/50 started - Strategy: CuriosityStrategy
2025-06-23 16:10:55,949 - INFO - 🏆 Episode 39: GOAL REACHED | Reward: 406.0 | Steps: 178
2025-06-23 16:10:55,949 - INFO - Episode 40/50 started - Strategy: CuriosityStrategy
2025-06-23 16:11:33,425 - INFO - 📍 Episode 40: MIN_STEPS + CHECKPOINTS | Reward: -2293.0 | Steps: 200
2025-06-23 16:11:33,427 - INFO - Episodes completed: 40
2025-06-23 16:11:33,428 - INFO - Average reward (last 50): -2523.51
2025-06-23 16:11:33,428 - INFO - Average steps (last 50): 196.4
2025-06-23 16:11:33,428 - INFO - Success rate (last 50): 14.0%
2025-06-23 16:11:33,428 - INFO - Min steps achieved (last 50): 50/50 (100.0%)
2025-06-23 16:11:33,428 - INFO - States explored: 76
2025-06-23 16:11:33,428 - INFO - Total checkpoints reached: 128
2025-06-23 16:11:33,428 - INFO - Unique checkpoints discovered: 4
2025-06-23 16:11:33,428 - INFO - Episodes with checkpoints: 40/40
2025-06-23 16:11:33,428 - INFO - Episodes reaching min_steps: 40/40
2025-06-23 16:11:33,429 - INFO - Checkpoint values found: [1, 2, 3, 4]
2025-06-23 16:11:33,429 - INFO - Episode 41/50 started - Strategy: CuriosityStrategy
2025-06-23 16:12:09,543 - INFO - 📍 Episode 41: MIN_STEPS + CHECKPOINTS | Reward: -3503.0 | Steps: 200
2025-06-23 16:12:09,544 - INFO - Episode 42/50 started - Strategy: CuriosityStrategy
2025-06-23 16:12:45,694 - INFO - 📍 Episode 42: MIN_STEPS + CHECKPOINTS | Reward: -3607.0 | Steps: 200
2025-06-23 16:12:45,694 - INFO - Episode 43/50 started - Strategy: CuriosityStrategy
2025-06-23 16:13:22,520 - INFO - 📍 Episode 43: MIN_STEPS + CHECKPOINTS | Reward: -2096.0 | Steps: 200
2025-06-23 16:13:22,521 - INFO - Episode 44/50 started - Strategy: CuriosityStrategy
2025-06-23 16:13:58,614 - INFO - 📍 Episode 44: MIN_STEPS + CHECKPOINTS | Reward: -3583.0 | Steps: 200
2025-06-23 16:13:58,614 - INFO - Episode 45/50 started - Strategy: CuriosityStrategy
2025-06-23 16:14:30,902 - INFO - 🏆 Episode 45: GOAL REACHED | Reward: 661.5 | Steps: 169
2025-06-23 16:14:30,902 - INFO - Episode 46/50 started - Strategy: CuriosityStrategy
2025-06-23 16:15:07,107 - INFO - 🏆 Episode 46: GOAL REACHED | Reward: 0.0 | Steps: 196
2025-06-23 16:15:07,107 - INFO - Episode 47/50 started - Strategy: CuriosityStrategy
2025-06-23 16:15:44,159 - INFO - 📍 Episode 47: MIN_STEPS + CHECKPOINTS | Reward: -3757.0 | Steps: 200
2025-06-23 16:15:44,159 - INFO - Episode 48/50 started - Strategy: CuriosityStrategy
2025-06-23 16:16:20,872 - INFO - 📍 Episode 48: MIN_STEPS + CHECKPOINTS | Reward: -3847.0 | Steps: 200
2025-06-23 16:16:20,874 - INFO - Episode 49/50 started - Strategy: CuriosityStrategy
2025-06-23 16:16:57,163 - INFO - 📍 Episode 49: MIN_STEPS + CHECKPOINTS | Reward: -3367.0 | Steps: 200
2025-06-23 16:16:57,163 - INFO - Episode 50/50 started - Strategy: CuriosityStrategy
2025-06-23 16:17:32,734 - INFO - 📍 Episode 50: MIN_STEPS + CHECKPOINTS | Reward: -3349.0 | Steps: 200
2025-06-23 16:17:32,738 - INFO - Episodes completed: 50
2025-06-23 16:17:32,739 - INFO - Average reward (last 50): -2451.26
2025-06-23 16:17:32,739 - INFO - Average steps (last 50): 195.7
2025-06-23 16:17:32,739 - INFO - Success rate (last 50): 18.0%
2025-06-23 16:17:32,739 - INFO - Min steps achieved (last 50): 50/50 (100.0%)
2025-06-23 16:17:32,739 - INFO - States explored: 76
2025-06-23 16:17:32,739 - INFO - Total checkpoints reached: 155
2025-06-23 16:17:32,739 - INFO - Unique checkpoints discovered: 4
2025-06-23 16:17:32,739 - INFO - Episodes with checkpoints: 50/50
2025-06-23 16:17:32,740 - INFO - Episodes reaching min_steps: 50/50
2025-06-23 16:17:32,740 - INFO - Checkpoint values found: [1, 2, 3, 4]
2025-06-23 16:17:32,741 - INFO - ✅ Training completed!
2025-06-23 16:17:32,742 - INFO - === FINAL TRAINING STATISTICS ===
2025-06-23 16:17:32,742 - INFO -   total_episodes: 1450
2025-06-23 16:17:32,742 - INFO -   states_explored: 76
2025-06-23 16:17:32,742 - INFO -   avg_reward: -3217.916896551724
2025-06-23 16:17:32,742 - INFO -   max_reward: 1844.0
2025-06-23 16:17:32,742 - INFO -   success_rate: 0.022068965517241378
2025-06-23 16:17:32,742 - INFO -   strategy_info: {'base_epsilon': 0.65, 'novelty_bonus': 5.0, 'states_discovered': 76}
2025-06-23 16:17:32,743 - INFO - === FINAL CHECKPOINT ANALYSIS ===
2025-06-23 16:17:32,743 - INFO -   Checkpoint discovery rate: 0.003 unique/episode
2025-06-23 16:17:32,743 - INFO -   Checkpoint frequency: 0.107 checkpoints/episode
2025-06-23 16:17:32,743 - INFO -   Min steps achievement rate: 3.4%
2025-06-23 16:17:32,743 - INFO -   Best checkpoint reached: 4
2025-06-23 16:17:32,743 - INFO -   Maze progress: 80.0% (checkpoints discovered)
2025-06-23 16:17:32,743 - INFO - DDS stopped.
