2025-06-23 05:44:17,271 - INFO - Strategy initialized: CuriosityStrategy
2025-06-23 05:44:17,271 - INFO - Strategy info: {'base_epsilon': 0.65, 'novelty_bonus': 5.0, 'states_discovered': 0}
2025-06-23 05:44:17,271 - INFO - CLI mode selected: continue
2025-06-23 05:44:17,271 - INFO - Continuing training for 50 additional episodes.
2025-06-23 05:44:17,271 - INFO - ================================================================================
2025-06-23 05:44:17,271 - INFO - 🚀 STARTING TRAINING SESSION
2025-06-23 05:44:17,271 - INFO - ================================================================================
2025-06-23 05:44:17,271 - INFO - Episodes: 50
2025-06-23 05:44:17,271 - INFO - Strategy: curiosity
2025-06-23 05:44:17,271 - INFO - Min steps per episode: 100
2025-06-23 05:44:17,271 - INFO - Max steps per episode: 200
2025-06-23 05:44:17,271 - INFO - Model path: models/q_agent.pkl
2025-06-23 05:44:17,271 - INFO - ================================================================================
2025-06-23 05:44:17,273 - INFO - 🔗 Connected to Godot simulation!
2025-06-23 05:44:17,273 - INFO - Episode 1/50 started - Strategy: CuriosityStrategy
2025-06-23 05:44:56,505 - INFO - 📍 Episode 1: MIN_STEPS + CHECKPOINTS | Reward: -3131.0 | Steps: 200
2025-06-23 05:44:56,505 - INFO - Episode 2/50 started - Strategy: CuriosityStrategy
2025-06-23 05:45:34,534 - INFO - 📍 Episode 2: MIN_STEPS + CHECKPOINTS | Reward: -3248.0 | Steps: 200
2025-06-23 05:45:34,535 - INFO - Episode 3/50 started - Strategy: CuriosityStrategy
2025-06-23 05:46:13,014 - INFO - 📍 Episode 3: MIN_STEPS + CHECKPOINTS | Reward: -3698.0 | Steps: 200
2025-06-23 05:46:13,015 - INFO - Episode 4/50 started - Strategy: CuriosityStrategy
2025-06-23 05:46:50,868 - INFO - 📍 Episode 4: MIN_STEPS + CHECKPOINTS | Reward: -3075.0 | Steps: 200
2025-06-23 05:46:50,869 - INFO - Episode 5/50 started - Strategy: CuriosityStrategy
2025-06-23 05:47:29,295 - INFO - 📍 Episode 5: MIN_STEPS + CHECKPOINTS | Reward: -3433.0 | Steps: 200
2025-06-23 05:47:29,296 - INFO - Episode 6/50 started - Strategy: CuriosityStrategy
2025-06-23 05:48:06,240 - INFO - 📍 Episode 6: MIN_STEPS + CHECKPOINTS | Reward: -3880.0 | Steps: 200
2025-06-23 05:48:06,240 - INFO - Episode 7/50 started - Strategy: CuriosityStrategy
2025-06-23 05:48:44,124 - INFO - 📍 Episode 7: MIN_STEPS + CHECKPOINTS | Reward: -3368.0 | Steps: 200
2025-06-23 05:48:44,125 - INFO - Episode 8/50 started - Strategy: CuriosityStrategy
2025-06-23 05:49:23,988 - INFO - 📍 Episode 8: MIN_STEPS + CHECKPOINTS | Reward: -2978.0 | Steps: 200
2025-06-23 05:49:23,988 - INFO - Episode 9/50 started - Strategy: CuriosityStrategy
2025-06-23 05:50:02,688 - INFO - 📍 Episode 9: MIN_STEPS + CHECKPOINTS | Reward: -3332.0 | Steps: 200
2025-06-23 05:50:02,689 - INFO - Episode 10/50 started - Strategy: CuriosityStrategy
2025-06-23 05:50:41,512 - INFO - 📍 Episode 10: MIN_STEPS + CHECKPOINTS | Reward: -3074.0 | Steps: 200
2025-06-23 05:50:41,514 - INFO - Episodes completed: 10
2025-06-23 05:50:41,515 - INFO - Average reward (last 50): -3320.84
2025-06-23 05:50:41,515 - INFO - Average steps (last 50): 200.0
2025-06-23 05:50:41,515 - INFO - Success rate (last 50): 0.0%
2025-06-23 05:50:41,515 - INFO - Min steps achieved (last 50): 50/50 (100.0%)
2025-06-23 05:50:41,515 - INFO - States explored: 61
2025-06-23 05:50:41,515 - INFO - Total checkpoints reached: 28
2025-06-23 05:50:41,515 - INFO - Unique checkpoints discovered: 3
2025-06-23 05:50:41,515 - INFO - Episodes with checkpoints: 10/10
2025-06-23 05:50:41,515 - INFO - Episodes reaching min_steps: 10/10
2025-06-23 05:50:41,515 - INFO - Checkpoint values found: [1, 2, 3]
2025-06-23 05:50:41,515 - INFO - Episode 11/50 started - Strategy: CuriosityStrategy
2025-06-23 05:51:20,440 - INFO - 📍 Episode 11: MIN_STEPS + CHECKPOINTS | Reward: -2996.0 | Steps: 200
2025-06-23 05:51:20,442 - INFO - Episode 12/50 started - Strategy: CuriosityStrategy
2025-06-23 05:51:58,218 - INFO - 📍 Episode 12: MIN_STEPS + CHECKPOINTS | Reward: -2985.0 | Steps: 200
2025-06-23 05:51:58,219 - INFO - Episode 13/50 started - Strategy: CuriosityStrategy
2025-06-23 05:52:36,226 - INFO - 📍 Episode 13: MIN_STEPS + CHECKPOINTS | Reward: -3461.0 | Steps: 200
2025-06-23 05:52:36,227 - INFO - Episode 14/50 started - Strategy: CuriosityStrategy
2025-06-23 05:53:14,273 - INFO - 📍 Episode 14: MIN_STEPS + CHECKPOINTS | Reward: -3338.0 | Steps: 200
2025-06-23 05:53:14,273 - INFO - Episode 15/50 started - Strategy: CuriosityStrategy
2025-06-23 05:53:53,145 - INFO - 📍 Episode 15: MIN_STEPS + CHECKPOINTS | Reward: -3374.0 | Steps: 200
2025-06-23 05:53:53,146 - INFO - Episode 16/50 started - Strategy: CuriosityStrategy
2025-06-23 05:54:31,809 - INFO - 📍 Episode 16: MIN_STEPS + CHECKPOINTS | Reward: -3317.0 | Steps: 200
2025-06-23 05:54:31,809 - INFO - Episode 17/50 started - Strategy: CuriosityStrategy
2025-06-23 05:55:10,844 - INFO - 📍 Episode 17: MIN_STEPS + CHECKPOINTS | Reward: -3198.0 | Steps: 200
2025-06-23 05:55:10,845 - INFO - Episode 18/50 started - Strategy: CuriosityStrategy
2025-06-23 05:55:49,891 - INFO - 📍 Episode 18: MIN_STEPS + CHECKPOINTS | Reward: -2147.0 | Steps: 200
2025-06-23 05:55:49,892 - INFO - Episode 19/50 started - Strategy: CuriosityStrategy
2025-06-23 05:56:27,855 - INFO - 📍 Episode 19: MIN_STEPS + CHECKPOINTS | Reward: -3173.0 | Steps: 200
2025-06-23 05:56:27,856 - INFO - Episode 20/50 started - Strategy: CuriosityStrategy
2025-06-23 05:57:07,310 - INFO - 📍 Episode 20: MIN_STEPS + CHECKPOINTS | Reward: -3092.0 | Steps: 200
2025-06-23 05:57:07,313 - INFO - Episodes completed: 20
2025-06-23 05:57:07,313 - INFO - Average reward (last 50): -3290.64
2025-06-23 05:57:07,313 - INFO - Average steps (last 50): 200.0
2025-06-23 05:57:07,313 - INFO - Success rate (last 50): 0.0%
2025-06-23 05:57:07,313 - INFO - Min steps achieved (last 50): 50/50 (100.0%)
2025-06-23 05:57:07,313 - INFO - States explored: 61
2025-06-23 05:57:07,313 - INFO - Total checkpoints reached: 58
2025-06-23 05:57:07,313 - INFO - Unique checkpoints discovered: 4
2025-06-23 05:57:07,313 - INFO - Episodes with checkpoints: 20/20
2025-06-23 05:57:07,313 - INFO - Episodes reaching min_steps: 20/20
2025-06-23 05:57:07,313 - INFO - Checkpoint values found: [1, 2, 3, 4]
2025-06-23 05:57:07,313 - INFO - Episode 21/50 started - Strategy: CuriosityStrategy
2025-06-23 05:57:46,541 - INFO - 📍 Episode 21: MIN_STEPS + CHECKPOINTS | Reward: -3161.0 | Steps: 200
2025-06-23 05:57:46,542 - INFO - Episode 22/50 started - Strategy: CuriosityStrategy
2025-06-23 05:58:25,394 - INFO - 📍 Episode 22: MIN_STEPS + CHECKPOINTS | Reward: -3766.0 | Steps: 200
2025-06-23 05:58:25,395 - INFO - Episode 23/50 started - Strategy: CuriosityStrategy
2025-06-23 05:59:04,075 - INFO - 📍 Episode 23: MIN_STEPS + CHECKPOINTS | Reward: -3092.0 | Steps: 200
2025-06-23 05:59:04,075 - INFO - Episode 24/50 started - Strategy: CuriosityStrategy
2025-06-23 05:59:42,885 - INFO - 📍 Episode 24: MIN_STEPS + CHECKPOINTS | Reward: -3350.0 | Steps: 200
2025-06-23 05:59:42,885 - INFO - Episode 25/50 started - Strategy: CuriosityStrategy
2025-06-23 06:00:21,952 - INFO - 📍 Episode 25: MIN_STEPS + CHECKPOINTS | Reward: -2879.0 | Steps: 200
2025-06-23 06:00:21,953 - INFO - Episode 26/50 started - Strategy: CuriosityStrategy
2025-06-23 06:01:01,395 - INFO - 📍 Episode 26: MIN_STEPS + CHECKPOINTS | Reward: -2975.0 | Steps: 200
2025-06-23 06:01:01,396 - INFO - Episode 27/50 started - Strategy: CuriosityStrategy
2025-06-23 06:01:40,446 - INFO - 🏆 Episode 27: GOAL REACHED | Reward: -429.0 | Steps: 198
2025-06-23 06:01:40,447 - INFO - Episode 28/50 started - Strategy: CuriosityStrategy
2025-06-23 06:02:18,995 - INFO - 📍 Episode 28: MIN_STEPS + CHECKPOINTS | Reward: -3261.0 | Steps: 200
2025-06-23 06:02:18,996 - INFO - Episode 29/50 started - Strategy: CuriosityStrategy
2025-06-23 06:02:58,017 - INFO - 📍 Episode 29: MIN_STEPS + CHECKPOINTS | Reward: -2888.0 | Steps: 200
2025-06-23 06:02:58,017 - INFO - Episode 30/50 started - Strategy: CuriosityStrategy
2025-06-23 06:03:36,933 - INFO - 📍 Episode 30: MIN_STEPS + CHECKPOINTS | Reward: -3062.0 | Steps: 200
2025-06-23 06:03:36,935 - INFO - Episodes completed: 30
2025-06-23 06:03:36,936 - INFO - Average reward (last 50): -3214.14
2025-06-23 06:03:36,936 - INFO - Average steps (last 50): 200.0
2025-06-23 06:03:36,936 - INFO - Success rate (last 50): 2.0%
2025-06-23 06:03:36,936 - INFO - Min steps achieved (last 50): 50/50 (100.0%)
2025-06-23 06:03:36,937 - INFO - States explored: 61
2025-06-23 06:03:36,937 - INFO - Total checkpoints reached: 88
2025-06-23 06:03:36,937 - INFO - Unique checkpoints discovered: 4
2025-06-23 06:03:36,937 - INFO - Episodes with checkpoints: 30/30
2025-06-23 06:03:36,937 - INFO - Episodes reaching min_steps: 30/30
2025-06-23 06:03:36,937 - INFO - Checkpoint values found: [1, 2, 3, 4]
2025-06-23 06:03:36,938 - INFO - Episode 31/50 started - Strategy: CuriosityStrategy
2025-06-23 06:04:15,483 - INFO - 📍 Episode 31: MIN_STEPS + CHECKPOINTS | Reward: -3113.0 | Steps: 200
2025-06-23 06:04:15,484 - INFO - Episode 32/50 started - Strategy: CuriosityStrategy
2025-06-23 06:04:54,544 - INFO - 📍 Episode 32: MIN_STEPS + CHECKPOINTS | Reward: -3263.0 | Steps: 200
2025-06-23 06:04:54,544 - INFO - Episode 33/50 started - Strategy: CuriosityStrategy
2025-06-23 06:05:33,887 - INFO - 📍 Episode 33: MIN_STEPS + CHECKPOINTS | Reward: -2915.0 | Steps: 200
2025-06-23 06:05:33,888 - INFO - Episode 34/50 started - Strategy: CuriosityStrategy
2025-06-23 06:06:11,438 - INFO - 📍 Episode 34: MIN_STEPS + CHECKPOINTS | Reward: -3296.0 | Steps: 200
2025-06-23 06:06:11,439 - INFO - Episode 35/50 started - Strategy: CuriosityStrategy
2025-06-23 06:06:50,603 - INFO - 📍 Episode 35: MIN_STEPS + CHECKPOINTS | Reward: -2131.0 | Steps: 200
2025-06-23 06:06:50,603 - INFO - Episode 36/50 started - Strategy: CuriosityStrategy
2025-06-23 06:07:28,912 - INFO - 📍 Episode 36: MIN_STEPS + CHECKPOINTS | Reward: -3955.0 | Steps: 200
2025-06-23 06:07:28,912 - INFO - Episode 37/50 started - Strategy: CuriosityStrategy
2025-06-23 06:08:06,794 - INFO - 📍 Episode 37: MIN_STEPS + CHECKPOINTS | Reward: -3386.0 | Steps: 200
2025-06-23 06:08:06,794 - INFO - Episode 38/50 started - Strategy: CuriosityStrategy
2025-06-23 06:08:45,439 - INFO - 📍 Episode 38: MIN_STEPS + CHECKPOINTS | Reward: -3056.0 | Steps: 200
2025-06-23 06:08:45,439 - INFO - Episode 39/50 started - Strategy: CuriosityStrategy
2025-06-23 06:09:23,966 - INFO - 📍 Episode 39: MIN_STEPS + CHECKPOINTS | Reward: -2050.0 | Steps: 200
2025-06-23 06:09:23,967 - INFO - Episode 40/50 started - Strategy: CuriosityStrategy
2025-06-23 06:10:03,782 - INFO - 📍 Episode 40: MIN_STEPS + CHECKPOINTS | Reward: -2645.0 | Steps: 200
2025-06-23 06:10:03,786 - INFO - Episodes completed: 40
2025-06-23 06:10:03,786 - INFO - Average reward (last 50): -3134.70
2025-06-23 06:10:03,786 - INFO - Average steps (last 50): 200.0
2025-06-23 06:10:03,787 - INFO - Success rate (last 50): 2.0%
2025-06-23 06:10:03,787 - INFO - Min steps achieved (last 50): 50/50 (100.0%)
2025-06-23 06:10:03,787 - INFO - States explored: 61
2025-06-23 06:10:03,787 - INFO - Total checkpoints reached: 119
2025-06-23 06:10:03,787 - INFO - Unique checkpoints discovered: 4
2025-06-23 06:10:03,787 - INFO - Episodes with checkpoints: 40/40
2025-06-23 06:10:03,787 - INFO - Episodes reaching min_steps: 40/40
2025-06-23 06:10:03,787 - INFO - Checkpoint values found: [1, 2, 3, 4]
2025-06-23 06:10:03,787 - INFO - Episode 41/50 started - Strategy: CuriosityStrategy
2025-06-23 06:10:43,236 - INFO - 📍 Episode 41: MIN_STEPS + CHECKPOINTS | Reward: -2374.0 | Steps: 200
2025-06-23 06:10:43,237 - INFO - Episode 42/50 started - Strategy: CuriosityStrategy
2025-06-23 06:11:21,996 - INFO - 📍 Episode 42: MIN_STEPS + CHECKPOINTS | Reward: -3766.0 | Steps: 200
2025-06-23 06:11:21,996 - INFO - Episode 43/50 started - Strategy: CuriosityStrategy
2025-06-23 06:11:59,840 - INFO - 📍 Episode 43: MIN_STEPS + CHECKPOINTS | Reward: -3230.0 | Steps: 200
2025-06-23 06:11:59,840 - INFO - Episode 44/50 started - Strategy: CuriosityStrategy
2025-06-23 06:12:38,003 - INFO - 📍 Episode 44: MIN_STEPS + CHECKPOINTS | Reward: -3841.0 | Steps: 200
2025-06-23 06:12:38,004 - INFO - Episode 45/50 started - Strategy: CuriosityStrategy
2025-06-23 06:13:15,407 - INFO - 📍 Episode 45: MIN_STEPS + CHECKPOINTS | Reward: -3152.0 | Steps: 200
2025-06-23 06:13:15,408 - INFO - Episode 46/50 started - Strategy: CuriosityStrategy
2025-06-23 06:13:53,922 - INFO - 📍 Episode 46: MIN_STEPS + CHECKPOINTS | Reward: -3158.0 | Steps: 200
2025-06-23 06:13:53,923 - INFO - Episode 47/50 started - Strategy: CuriosityStrategy
2025-06-23 06:14:33,031 - INFO - 📍 Episode 47: MIN_STEPS + CHECKPOINTS | Reward: -2167.0 | Steps: 200
2025-06-23 06:14:33,031 - INFO - Episode 48/50 started - Strategy: CuriosityStrategy
2025-06-23 06:15:12,225 - INFO - 📍 Episode 48: MIN_STEPS + CHECKPOINTS | Reward: -3161.0 | Steps: 200
2025-06-23 06:15:12,226 - INFO - Episode 49/50 started - Strategy: CuriosityStrategy
2025-06-23 06:15:50,860 - INFO - 📍 Episode 49: MIN_STEPS + CHECKPOINTS | Reward: -3239.0 | Steps: 200
2025-06-23 06:15:50,862 - INFO - Episode 50/50 started - Strategy: CuriosityStrategy
2025-06-23 06:16:28,891 - INFO - 📍 Episode 50: MIN_STEPS + CHECKPOINTS | Reward: -2849.0 | Steps: 200
2025-06-23 06:16:28,893 - INFO - Episodes completed: 50
2025-06-23 06:16:28,893 - INFO - Average reward (last 50): -3078.16
2025-06-23 06:16:28,893 - INFO - Average steps (last 50): 200.0
2025-06-23 06:16:28,893 - INFO - Success rate (last 50): 2.0%
2025-06-23 06:16:28,894 - INFO - Min steps achieved (last 50): 50/50 (100.0%)
2025-06-23 06:16:28,894 - INFO - States explored: 61
2025-06-23 06:16:28,894 - INFO - Total checkpoints reached: 149
2025-06-23 06:16:28,894 - INFO - Unique checkpoints discovered: 4
2025-06-23 06:16:28,894 - INFO - Episodes with checkpoints: 50/50
2025-06-23 06:16:28,894 - INFO - Episodes reaching min_steps: 50/50
2025-06-23 06:16:28,894 - INFO - Checkpoint values found: [1, 2, 3, 4]
2025-06-23 06:16:28,895 - INFO - ✅ Training completed!
2025-06-23 06:16:28,895 - INFO - === FINAL TRAINING STATISTICS ===
2025-06-23 06:16:28,896 - INFO -   total_episodes: 800
2025-06-23 06:16:28,896 - INFO -   states_explored: 61
2025-06-23 06:16:28,896 - INFO -   avg_reward: -3502.08875
2025-06-23 06:16:28,896 - INFO -   max_reward: 775.0
2025-06-23 06:16:28,896 - INFO -   success_rate: 0.0025
2025-06-23 06:16:28,896 - INFO -   strategy_info: {'base_epsilon': 0.65, 'novelty_bonus': 5.0, 'states_discovered': 61}
2025-06-23 06:16:28,896 - INFO - === FINAL CHECKPOINT ANALYSIS ===
2025-06-23 06:16:28,896 - INFO -   Checkpoint discovery rate: 0.005 unique/episode
2025-06-23 06:16:28,897 - INFO -   Checkpoint frequency: 0.186 checkpoints/episode
2025-06-23 06:16:28,897 - INFO -   Min steps achievement rate: 6.2%
2025-06-23 06:16:28,897 - INFO -   Best checkpoint reached: 4
2025-06-23 06:16:28,897 - INFO -   Maze progress: 80.0% (checkpoints discovered)
2025-06-23 06:16:28,897 - INFO - DDS stopped.
