2025-07-01 04:42:10,371 - INFO - Movement Mode: FAST (Teleport)
2025-07-01 04:42:10,372 - INFO - Strategy initialized: CuriosityStrategy
2025-07-01 04:42:10,372 - INFO - Strategy info: {'base_epsilon': 0.5, 'novelty_bonus': 8.0, 'states_discovered': 0}
2025-07-01 04:42:10,372 - INFO - CLI mode selected: continue
2025-07-01 04:42:10,372 - INFO - Continuing training for 150 additional episodes.
2025-07-01 04:42:10,372 - INFO - ================================================================================
2025-07-01 04:42:10,372 - INFO - 🚀 STARTING TRAINING SESSION
2025-07-01 04:42:10,372 - INFO - ================================================================================
2025-07-01 04:42:10,372 - INFO - Episodes: 150
2025-07-01 04:42:10,372 - INFO - Strategy: curiosity
2025-07-01 04:42:10,372 - INFO - Model path: models/q_agent.pkl
2025-07-01 04:42:10,372 - INFO - ================================================================================
2025-07-01 04:42:10,372 - INFO - 📁 Loaded existing model
2025-07-01 04:42:10,376 - INFO - 🔗 Connected to Godot simulation!
2025-07-01 04:42:10,376 - INFO - Episode 1/150 started - Strategy: CuriosityStrategy
2025-07-01 04:42:46,152 - INFO - 🔶 Episode 1: CHECKPOINTS (Short) | Reward: -4121.5 | Steps: 200
2025-07-01 04:42:46,153 - INFO - Episode 2/150 started - Strategy: CuriosityStrategy
2025-07-01 04:43:21,503 - INFO - 🔶 Episode 2: CHECKPOINTS (Short) | Reward: -4220.0 | Steps: 200
2025-07-01 04:43:21,503 - INFO - Episode 3/150 started - Strategy: CuriosityStrategy
2025-07-01 04:43:57,103 - INFO - 🔶 Episode 3: CHECKPOINTS (Short) | Reward: -3237.5 | Steps: 200
2025-07-01 04:43:57,104 - INFO - Episode 4/150 started - Strategy: CuriosityStrategy
2025-07-01 04:44:32,238 - INFO - 🔶 Episode 4: CHECKPOINTS (Short) | Reward: -3926.5 | Steps: 200
2025-07-01 04:44:32,239 - INFO - Episode 5/150 started - Strategy: CuriosityStrategy
2025-07-01 04:45:08,026 - INFO - 🔶 Episode 5: CHECKPOINTS (Short) | Reward: -3926.5 | Steps: 200
2025-07-01 04:45:08,028 - INFO - Episode 6/150 started - Strategy: CuriosityStrategy
2025-07-01 04:45:43,575 - INFO - 🔶 Episode 6: CHECKPOINTS (Short) | Reward: -3479.0 | Steps: 200
2025-07-01 04:45:43,576 - INFO - Episode 7/150 started - Strategy: CuriosityStrategy
2025-07-01 04:46:19,294 - INFO - 🔶 Episode 7: CHECKPOINTS (Short) | Reward: -3914.5 | Steps: 200
2025-07-01 04:46:19,294 - INFO - Episode 8/150 started - Strategy: CuriosityStrategy
2025-07-01 04:46:53,926 - INFO - 🔶 Episode 8: CHECKPOINTS (Short) | Reward: -4018.5 | Steps: 200
2025-07-01 04:46:53,927 - INFO - Episode 9/150 started - Strategy: CuriosityStrategy
2025-07-01 04:47:30,160 - INFO - 🔶 Episode 9: CHECKPOINTS (Short) | Reward: -3719.5 | Steps: 200
2025-07-01 04:47:30,160 - INFO - Episode 10/150 started - Strategy: CuriosityStrategy
2025-07-01 04:48:05,473 - INFO - 🏆 Episode 10: GOAL REACHED | Reward: -913.0 | Steps: 197
2025-07-01 04:48:05,474 - INFO - Episode 11/150 started - Strategy: CuriosityStrategy
2025-07-01 04:48:36,278 - INFO - 🏆 Episode 11: GOAL REACHED | Reward: -214.0 | Steps: 168
2025-07-01 04:48:36,278 - INFO - Episode 12/150 started - Strategy: CuriosityStrategy
2025-07-01 04:49:12,444 - INFO - 🔶 Episode 12: CHECKPOINTS (Short) | Reward: -2789.5 | Steps: 200
2025-07-01 04:49:12,445 - INFO - Episode 13/150 started - Strategy: CuriosityStrategy
2025-07-01 04:49:48,492 - INFO - 🔶 Episode 13: CHECKPOINTS (Short) | Reward: -4018.5 | Steps: 200
2025-07-01 04:49:48,493 - INFO - Episode 14/150 started - Strategy: CuriosityStrategy
2025-07-01 04:50:23,809 - INFO - 🔶 Episode 14: CHECKPOINTS (Short) | Reward: -4083.5 | Steps: 200
2025-07-01 04:50:23,811 - INFO - Episode 15/150 started - Strategy: CuriosityStrategy
2025-07-01 04:50:59,750 - INFO - 🔶 Episode 15: CHECKPOINTS (Short) | Reward: -3992.5 | Steps: 200
2025-07-01 04:50:59,750 - INFO - Episode 16/150 started - Strategy: CuriosityStrategy
2025-07-01 04:51:35,756 - INFO - 🔶 Episode 16: CHECKPOINTS (Short) | Reward: -3072.0 | Steps: 200
2025-07-01 04:51:35,758 - INFO - Episode 17/150 started - Strategy: CuriosityStrategy
2025-07-01 04:52:11,501 - INFO - 🔶 Episode 17: CHECKPOINTS (Short) | Reward: -3315.5 | Steps: 200
2025-07-01 04:52:11,502 - INFO - Episode 18/150 started - Strategy: CuriosityStrategy
2025-07-01 04:52:47,902 - INFO - 🔶 Episode 18: CHECKPOINTS (Short) | Reward: -3108.0 | Steps: 200
2025-07-01 04:52:47,903 - INFO - Episode 19/150 started - Strategy: CuriosityStrategy
2025-07-01 04:53:23,273 - INFO - 🔶 Episode 19: CHECKPOINTS (Short) | Reward: -3153.5 | Steps: 200
2025-07-01 04:53:23,274 - INFO - Episode 20/150 started - Strategy: CuriosityStrategy
2025-07-01 04:53:59,176 - INFO - 🔶 Episode 20: CHECKPOINTS (Short) | Reward: -3595.0 | Steps: 200
2025-07-01 04:53:59,177 - INFO - Episode 21/150 started - Strategy: CuriosityStrategy
2025-07-01 04:54:35,413 - INFO - 🔶 Episode 21: CHECKPOINTS (Short) | Reward: -2796.0 | Steps: 200
2025-07-01 04:54:35,413 - INFO - Episode 22/150 started - Strategy: CuriosityStrategy
2025-07-01 04:55:07,797 - INFO - 🏆 Episode 22: GOAL REACHED | Reward: -685.5 | Steps: 181
2025-07-01 04:55:07,797 - INFO - Episode 23/150 started - Strategy: CuriosityStrategy
2025-07-01 04:55:43,772 - INFO - 🔶 Episode 23: CHECKPOINTS (Short) | Reward: -3328.5 | Steps: 200
2025-07-01 04:55:43,772 - INFO - Episode 24/150 started - Strategy: CuriosityStrategy
2025-07-01 04:56:20,081 - INFO - 🔶 Episode 24: CHECKPOINTS (Short) | Reward: -2838.0 | Steps: 200
2025-07-01 04:56:20,081 - INFO - Episode 25/150 started - Strategy: CuriosityStrategy
2025-07-01 04:56:55,534 - INFO - 🔶 Episode 25: CHECKPOINTS (Short) | Reward: -3595.0 | Steps: 200
2025-07-01 04:56:55,535 - INFO - Episode 26/150 started - Strategy: CuriosityStrategy
2025-07-01 04:57:31,571 - INFO - 🔶 Episode 26: CHECKPOINTS (Short) | Reward: -3231.5 | Steps: 200
2025-07-01 04:57:31,572 - INFO - Episode 27/150 started - Strategy: CuriosityStrategy
2025-07-01 04:58:08,031 - INFO - 🔶 Episode 27: CHECKPOINTS (Short) | Reward: -2770.0 | Steps: 200
2025-07-01 04:58:08,032 - INFO - Episode 28/150 started - Strategy: CuriosityStrategy
2025-07-01 04:58:44,247 - INFO - 🔶 Episode 28: CHECKPOINTS (Short) | Reward: -2659.5 | Steps: 200
2025-07-01 04:58:44,249 - INFO - Episode 29/150 started - Strategy: CuriosityStrategy
2025-07-01 04:59:19,516 - INFO - 🔶 Episode 29: CHECKPOINTS (Short) | Reward: -3302.5 | Steps: 200
2025-07-01 04:59:19,517 - INFO - Episode 30/150 started - Strategy: CuriosityStrategy
2025-07-01 04:59:55,375 - INFO - 🔶 Episode 30: CHECKPOINTS (Short) | Reward: -3719.5 | Steps: 200
2025-07-01 04:59:55,377 - INFO - Episode 31/150 started - Strategy: CuriosityStrategy
2025-07-01 05:00:31,374 - INFO - 🔶 Episode 31: CHECKPOINTS (Short) | Reward: -2900.0 | Steps: 200
2025-07-01 05:00:31,374 - INFO - Episode 32/150 started - Strategy: CuriosityStrategy
2025-07-01 05:01:06,406 - INFO - 🔶 Episode 32: CHECKPOINTS (Short) | Reward: -3127.5 | Steps: 200
2025-07-01 05:01:06,407 - INFO - Episode 33/150 started - Strategy: CuriosityStrategy
2025-07-01 05:01:42,440 - INFO - 🔶 Episode 33: CHECKPOINTS (Short) | Reward: -2961.5 | Steps: 200
2025-07-01 05:01:42,441 - INFO - Episode 34/150 started - Strategy: CuriosityStrategy
2025-07-01 05:02:18,659 - INFO - 🔶 Episode 34: CHECKPOINTS (Short) | Reward: -2675.5 | Steps: 200
2025-07-01 05:02:18,661 - INFO - Episode 35/150 started - Strategy: CuriosityStrategy
2025-07-01 05:02:54,730 - INFO - 🔶 Episode 35: CHECKPOINTS (Short) | Reward: -2913.0 | Steps: 200
2025-07-01 05:02:54,731 - INFO - Episode 36/150 started - Strategy: CuriosityStrategy
2025-07-01 05:03:30,449 - INFO - 🔶 Episode 36: CHECKPOINTS (Short) | Reward: -3601.5 | Steps: 200
2025-07-01 05:03:30,449 - INFO - Episode 37/150 started - Strategy: CuriosityStrategy
2025-07-01 05:04:06,081 - INFO - 🔶 Episode 37: CHECKPOINTS (Short) | Reward: -3484.0 | Steps: 200
2025-07-01 05:04:06,083 - INFO - Episode 38/150 started - Strategy: CuriosityStrategy
2025-07-01 05:04:42,180 - INFO - 🔶 Episode 38: CHECKPOINTS (Short) | Reward: -2714.5 | Steps: 200
2025-07-01 05:04:42,180 - INFO - Episode 39/150 started - Strategy: CuriosityStrategy
2025-07-01 05:05:17,523 - INFO - 🔶 Episode 39: CHECKPOINTS (Short) | Reward: -3973.0 | Steps: 200
2025-07-01 05:05:17,525 - INFO - Episode 40/150 started - Strategy: CuriosityStrategy
2025-07-01 05:05:53,732 - INFO - 🔶 Episode 40: CHECKPOINTS (Short) | Reward: -2971.5 | Steps: 200
2025-07-01 05:05:53,732 - INFO - Episode 41/150 started - Strategy: CuriosityStrategy
2025-07-01 05:06:28,895 - INFO - 🔶 Episode 41: CHECKPOINTS (Short) | Reward: -3283.0 | Steps: 200
2025-07-01 05:06:28,897 - INFO - Episode 42/150 started - Strategy: CuriosityStrategy
2025-07-01 05:07:04,850 - INFO - 🔶 Episode 42: CHECKPOINTS (Short) | Reward: -3036.5 | Steps: 200
2025-07-01 05:07:04,850 - INFO - Episode 43/150 started - Strategy: CuriosityStrategy
2025-07-01 05:07:40,885 - INFO - 🔶 Episode 43: CHECKPOINTS (Short) | Reward: -3127.5 | Steps: 200
2025-07-01 05:07:40,886 - INFO - Episode 44/150 started - Strategy: CuriosityStrategy
2025-07-01 05:08:17,300 - INFO - 🔶 Episode 44: CHECKPOINTS (Short) | Reward: -2848.0 | Steps: 200
2025-07-01 05:08:17,300 - INFO - Episode 45/150 started - Strategy: CuriosityStrategy
2025-07-01 05:08:53,351 - INFO - 🔶 Episode 45: CHECKPOINTS (Short) | Reward: -2861.0 | Steps: 200
2025-07-01 05:08:53,352 - INFO - Episode 46/150 started - Strategy: CuriosityStrategy
2025-07-01 05:09:29,301 - INFO - 🔶 Episode 46: CHECKPOINTS (Short) | Reward: -3439.0 | Steps: 200
2025-07-01 05:09:29,302 - INFO - Episode 47/150 started - Strategy: CuriosityStrategy
2025-07-01 05:10:04,663 - INFO - 🔶 Episode 47: CHECKPOINTS (Short) | Reward: -3862.5 | Steps: 200
2025-07-01 05:10:04,663 - INFO - Episode 48/150 started - Strategy: CuriosityStrategy
2025-07-01 05:10:40,810 - INFO - 🔶 Episode 48: CHECKPOINTS (Short) | Reward: -3004.0 | Steps: 200
2025-07-01 05:10:40,810 - INFO - Episode 49/150 started - Strategy: CuriosityStrategy
2025-07-01 05:11:16,429 - INFO - 🔶 Episode 49: CHECKPOINTS (Short) | Reward: -3647.0 | Steps: 200
2025-07-01 05:11:16,430 - INFO - Episode 50/150 started - Strategy: CuriosityStrategy
2025-07-01 05:11:51,761 - INFO - 🔶 Episode 50: CHECKPOINTS (Short) | Reward: -3849.5 | Steps: 200
2025-07-01 05:11:51,772 - INFO - Episodes completed: 50
2025-07-01 05:11:51,773 - INFO - Average reward (last 50): -3200.49
2025-07-01 05:11:51,773 - INFO - Average steps (last 50): 198.9
2025-07-01 05:11:51,773 - INFO - Success rate (last 50): 6.0%
2025-07-01 05:11:51,773 - INFO - States explored: 102
2025-07-01 05:11:51,773 - INFO - Total checkpoints reached: 162
2025-07-01 05:11:51,774 - INFO - Unique checkpoints discovered: 4
2025-07-01 05:11:51,774 - INFO - Episodes with checkpoints: 50/50
2025-07-01 05:11:51,774 - INFO - Checkpoint values found: [1, 2, 3, 4]
2025-07-01 05:11:51,774 - INFO - Episode 51/150 started - Strategy: CuriosityStrategy
2025-07-01 05:12:27,109 - INFO - 🔶 Episode 51: CHECKPOINTS (Short) | Reward: -3270.5 | Steps: 200
2025-07-01 05:12:27,111 - INFO - Episode 52/150 started - Strategy: CuriosityStrategy
2025-07-01 05:13:03,466 - INFO - 🔶 Episode 52: CHECKPOINTS (Short) | Reward: -3302.5 | Steps: 200
2025-07-01 05:13:03,466 - INFO - Episode 53/150 started - Strategy: CuriosityStrategy
2025-07-01 05:13:38,375 - INFO - 🔶 Episode 53: CHECKPOINTS (Short) | Reward: -3550.5 | Steps: 200
2025-07-01 05:13:38,375 - INFO - Episode 54/150 started - Strategy: CuriosityStrategy
2025-07-01 05:14:14,043 - INFO - 🔶 Episode 54: CHECKPOINTS (Short) | Reward: -3940.5 | Steps: 200
2025-07-01 05:14:14,044 - INFO - Episode 55/150 started - Strategy: CuriosityStrategy
2025-07-01 05:14:50,104 - INFO - 🔶 Episode 55: CHECKPOINTS (Short) | Reward: -4025.0 | Steps: 200
2025-07-01 05:14:50,105 - INFO - Episode 56/150 started - Strategy: CuriosityStrategy
2025-07-01 05:15:25,698 - INFO - 🔶 Episode 56: CHECKPOINTS (Short) | Reward: -3361.5 | Steps: 200
2025-07-01 05:15:25,698 - INFO - Episode 57/150 started - Strategy: CuriosityStrategy
2025-07-01 05:16:01,956 - INFO - 🔶 Episode 57: CHECKPOINTS (Short) | Reward: -3406.5 | Steps: 200
2025-07-01 05:16:01,956 - INFO - Episode 58/150 started - Strategy: CuriosityStrategy
2025-07-01 05:16:38,553 - INFO - 🔶 Episode 58: CHECKPOINTS (Short) | Reward: -2705.0 | Steps: 200
2025-07-01 05:16:38,554 - INFO - Episode 59/150 started - Strategy: CuriosityStrategy
2025-07-01 05:17:14,705 - INFO - 🔶 Episode 59: CHECKPOINTS (Short) | Reward: -3309.0 | Steps: 200
2025-07-01 05:17:14,706 - INFO - Episode 60/150 started - Strategy: CuriosityStrategy
2025-07-01 05:17:50,854 - INFO - 🔶 Episode 60: CHECKPOINTS (Short) | Reward: -3348.0 | Steps: 200
2025-07-01 05:17:50,855 - INFO - Episode 61/150 started - Strategy: CuriosityStrategy
2025-07-01 05:18:26,253 - INFO - 🔶 Episode 61: CHECKPOINTS (Short) | Reward: -3706.5 | Steps: 200
2025-07-01 05:18:26,253 - INFO - Episode 62/150 started - Strategy: CuriosityStrategy
2025-07-01 05:19:01,868 - INFO - 🔶 Episode 62: CHECKPOINTS (Short) | Reward: -3085.0 | Steps: 200
2025-07-01 05:19:01,869 - INFO - Episode 63/150 started - Strategy: CuriosityStrategy
2025-07-01 05:19:37,971 - INFO - 🔶 Episode 63: CHECKPOINTS (Short) | Reward: -2536.0 | Steps: 200
2025-07-01 05:19:37,972 - INFO - Episode 64/150 started - Strategy: CuriosityStrategy
2025-07-01 05:20:14,310 - INFO - 🔶 Episode 64: CHECKPOINTS (Short) | Reward: -3491.0 | Steps: 200
2025-07-01 05:20:14,313 - INFO - Episode 65/150 started - Strategy: CuriosityStrategy
2025-07-01 05:20:50,282 - INFO - 🔶 Episode 65: CHECKPOINTS (Short) | Reward: -2971.5 | Steps: 200
2025-07-01 05:20:50,282 - INFO - Episode 66/150 started - Strategy: CuriosityStrategy
2025-07-01 05:21:25,873 - INFO - 🔶 Episode 66: CHECKPOINTS (Short) | Reward: -3693.5 | Steps: 200
2025-07-01 05:21:25,875 - INFO - Episode 67/150 started - Strategy: CuriosityStrategy
2025-07-01 05:22:02,451 - INFO - 🔶 Episode 67: CHECKPOINTS (Short) | Reward: -2698.5 | Steps: 200
2025-07-01 05:22:02,452 - INFO - Episode 68/150 started - Strategy: CuriosityStrategy
2025-07-01 05:22:37,706 - INFO - 🔶 Episode 68: CHECKPOINTS (Short) | Reward: -2890.0 | Steps: 200
2025-07-01 05:22:37,707 - INFO - Episode 69/150 started - Strategy: CuriosityStrategy
2025-07-01 05:23:12,851 - INFO - 🔶 Episode 69: CHECKPOINTS (Short) | Reward: -3771.5 | Steps: 200
2025-07-01 05:23:12,853 - INFO - Episode 70/150 started - Strategy: CuriosityStrategy
2025-07-01 05:23:45,607 - INFO - 🏆 Episode 70: GOAL REACHED | Reward: -425.5 | Steps: 182
2025-07-01 05:23:45,607 - INFO - Episode 71/150 started - Strategy: CuriosityStrategy
2025-07-01 05:24:21,103 - INFO - 🔶 Episode 71: CHECKPOINTS (Short) | Reward: -3888.5 | Steps: 200
2025-07-01 05:24:21,105 - INFO - Episode 72/150 started - Strategy: CuriosityStrategy
2025-07-01 05:24:46,733 - INFO - 🏆 Episode 72: GOAL REACHED | Reward: 824.5 | Steps: 138
2025-07-01 05:24:46,734 - INFO - Episode 73/150 started - Strategy: CuriosityStrategy
2025-07-01 05:25:22,212 - INFO - 🔶 Episode 73: CHECKPOINTS (Short) | Reward: -2744.0 | Steps: 200
2025-07-01 05:25:22,214 - INFO - Episode 74/150 started - Strategy: CuriosityStrategy
2025-07-01 05:25:58,113 - INFO - 🔶 Episode 74: CHECKPOINTS (Short) | Reward: -2802.5 | Steps: 200
2025-07-01 05:25:58,113 - INFO - Episode 75/150 started - Strategy: CuriosityStrategy
2025-07-01 05:26:32,924 - INFO - 🔶 Episode 75: CHECKPOINTS (Short) | Reward: -4012.0 | Steps: 200
2025-07-01 05:26:32,926 - INFO - Episode 76/150 started - Strategy: CuriosityStrategy
2025-07-01 05:27:08,207 - INFO - 🔶 Episode 76: CHECKPOINTS (Short) | Reward: -3569.0 | Steps: 200
2025-07-01 05:27:08,207 - INFO - Episode 77/150 started - Strategy: CuriosityStrategy
2025-07-01 05:27:44,218 - INFO - 🔶 Episode 77: CHECKPOINTS (Short) | Reward: -3679.5 | Steps: 200
2025-07-01 05:27:44,219 - INFO - Episode 78/150 started - Strategy: CuriosityStrategy
2025-07-01 05:28:20,228 - INFO - 🔶 Episode 78: CHECKPOINTS (Short) | Reward: -3920.0 | Steps: 200
2025-07-01 05:28:20,229 - INFO - Episode 79/150 started - Strategy: CuriosityStrategy
2025-07-01 05:28:55,844 - INFO - 🔶 Episode 79: CHECKPOINTS (Short) | Reward: -3797.5 | Steps: 200
2025-07-01 05:28:55,846 - INFO - Episode 80/150 started - Strategy: CuriosityStrategy
2025-07-01 05:29:31,789 - INFO - 🔶 Episode 80: CHECKPOINTS (Short) | Reward: -3666.5 | Steps: 200
2025-07-01 05:29:31,790 - INFO - Episode 81/150 started - Strategy: CuriosityStrategy
2025-07-01 05:30:08,056 - INFO - 🔶 Episode 81: CHECKPOINTS (Short) | Reward: -2919.5 | Steps: 200
2025-07-01 05:30:08,057 - INFO - Episode 82/150 started - Strategy: CuriosityStrategy
2025-07-01 05:30:44,153 - INFO - 🔶 Episode 82: CHECKPOINTS (Short) | Reward: -3393.5 | Steps: 200
2025-07-01 05:30:44,154 - INFO - Episode 83/150 started - Strategy: CuriosityStrategy
2025-07-01 05:31:19,959 - INFO - 🔶 Episode 83: CHECKPOINTS (Short) | Reward: -3056.0 | Steps: 200
2025-07-01 05:31:19,960 - INFO - Episode 84/150 started - Strategy: CuriosityStrategy
2025-07-01 05:31:54,890 - INFO - 🔶 Episode 84: CHECKPOINTS (Short) | Reward: -3887.5 | Steps: 200
2025-07-01 05:31:54,890 - INFO - Episode 85/150 started - Strategy: CuriosityStrategy
2025-07-01 05:32:30,720 - INFO - 🔶 Episode 85: CHECKPOINTS (Short) | Reward: -3705.5 | Steps: 200
2025-07-01 05:32:30,720 - INFO - Episode 86/150 started - Strategy: CuriosityStrategy
2025-07-01 05:33:06,746 - INFO - 🔶 Episode 86: CHECKPOINTS (Short) | Reward: -3960.0 | Steps: 200
2025-07-01 05:33:06,747 - INFO - Episode 87/150 started - Strategy: CuriosityStrategy
2025-07-01 05:33:42,072 - INFO - 🔶 Episode 87: CHECKPOINTS (Short) | Reward: -3999.0 | Steps: 200
2025-07-01 05:33:42,074 - INFO - Episode 88/150 started - Strategy: CuriosityStrategy
2025-07-01 05:34:17,083 - INFO - 🔶 Episode 88: CHECKPOINTS (Short) | Reward: -3615.5 | Steps: 200
2025-07-01 05:34:17,085 - INFO - Episode 89/150 started - Strategy: CuriosityStrategy
2025-07-01 05:34:52,592 - INFO - 🔶 Episode 89: CHECKPOINTS (Short) | Reward: -3771.5 | Steps: 200
2025-07-01 05:34:52,593 - INFO - Episode 90/150 started - Strategy: CuriosityStrategy
2025-07-01 05:35:28,685 - INFO - 🔶 Episode 90: CHECKPOINTS (Short) | Reward: -3513.5 | Steps: 200
2025-07-01 05:35:28,685 - INFO - Episode 91/150 started - Strategy: CuriosityStrategy
2025-07-01 05:36:04,626 - INFO - 🔶 Episode 91: CHECKPOINTS (Short) | Reward: -4200.5 | Steps: 200
2025-07-01 05:36:04,627 - INFO - Episode 92/150 started - Strategy: CuriosityStrategy
2025-07-01 05:36:39,314 - INFO - 🔶 Episode 92: CHECKPOINTS (Short) | Reward: -4155.0 | Steps: 200
2025-07-01 05:36:39,315 - INFO - Episode 93/150 started - Strategy: CuriosityStrategy
2025-07-01 05:37:15,002 - INFO - 🔶 Episode 93: CHECKPOINTS (Short) | Reward: -3999.0 | Steps: 200
2025-07-01 05:37:15,003 - INFO - Episode 94/150 started - Strategy: CuriosityStrategy
2025-07-01 05:37:50,912 - INFO - 🔶 Episode 94: CHECKPOINTS (Short) | Reward: -3543.0 | Steps: 200
2025-07-01 05:37:50,913 - INFO - Episode 95/150 started - Strategy: CuriosityStrategy
2025-07-01 05:38:26,906 - INFO - 🔶 Episode 95: CHECKPOINTS (Short) | Reward: -2672.5 | Steps: 200
2025-07-01 05:38:26,906 - INFO - Episode 96/150 started - Strategy: CuriosityStrategy
2025-07-01 05:39:02,026 - INFO - 🔶 Episode 96: CHECKPOINTS (Short) | Reward: -3674.0 | Steps: 200
2025-07-01 05:39:02,026 - INFO - Episode 97/150 started - Strategy: CuriosityStrategy
2025-07-01 05:39:38,529 - INFO - 🔶 Episode 97: CHECKPOINTS (Short) | Reward: -3062.0 | Steps: 200
2025-07-01 05:39:38,530 - INFO - Episode 98/150 started - Strategy: CuriosityStrategy
2025-07-01 05:40:14,202 - INFO - 🔶 Episode 98: CHECKPOINTS (Short) | Reward: -3731.5 | Steps: 200
2025-07-01 05:40:14,203 - INFO - Episode 99/150 started - Strategy: CuriosityStrategy
2025-07-01 05:40:50,037 - INFO - 🔶 Episode 99: CHECKPOINTS (Short) | Reward: -4213.5 | Steps: 200
2025-07-01 05:40:50,037 - INFO - Episode 100/150 started - Strategy: CuriosityStrategy
2025-07-01 05:41:25,857 - INFO - 🔶 Episode 100: CHECKPOINTS (Short) | Reward: -3706.5 | Steps: 200
2025-07-01 05:41:25,864 - INFO - Episodes completed: 100
2025-07-01 05:41:25,864 - INFO - Average reward (last 50): -3350.44
2025-07-01 05:41:25,865 - INFO - Average steps (last 50): 198.4
2025-07-01 05:41:25,865 - INFO - Success rate (last 50): 4.0%
2025-07-01 05:41:25,865 - INFO - States explored: 102
2025-07-01 05:41:25,865 - INFO - Total checkpoints reached: 308
2025-07-01 05:41:25,865 - INFO - Unique checkpoints discovered: 4
2025-07-01 05:41:25,865 - INFO - Episodes with checkpoints: 100/100
2025-07-01 05:41:25,866 - INFO - Checkpoint values found: [1, 2, 3, 4]
2025-07-01 05:41:25,866 - INFO - Episode 101/150 started - Strategy: CuriosityStrategy
2025-07-01 05:42:02,045 - INFO - 🔶 Episode 101: CHECKPOINTS (Short) | Reward: -3069.0 | Steps: 200
2025-07-01 05:42:02,045 - INFO - Episode 102/150 started - Strategy: CuriosityStrategy
2025-07-01 05:42:37,601 - INFO - 🔶 Episode 102: CHECKPOINTS (Short) | Reward: -2971.5 | Steps: 200
2025-07-01 05:42:37,602 - INFO - Episode 103/150 started - Strategy: CuriosityStrategy
2025-07-01 05:43:13,205 - INFO - 🔶 Episode 103: CHECKPOINTS (Short) | Reward: -4116.0 | Steps: 200
2025-07-01 05:43:13,206 - INFO - Episode 104/150 started - Strategy: CuriosityStrategy
2025-07-01 05:43:48,905 - INFO - 🔶 Episode 104: CHECKPOINTS (Short) | Reward: -2675.5 | Steps: 200
2025-07-01 05:43:48,906 - INFO - Episode 105/150 started - Strategy: CuriosityStrategy
2025-07-01 05:44:25,589 - INFO - 🔶 Episode 105: CHECKPOINTS (Short) | Reward: -2601.0 | Steps: 200
2025-07-01 05:44:25,589 - INFO - Episode 106/150 started - Strategy: CuriosityStrategy
2025-07-01 05:45:01,076 - INFO - 🔶 Episode 106: CHECKPOINTS (Short) | Reward: -3965.5 | Steps: 200
2025-07-01 05:45:01,077 - INFO - Episode 107/150 started - Strategy: CuriosityStrategy
2025-07-01 05:45:36,672 - INFO - 🔶 Episode 107: CHECKPOINTS (Short) | Reward: -3901.5 | Steps: 200
2025-07-01 05:45:36,674 - INFO - Episode 108/150 started - Strategy: CuriosityStrategy
2025-07-01 05:46:13,324 - INFO - 🔶 Episode 108: CHECKPOINTS (Short) | Reward: -2792.5 | Steps: 200
2025-07-01 05:46:13,324 - INFO - Episode 109/150 started - Strategy: CuriosityStrategy
2025-07-01 05:46:48,741 - INFO - 🔶 Episode 109: CHECKPOINTS (Short) | Reward: -4103.0 | Steps: 200
2025-07-01 05:46:48,742 - INFO - Episode 110/150 started - Strategy: CuriosityStrategy
2025-07-01 05:47:24,917 - INFO - 🔶 Episode 110: CHECKPOINTS (Short) | Reward: -3536.5 | Steps: 200
2025-07-01 05:47:24,917 - INFO - Episode 111/150 started - Strategy: CuriosityStrategy
2025-07-01 05:48:00,836 - INFO - 🔶 Episode 111: CHECKPOINTS (Short) | Reward: -2383.0 | Steps: 200
2025-07-01 05:48:00,838 - INFO - Episode 112/150 started - Strategy: CuriosityStrategy
2025-07-01 05:48:37,326 - INFO - 🔶 Episode 112: CHECKPOINTS (Short) | Reward: -2357.0 | Steps: 200
2025-07-01 05:48:37,327 - INFO - Episode 113/150 started - Strategy: CuriosityStrategy
2025-07-01 05:49:12,724 - INFO - 🔶 Episode 113: CHECKPOINTS (Short) | Reward: -3322.5 | Steps: 200
2025-07-01 05:49:12,725 - INFO - Episode 114/150 started - Strategy: CuriosityStrategy
2025-07-01 05:49:46,055 - INFO - ❌ Episode 114: FAILED (Short) | Reward: -4602.0 | Steps: 200
2025-07-01 05:49:46,055 - INFO - Episode 115/150 started - Strategy: CuriosityStrategy
2025-07-01 05:50:21,980 - INFO - 🔶 Episode 115: CHECKPOINTS (Short) | Reward: -3791.0 | Steps: 200
2025-07-01 05:50:21,981 - INFO - Episode 116/150 started - Strategy: CuriosityStrategy
2025-07-01 05:50:57,939 - INFO - 🔶 Episode 116: CHECKPOINTS (Short) | Reward: -3641.5 | Steps: 200
2025-07-01 05:50:57,941 - INFO - Episode 117/150 started - Strategy: CuriosityStrategy
2025-07-01 05:51:33,063 - INFO - 🔶 Episode 117: CHECKPOINTS (Short) | Reward: -3569.0 | Steps: 200
2025-07-01 05:51:33,063 - INFO - Episode 118/150 started - Strategy: CuriosityStrategy
2025-07-01 05:52:08,467 - INFO - 🔶 Episode 118: CHECKPOINTS (Short) | Reward: -4057.5 | Steps: 200
2025-07-01 05:52:08,469 - INFO - Episode 119/150 started - Strategy: CuriosityStrategy
2025-07-01 05:52:43,951 - INFO - 🔶 Episode 119: CHECKPOINTS (Short) | Reward: -3341.5 | Steps: 200
2025-07-01 05:52:43,951 - INFO - Episode 120/150 started - Strategy: CuriosityStrategy
2025-07-01 05:53:19,324 - INFO - 🔶 Episode 120: CHECKPOINTS (Short) | Reward: -3478.0 | Steps: 200
2025-07-01 05:53:19,326 - INFO - Episode 121/150 started - Strategy: CuriosityStrategy
2025-07-01 05:53:55,147 - INFO - 🔶 Episode 121: CHECKPOINTS (Short) | Reward: -3634.0 | Steps: 200
2025-07-01 05:53:55,148 - INFO - Episode 122/150 started - Strategy: CuriosityStrategy
2025-07-01 05:54:30,635 - INFO - 🔶 Episode 122: CHECKPOINTS (Short) | Reward: -3816.0 | Steps: 200
2025-07-01 05:54:30,636 - INFO - Episode 123/150 started - Strategy: CuriosityStrategy
2025-07-01 05:55:06,163 - INFO - 🔶 Episode 123: CHECKPOINTS (Short) | Reward: -3588.5 | Steps: 200
2025-07-01 05:55:06,164 - INFO - Episode 124/150 started - Strategy: CuriosityStrategy
2025-07-01 05:55:41,728 - INFO - 🔶 Episode 124: CHECKPOINTS (Short) | Reward: -4207.0 | Steps: 200
2025-07-01 05:55:41,730 - INFO - Episode 125/150 started - Strategy: CuriosityStrategy
2025-07-01 05:56:17,359 - INFO - 🔶 Episode 125: CHECKPOINTS (Short) | Reward: -4174.5 | Steps: 200
2025-07-01 05:56:17,360 - INFO - Episode 126/150 started - Strategy: CuriosityStrategy
2025-07-01 05:56:52,916 - INFO - 🔶 Episode 126: CHECKPOINTS (Short) | Reward: -3784.5 | Steps: 200
2025-07-01 05:56:52,916 - INFO - Episode 127/150 started - Strategy: CuriosityStrategy
2025-07-01 05:57:27,771 - INFO - 🔶 Episode 127: CHECKPOINTS (Short) | Reward: -4063.0 | Steps: 200
2025-07-01 05:57:27,772 - INFO - Episode 128/150 started - Strategy: CuriosityStrategy
2025-07-01 05:58:03,316 - INFO - 🔶 Episode 128: CHECKPOINTS (Short) | Reward: -3257.0 | Steps: 200
2025-07-01 05:58:03,316 - INFO - Episode 129/150 started - Strategy: CuriosityStrategy
2025-07-01 05:58:39,427 - INFO - 🔶 Episode 129: CHECKPOINTS (Short) | Reward: -3836.5 | Steps: 200
2025-07-01 05:58:39,429 - INFO - Episode 130/150 started - Strategy: CuriosityStrategy
2025-07-01 05:59:15,273 - INFO - 🔶 Episode 130: CHECKPOINTS (Short) | Reward: -3843.0 | Steps: 200
2025-07-01 05:59:15,274 - INFO - Episode 131/150 started - Strategy: CuriosityStrategy
2025-07-01 05:59:51,129 - INFO - 🔶 Episode 131: CHECKPOINTS (Short) | Reward: -4005.5 | Steps: 200
2025-07-01 05:59:51,130 - INFO - Episode 132/150 started - Strategy: CuriosityStrategy
2025-07-01 06:00:27,754 - INFO - 🔶 Episode 132: CHECKPOINTS (Short) | Reward: -2718.0 | Steps: 200
2025-07-01 06:00:27,755 - INFO - Episode 133/150 started - Strategy: CuriosityStrategy
2025-07-01 06:01:04,345 - INFO - 🔶 Episode 133: CHECKPOINTS (Short) | Reward: -2692.0 | Steps: 200
2025-07-01 06:01:04,347 - INFO - Episode 134/150 started - Strategy: CuriosityStrategy
2025-07-01 06:01:40,154 - INFO - 🔶 Episode 134: CHECKPOINTS (Short) | Reward: -3335.5 | Steps: 200
2025-07-01 06:01:40,154 - INFO - Episode 135/150 started - Strategy: CuriosityStrategy
2025-07-01 06:02:15,989 - INFO - 🔶 Episode 135: CHECKPOINTS (Short) | Reward: -2318.0 | Steps: 200
2025-07-01 06:02:15,989 - INFO - Episode 136/150 started - Strategy: CuriosityStrategy
2025-07-01 06:02:52,344 - INFO - 🔶 Episode 136: CHECKPOINTS (Short) | Reward: -2633.5 | Steps: 200
2025-07-01 06:02:52,344 - INFO - Episode 137/150 started - Strategy: CuriosityStrategy
2025-07-01 06:03:26,738 - INFO - 🔶 Episode 137: CHECKPOINTS (Short) | Reward: -3836.5 | Steps: 200
2025-07-01 06:03:26,739 - INFO - Episode 138/150 started - Strategy: CuriosityStrategy
2025-07-01 06:04:02,088 - INFO - 🔶 Episode 138: CHECKPOINTS (Short) | Reward: -3888.5 | Steps: 200
2025-07-01 06:04:02,090 - INFO - Episode 139/150 started - Strategy: CuriosityStrategy
2025-07-01 06:04:38,247 - INFO - 🔶 Episode 139: CHECKPOINTS (Short) | Reward: -3309.0 | Steps: 200
2025-07-01 06:04:38,247 - INFO - Episode 140/150 started - Strategy: CuriosityStrategy
2025-07-01 06:05:14,354 - INFO - 🔶 Episode 140: CHECKPOINTS (Short) | Reward: -2614.0 | Steps: 200
2025-07-01 06:05:14,354 - INFO - Episode 141/150 started - Strategy: CuriosityStrategy
2025-07-01 06:05:50,604 - INFO - 🔶 Episode 141: CHECKPOINTS (Short) | Reward: -2737.5 | Steps: 200
2025-07-01 06:05:50,605 - INFO - Episode 142/150 started - Strategy: CuriosityStrategy
2025-07-01 06:06:26,095 - INFO - 🔶 Episode 142: CHECKPOINTS (Short) | Reward: -3760.5 | Steps: 200
2025-07-01 06:06:26,096 - INFO - Episode 143/150 started - Strategy: CuriosityStrategy
2025-07-01 06:07:01,695 - INFO - 🔶 Episode 143: CHECKPOINTS (Short) | Reward: -3331.5 | Steps: 200
2025-07-01 06:07:01,698 - INFO - Episode 144/150 started - Strategy: CuriosityStrategy
2025-07-01 06:07:37,751 - INFO - 🔶 Episode 144: CHECKPOINTS (Short) | Reward: -3289.5 | Steps: 200
2025-07-01 06:07:37,752 - INFO - Episode 145/150 started - Strategy: CuriosityStrategy
2025-07-01 06:08:13,684 - INFO - 🔶 Episode 145: CHECKPOINTS (Short) | Reward: -2971.5 | Steps: 200
2025-07-01 06:08:13,685 - INFO - Episode 146/150 started - Strategy: CuriosityStrategy
2025-07-01 06:08:48,897 - INFO - 🔶 Episode 146: CHECKPOINTS (Short) | Reward: -4135.5 | Steps: 200
2025-07-01 06:08:48,897 - INFO - Episode 147/150 started - Strategy: CuriosityStrategy
2025-07-01 06:09:24,730 - INFO - 🔶 Episode 147: CHECKPOINTS (Short) | Reward: -3738.0 | Steps: 200
2025-07-01 06:09:24,732 - INFO - Episode 148/150 started - Strategy: CuriosityStrategy
2025-07-01 06:10:00,768 - INFO - 🔶 Episode 148: CHECKPOINTS (Short) | Reward: -3614.5 | Steps: 200
2025-07-01 06:10:00,769 - INFO - Episode 149/150 started - Strategy: CuriosityStrategy
2025-07-01 06:10:36,861 - INFO - 🔶 Episode 149: CHECKPOINTS (Short) | Reward: -3133.5 | Steps: 200
2025-07-01 06:10:36,863 - INFO - Episode 150/150 started - Strategy: CuriosityStrategy
2025-07-01 06:11:12,621 - INFO - 🔶 Episode 150: CHECKPOINTS (Short) | Reward: -3842.0 | Steps: 200
2025-07-01 06:11:12,631 - INFO - Episodes completed: 150
2025-07-01 06:11:12,631 - INFO - Average reward (last 50): -3447.67
2025-07-01 06:11:12,631 - INFO - Average steps (last 50): 200.0
2025-07-01 06:11:12,632 - INFO - Success rate (last 50): 0.0%
2025-07-01 06:11:12,632 - INFO - States explored: 102
2025-07-01 06:11:12,632 - INFO - Total checkpoints reached: 456
2025-07-01 06:11:12,632 - INFO - Unique checkpoints discovered: 4
2025-07-01 06:11:12,632 - INFO - Episodes with checkpoints: 149/150
2025-07-01 06:11:12,633 - INFO - Checkpoint values found: [1, 2, 3, 4]
2025-07-01 06:11:12,635 - INFO - ✅ Training completed!
2025-07-01 06:11:12,638 - INFO - === FINAL TRAINING STATISTICS ===
2025-07-01 06:11:12,638 - INFO -   total_episodes: 11880
2025-07-01 06:11:12,638 - INFO -   states_explored: 102
2025-07-01 06:11:12,638 - INFO -   avg_reward: -3043.2136363636364
2025-07-01 06:11:12,638 - INFO -   max_reward: 2582.0
2025-07-01 06:11:12,638 - INFO -   success_rate: 0.04621212121212121
2025-07-01 06:11:12,638 - INFO -   strategy_info: {'base_epsilon': 0.65, 'novelty_bonus': 5.0, 'states_discovered': 102}
2025-07-01 06:11:12,639 - INFO - === FINAL CHECKPOINT ANALYSIS ===
2025-07-01 06:11:12,639 - INFO -   Checkpoint discovery rate: 0.000 unique/episode
2025-07-01 06:11:12,639 - INFO -   Checkpoint frequency: 0.038 checkpoints/episode
2025-07-01 06:11:12,639 - INFO -   Best checkpoint reached: 4
2025-07-01 06:11:12,639 - INFO -   Maze progress: 80.0% (checkpoints discovered)
2025-07-01 06:11:12,639 - INFO - DDS stopped.
