2025-06-23 05:12:02,270 - INFO - Strategy initialized: CuriosityStrategy
2025-06-23 05:12:02,270 - INFO - Strategy info: {'base_epsilon': 0.65, 'novelty_bonus': 5.0, 'states_discovered': 0}
2025-06-23 05:12:02,270 - INFO - CLI mode selected: continue
2025-06-23 05:12:02,270 - INFO - Continuing training for 50 additional episodes.
2025-06-23 05:12:02,270 - INFO - ================================================================================
2025-06-23 05:12:02,270 - INFO - 🚀 STARTING TRAINING SESSION
2025-06-23 05:12:02,270 - INFO - ================================================================================
2025-06-23 05:12:02,270 - INFO - Episodes: 50
2025-06-23 05:12:02,270 - INFO - Strategy: curiosity
2025-06-23 05:12:02,270 - INFO - Min steps per episode: 100
2025-06-23 05:12:02,270 - INFO - Max steps per episode: 200
2025-06-23 05:12:02,270 - INFO - Model path: models/q_agent.pkl
2025-06-23 05:12:02,270 - INFO - ================================================================================
2025-06-23 05:12:02,274 - INFO - 🔗 Connected to Godot simulation!
2025-06-23 05:12:02,274 - INFO - Episode 1/50 started - Strategy: CuriosityStrategy
2025-06-23 05:12:40,835 - INFO - 📍 Episode 1: MIN_STEPS + CHECKPOINTS | Reward: -3268.0 | Steps: 200
2025-06-23 05:12:40,836 - INFO - Episode 2/50 started - Strategy: CuriosityStrategy
2025-06-23 05:13:20,126 - INFO - 📍 Episode 2: MIN_STEPS + CHECKPOINTS | Reward: -2783.0 | Steps: 200
2025-06-23 05:13:20,126 - INFO - Episode 3/50 started - Strategy: CuriosityStrategy
2025-06-23 05:13:59,081 - INFO - 📍 Episode 3: MIN_STEPS + CHECKPOINTS | Reward: -2410.0 | Steps: 200
2025-06-23 05:13:59,082 - INFO - Episode 4/50 started - Strategy: CuriosityStrategy
2025-06-23 05:14:38,203 - INFO - 📍 Episode 4: MIN_STEPS + CHECKPOINTS | Reward: -2996.0 | Steps: 200
2025-06-23 05:14:38,204 - INFO - Episode 5/50 started - Strategy: CuriosityStrategy
2025-06-23 05:15:17,731 - INFO - 📍 Episode 5: MIN_STEPS + CHECKPOINTS | Reward: -2080.0 | Steps: 200
2025-06-23 05:15:17,731 - INFO - Episode 6/50 started - Strategy: CuriosityStrategy
2025-06-23 05:15:56,378 - INFO - 📍 Episode 6: MIN_STEPS + CHECKPOINTS | Reward: -3101.0 | Steps: 200
2025-06-23 05:15:56,378 - INFO - Episode 7/50 started - Strategy: CuriosityStrategy
2025-06-23 05:16:35,641 - INFO - 📍 Episode 7: MIN_STEPS + CHECKPOINTS | Reward: -3314.0 | Steps: 200
2025-06-23 05:16:35,641 - INFO - Episode 8/50 started - Strategy: CuriosityStrategy
2025-06-23 05:17:13,828 - INFO - 📍 Episode 8: MIN_STEPS + CHECKPOINTS | Reward: -2344.0 | Steps: 200
2025-06-23 05:17:13,828 - INFO - Episode 9/50 started - Strategy: CuriosityStrategy
2025-06-23 05:17:53,431 - INFO - 📍 Episode 9: MIN_STEPS + CHECKPOINTS | Reward: -2231.0 | Steps: 200
2025-06-23 05:17:53,431 - INFO - Episode 10/50 started - Strategy: CuriosityStrategy
2025-06-23 05:18:33,273 - INFO - 📍 Episode 10: MIN_STEPS + CHECKPOINTS | Reward: -3005.0 | Steps: 200
2025-06-23 05:18:33,276 - INFO - Episodes completed: 10
2025-06-23 05:18:33,277 - INFO - Average reward (last 50): -3084.86
2025-06-23 05:18:33,277 - INFO - Average steps (last 50): 199.0
2025-06-23 05:18:33,277 - INFO - Success rate (last 50): 2.0%
2025-06-23 05:18:33,277 - INFO - Min steps achieved (last 50): 50/50 (100.0%)
2025-06-23 05:18:33,277 - INFO - States explored: 61
2025-06-23 05:18:33,277 - INFO - Total checkpoints reached: 33
2025-06-23 05:18:33,277 - INFO - Unique checkpoints discovered: 4
2025-06-23 05:18:33,277 - INFO - Episodes with checkpoints: 10/10
2025-06-23 05:18:33,277 - INFO - Episodes reaching min_steps: 10/10
2025-06-23 05:18:33,277 - INFO - Checkpoint values found: [1, 2, 3, 4]
2025-06-23 05:18:33,278 - INFO - Episode 11/50 started - Strategy: CuriosityStrategy
2025-06-23 05:19:10,908 - INFO - 📍 Episode 11: MIN_STEPS + CHECKPOINTS | Reward: -3673.0 | Steps: 200
2025-06-23 05:19:10,910 - INFO - Episode 12/50 started - Strategy: CuriosityStrategy
2025-06-23 05:19:49,078 - INFO - 📍 Episode 12: MIN_STEPS + CHECKPOINTS | Reward: -3211.0 | Steps: 200
2025-06-23 05:19:49,079 - INFO - Episode 13/50 started - Strategy: CuriosityStrategy
2025-06-23 05:20:27,560 - INFO - 📍 Episode 13: MIN_STEPS + CHECKPOINTS | Reward: -3233.0 | Steps: 200
2025-06-23 05:20:27,561 - INFO - Episode 14/50 started - Strategy: CuriosityStrategy
2025-06-23 05:21:04,920 - INFO - 📍 Episode 14: MIN_STEPS + CHECKPOINTS | Reward: -3365.0 | Steps: 200
2025-06-23 05:21:04,921 - INFO - Episode 15/50 started - Strategy: CuriosityStrategy
2025-06-23 05:21:43,732 - INFO - 📍 Episode 15: MIN_STEPS + CHECKPOINTS | Reward: -3069.0 | Steps: 200
2025-06-23 05:21:43,733 - INFO - Episode 16/50 started - Strategy: CuriosityStrategy
2025-06-23 05:22:21,577 - INFO - 📍 Episode 16: MIN_STEPS + CHECKPOINTS | Reward: -3428.0 | Steps: 200
2025-06-23 05:22:21,577 - INFO - Episode 17/50 started - Strategy: CuriosityStrategy
2025-06-23 05:23:01,115 - INFO - 📍 Episode 17: MIN_STEPS + CHECKPOINTS | Reward: -2697.0 | Steps: 200
2025-06-23 05:23:01,116 - INFO - Episode 18/50 started - Strategy: CuriosityStrategy
2025-06-23 05:23:40,148 - INFO - 📍 Episode 18: MIN_STEPS + CHECKPOINTS | Reward: -2999.0 | Steps: 200
2025-06-23 05:23:40,150 - INFO - Episode 19/50 started - Strategy: CuriosityStrategy
2025-06-23 05:24:18,319 - INFO - 📍 Episode 19: MIN_STEPS + CHECKPOINTS | Reward: -3781.0 | Steps: 200
2025-06-23 05:24:18,320 - INFO - Episode 20/50 started - Strategy: CuriosityStrategy
2025-06-23 05:24:56,130 - INFO - 📍 Episode 20: MIN_STEPS + CHECKPOINTS | Reward: -3135.0 | Steps: 200
2025-06-23 05:24:56,132 - INFO - Episodes completed: 20
2025-06-23 05:24:56,132 - INFO - Average reward (last 50): -3151.10
2025-06-23 05:24:56,132 - INFO - Average steps (last 50): 200.0
2025-06-23 05:24:56,133 - INFO - Success rate (last 50): 0.0%
2025-06-23 05:24:56,133 - INFO - Min steps achieved (last 50): 50/50 (100.0%)
2025-06-23 05:24:56,133 - INFO - States explored: 61
2025-06-23 05:24:56,133 - INFO - Total checkpoints reached: 60
2025-06-23 05:24:56,133 - INFO - Unique checkpoints discovered: 4
2025-06-23 05:24:56,133 - INFO - Episodes with checkpoints: 20/20
2025-06-23 05:24:56,133 - INFO - Episodes reaching min_steps: 20/20
2025-06-23 05:24:56,133 - INFO - Checkpoint values found: [1, 2, 3, 4]
2025-06-23 05:24:56,133 - INFO - Episode 21/50 started - Strategy: CuriosityStrategy
2025-06-23 05:25:34,781 - INFO - 📍 Episode 21: MIN_STEPS + CHECKPOINTS | Reward: -2906.0 | Steps: 200
2025-06-23 05:25:34,781 - INFO - Episode 22/50 started - Strategy: CuriosityStrategy
2025-06-23 05:26:12,479 - INFO - 📍 Episode 22: MIN_STEPS + CHECKPOINTS | Reward: -3272.0 | Steps: 200
2025-06-23 05:26:12,480 - INFO - Episode 23/50 started - Strategy: CuriosityStrategy
2025-06-23 05:26:50,916 - INFO - 📍 Episode 23: MIN_STEPS + CHECKPOINTS | Reward: -3323.0 | Steps: 200
2025-06-23 05:26:50,917 - INFO - Episode 24/50 started - Strategy: CuriosityStrategy
2025-06-23 05:27:30,096 - INFO - 📍 Episode 24: MIN_STEPS + CHECKPOINTS | Reward: -3521.0 | Steps: 200
2025-06-23 05:27:30,097 - INFO - Episode 25/50 started - Strategy: CuriosityStrategy
2025-06-23 05:28:09,100 - INFO - 📍 Episode 25: MIN_STEPS + CHECKPOINTS | Reward: -2936.0 | Steps: 200
2025-06-23 05:28:09,101 - INFO - Episode 26/50 started - Strategy: CuriosityStrategy
2025-06-23 05:28:47,802 - INFO - 📍 Episode 26: MIN_STEPS + CHECKPOINTS | Reward: -3149.0 | Steps: 200
2025-06-23 05:28:47,803 - INFO - Episode 27/50 started - Strategy: CuriosityStrategy
2025-06-23 05:29:27,430 - INFO - 📍 Episode 27: MIN_STEPS + CHECKPOINTS | Reward: -2960.0 | Steps: 200
2025-06-23 05:29:27,431 - INFO - Episode 28/50 started - Strategy: CuriosityStrategy
2025-06-23 05:30:05,399 - INFO - 📍 Episode 28: MIN_STEPS + CHECKPOINTS | Reward: -3961.0 | Steps: 200
2025-06-23 05:30:05,400 - INFO - Episode 29/50 started - Strategy: CuriosityStrategy
2025-06-23 05:30:44,696 - INFO - 📍 Episode 29: MIN_STEPS + CHECKPOINTS | Reward: -3787.0 | Steps: 200
2025-06-23 05:30:44,696 - INFO - Episode 30/50 started - Strategy: CuriosityStrategy
2025-06-23 05:31:23,786 - INFO - 📍 Episode 30: MIN_STEPS + CHECKPOINTS | Reward: -2873.0 | Steps: 200
2025-06-23 05:31:23,790 - INFO - Episodes completed: 30
2025-06-23 05:31:23,790 - INFO - Average reward (last 50): -3169.28
2025-06-23 05:31:23,790 - INFO - Average steps (last 50): 200.0
2025-06-23 05:31:23,791 - INFO - Success rate (last 50): 0.0%
2025-06-23 05:31:23,791 - INFO - Min steps achieved (last 50): 50/50 (100.0%)
2025-06-23 05:31:23,791 - INFO - States explored: 61
2025-06-23 05:31:23,791 - INFO - Total checkpoints reached: 88
2025-06-23 05:31:23,791 - INFO - Unique checkpoints discovered: 4
2025-06-23 05:31:23,791 - INFO - Episodes with checkpoints: 30/30
2025-06-23 05:31:23,791 - INFO - Episodes reaching min_steps: 30/30
2025-06-23 05:31:23,791 - INFO - Checkpoint values found: [1, 2, 3, 4]
2025-06-23 05:31:23,792 - INFO - Episode 31/50 started - Strategy: CuriosityStrategy
2025-06-23 05:32:03,000 - INFO - 📍 Episode 31: MIN_STEPS + CHECKPOINTS | Reward: -3625.0 | Steps: 200
2025-06-23 05:32:03,002 - INFO - Episode 32/50 started - Strategy: CuriosityStrategy
2025-06-23 05:32:41,348 - INFO - 📍 Episode 32: MIN_STEPS + CHECKPOINTS | Reward: -3347.0 | Steps: 200
2025-06-23 05:32:41,348 - INFO - Episode 33/50 started - Strategy: CuriosityStrategy
2025-06-23 05:33:20,784 - INFO - 📍 Episode 33: MIN_STEPS + CHECKPOINTS | Reward: -3239.0 | Steps: 200
2025-06-23 05:33:20,785 - INFO - Episode 34/50 started - Strategy: CuriosityStrategy
2025-06-23 05:33:59,852 - INFO - 📍 Episode 34: MIN_STEPS + CHECKPOINTS | Reward: -3922.0 | Steps: 200
2025-06-23 05:33:59,853 - INFO - Episode 35/50 started - Strategy: CuriosityStrategy
2025-06-23 05:34:38,694 - INFO - 📍 Episode 35: MIN_STEPS + CHECKPOINTS | Reward: -3916.0 | Steps: 200
2025-06-23 05:34:38,696 - INFO - Episode 36/50 started - Strategy: CuriosityStrategy
2025-06-23 05:35:17,507 - INFO - 📍 Episode 36: MIN_STEPS + CHECKPOINTS | Reward: -2960.0 | Steps: 200
2025-06-23 05:35:17,508 - INFO - Episode 37/50 started - Strategy: CuriosityStrategy
2025-06-23 05:35:56,271 - INFO - 📍 Episode 37: MIN_STEPS + CHECKPOINTS | Reward: -3173.0 | Steps: 200
2025-06-23 05:35:56,271 - INFO - Episode 38/50 started - Strategy: CuriosityStrategy
2025-06-23 05:36:34,223 - INFO - 📍 Episode 38: MIN_STEPS + CHECKPOINTS | Reward: -3404.0 | Steps: 200
2025-06-23 05:36:34,225 - INFO - Episode 39/50 started - Strategy: CuriosityStrategy
2025-06-23 05:37:13,081 - INFO - 📍 Episode 39: MIN_STEPS + CHECKPOINTS | Reward: -3452.0 | Steps: 200
2025-06-23 05:37:13,083 - INFO - Episode 40/50 started - Strategy: CuriosityStrategy
2025-06-23 05:37:51,640 - INFO - 📍 Episode 40: MIN_STEPS + CHECKPOINTS | Reward: -2744.0 | Steps: 200
2025-06-23 05:37:51,644 - INFO - Episodes completed: 40
2025-06-23 05:37:51,644 - INFO - Average reward (last 50): -3213.48
2025-06-23 05:37:51,644 - INFO - Average steps (last 50): 200.0
2025-06-23 05:37:51,644 - INFO - Success rate (last 50): 0.0%
2025-06-23 05:37:51,644 - INFO - Min steps achieved (last 50): 50/50 (100.0%)
2025-06-23 05:37:51,644 - INFO - States explored: 61
2025-06-23 05:37:51,644 - INFO - Total checkpoints reached: 115
2025-06-23 05:37:51,644 - INFO - Unique checkpoints discovered: 4
2025-06-23 05:37:51,644 - INFO - Episodes with checkpoints: 40/40
2025-06-23 05:37:51,644 - INFO - Episodes reaching min_steps: 40/40
2025-06-23 05:37:51,644 - INFO - Checkpoint values found: [1, 2, 3, 4]
2025-06-23 05:37:51,645 - INFO - Episode 41/50 started - Strategy: CuriosityStrategy
2025-06-23 05:38:30,737 - INFO - 📍 Episode 41: MIN_STEPS + CHECKPOINTS | Reward: -3218.0 | Steps: 200
2025-06-23 05:38:30,737 - INFO - Episode 42/50 started - Strategy: CuriosityStrategy
2025-06-23 05:39:09,872 - INFO - 📍 Episode 42: MIN_STEPS + CHECKPOINTS | Reward: -2890.0 | Steps: 200
2025-06-23 05:39:09,873 - INFO - Episode 43/50 started - Strategy: CuriosityStrategy
2025-06-23 05:39:47,863 - INFO - 📍 Episode 43: MIN_STEPS + CHECKPOINTS | Reward: -3946.0 | Steps: 200
2025-06-23 05:39:47,864 - INFO - Episode 44/50 started - Strategy: CuriosityStrategy
2025-06-23 05:40:26,169 - INFO - 📍 Episode 44: MIN_STEPS + CHECKPOINTS | Reward: -3512.0 | Steps: 200
2025-06-23 05:40:26,169 - INFO - Episode 45/50 started - Strategy: CuriosityStrategy
2025-06-23 05:41:04,764 - INFO - 📍 Episode 45: MIN_STEPS + CHECKPOINTS | Reward: -2368.0 | Steps: 200
2025-06-23 05:41:04,764 - INFO - Episode 46/50 started - Strategy: CuriosityStrategy
2025-06-23 05:41:42,313 - INFO - 📍 Episode 46: MIN_STEPS + CHECKPOINTS | Reward: -3742.0 | Steps: 200
2025-06-23 05:41:42,313 - INFO - Episode 47/50 started - Strategy: CuriosityStrategy
2025-06-23 05:42:20,985 - INFO - 📍 Episode 47: MIN_STEPS + CHECKPOINTS | Reward: -3119.0 | Steps: 200
2025-06-23 05:42:20,985 - INFO - Episode 48/50 started - Strategy: CuriosityStrategy
2025-06-23 05:42:59,602 - INFO - 📍 Episode 48: MIN_STEPS + CHECKPOINTS | Reward: -3545.0 | Steps: 200
2025-06-23 05:42:59,602 - INFO - Episode 49/50 started - Strategy: CuriosityStrategy
2025-06-23 05:43:38,821 - INFO - 📍 Episode 49: MIN_STEPS + CHECKPOINTS | Reward: -3667.0 | Steps: 200
2025-06-23 05:43:38,821 - INFO - Episode 50/50 started - Strategy: CuriosityStrategy
2025-06-23 05:44:16,759 - INFO - 📍 Episode 50: MIN_STEPS + CHECKPOINTS | Reward: -3757.0 | Steps: 200
2025-06-23 05:44:16,762 - INFO - Episodes completed: 50
2025-06-23 05:44:16,762 - INFO - Average reward (last 50): -3207.14
2025-06-23 05:44:16,763 - INFO - Average steps (last 50): 200.0
2025-06-23 05:44:16,763 - INFO - Success rate (last 50): 0.0%
2025-06-23 05:44:16,763 - INFO - Min steps achieved (last 50): 50/50 (100.0%)
2025-06-23 05:44:16,763 - INFO - States explored: 61
2025-06-23 05:44:16,763 - INFO - Total checkpoints reached: 142
2025-06-23 05:44:16,763 - INFO - Unique checkpoints discovered: 4
2025-06-23 05:44:16,763 - INFO - Episodes with checkpoints: 50/50
2025-06-23 05:44:16,763 - INFO - Episodes reaching min_steps: 50/50
2025-06-23 05:44:16,763 - INFO - Checkpoint values found: [1, 2, 3, 4]
2025-06-23 05:44:16,764 - INFO - ✅ Training completed!
2025-06-23 05:44:16,764 - INFO - === FINAL TRAINING STATISTICS ===
2025-06-23 05:44:16,764 - INFO -   total_episodes: 750
2025-06-23 05:44:16,764 - INFO -   states_explored: 61
2025-06-23 05:44:16,764 - INFO -   avg_reward: -3530.3506666666667
2025-06-23 05:44:16,764 - INFO -   max_reward: 775.0
2025-06-23 05:44:16,765 - INFO -   success_rate: 0.0013333333333333333
2025-06-23 05:44:16,765 - INFO -   strategy_info: {'base_epsilon': 0.65, 'novelty_bonus': 5.0, 'states_discovered': 61}
2025-06-23 05:44:16,765 - INFO - === FINAL CHECKPOINT ANALYSIS ===
2025-06-23 05:44:16,765 - INFO -   Checkpoint discovery rate: 0.005 unique/episode
2025-06-23 05:44:16,765 - INFO -   Checkpoint frequency: 0.189 checkpoints/episode
2025-06-23 05:44:16,765 - INFO -   Min steps achievement rate: 6.7%
2025-06-23 05:44:16,765 - INFO -   Best checkpoint reached: 4
2025-06-23 05:44:16,765 - INFO -   Maze progress: 80.0% (checkpoints discovered)
2025-06-23 05:44:16,765 - INFO - DDS stopped.
