2025-07-01 08:31:18,021 - INFO - Movement Mode: FAST (Teleport)
2025-07-01 08:31:18,021 - INFO - Strategy initialized: CuriosityStrategy
2025-07-01 08:31:18,021 - INFO - Strategy info: {'base_epsilon': 0.6, 'novelty_bonus': 8.0, 'states_discovered': 0}
2025-07-01 08:31:18,021 - INFO - CLI mode selected: continue
2025-07-01 08:31:18,021 - INFO - Continuing training for 150 additional episodes.
2025-07-01 08:31:18,021 - INFO - ================================================================================
2025-07-01 08:31:18,021 - INFO - 🚀 STARTING TRAINING SESSION
2025-07-01 08:31:18,021 - INFO - ================================================================================
2025-07-01 08:31:18,021 - INFO - Episodes: 150
2025-07-01 08:31:18,021 - INFO - Strategy: curiosity
2025-07-01 08:31:18,021 - INFO - Model path: models/q_agent.pkl
2025-07-01 08:31:18,021 - INFO - ================================================================================
2025-07-01 08:31:18,023 - INFO - 📁 Loaded existing model
2025-07-01 08:31:18,025 - INFO - 🔗 Connected to Godot simulation!
2025-07-01 08:31:18,025 - INFO - Episode 1/150 started - Strategy: CuriosityStrategy
2025-07-01 08:31:52,242 - INFO - 🔶 Episode 1: CHECKPOINTS (Short) | Reward: -2997.0 | Steps: 200
2025-07-01 08:31:52,242 - INFO - Episode 2/150 started - Strategy: CuriosityStrategy
2025-07-01 08:32:27,209 - INFO - 🔶 Episode 2: CHECKPOINTS (Short) | Reward: -2402.5 | Steps: 200
2025-07-01 08:32:27,210 - INFO - Episode 3/150 started - Strategy: CuriosityStrategy
2025-07-01 08:33:01,574 - INFO - 🔶 Episode 3: CHECKPOINTS (Short) | Reward: -2932.5 | Steps: 200
2025-07-01 08:33:01,575 - INFO - Episode 4/150 started - Strategy: CuriosityStrategy
2025-07-01 08:33:35,994 - INFO - 🔶 Episode 4: CHECKPOINTS (Short) | Reward: -2834.5 | Steps: 200
2025-07-01 08:33:35,996 - INFO - Episode 5/150 started - Strategy: CuriosityStrategy
2025-07-01 08:33:42,092 - INFO - 🏆 Episode 5: GOAL REACHED | Reward: 2342.0 | Steps: 27
2025-07-01 08:33:42,093 - INFO - Episode 6/150 started - Strategy: CuriosityStrategy
2025-07-01 08:34:16,979 - INFO - 🔶 Episode 6: CHECKPOINTS (Short) | Reward: -2276.0 | Steps: 200
2025-07-01 08:34:16,980 - INFO - Episode 7/150 started - Strategy: CuriosityStrategy
2025-07-01 08:34:52,243 - INFO - 🔶 Episode 7: CHECKPOINTS (Short) | Reward: -2107.0 | Steps: 200
2025-07-01 08:34:52,244 - INFO - Episode 8/150 started - Strategy: CuriosityStrategy
2025-07-01 08:35:27,474 - INFO - 🔶 Episode 8: CHECKPOINTS (Short) | Reward: -2022.0 | Steps: 200
2025-07-01 08:35:27,475 - INFO - Episode 9/150 started - Strategy: CuriosityStrategy
2025-07-01 08:36:02,407 - INFO - 🔶 Episode 9: CHECKPOINTS (Short) | Reward: -2309.0 | Steps: 200
2025-07-01 08:36:02,407 - INFO - Episode 10/150 started - Strategy: CuriosityStrategy
2025-07-01 08:36:25,924 - INFO - 🏆 Episode 10: GOAL REACHED | Reward: 1380.5 | Steps: 131
2025-07-01 08:36:25,925 - INFO - Episode 11/150 started - Strategy: CuriosityStrategy
2025-07-01 08:36:55,811 - INFO - 🏆 Episode 11: GOAL REACHED | Reward: -12.5 | Steps: 169
2025-07-01 08:36:55,811 - INFO - Episode 12/150 started - Strategy: CuriosityStrategy
2025-07-01 08:37:26,947 - INFO - 🏆 Episode 12: GOAL REACHED | Reward: 120.5 | Steps: 178
2025-07-01 08:37:26,947 - INFO - Episode 13/150 started - Strategy: CuriosityStrategy
2025-07-01 08:37:52,302 - INFO - 🏆 Episode 13: GOAL REACHED | Reward: 1345.5 | Steps: 142
2025-07-01 08:37:52,303 - INFO - Episode 14/150 started - Strategy: CuriosityStrategy
2025-07-01 08:38:27,012 - INFO - 🔶 Episode 14: CHECKPOINTS (Short) | Reward: -2311.5 | Steps: 200
2025-07-01 08:38:27,013 - INFO - Episode 15/150 started - Strategy: CuriosityStrategy
2025-07-01 08:38:40,808 - INFO - 🏆 Episode 15: GOAL REACHED | Reward: 2425.0 | Steps: 72
2025-07-01 08:38:40,808 - INFO - Episode 16/150 started - Strategy: CuriosityStrategy
2025-07-01 08:39:01,849 - INFO - 🏆 Episode 16: GOAL REACHED | Reward: 1169.5 | Steps: 116
2025-07-01 08:39:01,850 - INFO - Episode 17/150 started - Strategy: CuriosityStrategy
2025-07-01 08:39:16,656 - INFO - 🏆 Episode 17: GOAL REACHED | Reward: 2037.0 | Steps: 79
2025-07-01 08:39:16,656 - INFO - Episode 18/150 started - Strategy: CuriosityStrategy
2025-07-01 08:39:37,280 - INFO - 🏆 Episode 18: GOAL REACHED | Reward: 1376.5 | Steps: 114
2025-07-01 08:39:37,280 - INFO - Episode 19/150 started - Strategy: CuriosityStrategy
2025-07-01 08:39:59,053 - INFO - 🏆 Episode 19: GOAL REACHED | Reward: 1362.0 | Steps: 121
2025-07-01 08:39:59,053 - INFO - Episode 20/150 started - Strategy: CuriosityStrategy
2025-07-01 08:40:12,821 - INFO - 🏆 Episode 20: GOAL REACHED | Reward: 2159.0 | Steps: 74
2025-07-01 08:40:12,822 - INFO - Episode 21/150 started - Strategy: CuriosityStrategy
2025-07-01 08:40:28,348 - INFO - 🏆 Episode 21: GOAL REACHED | Reward: 1962.0 | Steps: 83
2025-07-01 08:40:28,349 - INFO - Episode 22/150 started - Strategy: CuriosityStrategy
2025-07-01 08:40:42,354 - INFO - 🏆 Episode 22: GOAL REACHED | Reward: 1539.0 | Steps: 73
2025-07-01 08:40:42,354 - INFO - Episode 23/150 started - Strategy: CuriosityStrategy
2025-07-01 08:41:03,385 - INFO - 🏆 Episode 23: GOAL REACHED | Reward: 886.0 | Steps: 118
2025-07-01 08:41:03,385 - INFO - Episode 24/150 started - Strategy: CuriosityStrategy
2025-07-01 08:41:26,872 - INFO - 🏆 Episode 24: GOAL REACHED | Reward: 1251.5 | Steps: 130
2025-07-01 08:41:26,873 - INFO - Episode 25/150 started - Strategy: CuriosityStrategy
2025-07-01 08:41:45,767 - INFO - 🔶 Episode 25: CHECKPOINTS (Short) | Reward: -5487.5 | Steps: 200
2025-07-01 08:41:45,768 - INFO - Episode 26/150 started - Strategy: CuriosityStrategy
2025-07-01 08:42:02,913 - INFO - 🏆 Episode 26: GOAL REACHED | Reward: 1794.5 | Steps: 93
2025-07-01 08:42:02,913 - INFO - Episode 27/150 started - Strategy: CuriosityStrategy
2025-07-01 08:42:17,104 - INFO - 🏆 Episode 27: GOAL REACHED | Reward: 2141.0 | Steps: 76
2025-07-01 08:42:17,105 - INFO - Episode 28/150 started - Strategy: CuriosityStrategy
2025-07-01 08:42:43,842 - INFO - 🏆 Episode 28: GOAL REACHED | Reward: 626.5 | Steps: 151
2025-07-01 08:42:43,842 - INFO - Episode 29/150 started - Strategy: CuriosityStrategy
2025-07-01 08:42:59,148 - INFO - 🏆 Episode 29: GOAL REACHED | Reward: 1819.0 | Steps: 84
2025-07-01 08:42:59,149 - INFO - Episode 30/150 started - Strategy: CuriosityStrategy
2025-07-01 08:43:14,916 - INFO - 🏆 Episode 30: GOAL REACHED | Reward: 1991.5 | Steps: 83
2025-07-01 08:43:14,917 - INFO - Episode 31/150 started - Strategy: CuriosityStrategy
2025-07-01 08:43:33,451 - INFO - 🏆 Episode 31: GOAL REACHED | Reward: 1770.0 | Steps: 100
2025-07-01 08:43:33,452 - INFO - Episode 32/150 started - Strategy: CuriosityStrategy
2025-07-01 08:43:53,005 - INFO - 🏆 Episode 32: GOAL REACHED | Reward: 1850.0 | Steps: 107
2025-07-01 08:43:53,005 - INFO - Episode 33/150 started - Strategy: CuriosityStrategy
2025-07-01 08:44:11,689 - INFO - 🏆 Episode 33: GOAL REACHED | Reward: 1503.5 | Steps: 103
2025-07-01 08:44:11,689 - INFO - Episode 34/150 started - Strategy: CuriosityStrategy
2025-07-01 08:44:29,530 - INFO - 🏆 Episode 34: GOAL REACHED | Reward: 1915.0 | Steps: 97
2025-07-01 08:44:29,531 - INFO - Episode 35/150 started - Strategy: CuriosityStrategy
2025-07-01 08:44:42,220 - INFO - 🏆 Episode 35: GOAL REACHED | Reward: 2601.0 | Steps: 65
2025-07-01 08:44:42,221 - INFO - Episode 36/150 started - Strategy: CuriosityStrategy
2025-07-01 08:44:58,674 - INFO - 🏆 Episode 36: GOAL REACHED | Reward: 2047.0 | Steps: 89
2025-07-01 08:44:58,675 - INFO - Episode 37/150 started - Strategy: CuriosityStrategy
2025-07-01 08:45:13,012 - INFO - 🏆 Episode 37: GOAL REACHED | Reward: 2058.0 | Steps: 77
2025-07-01 08:45:13,012 - INFO - Episode 38/150 started - Strategy: CuriosityStrategy
2025-07-01 08:45:29,768 - INFO - 🏆 Episode 38: GOAL REACHED | Reward: 1842.0 | Steps: 90
2025-07-01 08:45:29,768 - INFO - Episode 39/150 started - Strategy: CuriosityStrategy
2025-07-01 08:45:46,243 - INFO - 🏆 Episode 39: GOAL REACHED | Reward: 1840.0 | Steps: 91
2025-07-01 08:45:46,244 - INFO - Episode 40/150 started - Strategy: CuriosityStrategy
2025-07-01 08:46:09,248 - INFO - 🏆 Episode 40: GOAL REACHED | Reward: 933.0 | Steps: 129
2025-07-01 08:46:09,249 - INFO - Episode 41/150 started - Strategy: CuriosityStrategy
2025-07-01 08:46:23,826 - INFO - 🏆 Episode 41: GOAL REACHED | Reward: 2243.0 | Steps: 77
2025-07-01 08:46:23,827 - INFO - Episode 42/150 started - Strategy: CuriosityStrategy
2025-07-01 08:46:44,096 - INFO - 🏆 Episode 42: GOAL REACHED | Reward: 935.0 | Steps: 115
2025-07-01 08:46:44,097 - INFO - Episode 43/150 started - Strategy: CuriosityStrategy
2025-07-01 08:46:59,418 - INFO - 🏆 Episode 43: GOAL REACHED | Reward: 2020.5 | Steps: 82
2025-07-01 08:46:59,418 - INFO - Episode 44/150 started - Strategy: CuriosityStrategy
2025-07-01 08:47:12,858 - INFO - 🏆 Episode 44: GOAL REACHED | Reward: 2327.5 | Steps: 72
2025-07-01 08:47:12,858 - INFO - Episode 45/150 started - Strategy: CuriosityStrategy
2025-07-01 08:47:27,577 - INFO - 🏆 Episode 45: GOAL REACHED | Reward: 2233.5 | Steps: 77
2025-07-01 08:47:27,578 - INFO - Episode 46/150 started - Strategy: CuriosityStrategy
2025-07-01 08:47:48,620 - INFO - 🏆 Episode 46: GOAL REACHED | Reward: 1479.5 | Steps: 116
2025-07-01 08:47:48,621 - INFO - Episode 47/150 started - Strategy: CuriosityStrategy
2025-07-01 08:48:06,533 - INFO - 🏆 Episode 47: GOAL REACHED | Reward: 1648.0 | Steps: 97
2025-07-01 08:48:06,533 - INFO - Episode 48/150 started - Strategy: CuriosityStrategy
2025-07-01 08:48:20,036 - INFO - 🏆 Episode 48: GOAL REACHED | Reward: 2322.5 | Steps: 71
2025-07-01 08:48:20,037 - INFO - Episode 49/150 started - Strategy: CuriosityStrategy
2025-07-01 08:48:36,565 - INFO - 🏆 Episode 49: GOAL REACHED | Reward: 1516.5 | Steps: 90
2025-07-01 08:48:36,566 - INFO - Episode 50/150 started - Strategy: CuriosityStrategy
2025-07-01 08:48:47,104 - INFO - 🏆 Episode 50: GOAL REACHED | Reward: 2537.0 | Steps: 53
2025-07-01 08:48:47,113 - INFO - Episodes completed: 50
2025-07-01 08:48:47,114 - INFO - Average reward (last 50): 793.18
2025-07-01 08:48:47,114 - INFO - Average steps (last 50): 118.2
2025-07-01 08:48:47,114 - INFO - Success rate (last 50): 80.0%
2025-07-01 08:48:47,114 - INFO - States explored: 104
2025-07-01 08:48:47,115 - INFO - Total checkpoints reached: 190
2025-07-01 08:48:47,115 - INFO - Unique checkpoints discovered: 4
2025-07-01 08:48:47,115 - INFO - Episodes with checkpoints: 50/50
2025-07-01 08:48:47,115 - INFO - Checkpoint values found: [1, 2, 3, 4]
2025-07-01 08:48:47,115 - INFO - Episode 51/150 started - Strategy: CuriosityStrategy
2025-07-01 08:48:52,887 - INFO - ⚠️ Training interrupted by user
2025-07-01 08:48:52,889 - INFO - ✅ Training completed!
2025-07-01 08:48:52,891 - INFO - === FINAL TRAINING STATISTICS ===
2025-07-01 08:48:52,891 - INFO -   total_episodes: 12080
2025-07-01 08:48:52,891 - INFO -   states_explored: 104
2025-07-01 08:48:52,892 - INFO -   avg_reward: -3032.9922185430464
2025-07-01 08:48:52,892 - INFO -   max_reward: 2601.0
2025-07-01 08:48:52,892 - INFO -   success_rate: 0.049089403973509936
2025-07-01 08:48:52,892 - INFO -   strategy_info: {'base_epsilon': 0.65, 'novelty_bonus': 5.0, 'states_discovered': 104}
2025-07-01 08:48:52,892 - INFO - === FINAL CHECKPOINT ANALYSIS ===
2025-07-01 08:48:52,892 - INFO -   Checkpoint discovery rate: 0.000 unique/episode
2025-07-01 08:48:52,892 - INFO -   Checkpoint frequency: 0.016 checkpoints/episode
2025-07-01 08:48:52,892 - INFO -   Best checkpoint reached: 4
2025-07-01 08:48:52,892 - INFO -   Maze progress: 80.0% (checkpoints discovered)
2025-07-01 08:48:52,893 - INFO - DDS stopped.
