2025-06-25 15:54:13,205 - INFO - Strategy initialized: CuriosityStrategy
2025-06-25 15:54:13,205 - INFO - Strategy info: {'base_epsilon': 0.5, 'novelty_bonus': 5.0, 'states_discovered': 0}
2025-06-25 15:54:13,205 - INFO - CLI mode selected: continue
2025-06-25 15:54:13,205 - INFO - Continuing training for 400 additional episodes.
2025-06-25 15:54:13,205 - INFO - ================================================================================
2025-06-25 15:54:13,205 - INFO - 🚀 STARTING TRAINING SESSION
2025-06-25 15:54:13,205 - INFO - ================================================================================
2025-06-25 15:54:13,205 - INFO - Episodes: 400
2025-06-25 15:54:13,205 - INFO - Strategy: curiosity
2025-06-25 15:54:13,205 - INFO - Min steps per episode: 75
2025-06-25 15:54:13,205 - INFO - Max steps per episode: 150
2025-06-25 15:54:13,205 - INFO - Model path: models/q_agent.pkl
2025-06-25 15:54:13,205 - INFO - ================================================================================
2025-06-25 15:54:13,206 - INFO - 📁 Loaded existing model
2025-06-25 15:54:13,208 - INFO - 🔗 Connected to Godot simulation!
2025-06-25 15:54:13,208 - INFO - Episode 1/400 started - Strategy: CuriosityStrategy
2025-06-25 15:54:50,095 - INFO - 📍 Episode 1: MIN_STEPS + CHECKPOINTS | Reward: -3133.0 | Steps: 200
2025-06-25 15:54:50,095 - INFO - Episode 2/400 started - Strategy: CuriosityStrategy
2025-06-25 15:55:26,069 - INFO - 📍 Episode 2: MIN_STEPS + CHECKPOINTS | Reward: -3360.0 | Steps: 200
2025-06-25 15:55:26,070 - INFO - Episode 3/400 started - Strategy: CuriosityStrategy
2025-06-25 15:56:02,631 - INFO - 📍 Episode 3: MIN_STEPS + CHECKPOINTS | Reward: -3997.0 | Steps: 200
2025-06-25 15:56:02,633 - INFO - Episode 4/400 started - Strategy: CuriosityStrategy
2025-06-25 15:56:38,223 - INFO - 📍 Episode 4: MIN_STEPS + CHECKPOINTS | Reward: -4011.0 | Steps: 200
2025-06-25 15:56:38,225 - INFO - Episode 5/400 started - Strategy: CuriosityStrategy
2025-06-25 15:57:15,541 - INFO - 📍 Episode 5: MIN_STEPS + CHECKPOINTS | Reward: -2605.0 | Steps: 200
2025-06-25 15:57:15,542 - INFO - Episode 6/400 started - Strategy: CuriosityStrategy
2025-06-25 15:57:52,269 - INFO - 📍 Episode 6: MIN_STEPS + CHECKPOINTS | Reward: -2884.0 | Steps: 200
2025-06-25 15:57:52,271 - INFO - Episode 7/400 started - Strategy: CuriosityStrategy
2025-06-25 15:58:29,303 - INFO - 📍 Episode 7: MIN_STEPS + CHECKPOINTS | Reward: -3432.0 | Steps: 200
2025-06-25 15:58:29,304 - INFO - Episode 8/400 started - Strategy: CuriosityStrategy
2025-06-25 15:59:05,384 - INFO - 📍 Episode 8: MIN_STEPS + CHECKPOINTS | Reward: -3573.0 | Steps: 200
2025-06-25 15:59:05,386 - INFO - Episode 9/400 started - Strategy: CuriosityStrategy
2025-06-25 15:59:43,769 - INFO - 📍 Episode 9: MIN_STEPS + CHECKPOINTS | Reward: -3178.0 | Steps: 200
2025-06-25 15:59:43,771 - INFO - Episode 10/400 started - Strategy: CuriosityStrategy
2025-06-25 16:00:23,905 - INFO - 📍 Episode 10: MIN_STEPS + CHECKPOINTS | Reward: -1911.0 | Steps: 200
2025-06-25 16:00:23,910 - INFO - Episodes completed: 10
2025-06-25 16:00:23,911 - INFO - Average reward (last 50): -2831.46
2025-06-25 16:00:23,912 - INFO - Average steps (last 50): 198.5
2025-06-25 16:00:23,912 - INFO - Success rate (last 50): 4.0%
2025-06-25 16:00:23,912 - INFO - Min steps achieved (last 50): 50/50 (100.0%)
2025-06-25 16:00:23,912 - INFO - States explored: 96
2025-06-25 16:00:23,912 - INFO - Total checkpoints reached: 27
2025-06-25 16:00:23,913 - INFO - Unique checkpoints discovered: 4
2025-06-25 16:00:23,913 - INFO - Episodes with checkpoints: 10/10
2025-06-25 16:00:23,913 - INFO - Episodes reaching min_steps: 10/10
2025-06-25 16:00:23,913 - INFO - Checkpoint values found: [1, 2, 3, 4]
2025-06-25 16:00:23,913 - INFO - Episode 11/400 started - Strategy: CuriosityStrategy
2025-06-25 16:01:02,651 - INFO - 📍 Episode 11: MIN_STEPS + CHECKPOINTS | Reward: -2935.0 | Steps: 200
2025-06-25 16:01:02,653 - INFO - Episode 12/400 started - Strategy: CuriosityStrategy
2025-06-25 16:01:41,234 - INFO - 📍 Episode 12: MIN_STEPS + CHECKPOINTS | Reward: -3702.0 | Steps: 200
2025-06-25 16:01:41,236 - INFO - Episode 13/400 started - Strategy: CuriosityStrategy
2025-06-25 16:02:20,638 - INFO - 📍 Episode 13: MIN_STEPS + CHECKPOINTS | Reward: -3127.0 | Steps: 200
2025-06-25 16:02:20,639 - INFO - Episode 14/400 started - Strategy: CuriosityStrategy
2025-06-25 16:02:59,109 - INFO - 📍 Episode 14: MIN_STEPS + CHECKPOINTS | Reward: -3574.0 | Steps: 200
2025-06-25 16:02:59,110 - INFO - Episode 15/400 started - Strategy: CuriosityStrategy
2025-06-25 16:03:38,632 - INFO - 📍 Episode 15: MIN_STEPS + CHECKPOINTS | Reward: -3472.0 | Steps: 200
2025-06-25 16:03:38,634 - INFO - Episode 16/400 started - Strategy: CuriosityStrategy
2025-06-25 16:04:17,719 - INFO - 📍 Episode 16: MIN_STEPS + CHECKPOINTS | Reward: -3531.0 | Steps: 200
2025-06-25 16:04:17,720 - INFO - Episode 17/400 started - Strategy: CuriosityStrategy
2025-06-25 16:04:56,352 - INFO - 📍 Episode 17: MIN_STEPS + CHECKPOINTS | Reward: -3843.0 | Steps: 200
2025-06-25 16:04:56,353 - INFO - Episode 18/400 started - Strategy: CuriosityStrategy
2025-06-25 16:05:35,134 - INFO - 📍 Episode 18: MIN_STEPS + CHECKPOINTS | Reward: -3540.0 | Steps: 200
2025-06-25 16:05:35,135 - INFO - Episode 19/400 started - Strategy: CuriosityStrategy
2025-06-25 16:06:14,338 - INFO - 📍 Episode 19: MIN_STEPS + CHECKPOINTS | Reward: -3654.0 | Steps: 200
2025-06-25 16:06:14,339 - INFO - Episode 20/400 started - Strategy: CuriosityStrategy
2025-06-25 16:06:53,363 - INFO - 📍 Episode 20: MIN_STEPS + CHECKPOINTS | Reward: -3052.0 | Steps: 200
2025-06-25 16:06:53,366 - INFO - Episodes completed: 20
2025-06-25 16:06:53,367 - INFO - Average reward (last 50): -2949.82
2025-06-25 16:06:53,367 - INFO - Average steps (last 50): 199.0
2025-06-25 16:06:53,367 - INFO - Success rate (last 50): 2.0%
2025-06-25 16:06:53,367 - INFO - Min steps achieved (last 50): 50/50 (100.0%)
2025-06-25 16:06:53,368 - INFO - States explored: 96
2025-06-25 16:06:53,368 - INFO - Total checkpoints reached: 51
2025-06-25 16:06:53,368 - INFO - Unique checkpoints discovered: 4
2025-06-25 16:06:53,368 - INFO - Episodes with checkpoints: 20/20
2025-06-25 16:06:53,368 - INFO - Episodes reaching min_steps: 20/20
2025-06-25 16:06:53,368 - INFO - Checkpoint values found: [1, 2, 3, 4]
2025-06-25 16:06:53,368 - INFO - Episode 21/400 started - Strategy: CuriosityStrategy
2025-06-25 16:07:32,284 - INFO - 📍 Episode 21: MIN_STEPS + CHECKPOINTS | Reward: -2822.0 | Steps: 200
2025-06-25 16:07:32,284 - INFO - Episode 22/400 started - Strategy: CuriosityStrategy
2025-06-25 16:08:11,399 - INFO - 📍 Episode 22: MIN_STEPS + CHECKPOINTS | Reward: -3387.0 | Steps: 200
2025-06-25 16:08:11,401 - INFO - Episode 23/400 started - Strategy: CuriosityStrategy
2025-06-25 16:08:50,248 - INFO - 📍 Episode 23: MIN_STEPS + CHECKPOINTS | Reward: -3250.0 | Steps: 200
2025-06-25 16:08:50,248 - INFO - Episode 24/400 started - Strategy: CuriosityStrategy
2025-06-25 16:09:29,201 - INFO - 📍 Episode 24: MIN_STEPS + CHECKPOINTS | Reward: -3243.0 | Steps: 200
2025-06-25 16:09:29,201 - INFO - Episode 25/400 started - Strategy: CuriosityStrategy
2025-06-25 16:10:07,559 - INFO - 📍 Episode 25: MIN_STEPS + CHECKPOINTS | Reward: -3160.0 | Steps: 200
2025-06-25 16:10:07,560 - INFO - Episode 26/400 started - Strategy: CuriosityStrategy
2025-06-25 16:10:46,887 - INFO - 📍 Episode 26: MIN_STEPS + CHECKPOINTS | Reward: -2899.0 | Steps: 200
2025-06-25 16:10:46,888 - INFO - Episode 27/400 started - Strategy: CuriosityStrategy
2025-06-25 16:11:25,575 - INFO - 📍 Episode 27: MIN_STEPS + CHECKPOINTS | Reward: -3597.0 | Steps: 200
2025-06-25 16:11:25,577 - INFO - Episode 28/400 started - Strategy: CuriosityStrategy
2025-06-25 16:12:03,890 - INFO - 📍 Episode 28: MIN_STEPS + CHECKPOINTS | Reward: -3232.0 | Steps: 200
2025-06-25 16:12:03,890 - INFO - Episode 29/400 started - Strategy: CuriosityStrategy
2025-06-25 16:12:42,432 - INFO - 📍 Episode 29: MIN_STEPS + CHECKPOINTS | Reward: -3247.0 | Steps: 200
2025-06-25 16:12:42,433 - INFO - Episode 30/400 started - Strategy: CuriosityStrategy
2025-06-25 16:13:21,156 - INFO - 📍 Episode 30: MIN_STEPS + CHECKPOINTS | Reward: -3379.0 | Steps: 200
2025-06-25 16:13:21,161 - INFO - Episodes completed: 30
2025-06-25 16:13:21,161 - INFO - Average reward (last 50): -3037.84
2025-06-25 16:13:21,162 - INFO - Average steps (last 50): 199.0
2025-06-25 16:13:21,162 - INFO - Success rate (last 50): 2.0%
2025-06-25 16:13:21,162 - INFO - Min steps achieved (last 50): 50/50 (100.0%)
2025-06-25 16:13:21,162 - INFO - States explored: 96
2025-06-25 16:13:21,162 - INFO - Total checkpoints reached: 77
2025-06-25 16:13:21,162 - INFO - Unique checkpoints discovered: 4
2025-06-25 16:13:21,162 - INFO - Episodes with checkpoints: 30/30
2025-06-25 16:13:21,162 - INFO - Episodes reaching min_steps: 30/30
2025-06-25 16:13:21,163 - INFO - Checkpoint values found: [1, 2, 3, 4]
2025-06-25 16:13:21,163 - INFO - Episode 31/400 started - Strategy: CuriosityStrategy
2025-06-25 16:14:00,585 - INFO - 📍 Episode 31: MIN_STEPS + CHECKPOINTS | Reward: -3741.0 | Steps: 200
2025-06-25 16:14:00,587 - INFO - Episode 32/400 started - Strategy: CuriosityStrategy
2025-06-25 16:14:38,154 - INFO - 📍 Episode 32: MIN_STEPS + CHECKPOINTS | Reward: -3435.0 | Steps: 200
2025-06-25 16:14:38,154 - INFO - Episode 33/400 started - Strategy: CuriosityStrategy
2025-06-25 16:15:16,859 - INFO - 📍 Episode 33: MIN_STEPS + CHECKPOINTS | Reward: -3957.0 | Steps: 200
2025-06-25 16:15:16,860 - INFO - Episode 34/400 started - Strategy: CuriosityStrategy
2025-06-25 16:15:54,715 - INFO - 📍 Episode 34: MIN_STEPS + CHECKPOINTS | Reward: -3576.0 | Steps: 200
2025-06-25 16:15:54,716 - INFO - Episode 35/400 started - Strategy: CuriosityStrategy
2025-06-25 16:16:32,997 - INFO - 📍 Episode 35: MIN_STEPS + CHECKPOINTS | Reward: -3765.0 | Steps: 200
2025-06-25 16:16:32,998 - INFO - Episode 36/400 started - Strategy: CuriosityStrategy
2025-06-25 16:17:12,016 - INFO - 📍 Episode 36: MIN_STEPS + CHECKPOINTS | Reward: -2857.0 | Steps: 200
2025-06-25 16:17:12,016 - INFO - Episode 37/400 started - Strategy: CuriosityStrategy
2025-06-25 16:17:50,829 - INFO - 📍 Episode 37: MIN_STEPS + CHECKPOINTS | Reward: -4002.0 | Steps: 200
2025-06-25 16:17:50,829 - INFO - Episode 38/400 started - Strategy: CuriosityStrategy
2025-06-25 16:18:30,331 - INFO - 📍 Episode 38: MIN_STEPS + CHECKPOINTS | Reward: -3735.0 | Steps: 200
2025-06-25 16:18:30,332 - INFO - Episode 39/400 started - Strategy: CuriosityStrategy
2025-06-25 16:19:08,235 - INFO - 📍 Episode 39: MIN_STEPS + CHECKPOINTS | Reward: -3963.0 | Steps: 200
2025-06-25 16:19:08,235 - INFO - Episode 40/400 started - Strategy: CuriosityStrategy
2025-06-25 16:19:47,175 - INFO - 📍 Episode 40: MIN_STEPS + CHECKPOINTS | Reward: -2740.0 | Steps: 200
2025-06-25 16:19:47,179 - INFO - Episodes completed: 40
2025-06-25 16:19:47,179 - INFO - Average reward (last 50): -3257.44
2025-06-25 16:19:47,180 - INFO - Average steps (last 50): 200.0
2025-06-25 16:19:47,180 - INFO - Success rate (last 50): 0.0%
2025-06-25 16:19:47,180 - INFO - Min steps achieved (last 50): 50/50 (100.0%)
2025-06-25 16:19:47,180 - INFO - States explored: 96
2025-06-25 16:19:47,180 - INFO - Total checkpoints reached: 99
2025-06-25 16:19:47,180 - INFO - Unique checkpoints discovered: 4
2025-06-25 16:19:47,180 - INFO - Episodes with checkpoints: 40/40
2025-06-25 16:19:47,181 - INFO - Episodes reaching min_steps: 40/40
2025-06-25 16:19:47,181 - INFO - Checkpoint values found: [1, 2, 3, 4]
2025-06-25 16:19:47,181 - INFO - Episode 41/400 started - Strategy: CuriosityStrategy
2025-06-25 16:20:25,703 - INFO - 📍 Episode 41: MIN_STEPS + CHECKPOINTS | Reward: -3792.0 | Steps: 200
2025-06-25 16:20:25,705 - INFO - Episode 42/400 started - Strategy: CuriosityStrategy
2025-06-25 16:21:04,205 - INFO - 📍 Episode 42: MIN_STEPS + CHECKPOINTS | Reward: -3649.0 | Steps: 200
2025-06-25 16:21:04,205 - INFO - Episode 43/400 started - Strategy: CuriosityStrategy
2025-06-25 16:21:42,711 - INFO - 📍 Episode 43: MIN_STEPS + CHECKPOINTS | Reward: -3612.0 | Steps: 200
2025-06-25 16:21:42,712 - INFO - Episode 44/400 started - Strategy: CuriosityStrategy
2025-06-25 16:22:21,252 - INFO - 📍 Episode 44: MIN_STEPS + CHECKPOINTS | Reward: -3397.0 | Steps: 200
2025-06-25 16:22:21,252 - INFO - Episode 45/400 started - Strategy: CuriosityStrategy
2025-06-25 16:23:00,287 - INFO - 📍 Episode 45: MIN_STEPS + CHECKPOINTS | Reward: -3918.0 | Steps: 200
2025-06-25 16:23:00,287 - INFO - Episode 46/400 started - Strategy: CuriosityStrategy
2025-06-25 16:23:39,384 - INFO - 📍 Episode 46: MIN_STEPS + CHECKPOINTS | Reward: -3049.0 | Steps: 200
2025-06-25 16:23:39,385 - INFO - Episode 47/400 started - Strategy: CuriosityStrategy
2025-06-25 16:24:17,365 - INFO - 📍 Episode 47: MIN_STEPS + CHECKPOINTS | Reward: -3469.0 | Steps: 200
2025-06-25 16:24:17,366 - INFO - Episode 48/400 started - Strategy: CuriosityStrategy
2025-06-25 16:24:56,108 - INFO - 📍 Episode 48: MIN_STEPS + CHECKPOINTS | Reward: -2743.0 | Steps: 200
2025-06-25 16:24:56,109 - INFO - Episode 49/400 started - Strategy: CuriosityStrategy
2025-06-25 16:25:34,964 - INFO - 📍 Episode 49: MIN_STEPS + CHECKPOINTS | Reward: -3978.0 | Steps: 200
2025-06-25 16:25:34,965 - INFO - Episode 50/400 started - Strategy: CuriosityStrategy
2025-06-25 16:26:14,349 - INFO - 📍 Episode 50: MIN_STEPS + CHECKPOINTS | Reward: -3933.0 | Steps: 200
2025-06-25 16:26:14,353 - INFO - Episodes completed: 50
2025-06-25 16:26:14,353 - INFO - Average reward (last 50): -3400.82
2025-06-25 16:26:14,353 - INFO - Average steps (last 50): 200.0
2025-06-25 16:26:14,354 - INFO - Success rate (last 50): 0.0%
2025-06-25 16:26:14,354 - INFO - Min steps achieved (last 50): 50/50 (100.0%)
2025-06-25 16:26:14,354 - INFO - States explored: 96
2025-06-25 16:26:14,354 - INFO - Total checkpoints reached: 123
2025-06-25 16:26:14,354 - INFO - Unique checkpoints discovered: 4
2025-06-25 16:26:14,354 - INFO - Episodes with checkpoints: 50/50
2025-06-25 16:26:14,354 - INFO - Episodes reaching min_steps: 50/50
2025-06-25 16:26:14,354 - INFO - Checkpoint values found: [1, 2, 3, 4]
2025-06-25 16:26:14,354 - INFO - Episode 51/400 started - Strategy: CuriosityStrategy
2025-06-25 16:26:52,591 - INFO - 📍 Episode 51: MIN_STEPS + CHECKPOINTS | Reward: -3736.0 | Steps: 200
2025-06-25 16:26:52,592 - INFO - Episode 52/400 started - Strategy: CuriosityStrategy
2025-06-25 16:27:31,980 - INFO - 📍 Episode 52: MIN_STEPS + CHECKPOINTS | Reward: -3239.0 | Steps: 200
2025-06-25 16:27:31,980 - INFO - Episode 53/400 started - Strategy: CuriosityStrategy
2025-06-25 16:28:10,853 - INFO - 📍 Episode 53: MIN_STEPS + CHECKPOINTS | Reward: -4194.0 | Steps: 200
2025-06-25 16:28:10,855 - INFO - Episode 54/400 started - Strategy: CuriosityStrategy
2025-06-25 16:28:49,726 - INFO - 📍 Episode 54: MIN_STEPS + CHECKPOINTS | Reward: -3433.0 | Steps: 200
2025-06-25 16:28:49,726 - INFO - Episode 55/400 started - Strategy: CuriosityStrategy
2025-06-25 16:29:28,525 - INFO - 📍 Episode 55: MIN_STEPS + CHECKPOINTS | Reward: -2726.0 | Steps: 200
2025-06-25 16:29:28,525 - INFO - Episode 56/400 started - Strategy: CuriosityStrategy
2025-06-25 16:30:07,232 - INFO - 📍 Episode 56: MIN_STEPS + CHECKPOINTS | Reward: -3293.0 | Steps: 200
2025-06-25 16:30:07,232 - INFO - Episode 57/400 started - Strategy: CuriosityStrategy
2025-06-25 16:30:40,309 - INFO - 🏆 Episode 57: GOAL REACHED | Reward: -815.0 | Steps: 176
2025-06-25 16:30:40,309 - INFO - Episode 58/400 started - Strategy: CuriosityStrategy
2025-06-25 16:31:17,059 - INFO - 📍 Episode 58: MIN_STEPS + CHECKPOINTS | Reward: -3370.0 | Steps: 200
2025-06-25 16:31:17,060 - INFO - Episode 59/400 started - Strategy: CuriosityStrategy
2025-06-25 16:31:54,493 - INFO - 📍 Episode 59: MIN_STEPS + CHECKPOINTS | Reward: -3085.0 | Steps: 200
2025-06-25 16:31:54,494 - INFO - Episode 60/400 started - Strategy: CuriosityStrategy
2025-06-25 16:32:31,584 - INFO - 📍 Episode 60: MIN_STEPS + CHECKPOINTS | Reward: -3138.0 | Steps: 200
2025-06-25 16:32:31,587 - INFO - Episodes completed: 60
2025-06-25 16:32:31,588 - INFO - Average reward (last 50): -3379.72
2025-06-25 16:32:31,588 - INFO - Average steps (last 50): 199.5
2025-06-25 16:32:31,588 - INFO - Success rate (last 50): 2.0%
2025-06-25 16:32:31,588 - INFO - Min steps achieved (last 50): 50/50 (100.0%)
2025-06-25 16:32:31,588 - INFO - States explored: 96
2025-06-25 16:32:31,588 - INFO - Total checkpoints reached: 150
2025-06-25 16:32:31,588 - INFO - Unique checkpoints discovered: 4
2025-06-25 16:32:31,589 - INFO - Episodes with checkpoints: 60/60
2025-06-25 16:32:31,589 - INFO - Episodes reaching min_steps: 60/60
2025-06-25 16:32:31,589 - INFO - Checkpoint values found: [1, 2, 3, 4]
2025-06-25 16:32:31,589 - INFO - Episode 61/400 started - Strategy: CuriosityStrategy
2025-06-25 16:33:06,698 - INFO - 📍 Episode 61: MIN_STEPS + CHECKPOINTS | Reward: -3996.0 | Steps: 200
2025-06-25 16:33:06,699 - INFO - Episode 62/400 started - Strategy: CuriosityStrategy
2025-06-25 16:33:43,570 - INFO - 📍 Episode 62: MIN_STEPS + CHECKPOINTS | Reward: -3942.0 | Steps: 200
2025-06-25 16:33:43,572 - INFO - Episode 63/400 started - Strategy: CuriosityStrategy
2025-06-25 16:34:20,758 - INFO - 📍 Episode 63: MIN_STEPS + CHECKPOINTS | Reward: -2343.0 | Steps: 200
2025-06-25 16:34:20,760 - INFO - Episode 64/400 started - Strategy: CuriosityStrategy
2025-06-25 16:34:57,156 - INFO - 📍 Episode 64: MIN_STEPS + CHECKPOINTS | Reward: -3283.0 | Steps: 200
2025-06-25 16:34:57,157 - INFO - Episode 65/400 started - Strategy: CuriosityStrategy
2025-06-25 16:35:35,583 - INFO - 📍 Episode 65: MIN_STEPS + CHECKPOINTS | Reward: -3756.0 | Steps: 200
2025-06-25 16:35:35,584 - INFO - Episode 66/400 started - Strategy: CuriosityStrategy
2025-06-25 16:36:14,575 - INFO - 📍 Episode 66: MIN_STEPS + CHECKPOINTS | Reward: -3037.0 | Steps: 200
2025-06-25 16:36:14,576 - INFO - Episode 67/400 started - Strategy: CuriosityStrategy
2025-06-25 16:36:53,797 - INFO - 📍 Episode 67: MIN_STEPS + CHECKPOINTS | Reward: -3373.0 | Steps: 200
2025-06-25 16:36:53,798 - INFO - Episode 68/400 started - Strategy: CuriosityStrategy
2025-06-25 16:37:32,043 - INFO - 📍 Episode 68: MIN_STEPS + CHECKPOINTS | Reward: -3651.0 | Steps: 200
2025-06-25 16:37:32,045 - INFO - Episode 69/400 started - Strategy: CuriosityStrategy
2025-06-25 16:38:10,592 - INFO - 📍 Episode 69: MIN_STEPS + CHECKPOINTS | Reward: -4045.0 | Steps: 200
2025-06-25 16:38:10,594 - INFO - Episode 70/400 started - Strategy: CuriosityStrategy
2025-06-25 16:38:49,139 - INFO - 📍 Episode 70: MIN_STEPS + CHECKPOINTS | Reward: -3439.0 | Steps: 200
2025-06-25 16:38:49,143 - INFO - Episodes completed: 70
2025-06-25 16:38:49,143 - INFO - Average reward (last 50): -3388.42
2025-06-25 16:38:49,143 - INFO - Average steps (last 50): 199.5
2025-06-25 16:38:49,144 - INFO - Success rate (last 50): 2.0%
2025-06-25 16:38:49,144 - INFO - Min steps achieved (last 50): 50/50 (100.0%)
2025-06-25 16:38:49,144 - INFO - States explored: 96
2025-06-25 16:38:49,144 - INFO - Total checkpoints reached: 176
2025-06-25 16:38:49,144 - INFO - Unique checkpoints discovered: 4
2025-06-25 16:38:49,144 - INFO - Episodes with checkpoints: 70/70
2025-06-25 16:38:49,144 - INFO - Episodes reaching min_steps: 70/70
2025-06-25 16:38:49,144 - INFO - Checkpoint values found: [1, 2, 3, 4]
2025-06-25 16:38:49,144 - INFO - Episode 71/400 started - Strategy: CuriosityStrategy
2025-06-25 16:39:28,363 - INFO - 📍 Episode 71: MIN_STEPS + CHECKPOINTS | Reward: -3331.0 | Steps: 200
2025-06-25 16:39:28,364 - INFO - Episode 72/400 started - Strategy: CuriosityStrategy
2025-06-25 16:40:07,506 - INFO - 📍 Episode 72: MIN_STEPS + CHECKPOINTS | Reward: -4263.0 | Steps: 200
2025-06-25 16:40:07,507 - INFO - Episode 73/400 started - Strategy: CuriosityStrategy
2025-06-25 16:40:46,559 - INFO - 📍 Episode 73: MIN_STEPS + CHECKPOINTS | Reward: -2794.0 | Steps: 200
2025-06-25 16:40:46,561 - INFO - Episode 74/400 started - Strategy: CuriosityStrategy
2025-06-25 16:41:26,143 - INFO - 📍 Episode 74: MIN_STEPS + CHECKPOINTS | Reward: -3073.0 | Steps: 200
2025-06-25 16:41:26,145 - INFO - Episode 75/400 started - Strategy: CuriosityStrategy
2025-06-25 16:42:05,653 - INFO - 📍 Episode 75: MIN_STEPS + CHECKPOINTS | Reward: -2905.0 | Steps: 200
2025-06-25 16:42:05,654 - INFO - Episode 76/400 started - Strategy: CuriosityStrategy
2025-06-25 16:42:44,523 - INFO - 📍 Episode 76: MIN_STEPS + CHECKPOINTS | Reward: -3930.0 | Steps: 200
2025-06-25 16:42:44,524 - INFO - Episode 77/400 started - Strategy: CuriosityStrategy
2025-06-25 16:43:22,820 - INFO - 📍 Episode 77: MIN_STEPS + CHECKPOINTS | Reward: -3964.0 | Steps: 200
2025-06-25 16:43:22,821 - INFO - Episode 78/400 started - Strategy: CuriosityStrategy
2025-06-25 16:44:01,929 - INFO - 📍 Episode 78: MIN_STEPS + CHECKPOINTS | Reward: -2953.0 | Steps: 200
2025-06-25 16:44:01,931 - INFO - Episode 79/400 started - Strategy: CuriosityStrategy
2025-06-25 16:44:41,345 - INFO - 📍 Episode 79: MIN_STEPS + CHECKPOINTS | Reward: -3705.0 | Steps: 200
2025-06-25 16:44:41,345 - INFO - Episode 80/400 started - Strategy: CuriosityStrategy
2025-06-25 16:45:19,853 - INFO - 📍 Episode 80: MIN_STEPS + CHECKPOINTS | Reward: -4227.0 | Steps: 200
2025-06-25 16:45:19,858 - INFO - Episodes completed: 80
2025-06-25 16:45:19,858 - INFO - Average reward (last 50): -3447.00
2025-06-25 16:45:19,858 - INFO - Average steps (last 50): 199.5
2025-06-25 16:45:19,858 - INFO - Success rate (last 50): 2.0%
2025-06-25 16:45:19,858 - INFO - Min steps achieved (last 50): 50/50 (100.0%)
2025-06-25 16:45:19,858 - INFO - States explored: 96
2025-06-25 16:45:19,859 - INFO - Total checkpoints reached: 201
2025-06-25 16:45:19,859 - INFO - Unique checkpoints discovered: 4
2025-06-25 16:45:19,859 - INFO - Episodes with checkpoints: 80/80
2025-06-25 16:45:19,859 - INFO - Episodes reaching min_steps: 80/80
2025-06-25 16:45:19,859 - INFO - Checkpoint values found: [1, 2, 3, 4]
2025-06-25 16:45:19,859 - INFO - Episode 81/400 started - Strategy: CuriosityStrategy
2025-06-25 16:45:59,036 - INFO - 📍 Episode 81: MIN_STEPS + CHECKPOINTS | Reward: -3059.0 | Steps: 200
2025-06-25 16:45:59,036 - INFO - Episode 82/400 started - Strategy: CuriosityStrategy
2025-06-25 16:46:38,259 - INFO - 📍 Episode 82: MIN_STEPS + CHECKPOINTS | Reward: -2974.0 | Steps: 200
2025-06-25 16:46:38,259 - INFO - Episode 83/400 started - Strategy: CuriosityStrategy
2025-06-25 16:47:17,713 - INFO - 📍 Episode 83: MIN_STEPS + CHECKPOINTS | Reward: -2161.0 | Steps: 200
2025-06-25 16:47:17,714 - INFO - Episode 84/400 started - Strategy: CuriosityStrategy
2025-06-25 16:47:56,067 - INFO - 📍 Episode 84: MIN_STEPS + CHECKPOINTS | Reward: -3420.0 | Steps: 200
2025-06-25 16:47:56,067 - INFO - Episode 85/400 started - Strategy: CuriosityStrategy
2025-06-25 16:48:34,836 - INFO - 📍 Episode 85: MIN_STEPS + CHECKPOINTS | Reward: -2626.0 | Steps: 200
2025-06-25 16:48:34,836 - INFO - Episode 86/400 started - Strategy: CuriosityStrategy
2025-06-25 16:49:13,959 - INFO - 📍 Episode 86: MIN_STEPS + CHECKPOINTS | Reward: -2911.0 | Steps: 200
2025-06-25 16:49:13,959 - INFO - Episode 87/400 started - Strategy: CuriosityStrategy
2025-06-25 16:49:53,235 - INFO - 📍 Episode 87: MIN_STEPS + CHECKPOINTS | Reward: -3451.0 | Steps: 200
2025-06-25 16:49:53,235 - INFO - Episode 88/400 started - Strategy: CuriosityStrategy
2025-06-25 16:50:33,161 - INFO - 📍 Episode 88: MIN_STEPS + CHECKPOINTS | Reward: -2648.0 | Steps: 200
2025-06-25 16:50:33,162 - INFO - Episode 89/400 started - Strategy: CuriosityStrategy
2025-06-25 16:51:12,244 - INFO - 📍 Episode 89: MIN_STEPS + CHECKPOINTS | Reward: -3361.0 | Steps: 200
2025-06-25 16:51:12,245 - INFO - Episode 90/400 started - Strategy: CuriosityStrategy
2025-06-25 16:51:51,157 - INFO - 📍 Episode 90: MIN_STEPS + CHECKPOINTS | Reward: -3978.0 | Steps: 200
2025-06-25 16:51:51,160 - INFO - Episodes completed: 90
2025-06-25 16:51:51,160 - INFO - Average reward (last 50): -3343.36
2025-06-25 16:51:51,160 - INFO - Average steps (last 50): 199.5
2025-06-25 16:51:51,160 - INFO - Success rate (last 50): 2.0%
2025-06-25 16:51:51,161 - INFO - Min steps achieved (last 50): 50/50 (100.0%)
2025-06-25 16:51:51,161 - INFO - States explored: 96
2025-06-25 16:51:51,161 - INFO - Total checkpoints reached: 230
2025-06-25 16:51:51,161 - INFO - Unique checkpoints discovered: 4
2025-06-25 16:51:51,161 - INFO - Episodes with checkpoints: 90/90
2025-06-25 16:51:51,161 - INFO - Episodes reaching min_steps: 90/90
2025-06-25 16:51:51,161 - INFO - Checkpoint values found: [1, 2, 3, 4]
2025-06-25 16:51:51,161 - INFO - Episode 91/400 started - Strategy: CuriosityStrategy
2025-06-25 16:52:30,344 - INFO - 📍 Episode 91: MIN_STEPS + CHECKPOINTS | Reward: -3409.0 | Steps: 200
2025-06-25 16:52:30,345 - INFO - Episode 92/400 started - Strategy: CuriosityStrategy
2025-06-25 16:53:10,177 - INFO - 📍 Episode 92: MIN_STEPS + CHECKPOINTS | Reward: -3106.0 | Steps: 200
2025-06-25 16:53:10,178 - INFO - Episode 93/400 started - Strategy: CuriosityStrategy
2025-06-25 16:53:48,208 - INFO - 📍 Episode 93: MIN_STEPS + CHECKPOINTS | Reward: -3492.0 | Steps: 200
2025-06-25 16:53:48,208 - INFO - Episode 94/400 started - Strategy: CuriosityStrategy
2025-06-25 16:54:27,770 - INFO - 📍 Episode 94: MIN_STEPS + CHECKPOINTS | Reward: -3037.0 | Steps: 200
2025-06-25 16:54:27,770 - INFO - Episode 95/400 started - Strategy: CuriosityStrategy
2025-06-25 16:55:06,157 - INFO - 📍 Episode 95: MIN_STEPS + CHECKPOINTS | Reward: -3190.0 | Steps: 200
2025-06-25 16:55:06,158 - INFO - Episode 96/400 started - Strategy: CuriosityStrategy
2025-06-25 16:55:45,254 - INFO - 📍 Episode 96: MIN_STEPS + CHECKPOINTS | Reward: -3130.0 | Steps: 200
2025-06-25 16:55:45,255 - INFO - Episode 97/400 started - Strategy: CuriosityStrategy
2025-06-25 16:56:24,849 - INFO - 📍 Episode 97: MIN_STEPS + CHECKPOINTS | Reward: -2245.0 | Steps: 200
2025-06-25 16:56:24,850 - INFO - Episode 98/400 started - Strategy: CuriosityStrategy
2025-06-25 16:57:04,507 - INFO - 📍 Episode 98: MIN_STEPS + CHECKPOINTS | Reward: -2224.0 | Steps: 200
2025-06-25 16:57:04,508 - INFO - Episode 99/400 started - Strategy: CuriosityStrategy
2025-06-25 16:57:44,018 - INFO - 📍 Episode 99: MIN_STEPS + CHECKPOINTS | Reward: -3238.0 | Steps: 200
2025-06-25 16:57:44,018 - INFO - Episode 100/400 started - Strategy: CuriosityStrategy
2025-06-25 16:58:22,519 - INFO - 📍 Episode 100: MIN_STEPS + CHECKPOINTS | Reward: -4047.0 | Steps: 200
2025-06-25 16:58:22,522 - INFO - Episodes completed: 100
2025-06-25 16:58:22,522 - INFO - Average reward (last 50): -3254.92
2025-06-25 16:58:22,523 - INFO - Average steps (last 50): 199.5
2025-06-25 16:58:22,523 - INFO - Success rate (last 50): 2.0%
2025-06-25 16:58:22,523 - INFO - Min steps achieved (last 50): 50/50 (100.0%)
2025-06-25 16:58:22,523 - INFO - States explored: 96
2025-06-25 16:58:22,523 - INFO - Total checkpoints reached: 260
2025-06-25 16:58:22,523 - INFO - Unique checkpoints discovered: 4
2025-06-25 16:58:22,523 - INFO - Episodes with checkpoints: 100/100
2025-06-25 16:58:22,523 - INFO - Episodes reaching min_steps: 100/100
2025-06-25 16:58:22,523 - INFO - Checkpoint values found: [1, 2, 3, 4]
2025-06-25 16:58:22,524 - INFO - Episode 101/400 started - Strategy: CuriosityStrategy
2025-06-25 16:59:00,472 - INFO - 📍 Episode 101: MIN_STEPS + CHECKPOINTS | Reward: -3276.0 | Steps: 200
2025-06-25 16:59:00,472 - INFO - Episode 102/400 started - Strategy: CuriosityStrategy
2025-06-25 16:59:38,390 - INFO - 📍 Episode 102: MIN_STEPS + CHECKPOINTS | Reward: -3369.0 | Steps: 200
2025-06-25 16:59:38,390 - INFO - Episode 103/400 started - Strategy: CuriosityStrategy
2025-06-25 17:00:16,038 - INFO - 📍 Episode 103: MIN_STEPS + CHECKPOINTS | Reward: -3489.0 | Steps: 200
2025-06-25 17:00:16,039 - INFO - Episode 104/400 started - Strategy: CuriosityStrategy
2025-06-25 17:00:54,129 - INFO - 📍 Episode 104: MIN_STEPS + CHECKPOINTS | Reward: -3801.0 | Steps: 200
2025-06-25 17:00:54,130 - INFO - Episode 105/400 started - Strategy: CuriosityStrategy
2025-06-25 17:01:32,544 - INFO - 📍 Episode 105: MIN_STEPS + CHECKPOINTS | Reward: -3597.0 | Steps: 200
2025-06-25 17:01:32,544 - INFO - Episode 106/400 started - Strategy: CuriosityStrategy
2025-06-25 17:02:10,619 - INFO - 📍 Episode 106: MIN_STEPS + CHECKPOINTS | Reward: -4230.0 | Steps: 200
2025-06-25 17:02:10,620 - INFO - Episode 107/400 started - Strategy: CuriosityStrategy
2025-06-25 17:02:48,741 - INFO - 📍 Episode 107: MIN_STEPS + CHECKPOINTS | Reward: -3729.0 | Steps: 200
2025-06-25 17:02:48,741 - INFO - Episode 108/400 started - Strategy: CuriosityStrategy
2025-06-25 17:03:28,247 - INFO - 📍 Episode 108: MIN_STEPS + CHECKPOINTS | Reward: -4050.0 | Steps: 200
2025-06-25 17:03:28,247 - INFO - Episode 109/400 started - Strategy: CuriosityStrategy
2025-06-25 17:04:06,015 - INFO - 📍 Episode 109: MIN_STEPS + CHECKPOINTS | Reward: -3912.0 | Steps: 200
2025-06-25 17:04:06,015 - INFO - Episode 110/400 started - Strategy: CuriosityStrategy
2025-06-25 17:04:45,118 - INFO - 📍 Episode 110: MIN_STEPS + CHECKPOINTS | Reward: -2340.0 | Steps: 200
2025-06-25 17:04:45,121 - INFO - Episodes completed: 110
2025-06-25 17:04:45,122 - INFO - Average reward (last 50): -3350.20
2025-06-25 17:04:45,122 - INFO - Average steps (last 50): 200.0
2025-06-25 17:04:45,122 - INFO - Success rate (last 50): 0.0%
2025-06-25 17:04:45,122 - INFO - Min steps achieved (last 50): 50/50 (100.0%)
2025-06-25 17:04:45,122 - INFO - States explored: 96
2025-06-25 17:04:45,122 - INFO - Total checkpoints reached: 282
2025-06-25 17:04:45,122 - INFO - Unique checkpoints discovered: 4
2025-06-25 17:04:45,122 - INFO - Episodes with checkpoints: 110/110
2025-06-25 17:04:45,123 - INFO - Episodes reaching min_steps: 110/110
2025-06-25 17:04:45,123 - INFO - Checkpoint values found: [1, 2, 3, 4]
2025-06-25 17:04:45,123 - INFO - Episode 111/400 started - Strategy: CuriosityStrategy
2025-06-25 17:05:23,934 - INFO - 📍 Episode 111: MIN_STEPS + CHECKPOINTS | Reward: -4098.0 | Steps: 200
2025-06-25 17:05:23,934 - INFO - Episode 112/400 started - Strategy: CuriosityStrategy
2025-06-25 17:06:02,438 - INFO - 📍 Episode 112: MIN_STEPS + CHECKPOINTS | Reward: -3813.0 | Steps: 200
2025-06-25 17:06:02,438 - INFO - Episode 113/400 started - Strategy: CuriosityStrategy
2025-06-25 17:06:40,693 - INFO - 📍 Episode 113: MIN_STEPS + CHECKPOINTS | Reward: -3586.0 | Steps: 200
2025-06-25 17:06:40,694 - INFO - Episode 114/400 started - Strategy: CuriosityStrategy
2025-06-25 17:07:19,146 - INFO - 📍 Episode 114: MIN_STEPS + CHECKPOINTS | Reward: -2635.0 | Steps: 200
2025-06-25 17:07:19,147 - INFO - Episode 115/400 started - Strategy: CuriosityStrategy
2025-06-25 17:07:58,068 - INFO - 📍 Episode 115: MIN_STEPS + CHECKPOINTS | Reward: -4061.0 | Steps: 200
2025-06-25 17:07:58,069 - INFO - Episode 116/400 started - Strategy: CuriosityStrategy
2025-06-25 17:08:36,946 - INFO - 📍 Episode 116: MIN_STEPS + CHECKPOINTS | Reward: -2981.0 | Steps: 200
2025-06-25 17:08:36,946 - INFO - Episode 117/400 started - Strategy: CuriosityStrategy
2025-06-25 17:09:16,033 - INFO - 📍 Episode 117: MIN_STEPS + CHECKPOINTS | Reward: -2291.0 | Steps: 200
2025-06-25 17:09:16,034 - INFO - Episode 118/400 started - Strategy: CuriosityStrategy
2025-06-25 17:09:54,744 - INFO - 📍 Episode 118: MIN_STEPS + CHECKPOINTS | Reward: -4116.0 | Steps: 200
2025-06-25 17:09:54,744 - INFO - Episode 119/400 started - Strategy: CuriosityStrategy
2025-06-25 17:10:33,527 - INFO - 📍 Episode 119: MIN_STEPS + CHECKPOINTS | Reward: -2878.0 | Steps: 200
2025-06-25 17:10:33,528 - INFO - Episode 120/400 started - Strategy: CuriosityStrategy
2025-06-25 17:11:12,343 - INFO - 📍 Episode 120: MIN_STEPS + CHECKPOINTS | Reward: -3187.0 | Steps: 200
2025-06-25 17:11:12,347 - INFO - Episodes completed: 120
2025-06-25 17:11:12,348 - INFO - Average reward (last 50): -3325.82
2025-06-25 17:11:12,348 - INFO - Average steps (last 50): 200.0
2025-06-25 17:11:12,348 - INFO - Success rate (last 50): 0.0%
2025-06-25 17:11:12,348 - INFO - Min steps achieved (last 50): 50/50 (100.0%)
2025-06-25 17:11:12,348 - INFO - States explored: 96
2025-06-25 17:11:12,348 - INFO - Total checkpoints reached: 308
2025-06-25 17:11:12,348 - INFO - Unique checkpoints discovered: 4
2025-06-25 17:11:12,348 - INFO - Episodes with checkpoints: 120/120
2025-06-25 17:11:12,348 - INFO - Episodes reaching min_steps: 120/120
2025-06-25 17:11:12,349 - INFO - Checkpoint values found: [1, 2, 3, 4]
2025-06-25 17:11:12,349 - INFO - Episode 121/400 started - Strategy: CuriosityStrategy
2025-06-25 17:11:51,085 - INFO - 📍 Episode 121: MIN_STEPS + CHECKPOINTS | Reward: -2779.0 | Steps: 200
2025-06-25 17:11:51,085 - INFO - Episode 122/400 started - Strategy: CuriosityStrategy
2025-06-25 17:12:29,559 - INFO - 📍 Episode 122: MIN_STEPS + CHECKPOINTS | Reward: -3798.0 | Steps: 200
2025-06-25 17:12:29,560 - INFO - Episode 123/400 started - Strategy: CuriosityStrategy
2025-06-25 17:13:08,588 - INFO - 📍 Episode 123: MIN_STEPS + CHECKPOINTS | Reward: -3843.0 | Steps: 200
2025-06-25 17:13:08,589 - INFO - Episode 124/400 started - Strategy: CuriosityStrategy
2025-06-25 17:13:45,215 - INFO - 📍 Episode 124: MIN_STEPS + CHECKPOINTS | Reward: -3777.0 | Steps: 200
2025-06-25 17:13:45,215 - INFO - Episode 125/400 started - Strategy: CuriosityStrategy
2025-06-25 17:14:21,660 - INFO - 📍 Episode 125: MIN_STEPS + CHECKPOINTS | Reward: -3501.0 | Steps: 200
2025-06-25 17:14:21,660 - INFO - Episode 126/400 started - Strategy: CuriosityStrategy
2025-06-25 17:14:58,544 - INFO - 📍 Episode 126: MIN_STEPS + CHECKPOINTS | Reward: -3843.0 | Steps: 200
2025-06-25 17:14:58,544 - INFO - Episode 127/400 started - Strategy: CuriosityStrategy
2025-06-25 17:15:25,880 - INFO - 🏆 Episode 127: GOAL REACHED | Reward: 710.0 | Steps: 152
2025-06-25 17:15:25,880 - INFO - Episode 128/400 started - Strategy: CuriosityStrategy
2025-06-25 17:16:02,616 - INFO - 📍 Episode 128: MIN_STEPS + CHECKPOINTS | Reward: -3232.0 | Steps: 200
2025-06-25 17:16:02,616 - INFO - Episode 129/400 started - Strategy: CuriosityStrategy
2025-06-25 17:16:39,763 - INFO - 📍 Episode 129: MIN_STEPS + CHECKPOINTS | Reward: -3585.0 | Steps: 200
2025-06-25 17:16:39,764 - INFO - Episode 130/400 started - Strategy: CuriosityStrategy
2025-06-25 17:17:16,705 - INFO - 📍 Episode 130: MIN_STEPS + CHECKPOINTS | Reward: -3127.0 | Steps: 200
2025-06-25 17:17:16,710 - INFO - Episodes completed: 130
2025-06-25 17:17:16,711 - INFO - Average reward (last 50): -3238.42
2025-06-25 17:17:16,711 - INFO - Average steps (last 50): 199.0
2025-06-25 17:17:16,711 - INFO - Success rate (last 50): 2.0%
2025-06-25 17:17:16,711 - INFO - Min steps achieved (last 50): 50/50 (100.0%)
2025-06-25 17:17:16,711 - INFO - States explored: 96
2025-06-25 17:17:16,711 - INFO - Total checkpoints reached: 333
2025-06-25 17:17:16,711 - INFO - Unique checkpoints discovered: 4
2025-06-25 17:17:16,711 - INFO - Episodes with checkpoints: 130/130
2025-06-25 17:17:16,711 - INFO - Episodes reaching min_steps: 130/130
2025-06-25 17:17:16,712 - INFO - Checkpoint values found: [1, 2, 3, 4]
2025-06-25 17:17:16,712 - INFO - Episode 131/400 started - Strategy: CuriosityStrategy
2025-06-25 17:17:54,598 - INFO - 📍 Episode 131: MIN_STEPS + CHECKPOINTS | Reward: -2797.0 | Steps: 200
2025-06-25 17:17:54,598 - INFO - Episode 132/400 started - Strategy: CuriosityStrategy
2025-06-25 17:18:33,054 - INFO - 📍 Episode 132: MIN_STEPS + CHECKPOINTS | Reward: -4173.0 | Steps: 200
2025-06-25 17:18:33,055 - INFO - Episode 133/400 started - Strategy: CuriosityStrategy
2025-06-25 17:19:11,500 - INFO - 📍 Episode 133: MIN_STEPS + CHECKPOINTS | Reward: -4673.0 | Steps: 200
2025-06-25 17:19:11,500 - INFO - Episode 134/400 started - Strategy: CuriosityStrategy
2025-06-25 17:19:50,564 - INFO - 📍 Episode 134: MIN_STEPS + CHECKPOINTS | Reward: -3780.0 | Steps: 200
2025-06-25 17:19:50,565 - INFO - Episode 135/400 started - Strategy: CuriosityStrategy
2025-06-25 17:20:30,055 - INFO - 📍 Episode 135: MIN_STEPS + CHECKPOINTS | Reward: -1977.0 | Steps: 200
2025-06-25 17:20:30,055 - INFO - Episode 136/400 started - Strategy: CuriosityStrategy
2025-06-25 17:21:08,859 - INFO - 📍 Episode 136: MIN_STEPS + CHECKPOINTS | Reward: -3969.0 | Steps: 200
2025-06-25 17:21:08,860 - INFO - Episode 137/400 started - Strategy: CuriosityStrategy
2025-06-25 17:21:47,415 - INFO - 📍 Episode 137: MIN_STEPS + CHECKPOINTS | Reward: -3976.0 | Steps: 200
2025-06-25 17:21:47,416 - INFO - Episode 138/400 started - Strategy: CuriosityStrategy
2025-06-25 17:22:25,317 - INFO - 📍 Episode 138: MIN_STEPS + CHECKPOINTS | Reward: -4026.0 | Steps: 200
2025-06-25 17:22:25,317 - INFO - Episode 139/400 started - Strategy: CuriosityStrategy
2025-06-25 17:23:04,257 - INFO - 📍 Episode 139: MIN_STEPS + CHECKPOINTS | Reward: -2271.0 | Steps: 200
2025-06-25 17:23:04,257 - INFO - Episode 140/400 started - Strategy: CuriosityStrategy
2025-06-25 17:23:42,810 - INFO - 📍 Episode 140: MIN_STEPS + CHECKPOINTS | Reward: -3571.0 | Steps: 200
2025-06-25 17:23:42,817 - INFO - Episodes completed: 140
2025-06-25 17:23:42,817 - INFO - Average reward (last 50): -3330.90
2025-06-25 17:23:42,817 - INFO - Average steps (last 50): 199.0
2025-06-25 17:23:42,817 - INFO - Success rate (last 50): 2.0%
2025-06-25 17:23:42,818 - INFO - Min steps achieved (last 50): 50/50 (100.0%)
2025-06-25 17:23:42,818 - INFO - States explored: 96
2025-06-25 17:23:42,818 - INFO - Total checkpoints reached: 358
2025-06-25 17:23:42,818 - INFO - Unique checkpoints discovered: 4
2025-06-25 17:23:42,818 - INFO - Episodes with checkpoints: 140/140
2025-06-25 17:23:42,818 - INFO - Episodes reaching min_steps: 140/140
2025-06-25 17:23:42,818 - INFO - Checkpoint values found: [1, 2, 3, 4]
2025-06-25 17:23:42,818 - INFO - Episode 141/400 started - Strategy: CuriosityStrategy
2025-06-25 17:24:21,675 - INFO - 📍 Episode 141: MIN_STEPS + CHECKPOINTS | Reward: -3342.0 | Steps: 200
2025-06-25 17:24:21,676 - INFO - Episode 142/400 started - Strategy: CuriosityStrategy
2025-06-25 17:25:00,994 - INFO - 📍 Episode 142: MIN_STEPS + CHECKPOINTS | Reward: -3654.0 | Steps: 200
2025-06-25 17:25:00,994 - INFO - Episode 143/400 started - Strategy: CuriosityStrategy
2025-06-25 17:25:21,004 - INFO - 🏆 Episode 143: GOAL REACHED | Reward: 2221.0 | Steps: 95
2025-06-25 17:25:21,005 - INFO - Episode 144/400 started - Strategy: CuriosityStrategy
2025-06-25 17:25:59,557 - INFO - 📍 Episode 144: MIN_STEPS + CHECKPOINTS | Reward: -2412.0 | Steps: 200
2025-06-25 17:25:59,558 - INFO - Episode 145/400 started - Strategy: CuriosityStrategy
2025-06-25 17:26:38,280 - INFO - 📍 Episode 145: MIN_STEPS + CHECKPOINTS | Reward: -4212.0 | Steps: 200
2025-06-25 17:26:38,281 - INFO - Episode 146/400 started - Strategy: CuriosityStrategy
2025-06-25 17:27:17,152 - INFO - 📍 Episode 146: MIN_STEPS + CHECKPOINTS | Reward: -3675.0 | Steps: 200
2025-06-25 17:27:17,152 - INFO - Episode 147/400 started - Strategy: CuriosityStrategy
2025-06-25 17:27:56,479 - INFO - 📍 Episode 147: MIN_STEPS + CHECKPOINTS | Reward: -2253.0 | Steps: 200
2025-06-25 17:27:56,480 - INFO - Episode 148/400 started - Strategy: CuriosityStrategy
2025-06-25 17:28:34,550 - INFO - 📍 Episode 148: MIN_STEPS + CHECKPOINTS | Reward: -3831.0 | Steps: 200
2025-06-25 17:28:34,550 - INFO - Episode 149/400 started - Strategy: CuriosityStrategy
2025-06-25 17:29:13,177 - INFO - 📍 Episode 149: MIN_STEPS + CHECKPOINTS | Reward: -3708.0 | Steps: 200
2025-06-25 17:29:13,177 - INFO - Episode 150/400 started - Strategy: CuriosityStrategy
2025-06-25 17:29:50,535 - INFO - 📍 Episode 150: MIN_STEPS + CHECKPOINTS | Reward: -3660.0 | Steps: 200
2025-06-25 17:29:50,539 - INFO - Episodes completed: 150
2025-06-25 17:29:50,540 - INFO - Average reward (last 50): -3279.06
2025-06-25 17:29:50,540 - INFO - Average steps (last 50): 196.9
2025-06-25 17:29:50,540 - INFO - Success rate (last 50): 4.0%
2025-06-25 17:29:50,540 - INFO - Min steps achieved (last 50): 50/50 (100.0%)
2025-06-25 17:29:50,540 - INFO - States explored: 96
2025-06-25 17:29:50,541 - INFO - Total checkpoints reached: 384
2025-06-25 17:29:50,541 - INFO - Unique checkpoints discovered: 4
2025-06-25 17:29:50,541 - INFO - Episodes with checkpoints: 150/150
2025-06-25 17:29:50,541 - INFO - Episodes reaching min_steps: 150/150
2025-06-25 17:29:50,541 - INFO - Checkpoint values found: [1, 2, 3, 4]
2025-06-25 17:29:50,541 - INFO - Episode 151/400 started - Strategy: CuriosityStrategy
2025-06-25 17:30:28,776 - INFO - 📍 Episode 151: MIN_STEPS + CHECKPOINTS | Reward: -3570.0 | Steps: 200
2025-06-25 17:30:28,776 - INFO - Episode 152/400 started - Strategy: CuriosityStrategy
2025-06-25 17:31:07,680 - INFO - 📍 Episode 152: MIN_STEPS + CHECKPOINTS | Reward: -3897.0 | Steps: 200
2025-06-25 17:31:07,680 - INFO - Episode 153/400 started - Strategy: CuriosityStrategy
2025-06-25 17:31:46,204 - INFO - 📍 Episode 153: MIN_STEPS + CHECKPOINTS | Reward: -3126.0 | Steps: 200
2025-06-25 17:31:46,205 - INFO - Episode 154/400 started - Strategy: CuriosityStrategy
2025-06-25 17:32:25,775 - INFO - 📍 Episode 154: MIN_STEPS + CHECKPOINTS | Reward: -2391.0 | Steps: 200
2025-06-25 17:32:25,776 - INFO - Episode 155/400 started - Strategy: CuriosityStrategy
2025-06-25 17:33:04,729 - INFO - 📍 Episode 155: MIN_STEPS + CHECKPOINTS | Reward: -3579.0 | Steps: 200
2025-06-25 17:33:04,729 - INFO - Episode 156/400 started - Strategy: CuriosityStrategy
2025-06-25 17:33:43,589 - INFO - 📍 Episode 156: MIN_STEPS + CHECKPOINTS | Reward: -2914.0 | Steps: 200
2025-06-25 17:33:43,589 - INFO - Episode 157/400 started - Strategy: CuriosityStrategy
2025-06-25 17:34:21,545 - INFO - 📍 Episode 157: MIN_STEPS + CHECKPOINTS | Reward: -3519.0 | Steps: 200
2025-06-25 17:34:21,545 - INFO - Episode 158/400 started - Strategy: CuriosityStrategy
2025-06-25 17:35:01,449 - INFO - 📍 Episode 158: MIN_STEPS + CHECKPOINTS | Reward: -2029.0 | Steps: 200
2025-06-25 17:35:01,450 - INFO - Episode 159/400 started - Strategy: CuriosityStrategy
2025-06-25 17:35:40,944 - INFO - 📍 Episode 159: MIN_STEPS + CHECKPOINTS | Reward: -3199.0 | Steps: 200
2025-06-25 17:35:40,945 - INFO - Episode 160/400 started - Strategy: CuriosityStrategy
2025-06-25 17:36:20,027 - INFO - 📍 Episode 160: MIN_STEPS + CHECKPOINTS | Reward: -3921.0 | Steps: 200
2025-06-25 17:36:20,032 - INFO - Episodes completed: 160
2025-06-25 17:36:20,033 - INFO - Average reward (last 50): -3206.10
2025-06-25 17:36:20,033 - INFO - Average steps (last 50): 196.9
2025-06-25 17:36:20,033 - INFO - Success rate (last 50): 4.0%
2025-06-25 17:36:20,033 - INFO - Min steps achieved (last 50): 50/50 (100.0%)
2025-06-25 17:36:20,033 - INFO - States explored: 96
2025-06-25 17:36:20,034 - INFO - Total checkpoints reached: 410
2025-06-25 17:36:20,034 - INFO - Unique checkpoints discovered: 4
2025-06-25 17:36:20,034 - INFO - Episodes with checkpoints: 160/160
2025-06-25 17:36:20,034 - INFO - Episodes reaching min_steps: 160/160
2025-06-25 17:36:20,034 - INFO - Checkpoint values found: [1, 2, 3, 4]
2025-06-25 17:36:20,034 - INFO - Episode 161/400 started - Strategy: CuriosityStrategy
2025-06-25 17:36:57,277 - INFO - 📍 Episode 161: MIN_STEPS + CHECKPOINTS | Reward: -4706.0 | Steps: 200
2025-06-25 17:36:57,278 - INFO - Episode 162/400 started - Strategy: CuriosityStrategy
2025-06-25 17:37:35,542 - INFO - 📍 Episode 162: MIN_STEPS + CHECKPOINTS | Reward: -3999.0 | Steps: 200
2025-06-25 17:37:35,542 - INFO - Episode 163/400 started - Strategy: CuriosityStrategy
2025-06-25 17:38:14,643 - INFO - 📍 Episode 163: MIN_STEPS + CHECKPOINTS | Reward: -2944.0 | Steps: 200
2025-06-25 17:38:14,643 - INFO - Episode 164/400 started - Strategy: CuriosityStrategy
2025-06-25 17:38:53,366 - INFO - 📍 Episode 164: MIN_STEPS + CHECKPOINTS | Reward: -3981.0 | Steps: 200
2025-06-25 17:38:53,366 - INFO - Episode 165/400 started - Strategy: CuriosityStrategy
2025-06-25 17:39:32,904 - INFO - 📍 Episode 165: MIN_STEPS + CHECKPOINTS | Reward: -3807.0 | Steps: 200
2025-06-25 17:39:32,904 - INFO - Episode 166/400 started - Strategy: CuriosityStrategy
2025-06-25 17:40:10,919 - INFO - 📍 Episode 166: MIN_STEPS + CHECKPOINTS | Reward: -3307.0 | Steps: 200
2025-06-25 17:40:10,920 - INFO - Episode 167/400 started - Strategy: CuriosityStrategy
2025-06-25 17:40:50,053 - INFO - 📍 Episode 167: MIN_STEPS + CHECKPOINTS | Reward: -3196.0 | Steps: 200
2025-06-25 17:40:50,053 - INFO - Episode 168/400 started - Strategy: CuriosityStrategy
2025-06-25 17:41:28,634 - INFO - 📍 Episode 168: MIN_STEPS + CHECKPOINTS | Reward: -3235.0 | Steps: 200
2025-06-25 17:41:28,634 - INFO - Episode 169/400 started - Strategy: CuriosityStrategy
2025-06-25 17:42:08,327 - INFO - 📍 Episode 169: MIN_STEPS + CHECKPOINTS | Reward: -2701.0 | Steps: 200
2025-06-25 17:42:08,327 - INFO - Episode 170/400 started - Strategy: CuriosityStrategy
2025-06-25 17:42:47,473 - INFO - 📍 Episode 170: MIN_STEPS + CHECKPOINTS | Reward: -3880.0 | Steps: 200
2025-06-25 17:42:47,478 - INFO - Episodes completed: 170
2025-06-25 17:42:47,478 - INFO - Average reward (last 50): -3248.30
2025-06-25 17:42:47,478 - INFO - Average steps (last 50): 196.9
2025-06-25 17:42:47,478 - INFO - Success rate (last 50): 4.0%
2025-06-25 17:42:47,479 - INFO - Min steps achieved (last 50): 50/50 (100.0%)
2025-06-25 17:42:47,479 - INFO - States explored: 96
2025-06-25 17:42:47,479 - INFO - Total checkpoints reached: 434
2025-06-25 17:42:47,479 - INFO - Unique checkpoints discovered: 4
2025-06-25 17:42:47,479 - INFO - Episodes with checkpoints: 170/170
2025-06-25 17:42:47,479 - INFO - Episodes reaching min_steps: 170/170
2025-06-25 17:42:47,479 - INFO - Checkpoint values found: [1, 2, 3, 4]
2025-06-25 17:42:47,480 - INFO - Episode 171/400 started - Strategy: CuriosityStrategy
2025-06-25 17:43:25,905 - INFO - 📍 Episode 171: MIN_STEPS + CHECKPOINTS | Reward: -3678.0 | Steps: 200
2025-06-25 17:43:25,906 - INFO - Episode 172/400 started - Strategy: CuriosityStrategy
2025-06-25 17:44:03,787 - INFO - 📍 Episode 172: MIN_STEPS + CHECKPOINTS | Reward: -4134.0 | Steps: 200
2025-06-25 17:44:03,787 - INFO - Episode 173/400 started - Strategy: CuriosityStrategy
2025-06-25 17:44:43,040 - INFO - 📍 Episode 173: MIN_STEPS + CHECKPOINTS | Reward: -3160.0 | Steps: 200
2025-06-25 17:44:43,040 - INFO - Episode 174/400 started - Strategy: CuriosityStrategy
2025-06-25 17:45:21,671 - INFO - 📍 Episode 174: MIN_STEPS + CHECKPOINTS | Reward: -3060.0 | Steps: 200
2025-06-25 17:45:21,671 - INFO - Episode 175/400 started - Strategy: CuriosityStrategy
2025-06-25 17:46:01,136 - INFO - 📍 Episode 175: MIN_STEPS + CHECKPOINTS | Reward: -1998.0 | Steps: 200
2025-06-25 17:46:01,137 - INFO - Episode 176/400 started - Strategy: CuriosityStrategy
2025-06-25 17:46:40,357 - INFO - 📍 Episode 176: MIN_STEPS + CHECKPOINTS | Reward: -3064.0 | Steps: 200
2025-06-25 17:46:40,357 - INFO - Episode 177/400 started - Strategy: CuriosityStrategy
2025-06-25 17:47:19,683 - INFO - 📍 Episode 177: MIN_STEPS + CHECKPOINTS | Reward: -2238.0 | Steps: 200
2025-06-25 17:47:19,684 - INFO - Episode 178/400 started - Strategy: CuriosityStrategy
2025-06-25 17:47:58,928 - INFO - 📍 Episode 178: MIN_STEPS + CHECKPOINTS | Reward: -2890.0 | Steps: 200
2025-06-25 17:47:58,928 - INFO - Episode 179/400 started - Strategy: CuriosityStrategy
2025-06-25 17:48:37,224 - INFO - 📍 Episode 179: MIN_STEPS + CHECKPOINTS | Reward: -3262.0 | Steps: 200
2025-06-25 17:48:37,225 - INFO - Episode 180/400 started - Strategy: CuriosityStrategy
2025-06-25 17:49:16,503 - INFO - 📍 Episode 180: MIN_STEPS + CHECKPOINTS | Reward: -2995.0 | Steps: 200
2025-06-25 17:49:16,507 - INFO - Episodes completed: 180
2025-06-25 17:49:16,507 - INFO - Average reward (last 50): -3242.38
2025-06-25 17:49:16,508 - INFO - Average steps (last 50): 197.9
2025-06-25 17:49:16,508 - INFO - Success rate (last 50): 2.0%
2025-06-25 17:49:16,508 - INFO - Min steps achieved (last 50): 50/50 (100.0%)
2025-06-25 17:49:16,508 - INFO - States explored: 96
2025-06-25 17:49:16,508 - INFO - Total checkpoints reached: 463
2025-06-25 17:49:16,508 - INFO - Unique checkpoints discovered: 4
2025-06-25 17:49:16,508 - INFO - Episodes with checkpoints: 180/180
2025-06-25 17:49:16,508 - INFO - Episodes reaching min_steps: 180/180
2025-06-25 17:49:16,508 - INFO - Checkpoint values found: [1, 2, 3, 4]
2025-06-25 17:49:16,509 - INFO - Episode 181/400 started - Strategy: CuriosityStrategy
2025-06-25 17:49:55,515 - INFO - 📍 Episode 181: MIN_STEPS + CHECKPOINTS | Reward: -2992.0 | Steps: 200
2025-06-25 17:49:55,515 - INFO - Episode 182/400 started - Strategy: CuriosityStrategy
2025-06-25 17:50:34,973 - INFO - 📍 Episode 182: MIN_STEPS + CHECKPOINTS | Reward: -3394.0 | Steps: 200
2025-06-25 17:50:34,973 - INFO - Episode 183/400 started - Strategy: CuriosityStrategy
2025-06-25 17:51:13,429 - INFO - 📍 Episode 183: MIN_STEPS + CHECKPOINTS | Reward: -3903.0 | Steps: 200
2025-06-25 17:51:13,430 - INFO - Episode 184/400 started - Strategy: CuriosityStrategy
2025-06-25 17:51:52,319 - INFO - 📍 Episode 184: MIN_STEPS + CHECKPOINTS | Reward: -4014.0 | Steps: 200
2025-06-25 17:51:52,319 - INFO - Episode 185/400 started - Strategy: CuriosityStrategy
2025-06-25 17:52:31,621 - INFO - 📍 Episode 185: MIN_STEPS + CHECKPOINTS | Reward: -3301.0 | Steps: 200
2025-06-25 17:52:31,621 - INFO - Episode 186/400 started - Strategy: CuriosityStrategy
2025-06-25 17:53:10,909 - INFO - 📍 Episode 186: MIN_STEPS + CHECKPOINTS | Reward: -3843.0 | Steps: 200
2025-06-25 17:53:10,910 - INFO - Episode 187/400 started - Strategy: CuriosityStrategy
2025-06-25 17:53:48,922 - INFO - 📍 Episode 187: MIN_STEPS + CHECKPOINTS | Reward: -3699.0 | Steps: 200
2025-06-25 17:53:48,922 - INFO - Episode 188/400 started - Strategy: CuriosityStrategy
2025-06-25 17:54:28,163 - INFO - 📍 Episode 188: MIN_STEPS + CHECKPOINTS | Reward: -3972.0 | Steps: 200
2025-06-25 17:54:28,163 - INFO - Episode 189/400 started - Strategy: CuriosityStrategy
2025-06-25 17:55:06,470 - INFO - 📍 Episode 189: MIN_STEPS + CHECKPOINTS | Reward: -4008.0 | Steps: 200
2025-06-25 17:55:06,471 - INFO - Episode 190/400 started - Strategy: CuriosityStrategy
2025-06-25 17:55:45,525 - INFO - 📍 Episode 190: MIN_STEPS + CHECKPOINTS | Reward: -3408.0 | Steps: 200
2025-06-25 17:55:45,528 - INFO - Episodes completed: 190
2025-06-25 17:55:45,528 - INFO - Average reward (last 50): -3268.80
2025-06-25 17:55:45,528 - INFO - Average steps (last 50): 197.9
2025-06-25 17:55:45,529 - INFO - Success rate (last 50): 2.0%
2025-06-25 17:55:45,529 - INFO - Min steps achieved (last 50): 50/50 (100.0%)
2025-06-25 17:55:45,529 - INFO - States explored: 96
2025-06-25 17:55:45,529 - INFO - Total checkpoints reached: 486
2025-06-25 17:55:45,529 - INFO - Unique checkpoints discovered: 4
2025-06-25 17:55:45,529 - INFO - Episodes with checkpoints: 190/190
2025-06-25 17:55:45,529 - INFO - Episodes reaching min_steps: 190/190
2025-06-25 17:55:45,529 - INFO - Checkpoint values found: [1, 2, 3, 4]
2025-06-25 17:55:45,529 - INFO - Episode 191/400 started - Strategy: CuriosityStrategy
2025-06-25 17:56:25,140 - INFO - 📍 Episode 191: MIN_STEPS + CHECKPOINTS | Reward: -2292.0 | Steps: 200
2025-06-25 17:56:25,141 - INFO - Episode 192/400 started - Strategy: CuriosityStrategy
2025-06-25 17:56:53,875 - INFO - 🏆 Episode 192: GOAL REACHED | Reward: 1368.0 | Steps: 144
2025-06-25 17:56:53,876 - INFO - Episode 193/400 started - Strategy: CuriosityStrategy
2025-06-25 17:57:32,040 - INFO - 📍 Episode 193: MIN_STEPS + CHECKPOINTS | Reward: -4105.0 | Steps: 200
2025-06-25 17:57:32,041 - INFO - Episode 194/400 started - Strategy: CuriosityStrategy
2025-06-25 17:58:11,717 - INFO - 📍 Episode 194: MIN_STEPS + CHECKPOINTS | Reward: -2932.0 | Steps: 200
2025-06-25 17:58:11,719 - INFO - Episode 195/400 started - Strategy: CuriosityStrategy
2025-06-25 17:58:50,990 - INFO - 📍 Episode 195: MIN_STEPS + CHECKPOINTS | Reward: -3328.0 | Steps: 200
2025-06-25 17:58:50,991 - INFO - Episode 196/400 started - Strategy: CuriosityStrategy
2025-06-25 17:59:28,980 - INFO - 📍 Episode 196: MIN_STEPS + CHECKPOINTS | Reward: -3110.0 | Steps: 200
2025-06-25 17:59:28,981 - INFO - Episode 197/400 started - Strategy: CuriosityStrategy
2025-06-25 18:00:09,067 - INFO - 📍 Episode 197: MIN_STEPS + CHECKPOINTS | Reward: -1867.0 | Steps: 200
2025-06-25 18:00:09,068 - INFO - Episode 198/400 started - Strategy: CuriosityStrategy
2025-06-25 18:00:47,604 - INFO - 📍 Episode 198: MIN_STEPS + CHECKPOINTS | Reward: -4502.0 | Steps: 200
2025-06-25 18:00:47,605 - INFO - Episode 199/400 started - Strategy: CuriosityStrategy
2025-06-25 18:01:25,887 - INFO - 📍 Episode 199: MIN_STEPS + CHECKPOINTS | Reward: -3101.0 | Steps: 200
2025-06-25 18:01:25,888 - INFO - Episode 200/400 started - Strategy: CuriosityStrategy
2025-06-25 18:02:04,991 - INFO - 📍 Episode 200: MIN_STEPS + CHECKPOINTS | Reward: -2020.0 | Steps: 200
2025-06-25 18:02:04,994 - INFO - Episodes completed: 200
2025-06-25 18:02:04,995 - INFO - Average reward (last 50): -3216.06
2025-06-25 18:02:04,995 - INFO - Average steps (last 50): 198.9
2025-06-25 18:02:04,995 - INFO - Success rate (last 50): 2.0%
2025-06-25 18:02:04,996 - INFO - Min steps achieved (last 50): 50/50 (100.0%)
2025-06-25 18:02:04,996 - INFO - States explored: 96
2025-06-25 18:02:04,996 - INFO - Total checkpoints reached: 517
2025-06-25 18:02:04,996 - INFO - Unique checkpoints discovered: 4
2025-06-25 18:02:04,996 - INFO - Episodes with checkpoints: 200/200
2025-06-25 18:02:04,996 - INFO - Episodes reaching min_steps: 200/200
2025-06-25 18:02:04,996 - INFO - Checkpoint values found: [1, 2, 3, 4]
2025-06-25 18:02:04,996 - INFO - Episode 201/400 started - Strategy: CuriosityStrategy
2025-06-25 18:02:44,181 - INFO - 📍 Episode 201: MIN_STEPS + CHECKPOINTS | Reward: -2298.0 | Steps: 200
2025-06-25 18:02:44,182 - INFO - Episode 202/400 started - Strategy: CuriosityStrategy
2025-06-25 18:03:23,492 - INFO - 📍 Episode 202: MIN_STEPS + CHECKPOINTS | Reward: -1954.0 | Steps: 200
2025-06-25 18:03:23,492 - INFO - Episode 203/400 started - Strategy: CuriosityStrategy
2025-06-25 18:04:03,479 - INFO - 📍 Episode 203: MIN_STEPS + CHECKPOINTS | Reward: -2290.0 | Steps: 200
2025-06-25 18:04:03,479 - INFO - Episode 204/400 started - Strategy: CuriosityStrategy
2025-06-25 18:04:42,960 - INFO - 📍 Episode 204: MIN_STEPS + CHECKPOINTS | Reward: -1774.0 | Steps: 200
2025-06-25 18:04:42,961 - INFO - Episode 205/400 started - Strategy: CuriosityStrategy
2025-06-25 18:05:22,209 - INFO - 📍 Episode 205: MIN_STEPS + CHECKPOINTS | Reward: -2265.0 | Steps: 200
2025-06-25 18:05:22,210 - INFO - Episode 206/400 started - Strategy: CuriosityStrategy
2025-06-25 18:06:01,043 - INFO - 📍 Episode 206: MIN_STEPS + CHECKPOINTS | Reward: -2842.0 | Steps: 200
2025-06-25 18:06:01,045 - INFO - Episode 207/400 started - Strategy: CuriosityStrategy
2025-06-25 18:06:40,578 - INFO - 📍 Episode 207: MIN_STEPS + CHECKPOINTS | Reward: -3169.0 | Steps: 200
2025-06-25 18:06:40,579 - INFO - Episode 208/400 started - Strategy: CuriosityStrategy
2025-06-25 18:07:20,597 - INFO - 📍 Episode 208: MIN_STEPS + CHECKPOINTS | Reward: -1657.0 | Steps: 200
2025-06-25 18:07:20,598 - INFO - Episode 209/400 started - Strategy: CuriosityStrategy
2025-06-25 18:08:00,219 - INFO - 📍 Episode 209: MIN_STEPS + CHECKPOINTS | Reward: -1683.0 | Steps: 200
2025-06-25 18:08:00,219 - INFO - Episode 210/400 started - Strategy: CuriosityStrategy
2025-06-25 18:08:39,359 - INFO - 📍 Episode 210: MIN_STEPS + CHECKPOINTS | Reward: -3690.0 | Steps: 200
2025-06-25 18:08:39,363 - INFO - Episodes completed: 210
2025-06-25 18:08:39,363 - INFO - Average reward (last 50): -3045.60
2025-06-25 18:08:39,363 - INFO - Average steps (last 50): 198.9
2025-06-25 18:08:39,363 - INFO - Success rate (last 50): 2.0%
2025-06-25 18:08:39,363 - INFO - Min steps achieved (last 50): 50/50 (100.0%)
2025-06-25 18:08:39,364 - INFO - States explored: 96
2025-06-25 18:08:39,364 - INFO - Total checkpoints reached: 553
2025-06-25 18:08:39,364 - INFO - Unique checkpoints discovered: 4
2025-06-25 18:08:39,364 - INFO - Episodes with checkpoints: 210/210
2025-06-25 18:08:39,364 - INFO - Episodes reaching min_steps: 210/210
2025-06-25 18:08:39,364 - INFO - Checkpoint values found: [1, 2, 3, 4]
2025-06-25 18:08:39,364 - INFO - Episode 211/400 started - Strategy: CuriosityStrategy
2025-06-25 18:09:18,885 - INFO - 📍 Episode 211: MIN_STEPS + CHECKPOINTS | Reward: -1986.0 | Steps: 200
2025-06-25 18:09:18,886 - INFO - Episode 212/400 started - Strategy: CuriosityStrategy
2025-06-25 18:09:58,609 - INFO - 📍 Episode 212: MIN_STEPS + CHECKPOINTS | Reward: -4044.0 | Steps: 200
2025-06-25 18:09:58,609 - INFO - Episode 213/400 started - Strategy: CuriosityStrategy
2025-06-25 18:10:37,520 - INFO - 📍 Episode 213: MIN_STEPS + CHECKPOINTS | Reward: -3879.0 | Steps: 200
2025-06-25 18:10:37,520 - INFO - Episode 214/400 started - Strategy: CuriosityStrategy
2025-06-25 18:11:16,772 - INFO - 📍 Episode 214: MIN_STEPS + CHECKPOINTS | Reward: -2307.0 | Steps: 200
2025-06-25 18:11:16,772 - INFO - Episode 215/400 started - Strategy: CuriosityStrategy
2025-06-25 18:11:55,648 - INFO - 📍 Episode 215: MIN_STEPS + CHECKPOINTS | Reward: -2701.0 | Steps: 200
2025-06-25 18:11:55,649 - INFO - Episode 216/400 started - Strategy: CuriosityStrategy
2025-06-25 18:12:35,396 - INFO - 📍 Episode 216: MIN_STEPS + CHECKPOINTS | Reward: -2998.0 | Steps: 200
2025-06-25 18:12:35,397 - INFO - Episode 217/400 started - Strategy: CuriosityStrategy
2025-06-25 18:13:14,133 - INFO - 📍 Episode 217: MIN_STEPS + CHECKPOINTS | Reward: -3972.0 | Steps: 200
2025-06-25 18:13:14,135 - INFO - Episode 218/400 started - Strategy: CuriosityStrategy
2025-06-25 18:13:52,750 - INFO - 📍 Episode 218: MIN_STEPS + CHECKPOINTS | Reward: -3972.0 | Steps: 200
2025-06-25 18:13:52,750 - INFO - Episode 219/400 started - Strategy: CuriosityStrategy
2025-06-25 18:14:31,725 - INFO - 📍 Episode 219: MIN_STEPS + CHECKPOINTS | Reward: -4011.0 | Steps: 200
2025-06-25 18:14:31,727 - INFO - Episode 220/400 started - Strategy: CuriosityStrategy
2025-06-25 18:15:10,604 - INFO - 📍 Episode 220: MIN_STEPS + CHECKPOINTS | Reward: -3891.0 | Steps: 200
2025-06-25 18:15:10,608 - INFO - Episodes completed: 220
2025-06-25 18:15:10,609 - INFO - Average reward (last 50): -3005.70
2025-06-25 18:15:10,609 - INFO - Average steps (last 50): 198.9
2025-06-25 18:15:10,609 - INFO - Success rate (last 50): 2.0%
2025-06-25 18:15:10,609 - INFO - Min steps achieved (last 50): 50/50 (100.0%)
2025-06-25 18:15:10,609 - INFO - States explored: 96
2025-06-25 18:15:10,610 - INFO - Total checkpoints reached: 579
2025-06-25 18:15:10,610 - INFO - Unique checkpoints discovered: 4
2025-06-25 18:15:10,610 - INFO - Episodes with checkpoints: 220/220
2025-06-25 18:15:10,610 - INFO - Episodes reaching min_steps: 220/220
2025-06-25 18:15:10,610 - INFO - Checkpoint values found: [1, 2, 3, 4]
2025-06-25 18:15:10,610 - INFO - Episode 221/400 started - Strategy: CuriosityStrategy
2025-06-25 18:15:50,378 - INFO - 📍 Episode 221: MIN_STEPS + CHECKPOINTS | Reward: -2422.0 | Steps: 200
2025-06-25 18:15:50,379 - INFO - Episode 222/400 started - Strategy: CuriosityStrategy
2025-06-25 18:16:30,258 - INFO - 📍 Episode 222: MIN_STEPS + CHECKPOINTS | Reward: -2223.0 | Steps: 200
2025-06-25 18:16:30,259 - INFO - Episode 223/400 started - Strategy: CuriosityStrategy
2025-06-25 18:17:10,139 - INFO - 📍 Episode 223: MIN_STEPS + CHECKPOINTS | Reward: -2310.0 | Steps: 200
2025-06-25 18:17:10,141 - INFO - Episode 224/400 started - Strategy: CuriosityStrategy
2025-06-25 18:17:46,201 - INFO - 🏆 Episode 224: GOAL REACHED | Reward: 590.0 | Steps: 183
2025-06-25 18:17:46,201 - INFO - Episode 225/400 started - Strategy: CuriosityStrategy
2025-06-25 18:18:24,521 - INFO - 📍 Episode 225: MIN_STEPS + CHECKPOINTS | Reward: -3451.0 | Steps: 200
2025-06-25 18:18:24,522 - INFO - Episode 226/400 started - Strategy: CuriosityStrategy
2025-06-25 18:19:03,095 - INFO - 📍 Episode 226: MIN_STEPS + CHECKPOINTS | Reward: -2358.0 | Steps: 200
2025-06-25 18:19:03,096 - INFO - Episode 227/400 started - Strategy: CuriosityStrategy
2025-06-25 18:19:42,943 - INFO - 📍 Episode 227: MIN_STEPS + CHECKPOINTS | Reward: -2271.0 | Steps: 200
2025-06-25 18:19:42,944 - INFO - Episode 228/400 started - Strategy: CuriosityStrategy
2025-06-25 18:20:22,091 - INFO - 📍 Episode 228: MIN_STEPS + CHECKPOINTS | Reward: -3615.0 | Steps: 200
2025-06-25 18:20:22,093 - INFO - Episode 229/400 started - Strategy: CuriosityStrategy
2025-06-25 18:21:01,050 - INFO - 📍 Episode 229: MIN_STEPS + CHECKPOINTS | Reward: -2319.0 | Steps: 200
2025-06-25 18:21:01,050 - INFO - Episode 230/400 started - Strategy: CuriosityStrategy
2025-06-25 18:21:40,334 - INFO - 📍 Episode 230: MIN_STEPS + CHECKPOINTS | Reward: -3094.0 | Steps: 200
2025-06-25 18:21:40,337 - INFO - Episodes completed: 230
2025-06-25 18:21:40,338 - INFO - Average reward (last 50): -2865.58
2025-06-25 18:21:40,338 - INFO - Average steps (last 50): 198.5
2025-06-25 18:21:40,338 - INFO - Success rate (last 50): 4.0%
2025-06-25 18:21:40,338 - INFO - Min steps achieved (last 50): 50/50 (100.0%)
2025-06-25 18:21:40,338 - INFO - States explored: 96
2025-06-25 18:21:40,338 - INFO - Total checkpoints reached: 615
2025-06-25 18:21:40,339 - INFO - Unique checkpoints discovered: 4
2025-06-25 18:21:40,339 - INFO - Episodes with checkpoints: 230/230
2025-06-25 18:21:40,339 - INFO - Episodes reaching min_steps: 230/230
2025-06-25 18:21:40,339 - INFO - Checkpoint values found: [1, 2, 3, 4]
2025-06-25 18:21:40,339 - INFO - Episode 231/400 started - Strategy: CuriosityStrategy
2025-06-25 18:22:19,630 - INFO - 📍 Episode 231: MIN_STEPS + CHECKPOINTS | Reward: -3034.0 | Steps: 200
2025-06-25 18:22:19,630 - INFO - Episode 232/400 started - Strategy: CuriosityStrategy
2025-06-25 18:22:59,425 - INFO - 📍 Episode 232: MIN_STEPS + CHECKPOINTS | Reward: -2671.0 | Steps: 200
2025-06-25 18:22:59,425 - INFO - Episode 233/400 started - Strategy: CuriosityStrategy
2025-06-25 18:23:36,955 - INFO - 📍 Episode 233: MIN_STEPS + CHECKPOINTS | Reward: -4523.0 | Steps: 200
2025-06-25 18:23:36,956 - INFO - Episode 234/400 started - Strategy: CuriosityStrategy
2025-06-25 18:24:14,862 - INFO - 📍 Episode 234: MIN_STEPS + CHECKPOINTS | Reward: -3297.0 | Steps: 200
2025-06-25 18:24:14,862 - INFO - Episode 235/400 started - Strategy: CuriosityStrategy
2025-06-25 18:24:54,326 - INFO - 📍 Episode 235: MIN_STEPS + CHECKPOINTS | Reward: -3082.0 | Steps: 200
2025-06-25 18:24:54,327 - INFO - Episode 236/400 started - Strategy: CuriosityStrategy
2025-06-25 18:25:15,588 - INFO - 🏆 Episode 236: GOAL REACHED | Reward: 1996.0 | Steps: 102
2025-06-25 18:25:15,589 - INFO - Episode 237/400 started - Strategy: CuriosityStrategy
2025-06-25 18:25:55,497 - INFO - 📍 Episode 237: MIN_STEPS + CHECKPOINTS | Reward: -2026.0 | Steps: 200
2025-06-25 18:25:55,497 - INFO - Episode 238/400 started - Strategy: CuriosityStrategy
2025-06-25 18:26:34,846 - INFO - 📍 Episode 238: MIN_STEPS + CHECKPOINTS | Reward: -2442.0 | Steps: 200
2025-06-25 18:26:34,847 - INFO - Episode 239/400 started - Strategy: CuriosityStrategy
2025-06-25 18:27:13,870 - INFO - 📍 Episode 239: MIN_STEPS + CHECKPOINTS | Reward: -3071.0 | Steps: 200
2025-06-25 18:27:13,871 - INFO - Episode 240/400 started - Strategy: CuriosityStrategy
2025-06-25 18:27:52,093 - INFO - 📍 Episode 240: MIN_STEPS + CHECKPOINTS | Reward: -3400.0 | Steps: 200
2025-06-25 18:27:52,098 - INFO - Episodes completed: 240
2025-06-25 18:27:52,098 - INFO - Average reward (last 50): -2645.90
2025-06-25 18:27:52,098 - INFO - Average steps (last 50): 196.6
2025-06-25 18:27:52,098 - INFO - Success rate (last 50): 6.0%
2025-06-25 18:27:52,099 - INFO - Min steps achieved (last 50): 50/50 (100.0%)
2025-06-25 18:27:52,099 - INFO - States explored: 96
2025-06-25 18:27:52,099 - INFO - Total checkpoints reached: 645
2025-06-25 18:27:52,099 - INFO - Unique checkpoints discovered: 4
2025-06-25 18:27:52,099 - INFO - Episodes with checkpoints: 240/240
2025-06-25 18:27:52,099 - INFO - Episodes reaching min_steps: 240/240
2025-06-25 18:27:52,099 - INFO - Checkpoint values found: [1, 2, 3, 4]
2025-06-25 18:27:52,100 - INFO - Episode 241/400 started - Strategy: CuriosityStrategy
2025-06-25 18:28:31,830 - INFO - 📍 Episode 241: MIN_STEPS + CHECKPOINTS | Reward: -1818.0 | Steps: 200
2025-06-25 18:28:31,832 - INFO - Episode 242/400 started - Strategy: CuriosityStrategy
2025-06-25 18:29:11,719 - INFO - 📍 Episode 242: MIN_STEPS + CHECKPOINTS | Reward: -1833.0 | Steps: 200
2025-06-25 18:29:11,720 - INFO - Episode 243/400 started - Strategy: CuriosityStrategy
2025-06-25 18:29:51,047 - INFO - 📍 Episode 243: MIN_STEPS + CHECKPOINTS | Reward: -2959.0 | Steps: 200
2025-06-25 18:29:51,047 - INFO - Episode 244/400 started - Strategy: CuriosityStrategy
2025-06-25 18:30:31,142 - INFO - 📍 Episode 244: MIN_STEPS + CHECKPOINTS | Reward: -2166.0 | Steps: 200
2025-06-25 18:30:31,142 - INFO - Episode 245/400 started - Strategy: CuriosityStrategy
2025-06-25 18:31:11,099 - INFO - 📍 Episode 245: MIN_STEPS + CHECKPOINTS | Reward: -2253.0 | Steps: 200
2025-06-25 18:31:11,100 - INFO - Episode 246/400 started - Strategy: CuriosityStrategy
2025-06-25 18:31:49,454 - INFO - 📍 Episode 246: MIN_STEPS + CHECKPOINTS | Reward: -3642.0 | Steps: 200
2025-06-25 18:31:49,454 - INFO - Episode 247/400 started - Strategy: CuriosityStrategy
2025-06-25 18:32:28,760 - INFO - 📍 Episode 247: MIN_STEPS + CHECKPOINTS | Reward: -3247.0 | Steps: 200
2025-06-25 18:32:28,760 - INFO - Episode 248/400 started - Strategy: CuriosityStrategy
2025-06-25 18:33:08,551 - INFO - 📍 Episode 248: MIN_STEPS + CHECKPOINTS | Reward: -1981.0 | Steps: 200
2025-06-25 18:33:08,552 - INFO - Episode 249/400 started - Strategy: CuriosityStrategy
2025-06-25 18:33:47,712 - INFO - 📍 Episode 249: MIN_STEPS + CHECKPOINTS | Reward: -2831.0 | Steps: 200
2025-06-25 18:33:47,712 - INFO - Episode 250/400 started - Strategy: CuriosityStrategy
2025-06-25 18:34:20,859 - INFO - 🏆 Episode 250: GOAL REACHED | Reward: 680.0 | Steps: 165
2025-06-25 18:34:20,863 - INFO - Episodes completed: 250
2025-06-25 18:34:20,863 - INFO - Average reward (last 50): -2569.12
2025-06-25 18:34:20,863 - INFO - Average steps (last 50): 197.0
2025-06-25 18:34:20,863 - INFO - Success rate (last 50): 6.0%
2025-06-25 18:34:20,863 - INFO - Min steps achieved (last 50): 50/50 (100.0%)
2025-06-25 18:34:20,863 - INFO - States explored: 96
2025-06-25 18:34:20,864 - INFO - Total checkpoints reached: 680
2025-06-25 18:34:20,864 - INFO - Unique checkpoints discovered: 4
2025-06-25 18:34:20,864 - INFO - Episodes with checkpoints: 250/250
2025-06-25 18:34:20,864 - INFO - Episodes reaching min_steps: 250/250
2025-06-25 18:34:20,864 - INFO - Checkpoint values found: [1, 2, 3, 4]
2025-06-25 18:34:20,864 - INFO - Episode 251/400 started - Strategy: CuriosityStrategy
2025-06-25 18:34:59,667 - INFO - 📍 Episode 251: MIN_STEPS + CHECKPOINTS | Reward: -2779.0 | Steps: 200
2025-06-25 18:34:59,667 - INFO - Episode 252/400 started - Strategy: CuriosityStrategy
2025-06-25 18:35:38,753 - INFO - 📍 Episode 252: MIN_STEPS + CHECKPOINTS | Reward: -2860.0 | Steps: 200
2025-06-25 18:35:38,753 - INFO - Episode 253/400 started - Strategy: CuriosityStrategy
2025-06-25 18:36:16,880 - INFO - 📍 Episode 253: MIN_STEPS + CHECKPOINTS | Reward: -3762.0 | Steps: 200
2025-06-25 18:36:16,881 - INFO - Episode 254/400 started - Strategy: CuriosityStrategy
2025-06-25 18:36:55,845 - INFO - 📍 Episode 254: MIN_STEPS + CHECKPOINTS | Reward: -2292.0 | Steps: 200
2025-06-25 18:36:55,846 - INFO - Episode 255/400 started - Strategy: CuriosityStrategy
2025-06-25 18:37:35,174 - INFO - 📍 Episode 255: MIN_STEPS + CHECKPOINTS | Reward: -3453.0 | Steps: 200
2025-06-25 18:37:35,174 - INFO - Episode 256/400 started - Strategy: CuriosityStrategy
2025-06-25 18:38:14,001 - INFO - 📍 Episode 256: MIN_STEPS + CHECKPOINTS | Reward: -3307.0 | Steps: 200
2025-06-25 18:38:14,002 - INFO - Episode 257/400 started - Strategy: CuriosityStrategy
2025-06-25 18:38:53,519 - INFO - 📍 Episode 257: MIN_STEPS + CHECKPOINTS | Reward: -2965.0 | Steps: 200
2025-06-25 18:38:53,520 - INFO - Episode 258/400 started - Strategy: CuriosityStrategy
2025-06-25 18:39:32,821 - INFO - 📍 Episode 258: MIN_STEPS + CHECKPOINTS | Reward: -3082.0 | Steps: 200
2025-06-25 18:39:32,822 - INFO - Episode 259/400 started - Strategy: CuriosityStrategy
2025-06-25 18:40:10,862 - INFO - 📍 Episode 259: MIN_STEPS + CHECKPOINTS | Reward: -3771.0 | Steps: 200
2025-06-25 18:40:10,862 - INFO - Episode 260/400 started - Strategy: CuriosityStrategy
2025-06-25 18:40:50,490 - INFO - 📍 Episode 260: MIN_STEPS + CHECKPOINTS | Reward: -2878.0 | Steps: 200
2025-06-25 18:40:50,492 - INFO - Episodes completed: 260
2025-06-25 18:40:50,493 - INFO - Average reward (last 50): -2719.66
2025-06-25 18:40:50,493 - INFO - Average steps (last 50): 197.0
2025-06-25 18:40:50,493 - INFO - Success rate (last 50): 6.0%
2025-06-25 18:40:50,493 - INFO - Min steps achieved (last 50): 50/50 (100.0%)
2025-06-25 18:40:50,493 - INFO - States explored: 96
2025-06-25 18:40:50,493 - INFO - Total checkpoints reached: 708
2025-06-25 18:40:50,493 - INFO - Unique checkpoints discovered: 4
2025-06-25 18:40:50,493 - INFO - Episodes with checkpoints: 260/260
2025-06-25 18:40:50,493 - INFO - Episodes reaching min_steps: 260/260
2025-06-25 18:40:50,493 - INFO - Checkpoint values found: [1, 2, 3, 4]
2025-06-25 18:40:50,493 - INFO - Episode 261/400 started - Strategy: CuriosityStrategy
2025-06-25 18:41:28,780 - INFO - 📍 Episode 261: MIN_STEPS + CHECKPOINTS | Reward: -3212.0 | Steps: 200
2025-06-25 18:41:28,781 - INFO - Episode 262/400 started - Strategy: CuriosityStrategy
2025-06-25 18:42:07,665 - INFO - 📍 Episode 262: MIN_STEPS + CHECKPOINTS | Reward: -3780.0 | Steps: 200
2025-06-25 18:42:07,666 - INFO - Episode 263/400 started - Strategy: CuriosityStrategy
2025-06-25 18:42:46,860 - INFO - 📍 Episode 263: MIN_STEPS + CHECKPOINTS | Reward: -3046.0 | Steps: 200
2025-06-25 18:42:46,861 - INFO - Episode 264/400 started - Strategy: CuriosityStrategy
2025-06-25 18:43:25,936 - INFO - 📍 Episode 264: MIN_STEPS + CHECKPOINTS | Reward: -3247.0 | Steps: 200
2025-06-25 18:43:25,937 - INFO - Episode 265/400 started - Strategy: CuriosityStrategy
2025-06-25 18:44:05,167 - INFO - 📍 Episode 265: MIN_STEPS + CHECKPOINTS | Reward: -3163.0 | Steps: 200
2025-06-25 18:44:05,168 - INFO - Episode 266/400 started - Strategy: CuriosityStrategy
2025-06-25 18:44:43,896 - INFO - 📍 Episode 266: MIN_STEPS + CHECKPOINTS | Reward: -3456.0 | Steps: 200
2025-06-25 18:44:43,896 - INFO - Episode 267/400 started - Strategy: CuriosityStrategy
2025-06-25 18:45:22,625 - INFO - 📍 Episode 267: MIN_STEPS + CHECKPOINTS | Reward: -3852.0 | Steps: 200
2025-06-25 18:45:22,625 - INFO - Episode 268/400 started - Strategy: CuriosityStrategy
2025-06-25 18:46:01,231 - INFO - 📍 Episode 268: MIN_STEPS + CHECKPOINTS | Reward: -3645.0 | Steps: 200
2025-06-25 18:46:01,232 - INFO - Episode 269/400 started - Strategy: CuriosityStrategy
2025-06-25 18:46:40,249 - INFO - 📍 Episode 269: MIN_STEPS + CHECKPOINTS | Reward: -3451.0 | Steps: 200
2025-06-25 18:46:40,249 - INFO - Episode 270/400 started - Strategy: CuriosityStrategy
2025-06-25 18:47:19,295 - INFO - 📍 Episode 270: MIN_STEPS + CHECKPOINTS | Reward: -3376.0 | Steps: 200
2025-06-25 18:47:19,298 - INFO - Episodes completed: 270
2025-06-25 18:47:19,298 - INFO - Average reward (last 50): -2729.00
2025-06-25 18:47:19,298 - INFO - Average steps (last 50): 197.0
2025-06-25 18:47:19,298 - INFO - Success rate (last 50): 6.0%
2025-06-25 18:47:19,298 - INFO - Min steps achieved (last 50): 50/50 (100.0%)
2025-06-25 18:47:19,298 - INFO - States explored: 96
2025-06-25 18:47:19,298 - INFO - Total checkpoints reached: 734
2025-06-25 18:47:19,298 - INFO - Unique checkpoints discovered: 4
2025-06-25 18:47:19,298 - INFO - Episodes with checkpoints: 270/270
2025-06-25 18:47:19,298 - INFO - Episodes reaching min_steps: 270/270
2025-06-25 18:47:19,298 - INFO - Checkpoint values found: [1, 2, 3, 4]
2025-06-25 18:47:19,298 - INFO - Episode 271/400 started - Strategy: CuriosityStrategy
2025-06-25 18:47:56,228 - INFO - 📍 Episode 271: MIN_STEPS + CHECKPOINTS | Reward: -3445.0 | Steps: 200
2025-06-25 18:47:56,230 - INFO - Episode 272/400 started - Strategy: CuriosityStrategy
2025-06-25 18:48:33,333 - INFO - 📍 Episode 272: MIN_STEPS + CHECKPOINTS | Reward: -3118.0 | Steps: 200
2025-06-25 18:48:33,334 - INFO - Episode 273/400 started - Strategy: CuriosityStrategy
2025-06-25 18:49:10,428 - INFO - 📍 Episode 273: MIN_STEPS + CHECKPOINTS | Reward: -2911.0 | Steps: 200
2025-06-25 18:49:10,429 - INFO - Episode 274/400 started - Strategy: CuriosityStrategy
2025-06-25 18:49:46,891 - INFO - 📍 Episode 274: MIN_STEPS + CHECKPOINTS | Reward: -3375.0 | Steps: 200
2025-06-25 18:49:46,892 - INFO - Episode 275/400 started - Strategy: CuriosityStrategy
2025-06-25 18:50:24,113 - INFO - 📍 Episode 275: MIN_STEPS + CHECKPOINTS | Reward: -1969.0 | Steps: 200
2025-06-25 18:50:24,115 - INFO - Episode 276/400 started - Strategy: CuriosityStrategy
2025-06-25 18:51:01,758 - INFO - 📍 Episode 276: MIN_STEPS + CHECKPOINTS | Reward: -1872.0 | Steps: 200
2025-06-25 18:51:01,759 - INFO - Episode 277/400 started - Strategy: CuriosityStrategy
2025-06-25 18:51:39,232 - INFO - 📍 Episode 277: MIN_STEPS + CHECKPOINTS | Reward: -2283.0 | Steps: 200
2025-06-25 18:51:39,233 - INFO - Episode 278/400 started - Strategy: CuriosityStrategy
2025-06-25 18:52:16,549 - INFO - 📍 Episode 278: MIN_STEPS + CHECKPOINTS | Reward: -3094.0 | Steps: 200
2025-06-25 18:52:16,550 - INFO - Episode 279/400 started - Strategy: CuriosityStrategy
2025-06-25 18:52:53,776 - INFO - 📍 Episode 279: MIN_STEPS + CHECKPOINTS | Reward: -2139.0 | Steps: 200
2025-06-25 18:52:53,777 - INFO - Episode 280/400 started - Strategy: CuriosityStrategy
2025-06-25 18:53:30,975 - INFO - 📍 Episode 280: MIN_STEPS + CHECKPOINTS | Reward: -3453.0 | Steps: 200
2025-06-25 18:53:30,985 - INFO - Episodes completed: 280
2025-06-25 18:53:30,986 - INFO - Average reward (last 50): -2812.72
2025-06-25 18:53:30,986 - INFO - Average steps (last 50): 197.3
2025-06-25 18:53:30,986 - INFO - Success rate (last 50): 4.0%
2025-06-25 18:53:30,986 - INFO - Min steps achieved (last 50): 50/50 (100.0%)
2025-06-25 18:53:30,986 - INFO - States explored: 96
2025-06-25 18:53:30,986 - INFO - Total checkpoints reached: 766
2025-06-25 18:53:30,987 - INFO - Unique checkpoints discovered: 4
2025-06-25 18:53:30,987 - INFO - Episodes with checkpoints: 280/280
2025-06-25 18:53:30,987 - INFO - Episodes reaching min_steps: 280/280
2025-06-25 18:53:30,987 - INFO - Checkpoint values found: [1, 2, 3, 4]
2025-06-25 18:53:30,987 - INFO - Episode 281/400 started - Strategy: CuriosityStrategy
2025-06-25 18:54:08,114 - INFO - 📍 Episode 281: MIN_STEPS + CHECKPOINTS | Reward: -2232.0 | Steps: 200
2025-06-25 18:54:08,115 - INFO - Episode 282/400 started - Strategy: CuriosityStrategy
2025-06-25 18:54:44,665 - INFO - 📍 Episode 282: MIN_STEPS + CHECKPOINTS | Reward: -2972.0 | Steps: 200
2025-06-25 18:54:44,666 - INFO - Episode 283/400 started - Strategy: CuriosityStrategy
2025-06-25 18:55:21,894 - INFO - 📍 Episode 283: MIN_STEPS + CHECKPOINTS | Reward: -3771.0 | Steps: 200
2025-06-25 18:55:21,895 - INFO - Episode 284/400 started - Strategy: CuriosityStrategy
2025-06-25 18:55:58,902 - INFO - 📍 Episode 284: MIN_STEPS + CHECKPOINTS | Reward: -3232.0 | Steps: 200
2025-06-25 18:55:58,903 - INFO - Episode 285/400 started - Strategy: CuriosityStrategy
2025-06-25 18:56:37,109 - INFO - 📍 Episode 285: MIN_STEPS + CHECKPOINTS | Reward: -1530.0 | Steps: 200
2025-06-25 18:56:37,111 - INFO - Episode 286/400 started - Strategy: CuriosityStrategy
2025-06-25 18:57:14,069 - INFO - 📍 Episode 286: MIN_STEPS + CHECKPOINTS | Reward: -3154.0 | Steps: 200
2025-06-25 18:57:14,070 - INFO - Episode 287/400 started - Strategy: CuriosityStrategy
2025-06-25 18:57:51,201 - INFO - 📍 Episode 287: MIN_STEPS + CHECKPOINTS | Reward: -3283.0 | Steps: 200
2025-06-25 18:57:51,202 - INFO - Episode 288/400 started - Strategy: CuriosityStrategy
2025-06-25 18:58:27,944 - INFO - 📍 Episode 288: MIN_STEPS + CHECKPOINTS | Reward: -3876.0 | Steps: 200
2025-06-25 18:58:27,946 - INFO - Episode 289/400 started - Strategy: CuriosityStrategy
2025-06-25 18:59:04,718 - INFO - 📍 Episode 289: MIN_STEPS + CHECKPOINTS | Reward: -4044.0 | Steps: 200
2025-06-25 18:59:04,719 - INFO - Episode 290/400 started - Strategy: CuriosityStrategy
2025-06-25 18:59:41,554 - INFO - 📍 Episode 290: MIN_STEPS + CHECKPOINTS | Reward: -3286.0 | Steps: 200
2025-06-25 18:59:41,560 - INFO - Episodes completed: 290
2025-06-25 18:59:41,560 - INFO - Average reward (last 50): -2929.32
2025-06-25 18:59:41,561 - INFO - Average steps (last 50): 199.3
2025-06-25 18:59:41,561 - INFO - Success rate (last 50): 2.0%
2025-06-25 18:59:41,562 - INFO - Min steps achieved (last 50): 50/50 (100.0%)
2025-06-25 18:59:41,562 - INFO - States explored: 96
2025-06-25 18:59:41,562 - INFO - Total checkpoints reached: 795
2025-06-25 18:59:41,562 - INFO - Unique checkpoints discovered: 4
2025-06-25 18:59:41,562 - INFO - Episodes with checkpoints: 290/290
2025-06-25 18:59:41,562 - INFO - Episodes reaching min_steps: 290/290
2025-06-25 18:59:41,562 - INFO - Checkpoint values found: [1, 2, 3, 4]
2025-06-25 18:59:41,562 - INFO - Episode 291/400 started - Strategy: CuriosityStrategy
2025-06-25 19:00:18,649 - INFO - 📍 Episode 291: MIN_STEPS + CHECKPOINTS | Reward: -4017.0 | Steps: 200
2025-06-25 19:00:18,649 - INFO - Episode 292/400 started - Strategy: CuriosityStrategy
2025-06-25 19:00:55,580 - INFO - 📍 Episode 292: MIN_STEPS + CHECKPOINTS | Reward: -2659.0 | Steps: 200
2025-06-25 19:00:55,581 - INFO - Episode 293/400 started - Strategy: CuriosityStrategy
2025-06-25 19:01:32,035 - INFO - 📍 Episode 293: MIN_STEPS + CHECKPOINTS | Reward: -4119.0 | Steps: 200
2025-06-25 19:01:32,036 - INFO - Episode 294/400 started - Strategy: CuriosityStrategy
2025-06-25 19:02:08,668 - INFO - 📍 Episode 294: MIN_STEPS + CHECKPOINTS | Reward: -2710.0 | Steps: 200
2025-06-25 19:02:08,670 - INFO - Episode 295/400 started - Strategy: CuriosityStrategy
2025-06-25 19:02:45,905 - INFO - 📍 Episode 295: MIN_STEPS + CHECKPOINTS | Reward: -2954.0 | Steps: 200
2025-06-25 19:02:45,907 - INFO - Episode 296/400 started - Strategy: CuriosityStrategy
2025-06-25 19:03:22,244 - INFO - 📍 Episode 296: MIN_STEPS + CHECKPOINTS | Reward: -2951.0 | Steps: 200
2025-06-25 19:03:22,245 - INFO - Episode 297/400 started - Strategy: CuriosityStrategy
2025-06-25 19:03:59,134 - INFO - 📍 Episode 297: MIN_STEPS + CHECKPOINTS | Reward: -3492.0 | Steps: 200
2025-06-25 19:03:59,135 - INFO - Episode 298/400 started - Strategy: CuriosityStrategy
2025-06-25 19:04:36,959 - INFO - 📍 Episode 298: MIN_STEPS + CHECKPOINTS | Reward: -2113.0 | Steps: 200
2025-06-25 19:04:36,959 - INFO - Episode 299/400 started - Strategy: CuriosityStrategy
2025-06-25 19:05:13,851 - INFO - 📍 Episode 299: MIN_STEPS + CHECKPOINTS | Reward: -2484.0 | Steps: 200
2025-06-25 19:05:13,853 - INFO - Episode 300/400 started - Strategy: CuriosityStrategy
2025-06-25 19:05:50,973 - INFO - 📍 Episode 300: MIN_STEPS + CHECKPOINTS | Reward: -2505.0 | Steps: 200
2025-06-25 19:05:50,977 - INFO - Episodes completed: 300
2025-06-25 19:05:50,977 - INFO - Average reward (last 50): -3088.40
2025-06-25 19:05:50,977 - INFO - Average steps (last 50): 200.0
2025-06-25 19:05:50,977 - INFO - Success rate (last 50): 0.0%
2025-06-25 19:05:50,977 - INFO - Min steps achieved (last 50): 50/50 (100.0%)
2025-06-25 19:05:50,978 - INFO - States explored: 96
2025-06-25 19:05:50,978 - INFO - Total checkpoints reached: 826
2025-06-25 19:05:50,978 - INFO - Unique checkpoints discovered: 4
2025-06-25 19:05:50,978 - INFO - Episodes with checkpoints: 300/300
2025-06-25 19:05:50,978 - INFO - Episodes reaching min_steps: 300/300
2025-06-25 19:05:50,978 - INFO - Checkpoint values found: [1, 2, 3, 4]
2025-06-25 19:05:50,978 - INFO - Episode 301/400 started - Strategy: CuriosityStrategy
2025-06-25 19:06:28,512 - INFO - 📍 Episode 301: MIN_STEPS + CHECKPOINTS | Reward: -2539.0 | Steps: 200
2025-06-25 19:06:28,513 - INFO - Episode 302/400 started - Strategy: CuriosityStrategy
2025-06-25 19:07:05,862 - INFO - 📍 Episode 302: MIN_STEPS + CHECKPOINTS | Reward: -2593.0 | Steps: 200
2025-06-25 19:07:05,862 - INFO - Episode 303/400 started - Strategy: CuriosityStrategy
2025-06-25 19:07:41,354 - INFO - 🏆 Episode 303: GOAL REACHED | Reward: 83.0 | Steps: 187
2025-06-25 19:07:41,354 - INFO - Episode 304/400 started - Strategy: CuriosityStrategy
2025-06-25 19:08:18,629 - INFO - 📍 Episode 304: MIN_STEPS + CHECKPOINTS | Reward: -2935.0 | Steps: 200
2025-06-25 19:08:18,630 - INFO - Episode 305/400 started - Strategy: CuriosityStrategy
2025-06-25 19:08:56,096 - INFO - 📍 Episode 305: MIN_STEPS + CHECKPOINTS | Reward: -2866.0 | Steps: 200
2025-06-25 19:08:56,096 - INFO - Episode 306/400 started - Strategy: CuriosityStrategy
2025-06-25 19:09:32,865 - INFO - 📍 Episode 306: MIN_STEPS + CHECKPOINTS | Reward: -3262.0 | Steps: 200
2025-06-25 19:09:32,867 - INFO - Episode 307/400 started - Strategy: CuriosityStrategy
2025-06-25 19:10:10,257 - INFO - 📍 Episode 307: MIN_STEPS + CHECKPOINTS | Reward: -2959.0 | Steps: 200
2025-06-25 19:10:10,258 - INFO - Episode 308/400 started - Strategy: CuriosityStrategy
2025-06-25 19:10:47,063 - INFO - 📍 Episode 308: MIN_STEPS + CHECKPOINTS | Reward: -3073.0 | Steps: 200
2025-06-25 19:10:47,064 - INFO - Episode 309/400 started - Strategy: CuriosityStrategy
2025-06-25 19:11:23,948 - INFO - 📍 Episode 309: MIN_STEPS + CHECKPOINTS | Reward: -3121.0 | Steps: 200
2025-06-25 19:11:23,948 - INFO - Episode 310/400 started - Strategy: CuriosityStrategy
2025-06-25 19:11:59,745 - INFO - 📍 Episode 310: MIN_STEPS + CHECKPOINTS | Reward: -4113.0 | Steps: 200
2025-06-25 19:11:59,750 - INFO - Episodes completed: 310
2025-06-25 19:11:59,750 - INFO - Average reward (last 50): -3012.98
2025-06-25 19:11:59,751 - INFO - Average steps (last 50): 199.7
2025-06-25 19:11:59,751 - INFO - Success rate (last 50): 2.0%
2025-06-25 19:11:59,751 - INFO - Min steps achieved (last 50): 50/50 (100.0%)
2025-06-25 19:11:59,751 - INFO - States explored: 96
2025-06-25 19:11:59,751 - INFO - Total checkpoints reached: 856
2025-06-25 19:11:59,751 - INFO - Unique checkpoints discovered: 4
2025-06-25 19:11:59,751 - INFO - Episodes with checkpoints: 310/310
2025-06-25 19:11:59,751 - INFO - Episodes reaching min_steps: 310/310
2025-06-25 19:11:59,752 - INFO - Checkpoint values found: [1, 2, 3, 4]
2025-06-25 19:11:59,752 - INFO - Episode 311/400 started - Strategy: CuriosityStrategy
2025-06-25 19:12:37,139 - INFO - 📍 Episode 311: MIN_STEPS + CHECKPOINTS | Reward: -2379.0 | Steps: 200
2025-06-25 19:12:37,140 - INFO - Episode 312/400 started - Strategy: CuriosityStrategy
2025-06-25 19:13:12,919 - INFO - 📍 Episode 312: MIN_STEPS + CHECKPOINTS | Reward: -4607.0 | Steps: 200
2025-06-25 19:13:12,919 - INFO - Episode 313/400 started - Strategy: CuriosityStrategy
2025-06-25 19:13:49,418 - INFO - 📍 Episode 313: MIN_STEPS + CHECKPOINTS | Reward: -3516.0 | Steps: 200
2025-06-25 19:13:49,419 - INFO - Episode 314/400 started - Strategy: CuriosityStrategy
2025-06-25 19:14:26,132 - INFO - 📍 Episode 314: MIN_STEPS + CHECKPOINTS | Reward: -3277.0 | Steps: 200
2025-06-25 19:14:26,132 - INFO - Episode 315/400 started - Strategy: CuriosityStrategy
2025-06-25 19:15:02,807 - INFO - 📍 Episode 315: MIN_STEPS + CHECKPOINTS | Reward: -3816.0 | Steps: 200
2025-06-25 19:15:02,808 - INFO - Episode 316/400 started - Strategy: CuriosityStrategy
2025-06-25 19:15:39,233 - INFO - 📍 Episode 316: MIN_STEPS + CHECKPOINTS | Reward: -3771.0 | Steps: 200
2025-06-25 19:15:39,233 - INFO - Episode 317/400 started - Strategy: CuriosityStrategy
2025-06-25 19:16:15,359 - INFO - 📍 Episode 317: MIN_STEPS + CHECKPOINTS | Reward: -4176.0 | Steps: 200
2025-06-25 19:16:15,361 - INFO - Episode 318/400 started - Strategy: CuriosityStrategy
2025-06-25 19:16:51,659 - INFO - 📍 Episode 318: MIN_STEPS + CHECKPOINTS | Reward: -3873.0 | Steps: 200
2025-06-25 19:16:51,661 - INFO - Episode 319/400 started - Strategy: CuriosityStrategy
2025-06-25 19:17:28,056 - INFO - 📍 Episode 319: MIN_STEPS + CHECKPOINTS | Reward: -4200.0 | Steps: 200
2025-06-25 19:17:28,057 - INFO - Episode 320/400 started - Strategy: CuriosityStrategy
2025-06-25 19:18:05,623 - INFO - 📍 Episode 320: MIN_STEPS + CHECKPOINTS | Reward: -3717.0 | Steps: 200
2025-06-25 19:18:05,628 - INFO - Episodes completed: 320
2025-06-25 19:18:05,628 - INFO - Average reward (last 50): -3075.06
2025-06-25 19:18:05,628 - INFO - Average steps (last 50): 199.7
2025-06-25 19:18:05,628 - INFO - Success rate (last 50): 2.0%
2025-06-25 19:18:05,628 - INFO - Min steps achieved (last 50): 50/50 (100.0%)
2025-06-25 19:18:05,628 - INFO - States explored: 96
2025-06-25 19:18:05,628 - INFO - Total checkpoints reached: 878
2025-06-25 19:18:05,628 - INFO - Unique checkpoints discovered: 4
2025-06-25 19:18:05,629 - INFO - Episodes with checkpoints: 320/320
2025-06-25 19:18:05,629 - INFO - Episodes reaching min_steps: 320/320
2025-06-25 19:18:05,629 - INFO - Checkpoint values found: [1, 2, 3, 4]
2025-06-25 19:18:05,629 - INFO - Episode 321/400 started - Strategy: CuriosityStrategy
2025-06-25 19:18:42,477 - INFO - 📍 Episode 321: MIN_STEPS + CHECKPOINTS | Reward: -3109.0 | Steps: 200
2025-06-25 19:18:42,477 - INFO - Episode 322/400 started - Strategy: CuriosityStrategy
2025-06-25 19:19:19,779 - INFO - 📍 Episode 322: MIN_STEPS + CHECKPOINTS | Reward: -2065.0 | Steps: 200
2025-06-25 19:19:19,781 - INFO - Episode 323/400 started - Strategy: CuriosityStrategy
2025-06-25 19:19:55,884 - INFO - 📍 Episode 323: MIN_STEPS + CHECKPOINTS | Reward: -3537.0 | Steps: 200
2025-06-25 19:19:55,884 - INFO - Episode 324/400 started - Strategy: CuriosityStrategy
2025-06-25 19:20:33,667 - INFO - 📍 Episode 324: MIN_STEPS + CHECKPOINTS | Reward: -2112.0 | Steps: 200
2025-06-25 19:20:33,670 - INFO - Episode 325/400 started - Strategy: CuriosityStrategy
2025-06-25 19:21:11,240 - INFO - 📍 Episode 325: MIN_STEPS + CHECKPOINTS | Reward: -2377.0 | Steps: 200
2025-06-25 19:21:11,241 - INFO - Episode 326/400 started - Strategy: CuriosityStrategy
2025-06-25 19:21:47,106 - INFO - 📍 Episode 326: MIN_STEPS + CHECKPOINTS | Reward: -3307.0 | Steps: 200
2025-06-25 19:21:47,106 - INFO - Episode 327/400 started - Strategy: CuriosityStrategy
2025-06-25 19:22:23,873 - INFO - 📍 Episode 327: MIN_STEPS + CHECKPOINTS | Reward: -2451.0 | Steps: 200
2025-06-25 19:22:23,873 - INFO - Episode 328/400 started - Strategy: CuriosityStrategy
2025-06-25 19:23:00,627 - INFO - 📍 Episode 328: MIN_STEPS + CHECKPOINTS | Reward: -3633.0 | Steps: 200
2025-06-25 19:23:00,628 - INFO - Episode 329/400 started - Strategy: CuriosityStrategy
2025-06-25 19:23:37,873 - INFO - 📍 Episode 329: MIN_STEPS + CHECKPOINTS | Reward: -2325.0 | Steps: 200
2025-06-25 19:23:37,875 - INFO - Episode 330/400 started - Strategy: CuriosityStrategy
2025-06-25 19:24:15,275 - INFO - 📍 Episode 330: MIN_STEPS + CHECKPOINTS | Reward: -2064.0 | Steps: 200
2025-06-25 19:24:15,281 - INFO - Episodes completed: 330
2025-06-25 19:24:15,281 - INFO - Average reward (last 50): -3061.48
2025-06-25 19:24:15,281 - INFO - Average steps (last 50): 199.7
2025-06-25 19:24:15,282 - INFO - Success rate (last 50): 2.0%
2025-06-25 19:24:15,282 - INFO - Min steps achieved (last 50): 50/50 (100.0%)
2025-06-25 19:24:15,282 - INFO - States explored: 96
2025-06-25 19:24:15,282 - INFO - Total checkpoints reached: 912
2025-06-25 19:24:15,282 - INFO - Unique checkpoints discovered: 4
2025-06-25 19:24:15,282 - INFO - Episodes with checkpoints: 330/330
2025-06-25 19:24:15,282 - INFO - Episodes reaching min_steps: 330/330
2025-06-25 19:24:15,282 - INFO - Checkpoint values found: [1, 2, 3, 4]
2025-06-25 19:24:15,282 - INFO - Episode 331/400 started - Strategy: CuriosityStrategy
2025-06-25 19:24:51,631 - INFO - 📍 Episode 331: MIN_STEPS + CHECKPOINTS | Reward: -3570.0 | Steps: 200
2025-06-25 19:24:51,632 - INFO - Episode 332/400 started - Strategy: CuriosityStrategy
2025-06-25 19:25:28,478 - INFO - 📍 Episode 332: MIN_STEPS + CHECKPOINTS | Reward: -2292.0 | Steps: 200
2025-06-25 19:25:28,479 - INFO - Episode 333/400 started - Strategy: CuriosityStrategy
2025-06-25 19:26:05,077 - INFO - 📍 Episode 333: MIN_STEPS + CHECKPOINTS | Reward: -3768.0 | Steps: 200
2025-06-25 19:26:05,077 - INFO - Episode 334/400 started - Strategy: CuriosityStrategy
2025-06-25 19:26:43,000 - INFO - 📍 Episode 334: MIN_STEPS + CHECKPOINTS | Reward: -2010.0 | Steps: 200
2025-06-25 19:26:43,001 - INFO - Episode 335/400 started - Strategy: CuriosityStrategy
2025-06-25 19:27:19,025 - INFO - 📍 Episode 335: MIN_STEPS + CHECKPOINTS | Reward: -3202.0 | Steps: 200
2025-06-25 19:27:19,026 - INFO - Episode 336/400 started - Strategy: CuriosityStrategy
2025-06-25 19:27:54,815 - INFO - 📍 Episode 336: MIN_STEPS + CHECKPOINTS | Reward: -3714.0 | Steps: 200
2025-06-25 19:27:54,816 - INFO - Episode 337/400 started - Strategy: CuriosityStrategy
2025-06-25 19:28:32,804 - INFO - 📍 Episode 337: MIN_STEPS + CHECKPOINTS | Reward: -1683.0 | Steps: 200
2025-06-25 19:28:32,805 - INFO - Episode 338/400 started - Strategy: CuriosityStrategy
2025-06-25 19:29:09,991 - INFO - 📍 Episode 338: MIN_STEPS + CHECKPOINTS | Reward: -3810.0 | Steps: 200
2025-06-25 19:29:09,992 - INFO - Episode 339/400 started - Strategy: CuriosityStrategy
2025-06-25 19:29:45,462 - INFO - 📍 Episode 339: MIN_STEPS + CHECKPOINTS | Reward: -3045.0 | Steps: 200
2025-06-25 19:29:45,463 - INFO - Episode 340/400 started - Strategy: CuriosityStrategy
2025-06-25 19:30:22,248 - INFO - 📍 Episode 340: MIN_STEPS + CHECKPOINTS | Reward: -3136.0 | Steps: 200
2025-06-25 19:30:22,254 - INFO - Episodes completed: 340
2025-06-25 19:30:22,255 - INFO - Average reward (last 50): -3038.48
2025-06-25 19:30:22,255 - INFO - Average steps (last 50): 199.7
2025-06-25 19:30:22,255 - INFO - Success rate (last 50): 2.0%
2025-06-25 19:30:22,255 - INFO - Min steps achieved (last 50): 50/50 (100.0%)
2025-06-25 19:30:22,255 - INFO - States explored: 96
2025-06-25 19:30:22,255 - INFO - Total checkpoints reached: 940
2025-06-25 19:30:22,256 - INFO - Unique checkpoints discovered: 4
2025-06-25 19:30:22,256 - INFO - Episodes with checkpoints: 340/340
2025-06-25 19:30:22,256 - INFO - Episodes reaching min_steps: 340/340
2025-06-25 19:30:22,256 - INFO - Checkpoint values found: [1, 2, 3, 4]
2025-06-25 19:30:22,256 - INFO - Episode 341/400 started - Strategy: CuriosityStrategy
2025-06-25 19:30:59,315 - INFO - 📍 Episode 341: MIN_STEPS + CHECKPOINTS | Reward: -3222.0 | Steps: 200
2025-06-25 19:30:59,316 - INFO - Episode 342/400 started - Strategy: CuriosityStrategy
2025-06-25 19:31:36,309 - INFO - 📍 Episode 342: MIN_STEPS + CHECKPOINTS | Reward: -2980.0 | Steps: 200
2025-06-25 19:31:36,309 - INFO - Episode 343/400 started - Strategy: CuriosityStrategy
2025-06-25 19:32:14,007 - INFO - 📍 Episode 343: MIN_STEPS + CHECKPOINTS | Reward: -2250.0 | Steps: 200
2025-06-25 19:32:14,008 - INFO - Episode 344/400 started - Strategy: CuriosityStrategy
2025-06-25 19:32:50,402 - INFO - 📍 Episode 344: MIN_STEPS + CHECKPOINTS | Reward: -3663.0 | Steps: 200
2025-06-25 19:32:50,402 - INFO - Episode 345/400 started - Strategy: CuriosityStrategy
2025-06-25 19:33:27,114 - INFO - 📍 Episode 345: MIN_STEPS + CHECKPOINTS | Reward: -3298.0 | Steps: 200
2025-06-25 19:33:27,115 - INFO - Episode 346/400 started - Strategy: CuriosityStrategy
2025-06-25 19:34:04,866 - INFO - 📍 Episode 346: MIN_STEPS + CHECKPOINTS | Reward: -2178.0 | Steps: 200
2025-06-25 19:34:04,867 - INFO - Episode 347/400 started - Strategy: CuriosityStrategy
2025-06-25 19:34:41,584 - INFO - 📍 Episode 347: MIN_STEPS + CHECKPOINTS | Reward: -2404.0 | Steps: 200
2025-06-25 19:34:41,585 - INFO - Episode 348/400 started - Strategy: CuriosityStrategy
2025-06-25 19:35:18,766 - INFO - 📍 Episode 348: MIN_STEPS + CHECKPOINTS | Reward: -2127.0 | Steps: 200
2025-06-25 19:35:18,766 - INFO - Episode 349/400 started - Strategy: CuriosityStrategy
2025-06-25 19:35:55,145 - INFO - 📍 Episode 349: MIN_STEPS + CHECKPOINTS | Reward: -3759.0 | Steps: 200
2025-06-25 19:35:55,146 - INFO - Episode 350/400 started - Strategy: CuriosityStrategy
2025-06-25 19:36:32,203 - INFO - 📍 Episode 350: MIN_STEPS + CHECKPOINTS | Reward: -4140.0 | Steps: 200
2025-06-25 19:36:32,207 - INFO - Episodes completed: 350
2025-06-25 19:36:32,207 - INFO - Average reward (last 50): -3038.82
2025-06-25 19:36:32,207 - INFO - Average steps (last 50): 199.7
2025-06-25 19:36:32,207 - INFO - Success rate (last 50): 2.0%
2025-06-25 19:36:32,207 - INFO - Min steps achieved (last 50): 50/50 (100.0%)
2025-06-25 19:36:32,207 - INFO - States explored: 96
2025-06-25 19:36:32,207 - INFO - Total checkpoints reached: 970
2025-06-25 19:36:32,207 - INFO - Unique checkpoints discovered: 4
2025-06-25 19:36:32,207 - INFO - Episodes with checkpoints: 350/350
2025-06-25 19:36:32,207 - INFO - Episodes reaching min_steps: 350/350
2025-06-25 19:36:32,208 - INFO - Checkpoint values found: [1, 2, 3, 4]
2025-06-25 19:36:32,208 - INFO - Episode 351/400 started - Strategy: CuriosityStrategy
2025-06-25 19:37:09,093 - INFO - 📍 Episode 351: MIN_STEPS + CHECKPOINTS | Reward: -2101.0 | Steps: 200
2025-06-25 19:37:09,094 - INFO - Episode 352/400 started - Strategy: CuriosityStrategy
2025-06-25 19:37:47,543 - INFO - 📍 Episode 352: MIN_STEPS + CHECKPOINTS | Reward: -1779.0 | Steps: 200
2025-06-25 19:37:47,543 - INFO - Episode 353/400 started - Strategy: CuriosityStrategy
2025-06-25 19:38:24,997 - INFO - 📍 Episode 353: MIN_STEPS + CHECKPOINTS | Reward: -2388.0 | Steps: 200
2025-06-25 19:38:24,998 - INFO - Episode 354/400 started - Strategy: CuriosityStrategy
2025-06-25 19:39:02,445 - INFO - 📍 Episode 354: MIN_STEPS + CHECKPOINTS | Reward: -3220.0 | Steps: 200
2025-06-25 19:39:02,446 - INFO - Episode 355/400 started - Strategy: CuriosityStrategy
2025-06-25 19:39:40,516 - INFO - 📍 Episode 355: MIN_STEPS + CHECKPOINTS | Reward: -1971.0 | Steps: 200
2025-06-25 19:39:40,516 - INFO - Episode 356/400 started - Strategy: CuriosityStrategy
2025-06-25 19:40:19,112 - INFO - 📍 Episode 356: MIN_STEPS + CHECKPOINTS | Reward: -2965.0 | Steps: 200
2025-06-25 19:40:19,113 - INFO - Episode 357/400 started - Strategy: CuriosityStrategy
2025-06-25 19:40:57,999 - INFO - 📍 Episode 357: MIN_STEPS + CHECKPOINTS | Reward: -2983.0 | Steps: 200
2025-06-25 19:40:58,000 - INFO - Episode 358/400 started - Strategy: CuriosityStrategy
2025-06-25 19:41:37,543 - INFO - 📍 Episode 358: MIN_STEPS + CHECKPOINTS | Reward: -2004.0 | Steps: 200
2025-06-25 19:41:37,544 - INFO - Episode 359/400 started - Strategy: CuriosityStrategy
2025-06-25 19:42:17,235 - INFO - 📍 Episode 359: MIN_STEPS + CHECKPOINTS | Reward: -1908.0 | Steps: 200
2025-06-25 19:42:17,235 - INFO - Episode 360/400 started - Strategy: CuriosityStrategy
2025-06-25 19:42:56,224 - INFO - 📍 Episode 360: MIN_STEPS + CHECKPOINTS | Reward: -3306.0 | Steps: 200
2025-06-25 19:42:56,229 - INFO - Episodes completed: 360
2025-06-25 19:42:56,229 - INFO - Average reward (last 50): -2983.76
2025-06-25 19:42:56,230 - INFO - Average steps (last 50): 200.0
2025-06-25 19:42:56,230 - INFO - Success rate (last 50): 0.0%
2025-06-25 19:42:56,230 - INFO - Min steps achieved (last 50): 50/50 (100.0%)
2025-06-25 19:42:56,230 - INFO - States explored: 96
2025-06-25 19:42:56,230 - INFO - Total checkpoints reached: 1005
2025-06-25 19:42:56,230 - INFO - Unique checkpoints discovered: 4
2025-06-25 19:42:56,230 - INFO - Episodes with checkpoints: 360/360
2025-06-25 19:42:56,230 - INFO - Episodes reaching min_steps: 360/360
2025-06-25 19:42:56,231 - INFO - Checkpoint values found: [1, 2, 3, 4]
2025-06-25 19:42:56,231 - INFO - Episode 361/400 started - Strategy: CuriosityStrategy
2025-06-25 19:43:35,531 - INFO - 📍 Episode 361: MIN_STEPS + CHECKPOINTS | Reward: -3079.0 | Steps: 200
2025-06-25 19:43:35,532 - INFO - Episode 362/400 started - Strategy: CuriosityStrategy
2025-06-25 19:44:15,072 - INFO - 📍 Episode 362: MIN_STEPS + CHECKPOINTS | Reward: -1886.0 | Steps: 200
2025-06-25 19:44:15,072 - INFO - Episode 363/400 started - Strategy: CuriosityStrategy
2025-06-25 19:44:53,954 - INFO - 📍 Episode 363: MIN_STEPS + CHECKPOINTS | Reward: -3157.0 | Steps: 200
2025-06-25 19:44:53,954 - INFO - Episode 364/400 started - Strategy: CuriosityStrategy
2025-06-25 19:45:32,767 - INFO - 📍 Episode 364: MIN_STEPS + CHECKPOINTS | Reward: -3870.0 | Steps: 200
2025-06-25 19:45:32,768 - INFO - Episode 365/400 started - Strategy: CuriosityStrategy
2025-06-25 19:46:11,825 - INFO - 📍 Episode 365: MIN_STEPS + CHECKPOINTS | Reward: -4005.0 | Steps: 200
2025-06-25 19:46:11,826 - INFO - Episode 366/400 started - Strategy: CuriosityStrategy
2025-06-25 19:46:50,523 - INFO - 📍 Episode 366: MIN_STEPS + CHECKPOINTS | Reward: -3146.0 | Steps: 200
2025-06-25 19:46:50,523 - INFO - Episode 367/400 started - Strategy: CuriosityStrategy
2025-06-25 19:47:28,190 - INFO - 📍 Episode 367: MIN_STEPS + CHECKPOINTS | Reward: -2947.0 | Steps: 200
2025-06-25 19:47:28,190 - INFO - Episode 368/400 started - Strategy: CuriosityStrategy
2025-06-25 19:48:05,152 - INFO - 📍 Episode 368: MIN_STEPS + CHECKPOINTS | Reward: -3678.0 | Steps: 200
2025-06-25 19:48:05,153 - INFO - Episode 369/400 started - Strategy: CuriosityStrategy
2025-06-25 19:48:41,272 - INFO - 📍 Episode 369: MIN_STEPS + CHECKPOINTS | Reward: -3675.0 | Steps: 200
2025-06-25 19:48:41,272 - INFO - Episode 370/400 started - Strategy: CuriosityStrategy
2025-06-25 19:49:18,355 - INFO - 📍 Episode 370: MIN_STEPS + CHECKPOINTS | Reward: -4116.0 | Steps: 200
2025-06-25 19:49:18,360 - INFO - Episodes completed: 370
2025-06-25 19:49:18,361 - INFO - Average reward (last 50): -2908.30
2025-06-25 19:49:18,361 - INFO - Average steps (last 50): 200.0
2025-06-25 19:49:18,361 - INFO - Success rate (last 50): 0.0%
2025-06-25 19:49:18,361 - INFO - Min steps achieved (last 50): 50/50 (100.0%)
2025-06-25 19:49:18,361 - INFO - States explored: 96
2025-06-25 19:49:18,361 - INFO - Total checkpoints reached: 1031
2025-06-25 19:49:18,361 - INFO - Unique checkpoints discovered: 4
2025-06-25 19:49:18,361 - INFO - Episodes with checkpoints: 370/370
2025-06-25 19:49:18,361 - INFO - Episodes reaching min_steps: 370/370
2025-06-25 19:49:18,361 - INFO - Checkpoint values found: [1, 2, 3, 4]
2025-06-25 19:49:18,361 - INFO - Episode 371/400 started - Strategy: CuriosityStrategy
2025-06-25 19:49:20,324 - INFO - ⚠️ Training interrupted by user
2025-06-25 19:49:20,326 - INFO - ✅ Training completed!
2025-06-25 19:49:20,326 - INFO - === FINAL TRAINING STATISTICS ===
2025-06-25 19:49:20,327 - INFO -   total_episodes: 5370
2025-06-25 19:49:20,327 - INFO -   states_explored: 96
2025-06-25 19:49:20,327 - INFO -   avg_reward: -3080.541620111732
2025-06-25 19:49:20,327 - INFO -   max_reward: 2582.0
2025-06-25 19:49:20,327 - INFO -   success_rate: 0.03649906890130354
2025-06-25 19:49:20,327 - INFO -   strategy_info: {'base_epsilon': 0.65, 'novelty_bonus': 5.0, 'states_discovered': 96}
2025-06-25 19:49:20,327 - INFO - === FINAL CHECKPOINT ANALYSIS ===
2025-06-25 19:49:20,327 - INFO -   Checkpoint discovery rate: 0.001 unique/episode
2025-06-25 19:49:20,327 - INFO -   Checkpoint frequency: 0.192 checkpoints/episode
2025-06-25 19:49:20,327 - INFO -   Min steps achievement rate: 6.9%
2025-06-25 19:49:20,327 - INFO -   Best checkpoint reached: 4
2025-06-25 19:49:20,327 - INFO -   Maze progress: 80.0% (checkpoints discovered)
2025-06-25 19:49:20,327 - INFO - DDS stopped.
