2025-06-24 14:35:53,670 - INFO - Strategy initialized: CuriosityStrategy
2025-06-24 14:35:53,670 - INFO - Strategy info: {'base_epsilon': 0.5, 'novelty_bonus': 5.0, 'states_discovered': 0}
2025-06-24 14:35:53,670 - INFO - CLI mode selected: continue
2025-06-24 14:35:53,670 - INFO - Continuing training for 500 additional episodes.
2025-06-24 14:35:53,670 - INFO - ================================================================================
2025-06-24 14:35:53,670 - INFO - 🚀 STARTING TRAINING SESSION
2025-06-24 14:35:53,670 - INFO - ================================================================================
2025-06-24 14:35:53,670 - INFO - Episodes: 500
2025-06-24 14:35:53,670 - INFO - Strategy: curiosity
2025-06-24 14:35:53,670 - INFO - Min steps per episode: 75
2025-06-24 14:35:53,670 - INFO - Max steps per episode: 150
2025-06-24 14:35:53,670 - INFO - Model path: models/q_agent.pkl
2025-06-24 14:35:53,670 - INFO - ================================================================================
2025-06-24 14:35:53,676 - INFO - 🔗 Connected to Godot simulation!
2025-06-24 14:35:53,676 - INFO - Episode 1/500 started - Strategy: CuriosityStrategy
2025-06-24 14:36:30,614 - INFO - 📍 Episode 1: MIN_STEPS + CHECKPOINTS | Reward: -3822.0 | Steps: 200
2025-06-24 14:36:30,614 - INFO - Episode 2/500 started - Strategy: CuriosityStrategy
2025-06-24 14:37:07,719 - INFO - 📍 Episode 2: MIN_STEPS + CHECKPOINTS | Reward: -2698.0 | Steps: 200
2025-06-24 14:37:07,720 - INFO - Episode 3/500 started - Strategy: CuriosityStrategy
2025-06-24 14:37:44,123 - INFO - 📍 Episode 3: MIN_STEPS + CHECKPOINTS | Reward: -3963.0 | Steps: 200
2025-06-24 14:37:44,125 - INFO - Episode 4/500 started - Strategy: CuriosityStrategy
2025-06-24 14:38:20,874 - INFO - 📍 Episode 4: MIN_STEPS + CHECKPOINTS | Reward: -3597.0 | Steps: 200
2025-06-24 14:38:20,875 - INFO - Episode 5/500 started - Strategy: CuriosityStrategy
2025-06-24 14:38:57,312 - INFO - 📍 Episode 5: MIN_STEPS + CHECKPOINTS | Reward: -3040.0 | Steps: 200
2025-06-24 14:38:57,313 - INFO - Episode 6/500 started - Strategy: CuriosityStrategy
2025-06-24 14:39:34,453 - INFO - 📍 Episode 6: MIN_STEPS + CHECKPOINTS | Reward: -3037.0 | Steps: 200
2025-06-24 14:39:34,453 - INFO - Episode 7/500 started - Strategy: CuriosityStrategy
2025-06-24 14:40:11,398 - INFO - 📍 Episode 7: MIN_STEPS + CHECKPOINTS | Reward: -3331.0 | Steps: 200
2025-06-24 14:40:11,400 - INFO - Episode 8/500 started - Strategy: CuriosityStrategy
2025-06-24 14:40:48,540 - INFO - 📍 Episode 8: MIN_STEPS + CHECKPOINTS | Reward: -2986.0 | Steps: 200
2025-06-24 14:40:48,542 - INFO - Episode 9/500 started - Strategy: CuriosityStrategy
2025-06-24 14:41:27,074 - INFO - 📍 Episode 9: MIN_STEPS + CHECKPOINTS | Reward: -3825.0 | Steps: 200
2025-06-24 14:41:27,074 - INFO - Episode 10/500 started - Strategy: CuriosityStrategy
2025-06-24 14:42:05,212 - INFO - 📍 Episode 10: MIN_STEPS + CHECKPOINTS | Reward: -3226.0 | Steps: 200
2025-06-24 14:42:05,216 - INFO - Episodes completed: 10
2025-06-24 14:42:05,217 - INFO - Average reward (last 50): -2912.03
2025-06-24 14:42:05,217 - INFO - Average steps (last 50): 196.6
2025-06-24 14:42:05,217 - INFO - Success rate (last 50): 6.0%
2025-06-24 14:42:05,217 - INFO - Min steps achieved (last 50): 50/50 (100.0%)
2025-06-24 14:42:05,217 - INFO - States explored: 96
2025-06-24 14:42:05,217 - INFO - Total checkpoints reached: 26
2025-06-24 14:42:05,217 - INFO - Unique checkpoints discovered: 3
2025-06-24 14:42:05,217 - INFO - Episodes with checkpoints: 10/10
2025-06-24 14:42:05,217 - INFO - Episodes reaching min_steps: 10/10
2025-06-24 14:42:05,217 - INFO - Checkpoint values found: [1, 2, 3]
2025-06-24 14:42:05,217 - INFO - Episode 11/500 started - Strategy: CuriosityStrategy
2025-06-24 14:42:43,432 - INFO - 📍 Episode 11: MIN_STEPS + CHECKPOINTS | Reward: -3058.0 | Steps: 200
2025-06-24 14:42:43,433 - INFO - Episode 12/500 started - Strategy: CuriosityStrategy
2025-06-24 14:43:21,843 - INFO - 📍 Episode 12: MIN_STEPS + CHECKPOINTS | Reward: -3906.0 | Steps: 200
2025-06-24 14:43:21,843 - INFO - Episode 13/500 started - Strategy: CuriosityStrategy
2025-06-24 14:44:00,575 - INFO - 📍 Episode 13: MIN_STEPS + CHECKPOINTS | Reward: -3244.0 | Steps: 200
2025-06-24 14:44:00,576 - INFO - Episode 14/500 started - Strategy: CuriosityStrategy
2025-06-24 14:44:38,807 - INFO - 📍 Episode 14: MIN_STEPS + CHECKPOINTS | Reward: -3266.0 | Steps: 200
2025-06-24 14:44:38,808 - INFO - Episode 15/500 started - Strategy: CuriosityStrategy
2025-06-24 14:45:16,674 - INFO - 📍 Episode 15: MIN_STEPS + CHECKPOINTS | Reward: -3891.0 | Steps: 200
2025-06-24 14:45:16,675 - INFO - Episode 16/500 started - Strategy: CuriosityStrategy
2025-06-24 14:45:55,649 - INFO - 📍 Episode 16: MIN_STEPS + CHECKPOINTS | Reward: -4128.0 | Steps: 200
2025-06-24 14:45:55,650 - INFO - Episode 17/500 started - Strategy: CuriosityStrategy
2025-06-24 14:46:34,136 - INFO - 📍 Episode 17: MIN_STEPS + CHECKPOINTS | Reward: -3795.0 | Steps: 200
2025-06-24 14:46:34,137 - INFO - Episode 18/500 started - Strategy: CuriosityStrategy
2025-06-24 14:47:13,286 - INFO - 📍 Episode 18: MIN_STEPS + CHECKPOINTS | Reward: -3906.0 | Steps: 200
2025-06-24 14:47:13,287 - INFO - Episode 19/500 started - Strategy: CuriosityStrategy
2025-06-24 14:47:51,533 - INFO - 📍 Episode 19: MIN_STEPS + CHECKPOINTS | Reward: -3948.0 | Steps: 200
2025-06-24 14:47:51,534 - INFO - Episode 20/500 started - Strategy: CuriosityStrategy
2025-06-24 14:48:29,706 - INFO - 📍 Episode 20: MIN_STEPS + CHECKPOINTS | Reward: -3090.0 | Steps: 200
2025-06-24 14:48:29,710 - INFO - Episodes completed: 20
2025-06-24 14:48:29,711 - INFO - Average reward (last 50): -3114.18
2025-06-24 14:48:29,711 - INFO - Average steps (last 50): 197.8
2025-06-24 14:48:29,711 - INFO - Success rate (last 50): 4.0%
2025-06-24 14:48:29,711 - INFO - Min steps achieved (last 50): 50/50 (100.0%)
2025-06-24 14:48:29,711 - INFO - States explored: 96
2025-06-24 14:48:29,711 - INFO - Total checkpoints reached: 49
2025-06-24 14:48:29,711 - INFO - Unique checkpoints discovered: 3
2025-06-24 14:48:29,711 - INFO - Episodes with checkpoints: 20/20
2025-06-24 14:48:29,711 - INFO - Episodes reaching min_steps: 20/20
2025-06-24 14:48:29,711 - INFO - Checkpoint values found: [1, 2, 3]
2025-06-24 14:48:29,712 - INFO - Episode 21/500 started - Strategy: CuriosityStrategy
2025-06-24 14:49:07,479 - INFO - 📍 Episode 21: MIN_STEPS + CHECKPOINTS | Reward: -3338.0 | Steps: 200
2025-06-24 14:49:07,480 - INFO - Episode 22/500 started - Strategy: CuriosityStrategy
2025-06-24 14:49:46,128 - INFO - 📍 Episode 22: MIN_STEPS + CHECKPOINTS | Reward: -3157.0 | Steps: 200
2025-06-24 14:49:46,129 - INFO - Episode 23/500 started - Strategy: CuriosityStrategy
2025-06-24 14:50:26,307 - INFO - 📍 Episode 23: MIN_STEPS + CHECKPOINTS | Reward: -1860.0 | Steps: 200
2025-06-24 14:50:26,309 - INFO - Episode 24/500 started - Strategy: CuriosityStrategy
2025-06-24 14:51:05,481 - INFO - 📍 Episode 24: MIN_STEPS + CHECKPOINTS | Reward: -3924.0 | Steps: 200
2025-06-24 14:51:05,482 - INFO - Episode 25/500 started - Strategy: CuriosityStrategy
2025-06-24 14:51:44,196 - INFO - 📍 Episode 25: MIN_STEPS + CHECKPOINTS | Reward: -4092.0 | Steps: 200
2025-06-24 14:51:44,197 - INFO - Episode 26/500 started - Strategy: CuriosityStrategy
2025-06-24 14:52:23,934 - INFO - 📍 Episode 26: MIN_STEPS + CHECKPOINTS | Reward: -2074.0 | Steps: 200
2025-06-24 14:52:23,934 - INFO - Episode 27/500 started - Strategy: CuriosityStrategy
2025-06-24 14:52:52,887 - INFO - 🏆 Episode 27: GOAL REACHED | Reward: 1082.0 | Steps: 145
2025-06-24 14:52:52,888 - INFO - Episode 28/500 started - Strategy: CuriosityStrategy
2025-06-24 14:53:32,134 - INFO - 📍 Episode 28: MIN_STEPS + CHECKPOINTS | Reward: -2241.0 | Steps: 200
2025-06-24 14:53:32,135 - INFO - Episode 29/500 started - Strategy: CuriosityStrategy
2025-06-24 14:54:10,679 - INFO - 📍 Episode 29: MIN_STEPS + CHECKPOINTS | Reward: -3271.0 | Steps: 200
2025-06-24 14:54:10,679 - INFO - Episode 30/500 started - Strategy: CuriosityStrategy
2025-06-24 14:54:49,073 - INFO - 📍 Episode 30: MIN_STEPS + CHECKPOINTS | Reward: -3342.0 | Steps: 200
2025-06-24 14:54:49,077 - INFO - Episodes completed: 30
2025-06-24 14:54:49,078 - INFO - Average reward (last 50): -3003.00
2025-06-24 14:54:49,078 - INFO - Average steps (last 50): 196.7
2025-06-24 14:54:49,078 - INFO - Success rate (last 50): 6.0%
2025-06-24 14:54:49,078 - INFO - Min steps achieved (last 50): 50/50 (100.0%)
2025-06-24 14:54:49,078 - INFO - States explored: 96
2025-06-24 14:54:49,078 - INFO - Total checkpoints reached: 80
2025-06-24 14:54:49,078 - INFO - Unique checkpoints discovered: 4
2025-06-24 14:54:49,078 - INFO - Episodes with checkpoints: 30/30
2025-06-24 14:54:49,078 - INFO - Episodes reaching min_steps: 30/30
2025-06-24 14:54:49,078 - INFO - Checkpoint values found: [1, 2, 3, 4]
2025-06-24 14:54:49,078 - INFO - Episode 31/500 started - Strategy: CuriosityStrategy
2025-06-24 14:55:27,914 - INFO - 📍 Episode 31: MIN_STEPS + CHECKPOINTS | Reward: -3319.0 | Steps: 200
2025-06-24 14:55:27,914 - INFO - Episode 32/500 started - Strategy: CuriosityStrategy
2025-06-24 14:56:07,509 - INFO - 📍 Episode 32: MIN_STEPS + CHECKPOINTS | Reward: -2331.0 | Steps: 200
2025-06-24 14:56:07,509 - INFO - Episode 33/500 started - Strategy: CuriosityStrategy
2025-06-24 14:56:46,154 - INFO - 📍 Episode 33: MIN_STEPS + CHECKPOINTS | Reward: -3210.0 | Steps: 200
2025-06-24 14:56:46,155 - INFO - Episode 34/500 started - Strategy: CuriosityStrategy
2025-06-24 14:57:25,180 - INFO - 📍 Episode 34: MIN_STEPS + CHECKPOINTS | Reward: -4062.0 | Steps: 200
2025-06-24 14:57:25,181 - INFO - Episode 35/500 started - Strategy: CuriosityStrategy
2025-06-24 14:58:04,497 - INFO - 📍 Episode 35: MIN_STEPS + CHECKPOINTS | Reward: -2319.0 | Steps: 200
2025-06-24 14:58:04,497 - INFO - Episode 36/500 started - Strategy: CuriosityStrategy
2025-06-24 14:58:42,831 - INFO - 📍 Episode 36: MIN_STEPS + CHECKPOINTS | Reward: -3136.0 | Steps: 200
2025-06-24 14:58:42,832 - INFO - Episode 37/500 started - Strategy: CuriosityStrategy
2025-06-24 14:59:21,764 - INFO - 📍 Episode 37: MIN_STEPS + CHECKPOINTS | Reward: -3481.0 | Steps: 200
2025-06-24 14:59:21,765 - INFO - Episode 38/500 started - Strategy: CuriosityStrategy
2025-06-24 15:00:00,672 - INFO - 📍 Episode 38: MIN_STEPS + CHECKPOINTS | Reward: -2932.0 | Steps: 200
2025-06-24 15:00:00,673 - INFO - Episode 39/500 started - Strategy: CuriosityStrategy
2025-06-24 15:00:39,861 - INFO - 📍 Episode 39: MIN_STEPS + CHECKPOINTS | Reward: -2361.0 | Steps: 200
2025-06-24 15:00:39,862 - INFO - Episode 40/500 started - Strategy: CuriosityStrategy
2025-06-24 15:01:18,126 - INFO - 📍 Episode 40: MIN_STEPS + CHECKPOINTS | Reward: -3618.0 | Steps: 200
2025-06-24 15:01:18,129 - INFO - Episodes completed: 40
2025-06-24 15:01:18,130 - INFO - Average reward (last 50): -3052.34
2025-06-24 15:01:18,130 - INFO - Average steps (last 50): 196.7
2025-06-24 15:01:18,130 - INFO - Success rate (last 50): 6.0%
2025-06-24 15:01:18,130 - INFO - Min steps achieved (last 50): 50/50 (100.0%)
2025-06-24 15:01:18,130 - INFO - States explored: 96
2025-06-24 15:01:18,130 - INFO - Total checkpoints reached: 110
2025-06-24 15:01:18,130 - INFO - Unique checkpoints discovered: 4
2025-06-24 15:01:18,130 - INFO - Episodes with checkpoints: 40/40
2025-06-24 15:01:18,130 - INFO - Episodes reaching min_steps: 40/40
2025-06-24 15:01:18,131 - INFO - Checkpoint values found: [1, 2, 3, 4]
2025-06-24 15:01:18,131 - INFO - Episode 41/500 started - Strategy: CuriosityStrategy
2025-06-24 15:01:56,470 - INFO - 📍 Episode 41: MIN_STEPS + CHECKPOINTS | Reward: -3867.0 | Steps: 200
2025-06-24 15:01:56,472 - INFO - Episode 42/500 started - Strategy: CuriosityStrategy
2025-06-24 15:02:35,523 - INFO - 📍 Episode 42: MIN_STEPS + CHECKPOINTS | Reward: -2953.0 | Steps: 200
2025-06-24 15:02:35,524 - INFO - Episode 43/500 started - Strategy: CuriosityStrategy
2025-06-24 15:03:14,272 - INFO - 📍 Episode 43: MIN_STEPS + CHECKPOINTS | Reward: -2262.0 | Steps: 200
2025-06-24 15:03:14,273 - INFO - Episode 44/500 started - Strategy: CuriosityStrategy
2025-06-24 15:03:52,109 - INFO - 📍 Episode 44: MIN_STEPS + CHECKPOINTS | Reward: -3070.0 | Steps: 200
2025-06-24 15:03:52,111 - INFO - Episode 45/500 started - Strategy: CuriosityStrategy
2025-06-24 15:04:28,509 - INFO - 📍 Episode 45: MIN_STEPS + CHECKPOINTS | Reward: -3555.0 | Steps: 200
2025-06-24 15:04:28,509 - INFO - Episode 46/500 started - Strategy: CuriosityStrategy
2025-06-24 15:05:05,202 - INFO - 📍 Episode 46: MIN_STEPS + CHECKPOINTS | Reward: -3639.0 | Steps: 200
2025-06-24 15:05:05,203 - INFO - Episode 47/500 started - Strategy: CuriosityStrategy
2025-06-24 15:05:42,503 - INFO - 📍 Episode 47: MIN_STEPS + CHECKPOINTS | Reward: -3226.0 | Steps: 200
2025-06-24 15:05:42,504 - INFO - Episode 48/500 started - Strategy: CuriosityStrategy
2025-06-24 15:06:18,550 - INFO - 📍 Episode 48: MIN_STEPS + CHECKPOINTS | Reward: -3167.0 | Steps: 200
2025-06-24 15:06:18,550 - INFO - Episode 49/500 started - Strategy: CuriosityStrategy
2025-06-24 15:06:56,474 - INFO - 📍 Episode 49: MIN_STEPS + CHECKPOINTS | Reward: -2896.0 | Steps: 200
2025-06-24 15:06:56,475 - INFO - Episode 50/500 started - Strategy: CuriosityStrategy
2025-06-24 15:07:33,259 - INFO - 📍 Episode 50: MIN_STEPS + CHECKPOINTS | Reward: -2540.0 | Steps: 200
2025-06-24 15:07:33,262 - INFO - Episodes completed: 50
2025-06-24 15:07:33,262 - INFO - Average reward (last 50): -3158.36
2025-06-24 15:07:33,263 - INFO - Average steps (last 50): 198.9
2025-06-24 15:07:33,263 - INFO - Success rate (last 50): 2.0%
2025-06-24 15:07:33,263 - INFO - Min steps achieved (last 50): 50/50 (100.0%)
2025-06-24 15:07:33,263 - INFO - States explored: 96
2025-06-24 15:07:33,263 - INFO - Total checkpoints reached: 138
2025-06-24 15:07:33,263 - INFO - Unique checkpoints discovered: 4
2025-06-24 15:07:33,263 - INFO - Episodes with checkpoints: 50/50
2025-06-24 15:07:33,263 - INFO - Episodes reaching min_steps: 50/50
2025-06-24 15:07:33,263 - INFO - Checkpoint values found: [1, 2, 3, 4]
2025-06-24 15:07:33,263 - INFO - Episode 51/500 started - Strategy: CuriosityStrategy
2025-06-24 15:07:34,013 - INFO - ⚠️ Training interrupted by user
2025-06-24 15:07:34,015 - INFO - ✅ Training completed!
2025-06-24 15:07:34,016 - INFO - === FINAL TRAINING STATISTICS ===
2025-06-24 15:07:34,016 - INFO -   total_episodes: 3050
2025-06-24 15:07:34,016 - INFO -   states_explored: 96
2025-06-24 15:07:34,016 - INFO -   avg_reward: -3108.6955737704916
2025-06-24 15:07:34,016 - INFO -   max_reward: 2010.5
2025-06-24 15:07:34,016 - INFO -   success_rate: 0.03934426229508197
2025-06-24 15:07:34,016 - INFO -   strategy_info: {'base_epsilon': 0.65, 'novelty_bonus': 5.0, 'states_discovered': 96}
2025-06-24 15:07:34,016 - INFO - === FINAL CHECKPOINT ANALYSIS ===
2025-06-24 15:07:34,016 - INFO -   Checkpoint discovery rate: 0.001 unique/episode
2025-06-24 15:07:34,016 - INFO -   Checkpoint frequency: 0.045 checkpoints/episode
2025-06-24 15:07:34,016 - INFO -   Min steps achievement rate: 1.6%
2025-06-24 15:07:34,016 - INFO -   Best checkpoint reached: 4
2025-06-24 15:07:34,016 - INFO -   Maze progress: 80.0% (checkpoints discovered)
2025-06-24 15:07:34,016 - INFO - DDS stopped.
