2025-07-01 08:58:16,274 - INFO - Movement Mode: FAST (Teleport)
2025-07-01 08:58:16,274 - INFO - Strategy initialized: CuriosityStrategy
2025-07-01 08:58:16,274 - INFO - Strategy info: {'base_epsilon': 0.6, 'novelty_bonus': 8.0, 'states_discovered': 0}
2025-07-01 08:58:16,274 - INFO - CLI mode selected: continue
2025-07-01 08:58:16,274 - INFO - Continuing training for 300 additional episodes.
2025-07-01 08:58:16,274 - INFO - ================================================================================
2025-07-01 08:58:16,274 - INFO - 🚀 STARTING TRAINING SESSION
2025-07-01 08:58:16,274 - INFO - ================================================================================
2025-07-01 08:58:16,274 - INFO - Episodes: 300
2025-07-01 08:58:16,274 - INFO - Strategy: curiosity
2025-07-01 08:58:16,274 - INFO - Model path: models/q_agent.pkl
2025-07-01 08:58:16,274 - INFO - ================================================================================
2025-07-01 08:58:16,276 - INFO - 📁 Loaded existing model
2025-07-01 08:58:16,283 - INFO - 🔗 Connected to Godot simulation!
2025-07-01 08:58:16,283 - INFO - Episode 1/300 started - Strategy: CuriosityStrategy
2025-07-01 08:58:32,948 - INFO - 🏆 Episode 1: GOAL REACHED | Reward: 2065.5 | Steps: 90
2025-07-01 08:58:32,949 - INFO - Episode 2/300 started - Strategy: CuriosityStrategy
2025-07-01 08:58:43,915 - INFO - 🏆 Episode 2: GOAL REACHED | Reward: 2480.0 | Steps: 56
2025-07-01 08:58:43,916 - INFO - Episode 3/300 started - Strategy: CuriosityStrategy
2025-07-01 08:59:00,390 - INFO - ❌ Episode 3: FAILED (Short) | Reward: -6318.0 | Steps: 200
2025-07-01 08:59:00,391 - INFO - Episode 4/300 started - Strategy: CuriosityStrategy
2025-07-01 08:59:15,914 - INFO - 🏆 Episode 4: GOAL REACHED | Reward: 2215.5 | Steps: 81
2025-07-01 08:59:15,915 - INFO - Episode 5/300 started - Strategy: CuriosityStrategy
2025-07-01 08:59:29,576 - INFO - 🏆 Episode 5: GOAL REACHED | Reward: 2245.5 | Steps: 71
2025-07-01 08:59:29,576 - INFO - Episode 6/300 started - Strategy: CuriosityStrategy
2025-07-01 08:59:43,122 - INFO - 🏆 Episode 6: GOAL REACHED | Reward: 2236.5 | Steps: 72
2025-07-01 08:59:43,122 - INFO - Episode 7/300 started - Strategy: CuriosityStrategy
2025-07-01 08:59:55,671 - INFO - 🏆 Episode 7: GOAL REACHED | Reward: 2401.5 | Steps: 65
2025-07-01 08:59:55,672 - INFO - Episode 8/300 started - Strategy: CuriosityStrategy
2025-07-01 09:00:06,029 - INFO - 🏆 Episode 8: GOAL REACHED | Reward: 2934.0 | Steps: 50
2025-07-01 09:00:06,031 - INFO - Episode 9/300 started - Strategy: CuriosityStrategy
