2025-06-23 15:16:38,512 - INFO - Strategy initialized: CuriosityStrategy
2025-06-23 15:16:38,512 - INFO - Strategy info: {'base_epsilon': 0.65, 'novelty_bonus': 5.0, 'states_discovered': 0}
2025-06-23 15:16:38,512 - INFO - CLI mode selected: continue
2025-06-23 15:16:38,512 - INFO - Continuing training for 50 additional episodes.
2025-06-23 15:16:38,512 - INFO - ================================================================================
2025-06-23 15:16:38,512 - INFO - 🚀 STARTING TRAINING SESSION
2025-06-23 15:16:38,512 - INFO - ================================================================================
2025-06-23 15:16:38,512 - INFO - Episodes: 50
2025-06-23 15:16:38,512 - INFO - Strategy: curiosity
2025-06-23 15:16:38,512 - INFO - Min steps per episode: 100
2025-06-23 15:16:38,512 - INFO - Max steps per episode: 200
2025-06-23 15:16:38,512 - INFO - Model path: models/q_agent.pkl
2025-06-23 15:16:38,512 - INFO - ================================================================================
2025-06-23 15:16:38,517 - INFO - 🔗 Connected to Godot simulation!
2025-06-23 15:16:38,517 - INFO - Episode 1/50 started - Strategy: CuriosityStrategy
2025-06-23 15:17:00,218 - INFO - 📍 Episode 1: MIN_STEPS + CHECKPOINTS | Reward: -4512.0 | Steps: 200
2025-06-23 15:17:00,218 - INFO - Episode 2/50 started - Strategy: CuriosityStrategy
2025-06-23 15:17:37,556 - INFO - 📍 Episode 2: MIN_STEPS + CHECKPOINTS | Reward: -3472.0 | Steps: 200
2025-06-23 15:17:37,556 - INFO - Episode 3/50 started - Strategy: CuriosityStrategy
2025-06-23 15:18:15,556 - INFO - 📍 Episode 3: MIN_STEPS + CHECKPOINTS | Reward: -2074.0 | Steps: 200
2025-06-23 15:18:15,556 - INFO - Episode 4/50 started - Strategy: CuriosityStrategy
2025-06-23 15:18:53,428 - INFO - 📍 Episode 4: MIN_STEPS + CHECKPOINTS | Reward: -1960.0 | Steps: 200
2025-06-23 15:18:53,428 - INFO - Episode 5/50 started - Strategy: CuriosityStrategy
2025-06-23 15:19:29,017 - INFO - 📍 Episode 5: MIN_STEPS + CHECKPOINTS | Reward: -3907.0 | Steps: 200
2025-06-23 15:19:29,017 - INFO - Episode 6/50 started - Strategy: CuriosityStrategy
2025-06-23 15:20:05,200 - INFO - 📍 Episode 6: MIN_STEPS + CHECKPOINTS | Reward: -2877.0 | Steps: 200
2025-06-23 15:20:05,201 - INFO - Episode 7/50 started - Strategy: CuriosityStrategy
2025-06-23 15:20:42,712 - INFO - 📍 Episode 7: MIN_STEPS + CHECKPOINTS | Reward: -2371.0 | Steps: 200
2025-06-23 15:20:42,713 - INFO - Episode 8/50 started - Strategy: CuriosityStrategy
2025-06-23 15:21:20,106 - INFO - 📍 Episode 8: MIN_STEPS + CHECKPOINTS | Reward: -2368.0 | Steps: 200
2025-06-23 15:21:20,106 - INFO - Episode 9/50 started - Strategy: CuriosityStrategy
2025-06-23 15:21:57,324 - INFO - 📍 Episode 9: MIN_STEPS + CHECKPOINTS | Reward: -2593.0 | Steps: 200
2025-06-23 15:21:57,324 - INFO - Episode 10/50 started - Strategy: CuriosityStrategy
2025-06-23 15:22:37,249 - INFO - 📍 Episode 10: MIN_STEPS + CHECKPOINTS | Reward: -3120.0 | Steps: 200
2025-06-23 15:22:37,252 - INFO - Episodes completed: 10
2025-06-23 15:22:37,252 - INFO - Average reward (last 50): -2924.78
2025-06-23 15:22:37,253 - INFO - Average steps (last 50): 198.9
2025-06-23 15:22:37,253 - INFO - Success rate (last 50): 8.0%
2025-06-23 15:22:37,253 - INFO - Min steps achieved (last 50): 50/50 (100.0%)
2025-06-23 15:22:37,253 - INFO - States explored: 75
2025-06-23 15:22:37,253 - INFO - Total checkpoints reached: 32
2025-06-23 15:22:37,253 - INFO - Unique checkpoints discovered: 4
2025-06-23 15:22:37,253 - INFO - Episodes with checkpoints: 10/10
2025-06-23 15:22:37,254 - INFO - Episodes reaching min_steps: 10/10
2025-06-23 15:22:37,254 - INFO - Checkpoint values found: [1, 2, 3, 4]
2025-06-23 15:22:37,254 - INFO - Episode 11/50 started - Strategy: CuriosityStrategy
2025-06-23 15:23:16,079 - INFO - 📍 Episode 11: MIN_STEPS + CHECKPOINTS | Reward: -4422.0 | Steps: 200
2025-06-23 15:23:16,080 - INFO - Episode 12/50 started - Strategy: CuriosityStrategy
2025-06-23 15:23:55,289 - INFO - 📍 Episode 12: MIN_STEPS + CHECKPOINTS | Reward: -4545.0 | Steps: 200
2025-06-23 15:23:55,290 - INFO - Episode 13/50 started - Strategy: CuriosityStrategy
2025-06-23 15:24:34,592 - INFO - 📍 Episode 13: MIN_STEPS + CHECKPOINTS | Reward: -2702.0 | Steps: 200
2025-06-23 15:24:34,593 - INFO - Episode 14/50 started - Strategy: CuriosityStrategy
2025-06-23 15:25:13,031 - INFO - 📍 Episode 14: MIN_STEPS + CHECKPOINTS | Reward: -3529.0 | Steps: 200
2025-06-23 15:25:13,032 - INFO - Episode 15/50 started - Strategy: CuriosityStrategy
2025-06-23 15:25:51,955 - INFO - 📍 Episode 15: MIN_STEPS + CHECKPOINTS | Reward: -2990.0 | Steps: 200
2025-06-23 15:25:51,956 - INFO - Episode 16/50 started - Strategy: CuriosityStrategy
2025-06-23 15:26:31,702 - INFO - 📍 Episode 16: MIN_STEPS + CHECKPOINTS | Reward: -2504.0 | Steps: 200
2025-06-23 15:26:31,702 - INFO - Episode 17/50 started - Strategy: CuriosityStrategy
2025-06-23 15:27:11,897 - INFO - 📍 Episode 17: MIN_STEPS + CHECKPOINTS | Reward: -2561.0 | Steps: 200
2025-06-23 15:27:11,898 - INFO - Episode 18/50 started - Strategy: CuriosityStrategy
2025-06-23 15:27:50,953 - INFO - 📍 Episode 18: MIN_STEPS + CHECKPOINTS | Reward: -3224.0 | Steps: 200
2025-06-23 15:27:50,954 - INFO - Episode 19/50 started - Strategy: CuriosityStrategy
2025-06-23 15:28:31,014 - INFO - 📍 Episode 19: MIN_STEPS + CHECKPOINTS | Reward: -2489.0 | Steps: 200
2025-06-23 15:28:31,014 - INFO - Episode 20/50 started - Strategy: CuriosityStrategy
2025-06-23 15:29:10,839 - INFO - 📍 Episode 20: MIN_STEPS + CHECKPOINTS | Reward: -3068.0 | Steps: 200
2025-06-23 15:29:10,842 - INFO - Episodes completed: 20
2025-06-23 15:29:10,842 - INFO - Average reward (last 50): -2784.24
2025-06-23 15:29:10,842 - INFO - Average steps (last 50): 198.9
2025-06-23 15:29:10,842 - INFO - Success rate (last 50): 8.0%
2025-06-23 15:29:10,842 - INFO - Min steps achieved (last 50): 50/50 (100.0%)
2025-06-23 15:29:10,842 - INFO - States explored: 75
2025-06-23 15:29:10,842 - INFO - Total checkpoints reached: 57
2025-06-23 15:29:10,843 - INFO - Unique checkpoints discovered: 4
2025-06-23 15:29:10,843 - INFO - Episodes with checkpoints: 20/20
2025-06-23 15:29:10,843 - INFO - Episodes reaching min_steps: 20/20
2025-06-23 15:29:10,843 - INFO - Checkpoint values found: [1, 2, 3, 4]
2025-06-23 15:29:10,843 - INFO - Episode 21/50 started - Strategy: CuriosityStrategy
2025-06-23 15:29:47,994 - INFO - 📍 Episode 21: MIN_STEPS + CHECKPOINTS | Reward: -2362.0 | Steps: 200
2025-06-23 15:29:47,994 - INFO - Episode 22/50 started - Strategy: CuriosityStrategy
2025-06-23 15:30:25,000 - INFO - 📍 Episode 22: MIN_STEPS + CHECKPOINTS | Reward: -2545.0 | Steps: 200
2025-06-23 15:30:25,000 - INFO - Episode 23/50 started - Strategy: CuriosityStrategy
2025-06-23 15:30:41,143 - INFO - ✅ Episode 23: MIN_STEPS REACHED | Reward: -6448.0 | Steps: 200
2025-06-23 15:30:41,144 - INFO - Episode 24/50 started - Strategy: CuriosityStrategy
2025-06-23 15:31:17,750 - INFO - 📍 Episode 24: MIN_STEPS + CHECKPOINTS | Reward: -3978.0 | Steps: 200
2025-06-23 15:31:17,750 - INFO - Episode 25/50 started - Strategy: CuriosityStrategy
2025-06-23 15:31:54,182 - INFO - 📍 Episode 25: MIN_STEPS + CHECKPOINTS | Reward: -3269.0 | Steps: 200
2025-06-23 15:31:54,183 - INFO - Episode 26/50 started - Strategy: CuriosityStrategy
2025-06-23 15:32:32,029 - INFO - 📍 Episode 26: MIN_STEPS + CHECKPOINTS | Reward: -2227.0 | Steps: 200
2025-06-23 15:32:32,030 - INFO - Episode 27/50 started - Strategy: CuriosityStrategy
2025-06-23 15:33:07,930 - INFO - 📍 Episode 27: MIN_STEPS + CHECKPOINTS | Reward: -3848.0 | Steps: 200
2025-06-23 15:33:07,930 - INFO - Episode 28/50 started - Strategy: CuriosityStrategy
2025-06-23 15:33:45,031 - INFO - 📍 Episode 28: MIN_STEPS + CHECKPOINTS | Reward: -2581.0 | Steps: 200
2025-06-23 15:33:45,031 - INFO - Episode 29/50 started - Strategy: CuriosityStrategy
2025-06-23 15:34:22,365 - INFO - 📍 Episode 29: MIN_STEPS + CHECKPOINTS | Reward: -2936.0 | Steps: 200
2025-06-23 15:34:22,366 - INFO - Episode 30/50 started - Strategy: CuriosityStrategy
2025-06-23 15:34:58,901 - INFO - 📍 Episode 30: MIN_STEPS + CHECKPOINTS | Reward: -3107.0 | Steps: 200
2025-06-23 15:34:58,907 - INFO - Episodes completed: 30
2025-06-23 15:34:58,907 - INFO - Average reward (last 50): -2999.77
2025-06-23 15:34:58,908 - INFO - Average steps (last 50): 199.2
2025-06-23 15:34:58,908 - INFO - Success rate (last 50): 6.0%
2025-06-23 15:34:58,908 - INFO - Min steps achieved (last 50): 50/50 (100.0%)
2025-06-23 15:34:58,908 - INFO - States explored: 75
2025-06-23 15:34:58,908 - INFO - Total checkpoints reached: 83
2025-06-23 15:34:58,908 - INFO - Unique checkpoints discovered: 4
2025-06-23 15:34:58,908 - INFO - Episodes with checkpoints: 29/30
2025-06-23 15:34:58,909 - INFO - Episodes reaching min_steps: 30/30
2025-06-23 15:34:58,909 - INFO - Checkpoint values found: [1, 2, 3, 4]
2025-06-23 15:34:58,909 - INFO - Episode 31/50 started - Strategy: CuriosityStrategy
2025-06-23 15:35:35,852 - INFO - 📍 Episode 31: MIN_STEPS + CHECKPOINTS | Reward: -2866.0 | Steps: 200
2025-06-23 15:35:35,853 - INFO - Episode 32/50 started - Strategy: CuriosityStrategy
2025-06-23 15:36:12,980 - INFO - 📍 Episode 32: MIN_STEPS + CHECKPOINTS | Reward: -2501.0 | Steps: 200
2025-06-23 15:36:12,980 - INFO - Episode 33/50 started - Strategy: CuriosityStrategy
2025-06-23 15:36:50,507 - INFO - 📍 Episode 33: MIN_STEPS + CHECKPOINTS | Reward: -2674.0 | Steps: 200
2025-06-23 15:36:50,507 - INFO - Episode 34/50 started - Strategy: CuriosityStrategy
2025-06-23 15:37:26,801 - INFO - 📍 Episode 34: MIN_STEPS + CHECKPOINTS | Reward: -3197.0 | Steps: 200
2025-06-23 15:37:26,801 - INFO - Episode 35/50 started - Strategy: CuriosityStrategy
2025-06-23 15:38:03,533 - INFO - 📍 Episode 35: MIN_STEPS + CHECKPOINTS | Reward: -3149.0 | Steps: 200
2025-06-23 15:38:03,534 - INFO - Episode 36/50 started - Strategy: CuriosityStrategy
2025-06-23 15:38:39,825 - INFO - 📍 Episode 36: MIN_STEPS + CHECKPOINTS | Reward: -3392.0 | Steps: 200
2025-06-23 15:38:39,825 - INFO - Episode 37/50 started - Strategy: CuriosityStrategy
2025-06-23 15:39:16,243 - INFO - 📍 Episode 37: MIN_STEPS + CHECKPOINTS | Reward: -3092.0 | Steps: 200
2025-06-23 15:39:16,244 - INFO - Episode 38/50 started - Strategy: CuriosityStrategy
2025-06-23 15:39:52,493 - INFO - 🏆 Episode 38: GOAL REACHED | Reward: 38.0 | Steps: 192
2025-06-23 15:39:52,494 - INFO - Episode 39/50 started - Strategy: CuriosityStrategy
2025-06-23 15:40:29,501 - INFO - 📍 Episode 39: MIN_STEPS + CHECKPOINTS | Reward: -3092.0 | Steps: 200
2025-06-23 15:40:29,502 - INFO - Episode 40/50 started - Strategy: CuriosityStrategy
2025-06-23 15:41:04,926 - INFO - 📍 Episode 40: MIN_STEPS + CHECKPOINTS | Reward: -3494.0 | Steps: 200
2025-06-23 15:41:04,929 - INFO - Episodes completed: 40
2025-06-23 15:41:04,930 - INFO - Average reward (last 50): -2912.34
2025-06-23 15:41:04,930 - INFO - Average steps (last 50): 199.3
2025-06-23 15:41:04,930 - INFO - Success rate (last 50): 6.0%
2025-06-23 15:41:04,931 - INFO - Min steps achieved (last 50): 50/50 (100.0%)
2025-06-23 15:41:04,931 - INFO - States explored: 75
2025-06-23 15:41:04,931 - INFO - Total checkpoints reached: 114
2025-06-23 15:41:04,931 - INFO - Unique checkpoints discovered: 4
2025-06-23 15:41:04,931 - INFO - Episodes with checkpoints: 39/40
2025-06-23 15:41:04,931 - INFO - Episodes reaching min_steps: 40/40
2025-06-23 15:41:04,931 - INFO - Checkpoint values found: [1, 2, 3, 4]
2025-06-23 15:41:04,931 - INFO - Episode 41/50 started - Strategy: CuriosityStrategy
2025-06-23 15:41:42,584 - INFO - 📍 Episode 41: MIN_STEPS + CHECKPOINTS | Reward: -3533.0 | Steps: 200
2025-06-23 15:41:42,584 - INFO - Episode 42/50 started - Strategy: CuriosityStrategy
2025-06-23 15:42:21,730 - INFO - 📍 Episode 42: MIN_STEPS + CHECKPOINTS | Reward: -2411.0 | Steps: 200
2025-06-23 15:42:21,730 - INFO - Episode 43/50 started - Strategy: CuriosityStrategy
2025-06-23 15:43:00,041 - INFO - 📍 Episode 43: MIN_STEPS + CHECKPOINTS | Reward: -2990.0 | Steps: 200
2025-06-23 15:43:00,042 - INFO - Episode 44/50 started - Strategy: CuriosityStrategy
2025-06-23 15:43:37,226 - INFO - 📍 Episode 44: MIN_STEPS + CHECKPOINTS | Reward: -2999.0 | Steps: 200
2025-06-23 15:43:37,226 - INFO - Episode 45/50 started - Strategy: CuriosityStrategy
2025-06-23 15:44:14,448 - INFO - 📍 Episode 45: MIN_STEPS + CHECKPOINTS | Reward: -3415.0 | Steps: 200
2025-06-23 15:44:14,448 - INFO - Episode 46/50 started - Strategy: CuriosityStrategy
2025-06-23 15:44:51,994 - INFO - 📍 Episode 46: MIN_STEPS + CHECKPOINTS | Reward: -1909.0 | Steps: 200
2025-06-23 15:44:51,994 - INFO - Episode 47/50 started - Strategy: CuriosityStrategy
2025-06-23 15:45:28,729 - INFO - 📍 Episode 47: MIN_STEPS + CHECKPOINTS | Reward: -3245.0 | Steps: 200
2025-06-23 15:45:28,729 - INFO - Episode 48/50 started - Strategy: CuriosityStrategy
2025-06-23 15:46:05,591 - INFO - 📍 Episode 48: MIN_STEPS + CHECKPOINTS | Reward: -3568.0 | Steps: 200
2025-06-23 15:46:05,592 - INFO - Episode 49/50 started - Strategy: CuriosityStrategy
2025-06-23 15:46:42,726 - INFO - 📍 Episode 49: MIN_STEPS + CHECKPOINTS | Reward: -2362.0 | Steps: 200
2025-06-23 15:46:42,726 - INFO - Episode 50/50 started - Strategy: CuriosityStrategy
2025-06-23 15:47:18,779 - INFO - 📍 Episode 50: MIN_STEPS + CHECKPOINTS | Reward: -3628.0 | Steps: 200
2025-06-23 15:47:18,783 - INFO - Episodes completed: 50
2025-06-23 15:47:18,783 - INFO - Average reward (last 50): -3041.36
2025-06-23 15:47:18,783 - INFO - Average steps (last 50): 199.8
2025-06-23 15:47:18,783 - INFO - Success rate (last 50): 2.0%
2025-06-23 15:47:18,784 - INFO - Min steps achieved (last 50): 50/50 (100.0%)
2025-06-23 15:47:18,784 - INFO - States explored: 75
2025-06-23 15:47:18,784 - INFO - Total checkpoints reached: 144
2025-06-23 15:47:18,784 - INFO - Unique checkpoints discovered: 4
2025-06-23 15:47:18,784 - INFO - Episodes with checkpoints: 49/50
2025-06-23 15:47:18,784 - INFO - Episodes reaching min_steps: 50/50
2025-06-23 15:47:18,784 - INFO - Checkpoint values found: [1, 2, 3, 4]
2025-06-23 15:47:18,786 - INFO - ✅ Training completed!
2025-06-23 15:47:18,786 - INFO - === FINAL TRAINING STATISTICS ===
2025-06-23 15:47:18,786 - INFO -   total_episodes: 1400
2025-06-23 15:47:18,786 - INFO -   states_explored: 75
2025-06-23 15:47:18,786 - INFO -   avg_reward: -3245.2975
2025-06-23 15:47:18,787 - INFO -   max_reward: 968.5
2025-06-23 15:47:18,787 - INFO -   success_rate: 0.016428571428571428
2025-06-23 15:47:18,787 - INFO -   strategy_info: {'base_epsilon': 0.65, 'novelty_bonus': 5.0, 'states_discovered': 75}
2025-06-23 15:47:18,787 - INFO - === FINAL CHECKPOINT ANALYSIS ===
2025-06-23 15:47:18,787 - INFO -   Checkpoint discovery rate: 0.003 unique/episode
2025-06-23 15:47:18,787 - INFO -   Checkpoint frequency: 0.103 checkpoints/episode
2025-06-23 15:47:18,787 - INFO -   Min steps achievement rate: 3.6%
2025-06-23 15:47:18,787 - INFO -   Best checkpoint reached: 4
2025-06-23 15:47:18,787 - INFO -   Maze progress: 80.0% (checkpoints discovered)
2025-06-23 15:47:18,787 - INFO - DDS stopped.
