2025-06-23 14:46:38,744 - INFO - Strategy initialized: CuriosityStrategy
2025-06-23 14:46:38,744 - INFO - Strategy info: {'base_epsilon': 0.65, 'novelty_bonus': 5.0, 'states_discovered': 0}
2025-06-23 14:46:38,744 - INFO - CLI mode selected: continue
2025-06-23 14:46:38,744 - INFO - Continuing training for 50 additional episodes.
2025-06-23 14:46:38,744 - INFO - ================================================================================
2025-06-23 14:46:38,744 - INFO - 🚀 STARTING TRAINING SESSION
2025-06-23 14:46:38,744 - INFO - ================================================================================
2025-06-23 14:46:38,744 - INFO - Episodes: 50
2025-06-23 14:46:38,744 - INFO - Strategy: curiosity
2025-06-23 14:46:38,744 - INFO - Min steps per episode: 100
2025-06-23 14:46:38,744 - INFO - Max steps per episode: 200
2025-06-23 14:46:38,744 - INFO - Model path: models/q_agent.pkl
2025-06-23 14:46:38,744 - INFO - ================================================================================
2025-06-23 14:46:38,752 - INFO - 🔗 Connected to Godot simulation!
2025-06-23 14:46:38,752 - INFO - Episode 1/50 started - Strategy: CuriosityStrategy
2025-06-23 14:47:15,394 - INFO - 📍 Episode 1: MIN_STEPS + CHECKPOINTS | Reward: -4216.0 | Steps: 200
2025-06-23 14:47:15,395 - INFO - Episode 2/50 started - Strategy: CuriosityStrategy
2025-06-23 14:47:50,706 - INFO - 📍 Episode 2: MIN_STEPS + CHECKPOINTS | Reward: -3853.0 | Steps: 200
2025-06-23 14:47:50,709 - INFO - Episode 3/50 started - Strategy: CuriosityStrategy
2025-06-23 14:48:17,407 - INFO - 📍 Episode 3: MIN_STEPS + CHECKPOINTS | Reward: -2302.0 | Steps: 200
2025-06-23 14:48:17,408 - INFO - Episode 4/50 started - Strategy: CuriosityStrategy
2025-06-23 14:48:53,552 - INFO - 📍 Episode 4: MIN_STEPS + CHECKPOINTS | Reward: -3816.0 | Steps: 200
2025-06-23 14:48:53,552 - INFO - Episode 5/50 started - Strategy: CuriosityStrategy
2025-06-23 14:49:30,958 - INFO - 📍 Episode 5: MIN_STEPS + CHECKPOINTS | Reward: -3993.0 | Steps: 200
2025-06-23 14:49:30,959 - INFO - Episode 6/50 started - Strategy: CuriosityStrategy
2025-06-23 14:50:08,755 - INFO - 📍 Episode 6: MIN_STEPS + CHECKPOINTS | Reward: -2074.0 | Steps: 200
2025-06-23 14:50:08,755 - INFO - Episode 7/50 started - Strategy: CuriosityStrategy
2025-06-23 14:50:45,107 - INFO - 📍 Episode 7: MIN_STEPS + CHECKPOINTS | Reward: -3449.0 | Steps: 200
2025-06-23 14:50:45,107 - INFO - Episode 8/50 started - Strategy: CuriosityStrategy
2025-06-23 14:51:21,318 - INFO - 📍 Episode 8: MIN_STEPS + CHECKPOINTS | Reward: -3271.0 | Steps: 200
2025-06-23 14:51:21,319 - INFO - Episode 9/50 started - Strategy: CuriosityStrategy
2025-06-23 14:51:58,129 - INFO - 📍 Episode 9: MIN_STEPS + CHECKPOINTS | Reward: -3200.0 | Steps: 200
2025-06-23 14:51:58,130 - INFO - Episode 10/50 started - Strategy: CuriosityStrategy
2025-06-23 14:52:35,250 - INFO - 📍 Episode 10: MIN_STEPS + CHECKPOINTS | Reward: -3258.0 | Steps: 200
2025-06-23 14:52:35,255 - INFO - Episodes completed: 10
2025-06-23 14:52:35,255 - INFO - Average reward (last 50): -2741.48
2025-06-23 14:52:35,255 - INFO - Average steps (last 50): 199.4
2025-06-23 14:52:35,255 - INFO - Success rate (last 50): 6.0%
2025-06-23 14:52:35,256 - INFO - Min steps achieved (last 50): 50/50 (100.0%)
2025-06-23 14:52:35,256 - INFO - States explored: 66
2025-06-23 14:52:35,256 - INFO - Total checkpoints reached: 25
2025-06-23 14:52:35,256 - INFO - Unique checkpoints discovered: 4
2025-06-23 14:52:35,256 - INFO - Episodes with checkpoints: 10/10
2025-06-23 14:52:35,256 - INFO - Episodes reaching min_steps: 10/10
2025-06-23 14:52:35,256 - INFO - Checkpoint values found: [1, 2, 3, 4]
2025-06-23 14:52:35,256 - INFO - Episode 11/50 started - Strategy: CuriosityStrategy
2025-06-23 14:53:12,114 - INFO - 📍 Episode 11: MIN_STEPS + CHECKPOINTS | Reward: -2614.0 | Steps: 200
2025-06-23 14:53:12,114 - INFO - Episode 12/50 started - Strategy: CuriosityStrategy
2025-06-23 14:53:48,783 - INFO - 📍 Episode 12: MIN_STEPS + CHECKPOINTS | Reward: -3487.0 | Steps: 200
2025-06-23 14:53:48,784 - INFO - Episode 13/50 started - Strategy: CuriosityStrategy
2025-06-23 14:54:25,332 - INFO - 📍 Episode 13: MIN_STEPS + CHECKPOINTS | Reward: -4269.0 | Steps: 200
2025-06-23 14:54:25,333 - INFO - Episode 14/50 started - Strategy: CuriosityStrategy
2025-06-23 14:55:02,303 - INFO - 📍 Episode 14: MIN_STEPS + CHECKPOINTS | Reward: -3838.0 | Steps: 200
2025-06-23 14:55:02,304 - INFO - Episode 15/50 started - Strategy: CuriosityStrategy
2025-06-23 14:55:39,091 - INFO - 📍 Episode 15: MIN_STEPS + CHECKPOINTS | Reward: -3314.0 | Steps: 200
2025-06-23 14:55:39,091 - INFO - Episode 16/50 started - Strategy: CuriosityStrategy
2025-06-23 14:56:15,031 - INFO - 📍 Episode 16: MIN_STEPS + CHECKPOINTS | Reward: -3742.0 | Steps: 200
2025-06-23 14:56:15,031 - INFO - Episode 17/50 started - Strategy: CuriosityStrategy
2025-06-23 14:56:52,269 - INFO - 📍 Episode 17: MIN_STEPS + CHECKPOINTS | Reward: -4296.0 | Steps: 200
2025-06-23 14:56:52,270 - INFO - Episode 18/50 started - Strategy: CuriosityStrategy
2025-06-23 14:57:27,640 - INFO - 📍 Episode 18: MIN_STEPS + CHECKPOINTS | Reward: -3973.0 | Steps: 200
2025-06-23 14:57:27,640 - INFO - Episode 19/50 started - Strategy: CuriosityStrategy
2025-06-23 14:57:43,558 - INFO - ✅ Episode 19: MIN_STEPS REACHED | Reward: -6382.0 | Steps: 200
2025-06-23 14:57:43,558 - INFO - Episode 20/50 started - Strategy: CuriosityStrategy
2025-06-23 14:58:20,457 - INFO - 📍 Episode 20: MIN_STEPS + CHECKPOINTS | Reward: -3146.0 | Steps: 200
2025-06-23 14:58:20,461 - INFO - Episodes completed: 20
2025-06-23 14:58:20,462 - INFO - Average reward (last 50): -2925.80
2025-06-23 14:58:20,462 - INFO - Average steps (last 50): 199.4
2025-06-23 14:58:20,462 - INFO - Success rate (last 50): 6.0%
2025-06-23 14:58:20,462 - INFO - Min steps achieved (last 50): 50/50 (100.0%)
2025-06-23 14:58:20,462 - INFO - States explored: 67
2025-06-23 14:58:20,462 - INFO - Total checkpoints reached: 45
2025-06-23 14:58:20,463 - INFO - Unique checkpoints discovered: 4
2025-06-23 14:58:20,463 - INFO - Episodes with checkpoints: 19/20
2025-06-23 14:58:20,463 - INFO - Episodes reaching min_steps: 20/20
2025-06-23 14:58:20,463 - INFO - Checkpoint values found: [1, 2, 3, 4]
2025-06-23 14:58:20,463 - INFO - Episode 21/50 started - Strategy: CuriosityStrategy
2025-06-23 14:58:57,521 - INFO - 📍 Episode 21: MIN_STEPS + CHECKPOINTS | Reward: -2050.0 | Steps: 200
2025-06-23 14:58:57,521 - INFO - Episode 22/50 started - Strategy: CuriosityStrategy
2025-06-23 14:59:34,899 - INFO - 📍 Episode 22: MIN_STEPS + CHECKPOINTS | Reward: -2930.0 | Steps: 200
2025-06-23 14:59:34,899 - INFO - Episode 23/50 started - Strategy: CuriosityStrategy
2025-06-23 15:00:12,141 - INFO - 📍 Episode 23: MIN_STEPS + CHECKPOINTS | Reward: -3008.0 | Steps: 200
2025-06-23 15:00:12,142 - INFO - Episode 24/50 started - Strategy: CuriosityStrategy
2025-06-23 15:00:49,634 - INFO - 📍 Episode 24: MIN_STEPS + CHECKPOINTS | Reward: -2704.0 | Steps: 200
2025-06-23 15:00:49,634 - INFO - Episode 25/50 started - Strategy: CuriosityStrategy
2025-06-23 15:01:27,384 - INFO - 📍 Episode 25: MIN_STEPS + CHECKPOINTS | Reward: -1729.0 | Steps: 200
2025-06-23 15:01:27,384 - INFO - Episode 26/50 started - Strategy: CuriosityStrategy
2025-06-23 15:02:01,801 - INFO - 🏆 Episode 26: GOAL REACHED | Reward: 433.5 | Steps: 183
2025-06-23 15:02:01,802 - INFO - Episode 27/50 started - Strategy: CuriosityStrategy
2025-06-23 15:02:39,660 - INFO - 📍 Episode 27: MIN_STEPS + CHECKPOINTS | Reward: -1726.0 | Steps: 200
2025-06-23 15:02:39,660 - INFO - Episode 28/50 started - Strategy: CuriosityStrategy
2025-06-23 15:03:16,585 - INFO - 📍 Episode 28: MIN_STEPS + CHECKPOINTS | Reward: -2254.0 | Steps: 200
2025-06-23 15:03:16,585 - INFO - Episode 29/50 started - Strategy: CuriosityStrategy
2025-06-23 15:03:53,507 - INFO - 📍 Episode 29: MIN_STEPS + CHECKPOINTS | Reward: -3309.0 | Steps: 200
2025-06-23 15:03:53,508 - INFO - Episode 30/50 started - Strategy: CuriosityStrategy
2025-06-23 15:04:29,540 - INFO - 📍 Episode 30: MIN_STEPS + CHECKPOINTS | Reward: -3248.0 | Steps: 200
2025-06-23 15:04:29,541 - INFO - Episodes completed: 30
2025-06-23 15:04:29,542 - INFO - Average reward (last 50): -2918.73
2025-06-23 15:04:29,542 - INFO - Average steps (last 50): 199.2
2025-06-23 15:04:29,542 - INFO - Success rate (last 50): 6.0%
2025-06-23 15:04:29,542 - INFO - Min steps achieved (last 50): 50/50 (100.0%)
2025-06-23 15:04:29,542 - INFO - States explored: 67
2025-06-23 15:04:29,542 - INFO - Total checkpoints reached: 80
2025-06-23 15:04:29,542 - INFO - Unique checkpoints discovered: 4
2025-06-23 15:04:29,542 - INFO - Episodes with checkpoints: 29/30
2025-06-23 15:04:29,542 - INFO - Episodes reaching min_steps: 30/30
2025-06-23 15:04:29,542 - INFO - Checkpoint values found: [1, 2, 3, 4]
2025-06-23 15:04:29,542 - INFO - Episode 31/50 started - Strategy: CuriosityStrategy
2025-06-23 15:05:06,418 - INFO - 📍 Episode 31: MIN_STEPS + CHECKPOINTS | Reward: -2321.0 | Steps: 200
2025-06-23 15:05:06,418 - INFO - Episode 32/50 started - Strategy: CuriosityStrategy
2025-06-23 15:05:42,714 - INFO - 📍 Episode 32: MIN_STEPS + CHECKPOINTS | Reward: -3265.0 | Steps: 200
2025-06-23 15:05:42,714 - INFO - Episode 33/50 started - Strategy: CuriosityStrategy
2025-06-23 15:06:19,994 - INFO - 📍 Episode 33: MIN_STEPS + CHECKPOINTS | Reward: -2793.0 | Steps: 200
2025-06-23 15:06:19,995 - INFO - Episode 34/50 started - Strategy: CuriosityStrategy
2025-06-23 15:06:57,105 - INFO - 📍 Episode 34: MIN_STEPS + CHECKPOINTS | Reward: -4197.0 | Steps: 200
2025-06-23 15:06:57,106 - INFO - Episode 35/50 started - Strategy: CuriosityStrategy
2025-06-23 15:07:33,912 - INFO - 📍 Episode 35: MIN_STEPS + CHECKPOINTS | Reward: -4294.0 | Steps: 200
2025-06-23 15:07:33,913 - INFO - Episode 36/50 started - Strategy: CuriosityStrategy
2025-06-23 15:08:11,191 - INFO - 📍 Episode 36: MIN_STEPS + CHECKPOINTS | Reward: -3943.0 | Steps: 200
2025-06-23 15:08:11,191 - INFO - Episode 37/50 started - Strategy: CuriosityStrategy
2025-06-23 15:08:45,719 - INFO - 📍 Episode 37: MIN_STEPS + CHECKPOINTS | Reward: -4213.0 | Steps: 200
2025-06-23 15:08:45,719 - INFO - Episode 38/50 started - Strategy: CuriosityStrategy
2025-06-23 15:09:22,969 - INFO - 📍 Episode 38: MIN_STEPS + CHECKPOINTS | Reward: -3221.0 | Steps: 200
2025-06-23 15:09:22,969 - INFO - Episode 39/50 started - Strategy: CuriosityStrategy
2025-06-23 15:09:58,796 - INFO - 📍 Episode 39: MIN_STEPS + CHECKPOINTS | Reward: -3424.0 | Steps: 200
2025-06-23 15:09:58,796 - INFO - Episode 40/50 started - Strategy: CuriosityStrategy
2025-06-23 15:10:33,264 - INFO - 🏆 Episode 40: GOAL REACHED | Reward: -119.5 | Steps: 187
2025-06-23 15:10:33,268 - INFO - Episodes completed: 40
2025-06-23 15:10:33,268 - INFO - Average reward (last 50): -3129.66
2025-06-23 15:10:33,268 - INFO - Average steps (last 50): 199.4
2025-06-23 15:10:33,268 - INFO - Success rate (last 50): 4.0%
2025-06-23 15:10:33,268 - INFO - Min steps achieved (last 50): 50/50 (100.0%)
2025-06-23 15:10:33,268 - INFO - States explored: 67
2025-06-23 15:10:33,268 - INFO - Total checkpoints reached: 105
2025-06-23 15:10:33,268 - INFO - Unique checkpoints discovered: 4
2025-06-23 15:10:33,268 - INFO - Episodes with checkpoints: 39/40
2025-06-23 15:10:33,268 - INFO - Episodes reaching min_steps: 40/40
2025-06-23 15:10:33,268 - INFO - Checkpoint values found: [1, 2, 3, 4]
2025-06-23 15:10:33,268 - INFO - Episode 41/50 started - Strategy: CuriosityStrategy
2025-06-23 15:11:07,805 - INFO - 🏆 Episode 41: GOAL REACHED | Reward: 135.5 | Steps: 183
2025-06-23 15:11:07,806 - INFO - Episode 42/50 started - Strategy: CuriosityStrategy
2025-06-23 15:11:44,584 - INFO - 📍 Episode 42: MIN_STEPS + CHECKPOINTS | Reward: -3230.0 | Steps: 200
2025-06-23 15:11:44,585 - INFO - Episode 43/50 started - Strategy: CuriosityStrategy
2025-06-23 15:12:21,006 - INFO - 📍 Episode 43: MIN_STEPS + CHECKPOINTS | Reward: -3400.0 | Steps: 200
2025-06-23 15:12:21,007 - INFO - Episode 44/50 started - Strategy: CuriosityStrategy
2025-06-23 15:12:57,856 - INFO - 📍 Episode 44: MIN_STEPS + CHECKPOINTS | Reward: -2180.0 | Steps: 200
2025-06-23 15:12:57,857 - INFO - Episode 45/50 started - Strategy: CuriosityStrategy
2025-06-23 15:13:35,264 - INFO - 📍 Episode 45: MIN_STEPS + CHECKPOINTS | Reward: -2287.0 | Steps: 200
2025-06-23 15:13:35,264 - INFO - Episode 46/50 started - Strategy: CuriosityStrategy
2025-06-23 15:14:11,656 - INFO - 📍 Episode 46: MIN_STEPS + CHECKPOINTS | Reward: -4320.0 | Steps: 200
2025-06-23 15:14:11,656 - INFO - Episode 47/50 started - Strategy: CuriosityStrategy
2025-06-23 15:14:48,320 - INFO - 📍 Episode 47: MIN_STEPS + CHECKPOINTS | Reward: -2927.0 | Steps: 200
2025-06-23 15:14:48,321 - INFO - Episode 48/50 started - Strategy: CuriosityStrategy
2025-06-23 15:15:26,577 - INFO - 📍 Episode 48: MIN_STEPS + CHECKPOINTS | Reward: -1685.0 | Steps: 200
2025-06-23 15:15:26,577 - INFO - Episode 49/50 started - Strategy: CuriosityStrategy
2025-06-23 15:16:02,307 - INFO - 📍 Episode 49: MIN_STEPS + CHECKPOINTS | Reward: -3610.0 | Steps: 200
2025-06-23 15:16:02,308 - INFO - Episode 50/50 started - Strategy: CuriosityStrategy
2025-06-23 15:16:38,001 - INFO - 🏆 Episode 50: GOAL REACHED | Reward: -105.5 | Steps: 191
2025-06-23 15:16:38,004 - INFO - Episodes completed: 50
2025-06-23 15:16:38,005 - INFO - Average reward (last 50): -3008.34
2025-06-23 15:16:38,005 - INFO - Average steps (last 50): 198.9
2025-06-23 15:16:38,005 - INFO - Success rate (last 50): 8.0%
2025-06-23 15:16:38,005 - INFO - Min steps achieved (last 50): 50/50 (100.0%)
2025-06-23 15:16:38,005 - INFO - States explored: 67
2025-06-23 15:16:38,005 - INFO - Total checkpoints reached: 136
2025-06-23 15:16:38,005 - INFO - Unique checkpoints discovered: 4
2025-06-23 15:16:38,005 - INFO - Episodes with checkpoints: 49/50
2025-06-23 15:16:38,005 - INFO - Episodes reaching min_steps: 50/50
2025-06-23 15:16:38,005 - INFO - Checkpoint values found: [1, 2, 3, 4]
2025-06-23 15:16:38,007 - INFO - ✅ Training completed!
2025-06-23 15:16:38,008 - INFO - === FINAL TRAINING STATISTICS ===
2025-06-23 15:16:38,008 - INFO -   total_episodes: 1350
2025-06-23 15:16:38,008 - INFO -   states_explored: 67
2025-06-23 15:16:38,009 - INFO -   avg_reward: -3252.8507407407405
2025-06-23 15:16:38,009 - INFO -   max_reward: 968.5
2025-06-23 15:16:38,009 - INFO -   success_rate: 0.016296296296296295
2025-06-23 15:16:38,009 - INFO -   strategy_info: {'base_epsilon': 0.65, 'novelty_bonus': 5.0, 'states_discovered': 67}
2025-06-23 15:16:38,009 - INFO - === FINAL CHECKPOINT ANALYSIS ===
2025-06-23 15:16:38,009 - INFO -   Checkpoint discovery rate: 0.003 unique/episode
2025-06-23 15:16:38,009 - INFO -   Checkpoint frequency: 0.101 checkpoints/episode
2025-06-23 15:16:38,009 - INFO -   Min steps achievement rate: 3.7%
2025-06-23 15:16:38,009 - INFO -   Best checkpoint reached: 4
2025-06-23 15:16:38,009 - INFO -   Maze progress: 80.0% (checkpoints discovered)
2025-06-23 15:16:38,009 - INFO - DDS stopped.
