2025-06-23 16:53:19,725 - INFO - Strategy initialized: CuriosityStrategy
2025-06-23 16:53:19,726 - INFO - Strategy info: {'base_epsilon': 0.65, 'novelty_bonus': 5.0, 'states_discovered': 0}
2025-06-23 16:53:19,726 - INFO - CLI mode selected: continue
2025-06-23 16:53:19,726 - INFO - Continuing training for 100 additional episodes.
2025-06-23 16:53:19,726 - INFO - ================================================================================
2025-06-23 16:53:19,726 - INFO - 🚀 STARTING TRAINING SESSION
2025-06-23 16:53:19,726 - INFO - ================================================================================
2025-06-23 16:53:19,726 - INFO - Episodes: 100
2025-06-23 16:53:19,726 - INFO - Strategy: curiosity
2025-06-23 16:53:19,726 - INFO - Min steps per episode: 100
2025-06-23 16:53:19,726 - INFO - Max steps per episode: 200
2025-06-23 16:53:19,726 - INFO - Model path: models/q_agent.pkl
2025-06-23 16:53:19,726 - INFO - ================================================================================
2025-06-23 16:53:19,733 - INFO - 🔗 Connected to Godot simulation!
2025-06-23 16:53:19,733 - INFO - Episode 1/100 started - Strategy: CuriosityStrategy
2025-06-23 16:53:54,524 - INFO - ✅ Episode 1: MIN_STEPS REACHED | Reward: -4276.0 | Steps: 200
2025-06-23 16:53:54,524 - INFO - Episode 2/100 started - Strategy: CuriosityStrategy
2025-06-23 16:54:30,917 - INFO - 📍 Episode 2: MIN_STEPS + CHECKPOINTS | Reward: -3424.0 | Steps: 200
2025-06-23 16:54:30,917 - INFO - Episode 3/100 started - Strategy: CuriosityStrategy
2025-06-23 16:55:07,295 - INFO - 📍 Episode 3: MIN_STEPS + CHECKPOINTS | Reward: -3473.0 | Steps: 200
2025-06-23 16:55:07,295 - INFO - Episode 4/100 started - Strategy: CuriosityStrategy
2025-06-23 16:55:44,292 - INFO - 🏆 Episode 4: GOAL REACHED | Reward: 94.0 | Steps: 200
2025-06-23 16:55:44,292 - INFO - Episode 5/100 started - Strategy: CuriosityStrategy
2025-06-23 16:56:20,921 - INFO - 📍 Episode 5: MIN_STEPS + CHECKPOINTS | Reward: -4039.0 | Steps: 200
2025-06-23 16:56:20,922 - INFO - Episode 6/100 started - Strategy: CuriosityStrategy
2025-06-23 16:56:58,096 - INFO - 📍 Episode 6: MIN_STEPS + CHECKPOINTS | Reward: -3961.0 | Steps: 200
2025-06-23 16:56:58,096 - INFO - Episode 7/100 started - Strategy: CuriosityStrategy
2025-06-23 16:57:35,216 - INFO - 📍 Episode 7: MIN_STEPS + CHECKPOINTS | Reward: -3844.0 | Steps: 200
2025-06-23 16:57:35,216 - INFO - Episode 8/100 started - Strategy: CuriosityStrategy
2025-06-23 16:58:12,021 - INFO - 📍 Episode 8: MIN_STEPS + CHECKPOINTS | Reward: -3793.0 | Steps: 200
2025-06-23 16:58:12,021 - INFO - Episode 9/100 started - Strategy: CuriosityStrategy
2025-06-23 16:58:49,148 - INFO - 📍 Episode 9: MIN_STEPS + CHECKPOINTS | Reward: -3970.0 | Steps: 200
2025-06-23 16:58:49,148 - INFO - Episode 10/100 started - Strategy: CuriosityStrategy
2025-06-23 16:59:26,489 - INFO - 📍 Episode 10: MIN_STEPS + CHECKPOINTS | Reward: -3553.0 | Steps: 200
2025-06-23 16:59:26,492 - INFO - Episodes completed: 10
2025-06-23 16:59:26,492 - INFO - Average reward (last 50): -3024.52
2025-06-23 16:59:26,493 - INFO - Average steps (last 50): 198.3
2025-06-23 16:59:26,493 - INFO - Success rate (last 50): 8.0%
2025-06-23 16:59:26,493 - INFO - Min steps achieved (last 50): 50/50 (100.0%)
2025-06-23 16:59:26,493 - INFO - States explored: 76
2025-06-23 16:59:26,493 - INFO - Total checkpoints reached: 21
2025-06-23 16:59:26,493 - INFO - Unique checkpoints discovered: 4
2025-06-23 16:59:26,493 - INFO - Episodes with checkpoints: 9/10
2025-06-23 16:59:26,493 - INFO - Episodes reaching min_steps: 10/10
2025-06-23 16:59:26,493 - INFO - Checkpoint values found: [1, 2, 3, 4]
2025-06-23 16:59:26,493 - INFO - Episode 11/100 started - Strategy: CuriosityStrategy
2025-06-23 17:00:03,235 - INFO - 📍 Episode 11: MIN_STEPS + CHECKPOINTS | Reward: -3736.0 | Steps: 200
2025-06-23 17:00:03,235 - INFO - Episode 12/100 started - Strategy: CuriosityStrategy
2025-06-23 17:00:39,005 - INFO - 📍 Episode 12: MIN_STEPS + CHECKPOINTS | Reward: -4641.0 | Steps: 200
2025-06-23 17:00:39,005 - INFO - Episode 13/100 started - Strategy: CuriosityStrategy
2025-06-23 17:01:15,565 - INFO - 📍 Episode 13: MIN_STEPS + CHECKPOINTS | Reward: -4176.0 | Steps: 200
2025-06-23 17:01:15,565 - INFO - Episode 14/100 started - Strategy: CuriosityStrategy
2025-06-23 17:01:52,648 - INFO - 📍 Episode 14: MIN_STEPS + CHECKPOINTS | Reward: -2233.0 | Steps: 200
2025-06-23 17:01:52,648 - INFO - Episode 15/100 started - Strategy: CuriosityStrategy
2025-06-23 17:02:30,418 - INFO - 📍 Episode 15: MIN_STEPS + CHECKPOINTS | Reward: -3649.0 | Steps: 200
2025-06-23 17:02:30,419 - INFO - Episode 16/100 started - Strategy: CuriosityStrategy
2025-06-23 17:03:09,242 - INFO - 📍 Episode 16: MIN_STEPS + CHECKPOINTS | Reward: -3646.0 | Steps: 200
2025-06-23 17:03:09,243 - INFO - Episode 17/100 started - Strategy: CuriosityStrategy
2025-06-23 17:03:47,816 - INFO - 📍 Episode 17: MIN_STEPS + CHECKPOINTS | Reward: -4128.0 | Steps: 200
2025-06-23 17:03:47,817 - INFO - Episode 18/100 started - Strategy: CuriosityStrategy
2025-06-23 17:04:25,858 - INFO - 📍 Episode 18: MIN_STEPS + CHECKPOINTS | Reward: -3829.0 | Steps: 200
2025-06-23 17:04:25,859 - INFO - Episode 19/100 started - Strategy: CuriosityStrategy
2025-06-23 17:05:04,557 - INFO - 📍 Episode 19: MIN_STEPS + CHECKPOINTS | Reward: -4141.0 | Steps: 200
2025-06-23 17:05:04,558 - INFO - Episode 20/100 started - Strategy: CuriosityStrategy
2025-06-23 17:05:43,645 - INFO - 📍 Episode 20: MIN_STEPS + CHECKPOINTS | Reward: -3952.0 | Steps: 200
2025-06-23 17:05:43,648 - INFO - Episodes completed: 20
2025-06-23 17:05:43,648 - INFO - Average reward (last 50): -3328.54
2025-06-23 17:05:43,649 - INFO - Average steps (last 50): 199.8
2025-06-23 17:05:43,649 - INFO - Success rate (last 50): 4.0%
2025-06-23 17:05:43,649 - INFO - Min steps achieved (last 50): 50/50 (100.0%)
2025-06-23 17:05:43,649 - INFO - States explored: 76
2025-06-23 17:05:43,649 - INFO - Total checkpoints reached: 39
2025-06-23 17:05:43,649 - INFO - Unique checkpoints discovered: 4
2025-06-23 17:05:43,649 - INFO - Episodes with checkpoints: 19/20
2025-06-23 17:05:43,650 - INFO - Episodes reaching min_steps: 20/20
2025-06-23 17:05:43,650 - INFO - Checkpoint values found: [1, 2, 3, 4]
2025-06-23 17:05:43,650 - INFO - Episode 21/100 started - Strategy: CuriosityStrategy
2025-06-23 17:06:22,400 - INFO - 📍 Episode 21: MIN_STEPS + CHECKPOINTS | Reward: -3886.0 | Steps: 200
2025-06-23 17:06:22,401 - INFO - Episode 22/100 started - Strategy: CuriosityStrategy
2025-06-23 17:07:00,638 - INFO - 📍 Episode 22: MIN_STEPS + CHECKPOINTS | Reward: -4419.0 | Steps: 200
2025-06-23 17:07:00,638 - INFO - Episode 23/100 started - Strategy: CuriosityStrategy
2025-06-23 17:07:39,072 - INFO - 📍 Episode 23: MIN_STEPS + CHECKPOINTS | Reward: -3901.0 | Steps: 200
2025-06-23 17:07:39,072 - INFO - Episode 24/100 started - Strategy: CuriosityStrategy
2025-06-23 17:08:17,723 - INFO - 📍 Episode 24: MIN_STEPS + CHECKPOINTS | Reward: -3805.0 | Steps: 200
2025-06-23 17:08:17,723 - INFO - Episode 25/100 started - Strategy: CuriosityStrategy
2025-06-23 17:08:56,605 - INFO - 📍 Episode 25: MIN_STEPS + CHECKPOINTS | Reward: -4024.0 | Steps: 200
2025-06-23 17:08:56,606 - INFO - Episode 26/100 started - Strategy: CuriosityStrategy
2025-06-23 17:09:34,027 - INFO - 📍 Episode 26: MIN_STEPS + CHECKPOINTS | Reward: -4216.0 | Steps: 200
2025-06-23 17:09:34,027 - INFO - Episode 27/100 started - Strategy: CuriosityStrategy
2025-06-23 17:10:12,634 - INFO - 📍 Episode 27: MIN_STEPS + CHECKPOINTS | Reward: -3931.0 | Steps: 200
2025-06-23 17:10:12,634 - INFO - Episode 28/100 started - Strategy: CuriosityStrategy
2025-06-23 17:10:51,072 - INFO - 📍 Episode 28: MIN_STEPS + CHECKPOINTS | Reward: -2306.0 | Steps: 200
2025-06-23 17:10:51,073 - INFO - Episode 29/100 started - Strategy: CuriosityStrategy
2025-06-23 17:11:30,003 - INFO - 📍 Episode 29: MIN_STEPS + CHECKPOINTS | Reward: -3913.0 | Steps: 200
2025-06-23 17:11:30,004 - INFO - Episode 30/100 started - Strategy: CuriosityStrategy
2025-06-23 17:12:08,839 - INFO - 📍 Episode 30: MIN_STEPS + CHECKPOINTS | Reward: -3524.0 | Steps: 200
2025-06-23 17:12:08,841 - INFO - Episodes completed: 30
2025-06-23 17:12:08,841 - INFO - Average reward (last 50): -3510.28
2025-06-23 17:12:08,842 - INFO - Average steps (last 50): 199.8
2025-06-23 17:12:08,842 - INFO - Success rate (last 50): 4.0%
2025-06-23 17:12:08,842 - INFO - Min steps achieved (last 50): 50/50 (100.0%)
2025-06-23 17:12:08,842 - INFO - States explored: 76
2025-06-23 17:12:08,842 - INFO - Total checkpoints reached: 60
2025-06-23 17:12:08,842 - INFO - Unique checkpoints discovered: 4
2025-06-23 17:12:08,842 - INFO - Episodes with checkpoints: 29/30
2025-06-23 17:12:08,842 - INFO - Episodes reaching min_steps: 30/30
2025-06-23 17:12:08,842 - INFO - Checkpoint values found: [1, 2, 3, 4]
2025-06-23 17:12:08,843 - INFO - Episode 31/100 started - Strategy: CuriosityStrategy
2025-06-23 17:12:47,139 - INFO - 📍 Episode 31: MIN_STEPS + CHECKPOINTS | Reward: -3335.0 | Steps: 200
2025-06-23 17:12:47,140 - INFO - Episode 32/100 started - Strategy: CuriosityStrategy
2025-06-23 17:13:26,660 - INFO - 📍 Episode 32: MIN_STEPS + CHECKPOINTS | Reward: -3227.0 | Steps: 200
2025-06-23 17:13:26,661 - INFO - Episode 33/100 started - Strategy: CuriosityStrategy
2025-06-23 17:14:04,355 - INFO - 📍 Episode 33: MIN_STEPS + CHECKPOINTS | Reward: -3856.0 | Steps: 200
2025-06-23 17:14:04,356 - INFO - Episode 34/100 started - Strategy: CuriosityStrategy
2025-06-23 17:14:42,998 - INFO - 📍 Episode 34: MIN_STEPS + CHECKPOINTS | Reward: -4099.0 | Steps: 200
2025-06-23 17:14:42,998 - INFO - Episode 35/100 started - Strategy: CuriosityStrategy
2025-06-23 17:15:21,354 - INFO - 📍 Episode 35: MIN_STEPS + CHECKPOINTS | Reward: -3319.0 | Steps: 200
2025-06-23 17:15:21,354 - INFO - Episode 36/100 started - Strategy: CuriosityStrategy
2025-06-23 17:16:00,888 - INFO - 📍 Episode 36: MIN_STEPS + CHECKPOINTS | Reward: -1762.0 | Steps: 200
2025-06-23 17:16:00,888 - INFO - Episode 37/100 started - Strategy: CuriosityStrategy
2025-06-23 17:16:38,580 - INFO - 📍 Episode 37: MIN_STEPS + CHECKPOINTS | Reward: -4060.0 | Steps: 200
2025-06-23 17:16:38,581 - INFO - Episode 38/100 started - Strategy: CuriosityStrategy
2025-06-23 17:17:17,216 - INFO - 📍 Episode 38: MIN_STEPS + CHECKPOINTS | Reward: -3260.0 | Steps: 200
2025-06-23 17:17:17,217 - INFO - Episode 39/100 started - Strategy: CuriosityStrategy
2025-06-23 17:17:55,268 - INFO - 📍 Episode 39: MIN_STEPS + CHECKPOINTS | Reward: -3047.0 | Steps: 200
2025-06-23 17:17:55,269 - INFO - Episode 40/100 started - Strategy: CuriosityStrategy
2025-06-23 17:18:33,693 - INFO - 📍 Episode 40: MIN_STEPS + CHECKPOINTS | Reward: -2920.0 | Steps: 200
2025-06-23 17:18:33,695 - INFO - Episodes completed: 40
2025-06-23 17:18:33,696 - INFO - Average reward (last 50): -3602.96
2025-06-23 17:18:33,696 - INFO - Average steps (last 50): 200.0
2025-06-23 17:18:33,696 - INFO - Success rate (last 50): 2.0%
2025-06-23 17:18:33,696 - INFO - Min steps achieved (last 50): 50/50 (100.0%)
2025-06-23 17:18:33,696 - INFO - States explored: 76
2025-06-23 17:18:33,696 - INFO - Total checkpoints reached: 88
2025-06-23 17:18:33,697 - INFO - Unique checkpoints discovered: 4
2025-06-23 17:18:33,697 - INFO - Episodes with checkpoints: 39/40
2025-06-23 17:18:33,697 - INFO - Episodes reaching min_steps: 40/40
2025-06-23 17:18:33,697 - INFO - Checkpoint values found: [1, 2, 3, 4]
2025-06-23 17:18:33,697 - INFO - Episode 41/100 started - Strategy: CuriosityStrategy
2025-06-23 17:19:12,481 - INFO - 📍 Episode 41: MIN_STEPS + CHECKPOINTS | Reward: -3499.0 | Steps: 200
2025-06-23 17:19:12,481 - INFO - Episode 42/100 started - Strategy: CuriosityStrategy
2025-06-23 17:19:51,135 - INFO - 📍 Episode 42: MIN_STEPS + CHECKPOINTS | Reward: -3040.0 | Steps: 200
2025-06-23 17:19:51,135 - INFO - Episode 43/100 started - Strategy: CuriosityStrategy
2025-06-23 17:20:29,921 - INFO - 📍 Episode 43: MIN_STEPS + CHECKPOINTS | Reward: -3275.0 | Steps: 200
2025-06-23 17:20:29,922 - INFO - Episode 44/100 started - Strategy: CuriosityStrategy
2025-06-23 17:21:08,720 - INFO - 📍 Episode 44: MIN_STEPS + CHECKPOINTS | Reward: -2927.0 | Steps: 200
2025-06-23 17:21:08,721 - INFO - Episode 45/100 started - Strategy: CuriosityStrategy
2025-06-23 17:21:47,729 - INFO - 📍 Episode 45: MIN_STEPS + CHECKPOINTS | Reward: -3655.0 | Steps: 200
2025-06-23 17:21:47,730 - INFO - Episode 46/100 started - Strategy: CuriosityStrategy
2025-06-23 17:22:27,529 - INFO - 📍 Episode 46: MIN_STEPS + CHECKPOINTS | Reward: -2738.0 | Steps: 200
2025-06-23 17:22:27,530 - INFO - Episode 47/100 started - Strategy: CuriosityStrategy
2025-06-23 17:23:05,341 - INFO - 📍 Episode 47: MIN_STEPS + CHECKPOINTS | Reward: -3200.0 | Steps: 200
2025-06-23 17:23:05,342 - INFO - Episode 48/100 started - Strategy: CuriosityStrategy
2025-06-23 17:23:43,426 - INFO - 📍 Episode 48: MIN_STEPS + CHECKPOINTS | Reward: -4554.0 | Steps: 200
2025-06-23 17:23:43,427 - INFO - Episode 49/100 started - Strategy: CuriosityStrategy
2025-06-23 17:24:22,312 - INFO - 📍 Episode 49: MIN_STEPS + CHECKPOINTS | Reward: -2327.0 | Steps: 200
2025-06-23 17:24:22,313 - INFO - Episode 50/100 started - Strategy: CuriosityStrategy
2025-06-23 17:25:00,987 - INFO - 📍 Episode 50: MIN_STEPS + CHECKPOINTS | Reward: -2527.0 | Steps: 200
2025-06-23 17:25:00,990 - INFO - Episodes completed: 50
2025-06-23 17:25:00,990 - INFO - Average reward (last 50): -3498.44
2025-06-23 17:25:00,991 - INFO - Average steps (last 50): 200.0
2025-06-23 17:25:00,991 - INFO - Success rate (last 50): 2.0%
2025-06-23 17:25:00,991 - INFO - Min steps achieved (last 50): 50/50 (100.0%)
2025-06-23 17:25:00,991 - INFO - States explored: 76
2025-06-23 17:25:00,991 - INFO - Total checkpoints reached: 115
2025-06-23 17:25:00,991 - INFO - Unique checkpoints discovered: 4
2025-06-23 17:25:00,991 - INFO - Episodes with checkpoints: 49/50
2025-06-23 17:25:00,992 - INFO - Episodes reaching min_steps: 50/50
2025-06-23 17:25:00,992 - INFO - Checkpoint values found: [1, 2, 3, 4]
2025-06-23 17:25:00,992 - INFO - Episode 51/100 started - Strategy: CuriosityStrategy
2025-06-23 17:25:40,017 - INFO - 📍 Episode 51: MIN_STEPS + CHECKPOINTS | Reward: -3532.0 | Steps: 200
2025-06-23 17:25:40,017 - INFO - Episode 52/100 started - Strategy: CuriosityStrategy
2025-06-23 17:26:17,390 - INFO - 🏆 Episode 52: GOAL REACHED | Reward: -419.0 | Steps: 194
2025-06-23 17:26:17,391 - INFO - Episode 53/100 started - Strategy: CuriosityStrategy
2025-06-23 17:26:55,566 - INFO - 📍 Episode 53: MIN_STEPS + CHECKPOINTS | Reward: -3886.0 | Steps: 200
2025-06-23 17:26:55,567 - INFO - Episode 54/100 started - Strategy: CuriosityStrategy
2025-06-23 17:27:34,461 - INFO - 📍 Episode 54: MIN_STEPS + CHECKPOINTS | Reward: -2092.0 | Steps: 200
2025-06-23 17:27:34,461 - INFO - Episode 55/100 started - Strategy: CuriosityStrategy
2025-06-23 17:28:12,479 - INFO - 📍 Episode 55: MIN_STEPS + CHECKPOINTS | Reward: -3527.0 | Steps: 200
2025-06-23 17:28:12,479 - INFO - Episode 56/100 started - Strategy: CuriosityStrategy
2025-06-23 17:28:50,702 - INFO - 📍 Episode 56: MIN_STEPS + CHECKPOINTS | Reward: -3736.0 | Steps: 200
2025-06-23 17:28:50,703 - INFO - Episode 57/100 started - Strategy: CuriosityStrategy
2025-06-23 17:29:30,100 - INFO - 📍 Episode 57: MIN_STEPS + CHECKPOINTS | Reward: -2344.0 | Steps: 200
2025-06-23 17:29:30,100 - INFO - Episode 58/100 started - Strategy: CuriosityStrategy
2025-06-23 17:30:08,505 - INFO - 📍 Episode 58: MIN_STEPS + CHECKPOINTS | Reward: -3472.0 | Steps: 200
2025-06-23 17:30:08,505 - INFO - Episode 59/100 started - Strategy: CuriosityStrategy
2025-06-23 17:30:46,466 - INFO - 📍 Episode 59: MIN_STEPS + CHECKPOINTS | Reward: -3856.0 | Steps: 200
2025-06-23 17:30:46,466 - INFO - Episode 60/100 started - Strategy: CuriosityStrategy
2025-06-23 17:31:24,877 - INFO - 📍 Episode 60: MIN_STEPS + CHECKPOINTS | Reward: -3811.0 | Steps: 200
2025-06-23 17:31:24,880 - INFO - Episodes completed: 60
2025-06-23 17:31:24,880 - INFO - Average reward (last 50): -3427.16
2025-06-23 17:31:24,880 - INFO - Average steps (last 50): 199.9
2025-06-23 17:31:24,881 - INFO - Success rate (last 50): 2.0%
2025-06-23 17:31:24,881 - INFO - Min steps achieved (last 50): 50/50 (100.0%)
2025-06-23 17:31:24,881 - INFO - States explored: 76
2025-06-23 17:31:24,881 - INFO - Total checkpoints reached: 142
2025-06-23 17:31:24,881 - INFO - Unique checkpoints discovered: 4
2025-06-23 17:31:24,881 - INFO - Episodes with checkpoints: 59/60
2025-06-23 17:31:24,881 - INFO - Episodes reaching min_steps: 60/60
2025-06-23 17:31:24,881 - INFO - Checkpoint values found: [1, 2, 3, 4]
2025-06-23 17:31:24,881 - INFO - Episode 61/100 started - Strategy: CuriosityStrategy
2025-06-23 17:32:03,596 - INFO - 📍 Episode 61: MIN_STEPS + CHECKPOINTS | Reward: -3314.0 | Steps: 200
2025-06-23 17:32:03,596 - INFO - Episode 62/100 started - Strategy: CuriosityStrategy
2025-06-23 17:32:41,556 - INFO - 📍 Episode 62: MIN_STEPS + CHECKPOINTS | Reward: -3778.0 | Steps: 200
2025-06-23 17:32:41,556 - INFO - Episode 63/100 started - Strategy: CuriosityStrategy
2025-06-23 17:33:19,277 - INFO - 📍 Episode 63: MIN_STEPS + CHECKPOINTS | Reward: -3536.0 | Steps: 200
2025-06-23 17:33:19,277 - INFO - Episode 64/100 started - Strategy: CuriosityStrategy
2025-06-23 17:33:57,896 - INFO - 📍 Episode 64: MIN_STEPS + CHECKPOINTS | Reward: -3081.0 | Steps: 200
2025-06-23 17:33:57,896 - INFO - Episode 65/100 started - Strategy: CuriosityStrategy
2025-06-23 17:34:36,990 - INFO - 📍 Episode 65: MIN_STEPS + CHECKPOINTS | Reward: -3197.0 | Steps: 200
2025-06-23 17:34:36,990 - INFO - Episode 66/100 started - Strategy: CuriosityStrategy
2025-06-23 17:35:15,364 - INFO - 📍 Episode 66: MIN_STEPS + CHECKPOINTS | Reward: -4042.0 | Steps: 200
2025-06-23 17:35:15,365 - INFO - Episode 67/100 started - Strategy: CuriosityStrategy
2025-06-23 17:35:53,912 - INFO - 📍 Episode 67: MIN_STEPS + CHECKPOINTS | Reward: -3464.0 | Steps: 200
2025-06-23 17:35:53,913 - INFO - Episode 68/100 started - Strategy: CuriosityStrategy
2025-06-23 17:36:33,157 - INFO - 📍 Episode 68: MIN_STEPS + CHECKPOINTS | Reward: -2044.0 | Steps: 200
2025-06-23 17:36:33,158 - INFO - Episode 69/100 started - Strategy: CuriosityStrategy
2025-06-23 17:37:12,195 - INFO - 📍 Episode 69: MIN_STEPS + CHECKPOINTS | Reward: -2308.0 | Steps: 200
2025-06-23 17:37:12,196 - INFO - Episode 70/100 started - Strategy: CuriosityStrategy
2025-06-23 17:37:50,983 - INFO - 📍 Episode 70: MIN_STEPS + CHECKPOINTS | Reward: -3215.0 | Steps: 200
2025-06-23 17:37:50,985 - INFO - Episodes completed: 70
2025-06-23 17:37:50,985 - INFO - Average reward (last 50): -3304.12
2025-06-23 17:37:50,986 - INFO - Average steps (last 50): 199.9
2025-06-23 17:37:50,986 - INFO - Success rate (last 50): 2.0%
2025-06-23 17:37:50,986 - INFO - Min steps achieved (last 50): 50/50 (100.0%)
2025-06-23 17:37:50,986 - INFO - States explored: 76
2025-06-23 17:37:50,986 - INFO - Total checkpoints reached: 172
2025-06-23 17:37:50,986 - INFO - Unique checkpoints discovered: 4
2025-06-23 17:37:50,986 - INFO - Episodes with checkpoints: 69/70
2025-06-23 17:37:50,986 - INFO - Episodes reaching min_steps: 70/70
2025-06-23 17:37:50,986 - INFO - Checkpoint values found: [1, 2, 3, 4]
2025-06-23 17:37:50,986 - INFO - Episode 71/100 started - Strategy: CuriosityStrategy
2025-06-23 17:38:30,381 - INFO - 📍 Episode 71: MIN_STEPS + CHECKPOINTS | Reward: -2771.0 | Steps: 200
2025-06-23 17:38:30,381 - INFO - Episode 72/100 started - Strategy: CuriosityStrategy
2025-06-23 17:39:08,736 - INFO - 📍 Episode 72: MIN_STEPS + CHECKPOINTS | Reward: -4018.0 | Steps: 200
2025-06-23 17:39:08,736 - INFO - Episode 73/100 started - Strategy: CuriosityStrategy
2025-06-23 17:39:46,706 - INFO - 📍 Episode 73: MIN_STEPS + CHECKPOINTS | Reward: -3092.0 | Steps: 200
2025-06-23 17:39:46,706 - INFO - Episode 74/100 started - Strategy: CuriosityStrategy
2025-06-23 17:40:25,399 - INFO - 📍 Episode 74: MIN_STEPS + CHECKPOINTS | Reward: -2987.0 | Steps: 200
2025-06-23 17:40:25,400 - INFO - Episode 75/100 started - Strategy: CuriosityStrategy
2025-06-23 17:41:03,137 - INFO - 📍 Episode 75: MIN_STEPS + CHECKPOINTS | Reward: -2962.0 | Steps: 200
2025-06-23 17:41:03,138 - INFO - Episode 76/100 started - Strategy: CuriosityStrategy
2025-06-23 17:41:41,224 - INFO - 🏆 Episode 76: GOAL REACHED | Reward: 268.0 | Steps: 194
2025-06-23 17:41:41,225 - INFO - Episode 77/100 started - Strategy: CuriosityStrategy
2025-06-23 17:42:20,486 - INFO - 📍 Episode 77: MIN_STEPS + CHECKPOINTS | Reward: -2795.0 | Steps: 200
2025-06-23 17:42:20,486 - INFO - Episode 78/100 started - Strategy: CuriosityStrategy
2025-06-23 17:42:59,554 - INFO - 📍 Episode 78: MIN_STEPS + CHECKPOINTS | Reward: -2879.0 | Steps: 200
2025-06-23 17:42:59,554 - INFO - Episode 79/100 started - Strategy: CuriosityStrategy
2025-06-23 17:43:37,329 - INFO - 📍 Episode 79: MIN_STEPS + CHECKPOINTS | Reward: -3098.0 | Steps: 200
2025-06-23 17:43:37,329 - INFO - Episode 80/100 started - Strategy: CuriosityStrategy
2025-06-23 17:44:15,919 - INFO - 📍 Episode 80: MIN_STEPS + CHECKPOINTS | Reward: -3134.0 | Steps: 200
2025-06-23 17:44:15,923 - INFO - Episodes completed: 80
2025-06-23 17:44:15,923 - INFO - Average reward (last 50): -3094.98
2025-06-23 17:44:15,923 - INFO - Average steps (last 50): 199.8
2025-06-23 17:44:15,923 - INFO - Success rate (last 50): 4.0%
2025-06-23 17:44:15,923 - INFO - Min steps achieved (last 50): 50/50 (100.0%)
2025-06-23 17:44:15,923 - INFO - States explored: 76
2025-06-23 17:44:15,923 - INFO - Total checkpoints reached: 203
2025-06-23 17:44:15,923 - INFO - Unique checkpoints discovered: 4
2025-06-23 17:44:15,923 - INFO - Episodes with checkpoints: 79/80
2025-06-23 17:44:15,923 - INFO - Episodes reaching min_steps: 80/80
2025-06-23 17:44:15,923 - INFO - Checkpoint values found: [1, 2, 3, 4]
2025-06-23 17:44:15,924 - INFO - Episode 81/100 started - Strategy: CuriosityStrategy
2025-06-23 17:44:54,914 - INFO - 📍 Episode 81: MIN_STEPS + CHECKPOINTS | Reward: -3287.0 | Steps: 200
2025-06-23 17:44:54,914 - INFO - Episode 82/100 started - Strategy: CuriosityStrategy
2025-06-23 17:45:32,883 - INFO - 📍 Episode 82: MIN_STEPS + CHECKPOINTS | Reward: -3466.0 | Steps: 200
2025-06-23 17:45:32,883 - INFO - Episode 83/100 started - Strategy: CuriosityStrategy
2025-06-23 17:46:11,676 - INFO - 📍 Episode 83: MIN_STEPS + CHECKPOINTS | Reward: -2200.0 | Steps: 200
2025-06-23 17:46:11,676 - INFO - Episode 84/100 started - Strategy: CuriosityStrategy
2025-06-23 17:46:50,491 - INFO - 📍 Episode 84: MIN_STEPS + CHECKPOINTS | Reward: -2963.0 | Steps: 200
2025-06-23 17:46:50,491 - INFO - Episode 85/100 started - Strategy: CuriosityStrategy
2025-06-23 17:47:29,334 - INFO - 📍 Episode 85: MIN_STEPS + CHECKPOINTS | Reward: -3312.0 | Steps: 200
2025-06-23 17:47:29,335 - INFO - Episode 86/100 started - Strategy: CuriosityStrategy
2025-06-23 17:48:08,077 - INFO - 📍 Episode 86: MIN_STEPS + CHECKPOINTS | Reward: -3116.0 | Steps: 200
2025-06-23 17:48:08,078 - INFO - Episode 87/100 started - Strategy: CuriosityStrategy
2025-06-23 17:48:47,383 - INFO - 📍 Episode 87: MIN_STEPS + CHECKPOINTS | Reward: -4128.0 | Steps: 200
2025-06-23 17:48:47,384 - INFO - Episode 88/100 started - Strategy: CuriosityStrategy
2025-06-23 17:49:25,840 - INFO - 📍 Episode 88: MIN_STEPS + CHECKPOINTS | Reward: -3002.0 | Steps: 200
2025-06-23 17:49:25,840 - INFO - Episode 89/100 started - Strategy: CuriosityStrategy
2025-06-23 17:50:04,323 - INFO - 📍 Episode 89: MIN_STEPS + CHECKPOINTS | Reward: -3215.0 | Steps: 200
2025-06-23 17:50:04,323 - INFO - Episode 90/100 started - Strategy: CuriosityStrategy
2025-06-23 17:50:42,243 - INFO - 📍 Episode 90: MIN_STEPS + CHECKPOINTS | Reward: -3829.0 | Steps: 200
2025-06-23 17:50:42,246 - INFO - Episodes completed: 90
2025-06-23 17:50:42,246 - INFO - Average reward (last 50): -3087.64
2025-06-23 17:50:42,246 - INFO - Average steps (last 50): 199.8
2025-06-23 17:50:42,247 - INFO - Success rate (last 50): 4.0%
2025-06-23 17:50:42,247 - INFO - Min steps achieved (last 50): 50/50 (100.0%)
2025-06-23 17:50:42,247 - INFO - States explored: 76
2025-06-23 17:50:42,247 - INFO - Total checkpoints reached: 230
2025-06-23 17:50:42,247 - INFO - Unique checkpoints discovered: 4
2025-06-23 17:50:42,247 - INFO - Episodes with checkpoints: 89/90
2025-06-23 17:50:42,247 - INFO - Episodes reaching min_steps: 90/90
2025-06-23 17:50:42,247 - INFO - Checkpoint values found: [1, 2, 3, 4]
2025-06-23 17:50:42,247 - INFO - Episode 91/100 started - Strategy: CuriosityStrategy
2025-06-23 17:51:21,374 - INFO - 📍 Episode 91: MIN_STEPS + CHECKPOINTS | Reward: -3550.0 | Steps: 200
2025-06-23 17:51:21,374 - INFO - Episode 92/100 started - Strategy: CuriosityStrategy
2025-06-23 17:51:58,436 - INFO - 📍 Episode 92: MIN_STEPS + CHECKPOINTS | Reward: -3403.0 | Steps: 200
2025-06-23 17:51:58,436 - INFO - Episode 93/100 started - Strategy: CuriosityStrategy
2025-06-23 17:52:36,943 - INFO - 📍 Episode 93: MIN_STEPS + CHECKPOINTS | Reward: -2996.0 | Steps: 200
2025-06-23 17:52:36,944 - INFO - Episode 94/100 started - Strategy: CuriosityStrategy
2025-06-23 17:53:11,139 - INFO - 🏆 Episode 94: GOAL REACHED | Reward: 913.0 | Steps: 172
2025-06-23 17:53:11,139 - INFO - Episode 95/100 started - Strategy: CuriosityStrategy
2025-06-23 17:53:50,784 - INFO - 📍 Episode 95: MIN_STEPS + CHECKPOINTS | Reward: -2299.0 | Steps: 200
2025-06-23 17:53:50,784 - INFO - Episode 96/100 started - Strategy: CuriosityStrategy
2025-06-23 17:54:29,408 - INFO - 📍 Episode 96: MIN_STEPS + CHECKPOINTS | Reward: -3868.0 | Steps: 200
2025-06-23 17:54:29,410 - INFO - Episode 97/100 started - Strategy: CuriosityStrategy
2025-06-23 17:55:08,535 - INFO - 📍 Episode 97: MIN_STEPS + CHECKPOINTS | Reward: -2140.0 | Steps: 200
2025-06-23 17:55:08,536 - INFO - Episode 98/100 started - Strategy: CuriosityStrategy
2025-06-23 17:55:47,645 - INFO - 📍 Episode 98: MIN_STEPS + CHECKPOINTS | Reward: -2335.0 | Steps: 200
2025-06-23 17:55:47,645 - INFO - Episode 99/100 started - Strategy: CuriosityStrategy
2025-06-23 17:56:25,477 - INFO - 📍 Episode 99: MIN_STEPS + CHECKPOINTS | Reward: -3844.0 | Steps: 200
2025-06-23 17:56:25,478 - INFO - Episode 100/100 started - Strategy: CuriosityStrategy
2025-06-23 17:57:03,601 - INFO - 📍 Episode 100: MIN_STEPS + CHECKPOINTS | Reward: -3481.0 | Steps: 200
2025-06-23 17:57:03,604 - INFO - Episodes completed: 100
2025-06-23 17:57:03,604 - INFO - Average reward (last 50): -2992.86
2025-06-23 17:57:03,605 - INFO - Average steps (last 50): 199.2
2025-06-23 17:57:03,605 - INFO - Success rate (last 50): 6.0%
2025-06-23 17:57:03,605 - INFO - Min steps achieved (last 50): 50/50 (100.0%)
2025-06-23 17:57:03,605 - INFO - States explored: 76
2025-06-23 17:57:03,605 - INFO - Total checkpoints reached: 259
2025-06-23 17:57:03,605 - INFO - Unique checkpoints discovered: 4
2025-06-23 17:57:03,605 - INFO - Episodes with checkpoints: 99/100
2025-06-23 17:57:03,605 - INFO - Episodes reaching min_steps: 100/100
2025-06-23 17:57:03,605 - INFO - Checkpoint values found: [1, 2, 3, 4]
2025-06-23 17:57:03,606 - INFO - ✅ Training completed!
2025-06-23 17:57:03,607 - INFO - === FINAL TRAINING STATISTICS ===
2025-06-23 17:57:03,607 - INFO -   total_episodes: 1600
2025-06-23 17:57:03,607 - INFO -   states_explored: 76
2025-06-23 17:57:03,607 - INFO -   avg_reward: -3207.0815625
2025-06-23 17:57:03,607 - INFO -   max_reward: 1844.0
2025-06-23 17:57:03,607 - INFO -   success_rate: 0.025625
2025-06-23 17:57:03,607 - INFO -   strategy_info: {'base_epsilon': 0.65, 'novelty_bonus': 5.0, 'states_discovered': 76}
2025-06-23 17:57:03,607 - INFO - === FINAL CHECKPOINT ANALYSIS ===
2025-06-23 17:57:03,608 - INFO -   Checkpoint discovery rate: 0.003 unique/episode
2025-06-23 17:57:03,608 - INFO -   Checkpoint frequency: 0.162 checkpoints/episode
2025-06-23 17:57:03,608 - INFO -   Min steps achievement rate: 6.2%
2025-06-23 17:57:03,608 - INFO -   Best checkpoint reached: 4
2025-06-23 17:57:03,608 - INFO -   Maze progress: 80.0% (checkpoints discovered)
2025-06-23 17:57:03,608 - INFO - DDS stopped.
