2025-07-01 06:11:13,097 - INFO - Movement Mode: FAST (Teleport)
2025-07-01 06:11:13,097 - INFO - Strategy initialized: CuriosityStrategy
2025-07-01 06:11:13,097 - INFO - Strategy info: {'base_epsilon': 0.5, 'novelty_bonus': 8.0, 'states_discovered': 0}
2025-07-01 06:11:13,097 - INFO - CLI mode selected: continue
2025-07-01 06:11:13,097 - INFO - Continuing training for 150 additional episodes.
2025-07-01 06:11:13,097 - INFO - ================================================================================
2025-07-01 06:11:13,097 - INFO - 🚀 STARTING TRAINING SESSION
2025-07-01 06:11:13,097 - INFO - ================================================================================
2025-07-01 06:11:13,097 - INFO - Episodes: 150
2025-07-01 06:11:13,097 - INFO - Strategy: curiosity
2025-07-01 06:11:13,097 - INFO - Model path: models/q_agent.pkl
2025-07-01 06:11:13,097 - INFO - ================================================================================
2025-07-01 06:11:13,098 - INFO - 📁 Loaded existing model
2025-07-01 06:11:13,101 - INFO - 🔗 Connected to Godot simulation!
2025-07-01 06:11:13,101 - INFO - Episode 1/150 started - Strategy: CuriosityStrategy
2025-07-01 06:11:49,084 - INFO - 🔶 Episode 1: CHECKPOINTS (Short) | Reward: -3732.5 | Steps: 200
2025-07-01 06:11:49,085 - INFO - Episode 2/150 started - Strategy: CuriosityStrategy
2025-07-01 06:12:24,554 - INFO - 🔶 Episode 2: CHECKPOINTS (Short) | Reward: -3732.5 | Steps: 200
2025-07-01 06:12:24,554 - INFO - Episode 3/150 started - Strategy: CuriosityStrategy
2025-07-01 06:13:00,507 - INFO - 🔶 Episode 3: CHECKPOINTS (Short) | Reward: -2913.0 | Steps: 200
2025-07-01 06:13:00,508 - INFO - Episode 4/150 started - Strategy: CuriosityStrategy
2025-07-01 06:13:36,278 - INFO - 🔶 Episode 4: CHECKPOINTS (Short) | Reward: -3400.0 | Steps: 200
2025-07-01 06:13:36,279 - INFO - Episode 5/150 started - Strategy: CuriosityStrategy
2025-07-01 06:14:12,904 - INFO - 🔶 Episode 5: CHECKPOINTS (Short) | Reward: -2874.0 | Steps: 200
2025-07-01 06:14:12,905 - INFO - Episode 6/150 started - Strategy: CuriosityStrategy
2025-07-01 06:14:48,623 - INFO - 🔶 Episode 6: CHECKPOINTS (Short) | Reward: -3393.5 | Steps: 200
2025-07-01 06:14:48,625 - INFO - Episode 7/150 started - Strategy: CuriosityStrategy
2025-07-01 06:15:24,423 - INFO - 🔶 Episode 7: CHECKPOINTS (Short) | Reward: -2757.0 | Steps: 200
2025-07-01 06:15:24,424 - INFO - Episode 8/150 started - Strategy: CuriosityStrategy
2025-07-01 06:16:00,396 - INFO - 🔶 Episode 8: CHECKPOINTS (Short) | Reward: -3108.0 | Steps: 200
2025-07-01 06:16:00,398 - INFO - Episode 9/150 started - Strategy: CuriosityStrategy
2025-07-01 06:16:35,779 - INFO - 🔶 Episode 9: CHECKPOINTS (Short) | Reward: -3452.0 | Steps: 200
2025-07-01 06:16:35,779 - INFO - Episode 10/150 started - Strategy: CuriosityStrategy
2025-07-01 06:17:10,877 - INFO - 🔶 Episode 10: CHECKPOINTS (Short) | Reward: -3173.0 | Steps: 200
2025-07-01 06:17:10,877 - INFO - Episode 11/150 started - Strategy: CuriosityStrategy
2025-07-01 06:17:47,304 - INFO - 🔶 Episode 11: CHECKPOINTS (Short) | Reward: -3335.0 | Steps: 200
2025-07-01 06:17:47,304 - INFO - Episode 12/150 started - Strategy: CuriosityStrategy
2025-07-01 06:18:21,657 - INFO - 🔶 Episode 12: CHECKPOINTS (Short) | Reward: -3310.0 | Steps: 200
2025-07-01 06:18:21,657 - INFO - Episode 13/150 started - Strategy: CuriosityStrategy
2025-07-01 06:18:57,164 - INFO - 🔶 Episode 13: CHECKPOINTS (Short) | Reward: -3393.5 | Steps: 200
2025-07-01 06:18:57,165 - INFO - Episode 14/150 started - Strategy: CuriosityStrategy
2025-07-01 06:19:33,771 - INFO - 🔶 Episode 14: CHECKPOINTS (Short) | Reward: -3005.0 | Steps: 200
2025-07-01 06:19:33,772 - INFO - Episode 15/150 started - Strategy: CuriosityStrategy
2025-07-01 06:20:10,021 - INFO - 🔶 Episode 15: CHECKPOINTS (Short) | Reward: -3023.5 | Steps: 200
2025-07-01 06:20:10,021 - INFO - Episode 16/150 started - Strategy: CuriosityStrategy
2025-07-01 06:20:45,852 - INFO - 🔶 Episode 16: CHECKPOINTS (Short) | Reward: -3862.5 | Steps: 200
2025-07-01 06:20:45,854 - INFO - Episode 17/150 started - Strategy: CuriosityStrategy
2025-07-01 06:21:20,833 - INFO - 🔶 Episode 17: CHECKPOINTS (Short) | Reward: -3700.0 | Steps: 200
2025-07-01 06:21:20,834 - INFO - Episode 18/150 started - Strategy: CuriosityStrategy
2025-07-01 06:21:56,803 - INFO - 🔶 Episode 18: CHECKPOINTS (Short) | Reward: -2935.5 | Steps: 200
2025-07-01 06:21:56,803 - INFO - Episode 19/150 started - Strategy: CuriosityStrategy
2025-07-01 06:22:32,709 - INFO - 🔶 Episode 19: CHECKPOINTS (Short) | Reward: -3101.5 | Steps: 200
2025-07-01 06:22:32,711 - INFO - Episode 20/150 started - Strategy: CuriosityStrategy
2025-07-01 06:23:10,001 - INFO - 🔶 Episode 20: CHECKPOINTS (Short) | Reward: -2399.0 | Steps: 200
2025-07-01 06:23:10,001 - INFO - Episode 21/150 started - Strategy: CuriosityStrategy
2025-07-01 06:23:45,805 - INFO - 🔶 Episode 21: CHECKPOINTS (Short) | Reward: -3875.5 | Steps: 200
2025-07-01 06:23:45,806 - INFO - Episode 22/150 started - Strategy: CuriosityStrategy
2025-07-01 06:24:20,801 - INFO - 🔶 Episode 22: CHECKPOINTS (Short) | Reward: -3390.0 | Steps: 200
2025-07-01 06:24:20,801 - INFO - Episode 23/150 started - Strategy: CuriosityStrategy
2025-07-01 06:24:56,584 - INFO - 🔶 Episode 23: CHECKPOINTS (Short) | Reward: -4330.5 | Steps: 200
2025-07-01 06:24:56,585 - INFO - Episode 24/150 started - Strategy: CuriosityStrategy
2025-07-01 06:25:32,485 - INFO - 🔶 Episode 24: CHECKPOINTS (Short) | Reward: -3140.5 | Steps: 200
2025-07-01 06:25:32,486 - INFO - Episode 25/150 started - Strategy: CuriosityStrategy
2025-07-01 06:26:08,134 - INFO - 🔶 Episode 25: CHECKPOINTS (Short) | Reward: -3127.5 | Steps: 200
2025-07-01 06:26:08,134 - INFO - Episode 26/150 started - Strategy: CuriosityStrategy
2025-07-01 06:26:43,237 - INFO - 🔶 Episode 26: CHECKPOINTS (Short) | Reward: -3992.5 | Steps: 200
2025-07-01 06:26:43,239 - INFO - Episode 27/150 started - Strategy: CuriosityStrategy
2025-07-01 06:27:19,856 - INFO - 🔶 Episode 27: CHECKPOINTS (Short) | Reward: -2601.0 | Steps: 200
2025-07-01 06:27:19,856 - INFO - Episode 28/150 started - Strategy: CuriosityStrategy
2025-07-01 06:27:54,299 - INFO - 🔶 Episode 28: CHECKPOINTS (Short) | Reward: -4180.0 | Steps: 200
2025-07-01 06:27:54,300 - INFO - Episode 29/150 started - Strategy: CuriosityStrategy
2025-07-01 06:28:29,838 - INFO - 🔶 Episode 29: CHECKPOINTS (Short) | Reward: -3810.5 | Steps: 200
2025-07-01 06:28:29,839 - INFO - Episode 30/150 started - Strategy: CuriosityStrategy
2025-07-01 06:29:02,790 - INFO - 🏆 Episode 30: GOAL REACHED | Reward: -315.0 | Steps: 183
2025-07-01 06:29:02,791 - INFO - Episode 31/150 started - Strategy: CuriosityStrategy
2025-07-01 06:29:39,493 - INFO - 🔶 Episode 31: CHECKPOINTS (Short) | Reward: -2789.5 | Steps: 200
2025-07-01 06:29:39,494 - INFO - Episode 32/150 started - Strategy: CuriosityStrategy
2025-07-01 06:30:15,506 - INFO - 🔶 Episode 32: CHECKPOINTS (Short) | Reward: -3926.5 | Steps: 200
2025-07-01 06:30:15,506 - INFO - Episode 33/150 started - Strategy: CuriosityStrategy
2025-07-01 06:30:51,190 - INFO - 🔶 Episode 33: CHECKPOINTS (Short) | Reward: -3266.5 | Steps: 200
2025-07-01 06:30:51,192 - INFO - Episode 34/150 started - Strategy: CuriosityStrategy
2025-07-01 06:31:26,994 - INFO - 🔶 Episode 34: CHECKPOINTS (Short) | Reward: -4207.0 | Steps: 200
2025-07-01 06:31:26,994 - INFO - Episode 35/150 started - Strategy: CuriosityStrategy
2025-07-01 06:32:02,652 - INFO - 🔶 Episode 35: CHECKPOINTS (Short) | Reward: -3783.5 | Steps: 200
2025-07-01 06:32:02,652 - INFO - Episode 36/150 started - Strategy: CuriosityStrategy
2025-07-01 06:32:38,437 - INFO - 🔶 Episode 36: CHECKPOINTS (Short) | Reward: -3471.5 | Steps: 200
2025-07-01 06:32:38,437 - INFO - Episode 37/150 started - Strategy: CuriosityStrategy
2025-07-01 06:33:14,469 - INFO - 🔶 Episode 37: CHECKPOINTS (Short) | Reward: -3530.0 | Steps: 200
2025-07-01 06:33:14,471 - INFO - Episode 38/150 started - Strategy: CuriosityStrategy
2025-07-01 06:33:50,582 - INFO - 🔶 Episode 38: CHECKPOINTS (Short) | Reward: -3504.0 | Steps: 200
2025-07-01 06:33:50,583 - INFO - Episode 39/150 started - Strategy: CuriosityStrategy
2025-07-01 06:34:26,424 - INFO - 🔶 Episode 39: CHECKPOINTS (Short) | Reward: -3640.5 | Steps: 200
2025-07-01 06:34:26,424 - INFO - Episode 40/150 started - Strategy: CuriosityStrategy
2025-07-01 06:35:02,632 - INFO - 🔶 Episode 40: CHECKPOINTS (Short) | Reward: -2880.5 | Steps: 200
2025-07-01 06:35:02,634 - INFO - Episode 41/150 started - Strategy: CuriosityStrategy
2025-07-01 06:35:30,894 - INFO - 🏆 Episode 41: GOAL REACHED | Reward: -110.0 | Steps: 154
2025-07-01 06:35:30,894 - INFO - Episode 42/150 started - Strategy: CuriosityStrategy
2025-07-01 06:36:06,890 - INFO - 🔶 Episode 42: CHECKPOINTS (Short) | Reward: -3569.0 | Steps: 200
2025-07-01 06:36:06,890 - INFO - Episode 43/150 started - Strategy: CuriosityStrategy
2025-07-01 06:36:43,481 - INFO - 🔶 Episode 43: CHECKPOINTS (Short) | Reward: -3117.0 | Steps: 200
2025-07-01 06:36:43,483 - INFO - Episode 44/150 started - Strategy: CuriosityStrategy
2025-07-01 06:37:17,903 - INFO - 🏆 Episode 44: GOAL REACHED | Reward: -472.5 | Steps: 189
2025-07-01 06:37:17,904 - INFO - Episode 45/150 started - Strategy: CuriosityStrategy
2025-07-01 06:37:53,639 - INFO - 🔶 Episode 45: CHECKPOINTS (Short) | Reward: -3056.0 | Steps: 200
2025-07-01 06:37:53,640 - INFO - Episode 46/150 started - Strategy: CuriosityStrategy
2025-07-01 06:38:30,064 - INFO - 🔶 Episode 46: CHECKPOINTS (Short) | Reward: -2721.0 | Steps: 200
2025-07-01 06:38:30,066 - INFO - Episode 47/150 started - Strategy: CuriosityStrategy
2025-07-01 06:39:05,466 - INFO - 🔶 Episode 47: CHECKPOINTS (Short) | Reward: -3739.0 | Steps: 200
2025-07-01 06:39:05,466 - INFO - Episode 48/150 started - Strategy: CuriosityStrategy
2025-07-01 06:39:40,967 - INFO - 🔶 Episode 48: CHECKPOINTS (Short) | Reward: -3843.0 | Steps: 200
2025-07-01 06:39:40,969 - INFO - Episode 49/150 started - Strategy: CuriosityStrategy
2025-07-01 06:40:16,709 - INFO - 🔶 Episode 49: CHECKPOINTS (Short) | Reward: -3250.5 | Steps: 200
2025-07-01 06:40:16,710 - INFO - Episode 50/150 started - Strategy: CuriosityStrategy
2025-07-01 06:40:47,931 - INFO - 🏆 Episode 50: GOAL REACHED | Reward: -144.0 | Steps: 175
2025-07-01 06:40:47,940 - INFO - Episodes completed: 50
2025-07-01 06:40:47,941 - INFO - Average reward (last 50): -3127.71
2025-07-01 06:40:47,941 - INFO - Average steps (last 50): 198.0
2025-07-01 06:40:47,941 - INFO - Success rate (last 50): 8.0%
2025-07-01 06:40:47,941 - INFO - States explored: 102
2025-07-01 06:40:47,942 - INFO - Total checkpoints reached: 158
2025-07-01 06:40:47,942 - INFO - Unique checkpoints discovered: 4
2025-07-01 06:40:47,942 - INFO - Episodes with checkpoints: 50/50
2025-07-01 06:40:47,942 - INFO - Checkpoint values found: [1, 2, 3, 4]
2025-07-01 06:40:47,942 - INFO - Episode 51/150 started - Strategy: CuriosityStrategy
2025-07-01 06:41:24,081 - INFO - 🔶 Episode 51: CHECKPOINTS (Short) | Reward: -2792.5 | Steps: 200
2025-07-01 06:41:24,082 - INFO - Episode 52/150 started - Strategy: CuriosityStrategy
2025-07-01 06:41:59,808 - INFO - 🔶 Episode 52: CHECKPOINTS (Short) | Reward: -4233.0 | Steps: 200
2025-07-01 06:41:59,808 - INFO - Episode 53/150 started - Strategy: CuriosityStrategy
2025-07-01 06:42:35,480 - INFO - 🔶 Episode 53: CHECKPOINTS (Short) | Reward: -3940.5 | Steps: 200
2025-07-01 06:42:35,480 - INFO - Episode 54/150 started - Strategy: CuriosityStrategy
2025-07-01 06:43:11,931 - INFO - 🔶 Episode 54: CHECKPOINTS (Short) | Reward: -3244.0 | Steps: 200
2025-07-01 06:43:11,931 - INFO - Episode 55/150 started - Strategy: CuriosityStrategy
2025-07-01 06:43:47,505 - INFO - 🔶 Episode 55: CHECKPOINTS (Short) | Reward: -3374.0 | Steps: 200
2025-07-01 06:43:47,507 - INFO - Episode 56/150 started - Strategy: CuriosityStrategy
2025-07-01 06:44:23,891 - INFO - 🔶 Episode 56: CHECKPOINTS (Short) | Reward: -2997.0 | Steps: 200
2025-07-01 06:44:23,891 - INFO - Episode 57/150 started - Strategy: CuriosityStrategy
2025-07-01 06:45:00,258 - INFO - 🔶 Episode 57: CHECKPOINTS (Short) | Reward: -3341.5 | Steps: 200
2025-07-01 06:45:00,259 - INFO - Episode 58/150 started - Strategy: CuriosityStrategy
2025-07-01 06:45:35,769 - INFO - 🔶 Episode 58: CHECKPOINTS (Short) | Reward: -3930.5 | Steps: 200
2025-07-01 06:45:35,769 - INFO - Episode 59/150 started - Strategy: CuriosityStrategy
2025-07-01 06:46:11,213 - INFO - 🔶 Episode 59: CHECKPOINTS (Short) | Reward: -4337.0 | Steps: 200
2025-07-01 06:46:11,214 - INFO - Episode 60/150 started - Strategy: CuriosityStrategy
2025-07-01 06:46:46,029 - INFO - 🔶 Episode 60: CHECKPOINTS (Short) | Reward: -4161.5 | Steps: 200
2025-07-01 06:46:46,029 - INFO - Episode 61/150 started - Strategy: CuriosityStrategy
2025-07-01 06:47:22,526 - INFO - 🔶 Episode 61: CHECKPOINTS (Short) | Reward: -2744.0 | Steps: 200
2025-07-01 06:47:22,527 - INFO - Episode 62/150 started - Strategy: CuriosityStrategy
2025-07-01 06:47:58,705 - INFO - 🔶 Episode 62: CHECKPOINTS (Short) | Reward: -3283.5 | Steps: 200
2025-07-01 06:47:58,705 - INFO - Episode 63/150 started - Strategy: CuriosityStrategy
2025-07-01 06:48:35,109 - INFO - 🔶 Episode 63: CHECKPOINTS (Short) | Reward: -2581.5 | Steps: 200
2025-07-01 06:48:35,109 - INFO - Episode 64/150 started - Strategy: CuriosityStrategy
2025-07-01 06:49:11,736 - INFO - 🔶 Episode 64: CHECKPOINTS (Short) | Reward: -2770.0 | Steps: 200
2025-07-01 06:49:11,736 - INFO - Episode 65/150 started - Strategy: CuriosityStrategy
2025-07-01 06:49:48,273 - INFO - 🔶 Episode 65: CHECKPOINTS (Short) | Reward: -2802.5 | Steps: 200
2025-07-01 06:49:48,274 - INFO - Episode 66/150 started - Strategy: CuriosityStrategy
2025-07-01 06:50:24,476 - INFO - 🔶 Episode 66: CHECKPOINTS (Short) | Reward: -3445.5 | Steps: 200
2025-07-01 06:50:24,476 - INFO - Episode 67/150 started - Strategy: CuriosityStrategy
2025-07-01 06:51:00,486 - INFO - 🔶 Episode 67: CHECKPOINTS (Short) | Reward: -3160.0 | Steps: 200
2025-07-01 06:51:00,486 - INFO - Episode 68/150 started - Strategy: CuriosityStrategy
2025-07-01 06:51:35,347 - INFO - 🔶 Episode 68: CHECKPOINTS (Short) | Reward: -4129.0 | Steps: 200
2025-07-01 06:51:35,347 - INFO - Episode 69/150 started - Strategy: CuriosityStrategy
2025-07-01 06:52:11,022 - INFO - 🔶 Episode 69: CHECKPOINTS (Short) | Reward: -3913.5 | Steps: 200
2025-07-01 06:52:11,024 - INFO - Episode 70/150 started - Strategy: CuriosityStrategy
2025-07-01 06:52:47,609 - INFO - 🔶 Episode 70: CHECKPOINTS (Short) | Reward: -3153.0 | Steps: 200
2025-07-01 06:52:47,609 - INFO - Episode 71/150 started - Strategy: CuriosityStrategy
2025-07-01 06:53:23,648 - INFO - 🔶 Episode 71: CHECKPOINTS (Short) | Reward: -2698.5 | Steps: 200
2025-07-01 06:53:23,649 - INFO - Episode 72/150 started - Strategy: CuriosityStrategy
2025-07-01 06:53:59,361 - INFO - 🔶 Episode 72: CHECKPOINTS (Short) | Reward: -3491.0 | Steps: 200
2025-07-01 06:53:59,361 - INFO - Episode 73/150 started - Strategy: CuriosityStrategy
2025-07-01 06:54:35,174 - INFO - 🔶 Episode 73: CHECKPOINTS (Short) | Reward: -3175.5 | Steps: 200
2025-07-01 06:54:35,176 - INFO - Episode 74/150 started - Strategy: CuriosityStrategy
2025-07-01 06:55:10,587 - INFO - 🔶 Episode 74: CHECKPOINTS (Short) | Reward: -3757.5 | Steps: 200
2025-07-01 06:55:10,589 - INFO - Episode 75/150 started - Strategy: CuriosityStrategy
2025-07-01 06:55:43,914 - INFO - 🔶 Episode 75: CHECKPOINTS (Short) | Reward: -3510.5 | Steps: 200
2025-07-01 06:55:43,915 - INFO - Episode 76/150 started - Strategy: CuriosityStrategy
2025-07-01 06:56:17,819 - INFO - 🔶 Episode 76: CHECKPOINTS (Short) | Reward: -3575.5 | Steps: 200
2025-07-01 06:56:17,820 - INFO - Episode 77/150 started - Strategy: CuriosityStrategy
2025-07-01 06:56:51,714 - INFO - 🔶 Episode 77: CHECKPOINTS (Short) | Reward: -3559.0 | Steps: 200
2025-07-01 06:56:51,715 - INFO - Episode 78/150 started - Strategy: CuriosityStrategy
2025-07-01 06:57:25,779 - INFO - 🔶 Episode 78: CHECKPOINTS (Short) | Reward: -3279.5 | Steps: 200
2025-07-01 06:57:25,781 - INFO - Episode 79/150 started - Strategy: CuriosityStrategy
2025-07-01 06:57:59,417 - INFO - 🔶 Episode 79: CHECKPOINTS (Short) | Reward: -4161.5 | Steps: 200
2025-07-01 06:57:59,418 - INFO - Episode 80/150 started - Strategy: CuriosityStrategy
2025-07-01 06:58:31,999 - INFO - 🔶 Episode 80: CHECKPOINTS (Short) | Reward: -4220.0 | Steps: 200
2025-07-01 06:58:32,000 - INFO - Episode 81/150 started - Strategy: CuriosityStrategy
2025-07-01 06:59:05,874 - INFO - 🔶 Episode 81: CHECKPOINTS (Short) | Reward: -3426.0 | Steps: 200
2025-07-01 06:59:05,874 - INFO - Episode 82/150 started - Strategy: CuriosityStrategy
2025-07-01 06:59:21,926 - INFO - ❌ Episode 82: FAILED (Short) | Reward: -6337.5 | Steps: 200
2025-07-01 06:59:21,928 - INFO - Episode 83/150 started - Strategy: CuriosityStrategy
2025-07-01 06:59:55,636 - INFO - 🔶 Episode 83: CHECKPOINTS (Short) | Reward: -3874.5 | Steps: 200
2025-07-01 06:59:55,637 - INFO - Episode 84/150 started - Strategy: CuriosityStrategy
2025-07-01 07:00:28,755 - INFO - 🔶 Episode 84: CHECKPOINTS (Short) | Reward: -3809.5 | Steps: 200
2025-07-01 07:00:28,755 - INFO - Episode 85/150 started - Strategy: CuriosityStrategy
2025-07-01 07:01:02,455 - INFO - 🔶 Episode 85: CHECKPOINTS (Short) | Reward: -3354.5 | Steps: 200
2025-07-01 07:01:02,455 - INFO - Episode 86/150 started - Strategy: CuriosityStrategy
2025-07-01 07:01:36,483 - INFO - 🔶 Episode 86: CHECKPOINTS (Short) | Reward: -3393.5 | Steps: 200
2025-07-01 07:01:36,483 - INFO - Episode 87/150 started - Strategy: CuriosityStrategy
2025-07-01 07:02:10,165 - INFO - 🔶 Episode 87: CHECKPOINTS (Short) | Reward: -3270.5 | Steps: 200
2025-07-01 07:02:10,166 - INFO - Episode 88/150 started - Strategy: CuriosityStrategy
2025-07-01 07:02:44,112 - INFO - 🔶 Episode 88: CHECKPOINTS (Short) | Reward: -3533.0 | Steps: 200
2025-07-01 07:02:44,113 - INFO - Episode 89/150 started - Strategy: CuriosityStrategy
2025-07-01 07:03:17,794 - INFO - 🔶 Episode 89: CHECKPOINTS (Short) | Reward: -4018.5 | Steps: 200
2025-07-01 07:03:17,794 - INFO - Episode 90/150 started - Strategy: CuriosityStrategy
2025-07-01 07:03:50,737 - INFO - 🔶 Episode 90: CHECKPOINTS (Short) | Reward: -4018.5 | Steps: 200
2025-07-01 07:03:50,737 - INFO - Episode 91/150 started - Strategy: CuriosityStrategy
2025-07-01 07:04:25,075 - INFO - 🔶 Episode 91: CHECKPOINTS (Short) | Reward: -3367.5 | Steps: 200
2025-07-01 07:04:25,076 - INFO - Episode 92/150 started - Strategy: CuriosityStrategy
2025-07-01 07:05:00,927 - INFO - 🔶 Episode 92: CHECKPOINTS (Short) | Reward: -2701.5 | Steps: 200
2025-07-01 07:05:00,927 - INFO - Episode 93/150 started - Strategy: CuriosityStrategy
2025-07-01 07:05:37,051 - INFO - 🔶 Episode 93: CHECKPOINTS (Short) | Reward: -3731.5 | Steps: 200
2025-07-01 07:05:37,052 - INFO - Episode 94/150 started - Strategy: CuriosityStrategy
2025-07-01 07:06:12,864 - INFO - 🔶 Episode 94: CHECKPOINTS (Short) | Reward: -2679.0 | Steps: 200
2025-07-01 07:06:12,865 - INFO - Episode 95/150 started - Strategy: CuriosityStrategy
2025-07-01 07:06:47,429 - INFO - 🔶 Episode 95: CHECKPOINTS (Short) | Reward: -4259.0 | Steps: 200
2025-07-01 07:06:47,430 - INFO - Episode 96/150 started - Strategy: CuriosityStrategy
2025-07-01 07:07:22,476 - INFO - 🔶 Episode 96: CHECKPOINTS (Short) | Reward: -3680.5 | Steps: 200
2025-07-01 07:07:22,477 - INFO - Episode 97/150 started - Strategy: CuriosityStrategy
2025-07-01 07:07:57,706 - INFO - 🔶 Episode 97: CHECKPOINTS (Short) | Reward: -3296.0 | Steps: 200
2025-07-01 07:07:57,708 - INFO - Episode 98/150 started - Strategy: CuriosityStrategy
2025-07-01 07:08:32,007 - INFO - 🔶 Episode 98: CHECKPOINTS (Short) | Reward: -2360.5 | Steps: 200
2025-07-01 07:08:32,007 - INFO - Episode 99/150 started - Strategy: CuriosityStrategy
2025-07-01 07:09:05,589 - INFO - 🔶 Episode 99: CHECKPOINTS (Short) | Reward: -3712.0 | Steps: 200
2025-07-01 07:09:05,590 - INFO - Episode 100/150 started - Strategy: CuriosityStrategy
2025-07-01 07:09:39,433 - INFO - 🔶 Episode 100: CHECKPOINTS (Short) | Reward: -3679.5 | Steps: 200
2025-07-01 07:09:39,440 - INFO - Episodes completed: 100
2025-07-01 07:09:39,441 - INFO - Average reward (last 50): -3525.31
2025-07-01 07:09:39,441 - INFO - Average steps (last 50): 200.0
2025-07-01 07:09:39,441 - INFO - Success rate (last 50): 0.0%
2025-07-01 07:09:39,441 - INFO - States explored: 102
2025-07-01 07:09:39,441 - INFO - Total checkpoints reached: 305
2025-07-01 07:09:39,441 - INFO - Unique checkpoints discovered: 4
2025-07-01 07:09:39,441 - INFO - Episodes with checkpoints: 99/100
2025-07-01 07:09:39,441 - INFO - Checkpoint values found: [1, 2, 3, 4]
2025-07-01 07:09:39,441 - INFO - Episode 101/150 started - Strategy: CuriosityStrategy
2025-07-01 07:10:13,245 - INFO - 🔶 Episode 101: CHECKPOINTS (Short) | Reward: -2760.0 | Steps: 200
2025-07-01 07:10:13,247 - INFO - Episode 102/150 started - Strategy: CuriosityStrategy
2025-07-01 07:10:46,908 - INFO - 🔶 Episode 102: CHECKPOINTS (Short) | Reward: -2899.5 | Steps: 200
2025-07-01 07:10:46,909 - INFO - Episode 103/150 started - Strategy: CuriosityStrategy
2025-07-01 07:11:21,175 - INFO - 🔶 Episode 103: CHECKPOINTS (Short) | Reward: -2812.0 | Steps: 200
2025-07-01 07:11:21,175 - INFO - Episode 104/150 started - Strategy: CuriosityStrategy
2025-07-01 07:11:54,447 - INFO - 🔶 Episode 104: CHECKPOINTS (Short) | Reward: -2841.5 | Steps: 200
2025-07-01 07:11:54,448 - INFO - Episode 105/150 started - Strategy: CuriosityStrategy
2025-07-01 07:12:27,986 - INFO - 🔶 Episode 105: CHECKPOINTS (Short) | Reward: -3335.0 | Steps: 200
2025-07-01 07:12:27,986 - INFO - Episode 106/150 started - Strategy: CuriosityStrategy
2025-07-01 07:13:01,907 - INFO - 🔶 Episode 106: CHECKPOINTS (Short) | Reward: -3471.5 | Steps: 200
2025-07-01 07:13:01,908 - INFO - Episode 107/150 started - Strategy: CuriosityStrategy
2025-07-01 07:13:35,340 - INFO - 🔶 Episode 107: CHECKPOINTS (Short) | Reward: -4207.0 | Steps: 200
2025-07-01 07:13:35,341 - INFO - Episode 108/150 started - Strategy: CuriosityStrategy
2025-07-01 07:14:11,282 - INFO - 🔶 Episode 108: CHECKPOINTS (Short) | Reward: -3426.0 | Steps: 200
2025-07-01 07:14:11,284 - INFO - Episode 109/150 started - Strategy: CuriosityStrategy
2025-07-01 07:14:46,740 - INFO - 🔶 Episode 109: CHECKPOINTS (Short) | Reward: -4246.0 | Steps: 200
2025-07-01 07:14:46,740 - INFO - Episode 110/150 started - Strategy: CuriosityStrategy
2025-07-01 07:15:22,582 - INFO - 🔶 Episode 110: CHECKPOINTS (Short) | Reward: -3817.0 | Steps: 200
2025-07-01 07:15:22,582 - INFO - Episode 111/150 started - Strategy: CuriosityStrategy
2025-07-01 07:15:58,710 - INFO - 🔶 Episode 111: CHECKPOINTS (Short) | Reward: -3773.5 | Steps: 200
2025-07-01 07:15:58,711 - INFO - Episode 112/150 started - Strategy: CuriosityStrategy
2025-07-01 07:16:33,601 - INFO - 🔶 Episode 112: CHECKPOINTS (Short) | Reward: -3973.0 | Steps: 200
2025-07-01 07:16:33,603 - INFO - Episode 113/150 started - Strategy: CuriosityStrategy
2025-07-01 07:17:09,685 - INFO - 🔶 Episode 113: CHECKPOINTS (Short) | Reward: -3846.0 | Steps: 200
2025-07-01 07:17:09,686 - INFO - Episode 114/150 started - Strategy: CuriosityStrategy
2025-07-01 07:17:45,013 - INFO - 🔶 Episode 114: CHECKPOINTS (Short) | Reward: -3934.0 | Steps: 200
2025-07-01 07:17:45,014 - INFO - Episode 115/150 started - Strategy: CuriosityStrategy
2025-07-01 07:18:20,637 - INFO - 🔶 Episode 115: CHECKPOINTS (Short) | Reward: -3621.0 | Steps: 200
2025-07-01 07:18:20,637 - INFO - Episode 116/150 started - Strategy: CuriosityStrategy
2025-07-01 07:18:56,488 - INFO - 🔶 Episode 116: CHECKPOINTS (Short) | Reward: -4175.0 | Steps: 200
2025-07-01 07:18:56,489 - INFO - Episode 117/150 started - Strategy: CuriosityStrategy
2025-07-01 07:19:31,267 - INFO - 🔶 Episode 117: CHECKPOINTS (Short) | Reward: -4330.5 | Steps: 200
2025-07-01 07:19:31,268 - INFO - Episode 118/150 started - Strategy: CuriosityStrategy
2025-07-01 07:20:06,866 - INFO - 🔶 Episode 118: CHECKPOINTS (Short) | Reward: -3387.0 | Steps: 200
2025-07-01 07:20:06,867 - INFO - Episode 119/150 started - Strategy: CuriosityStrategy
2025-07-01 07:20:42,435 - INFO - 🔶 Episode 119: CHECKPOINTS (Short) | Reward: -4207.0 | Steps: 200
2025-07-01 07:20:42,436 - INFO - Episode 120/150 started - Strategy: CuriosityStrategy
2025-07-01 07:21:17,552 - INFO - 🔶 Episode 120: CHECKPOINTS (Short) | Reward: -3986.0 | Steps: 200
2025-07-01 07:21:17,554 - INFO - Episode 121/150 started - Strategy: CuriosityStrategy
2025-07-01 07:21:53,068 - INFO - 🔶 Episode 121: CHECKPOINTS (Short) | Reward: -3628.5 | Steps: 200
2025-07-01 07:21:53,068 - INFO - Episode 122/150 started - Strategy: CuriosityStrategy
2025-07-01 07:22:27,742 - INFO - 🔶 Episode 122: CHECKPOINTS (Short) | Reward: -3804.0 | Steps: 200
2025-07-01 07:22:27,743 - INFO - Episode 123/150 started - Strategy: CuriosityStrategy
2025-07-01 07:23:03,969 - INFO - 🔶 Episode 123: CHECKPOINTS (Short) | Reward: -3049.5 | Steps: 200
2025-07-01 07:23:03,969 - INFO - Episode 124/150 started - Strategy: CuriosityStrategy
2025-07-01 07:23:38,597 - INFO - 🔶 Episode 124: CHECKPOINTS (Short) | Reward: -4226.5 | Steps: 200
2025-07-01 07:23:38,597 - INFO - Episode 125/150 started - Strategy: CuriosityStrategy
2025-07-01 07:24:13,496 - INFO - 🔶 Episode 125: CHECKPOINTS (Short) | Reward: -4077.0 | Steps: 200
2025-07-01 07:24:13,496 - INFO - Episode 126/150 started - Strategy: CuriosityStrategy
2025-07-01 07:24:49,049 - INFO - 🔶 Episode 126: CHECKPOINTS (Short) | Reward: -3478.0 | Steps: 200
2025-07-01 07:24:49,050 - INFO - Episode 127/150 started - Strategy: CuriosityStrategy
2025-07-01 07:25:24,940 - INFO - 🔶 Episode 127: CHECKPOINTS (Short) | Reward: -3729.0 | Steps: 200
2025-07-01 07:25:24,940 - INFO - Episode 128/150 started - Strategy: CuriosityStrategy
2025-07-01 07:26:00,833 - INFO - 🔶 Episode 128: CHECKPOINTS (Short) | Reward: -3328.5 | Steps: 200
2025-07-01 07:26:00,833 - INFO - Episode 129/150 started - Strategy: CuriosityStrategy
2025-07-01 07:26:35,936 - INFO - 🔶 Episode 129: CHECKPOINTS (Short) | Reward: -4177.5 | Steps: 200
2025-07-01 07:26:35,936 - INFO - Episode 130/150 started - Strategy: CuriosityStrategy
2025-07-01 07:27:11,456 - INFO - 🔶 Episode 130: CHECKPOINTS (Short) | Reward: -3546.0 | Steps: 200
2025-07-01 07:27:11,456 - INFO - Episode 131/150 started - Strategy: CuriosityStrategy
2025-07-01 07:27:47,779 - INFO - 🔶 Episode 131: CHECKPOINTS (Short) | Reward: -3686.0 | Steps: 200
2025-07-01 07:27:47,780 - INFO - Episode 132/150 started - Strategy: CuriosityStrategy
2025-07-01 07:28:22,636 - INFO - 🔶 Episode 132: CHECKPOINTS (Short) | Reward: -4044.5 | Steps: 200
2025-07-01 07:28:22,637 - INFO - Episode 133/150 started - Strategy: CuriosityStrategy
2025-07-01 07:28:57,862 - INFO - 🔶 Episode 133: CHECKPOINTS (Short) | Reward: -4538.5 | Steps: 200
2025-07-01 07:28:57,863 - INFO - Episode 134/150 started - Strategy: CuriosityStrategy
2025-07-01 07:46:36,226 - INFO - ❌ Episode 134: FAILED (Short) | Reward: -6253.0 | Steps: 200
2025-07-01 07:46:36,226 - INFO - Episode 135/150 started - Strategy: CuriosityStrategy
2025-07-01 08:14:07,946 - INFO - 🔶 Episode 135: CHECKPOINTS (Short) | Reward: -3558.0 | Steps: 200
2025-07-01 08:14:07,946 - INFO - Episode 136/150 started - Strategy: CuriosityStrategy
2025-07-01 08:16:55,156 - INFO - 🔶 Episode 136: CHECKPOINTS (Short) | Reward: -3584.0 | Steps: 200
2025-07-01 08:16:55,156 - INFO - Episode 137/150 started - Strategy: CuriosityStrategy
2025-07-01 08:17:28,874 - INFO - 🔶 Episode 137: CHECKPOINTS (Short) | Reward: -3859.0 | Steps: 200
2025-07-01 08:17:28,875 - INFO - Episode 138/150 started - Strategy: CuriosityStrategy
2025-07-01 08:17:46,795 - INFO - ❌ Episode 138: FAILED (Short) | Reward: -6123.0 | Steps: 200
2025-07-01 08:17:46,796 - INFO - Episode 139/150 started - Strategy: CuriosityStrategy
2025-07-01 08:18:20,199 - INFO - 🔶 Episode 139: CHECKPOINTS (Short) | Reward: -4623.5 | Steps: 200
2025-07-01 08:18:20,200 - INFO - Episode 140/150 started - Strategy: CuriosityStrategy
2025-07-01 08:18:53,982 - INFO - 🔶 Episode 140: CHECKPOINTS (Short) | Reward: -3452.0 | Steps: 200
2025-07-01 08:18:53,984 - INFO - Episode 141/150 started - Strategy: CuriosityStrategy
2025-07-01 08:19:27,317 - INFO - 🔶 Episode 141: CHECKPOINTS (Short) | Reward: -3914.5 | Steps: 200
2025-07-01 08:19:27,317 - INFO - Episode 142/150 started - Strategy: CuriosityStrategy
2025-07-01 08:20:01,141 - INFO - 🔶 Episode 142: CHECKPOINTS (Short) | Reward: -3751.0 | Steps: 200
2025-07-01 08:20:01,142 - INFO - Episode 143/150 started - Strategy: CuriosityStrategy
2025-07-01 08:20:35,016 - INFO - 🔶 Episode 143: CHECKPOINTS (Short) | Reward: -3562.5 | Steps: 200
2025-07-01 08:20:35,016 - INFO - Episode 144/150 started - Strategy: CuriosityStrategy
2025-07-01 08:21:08,157 - INFO - 🔶 Episode 144: CHECKPOINTS (Short) | Reward: -3842.0 | Steps: 200
2025-07-01 08:21:08,158 - INFO - Episode 145/150 started - Strategy: CuriosityStrategy
2025-07-01 08:21:41,302 - INFO - 🔶 Episode 145: CHECKPOINTS (Short) | Reward: -4148.5 | Steps: 200
2025-07-01 08:21:41,303 - INFO - Episode 146/150 started - Strategy: CuriosityStrategy
2025-07-01 08:22:14,124 - INFO - 🔶 Episode 146: CHECKPOINTS (Short) | Reward: -3811.0 | Steps: 200
2025-07-01 08:22:14,126 - INFO - Episode 147/150 started - Strategy: CuriosityStrategy
2025-07-01 08:22:47,346 - INFO - 🔶 Episode 147: CHECKPOINTS (Short) | Reward: -4337.0 | Steps: 200
2025-07-01 08:22:47,348 - INFO - Episode 148/150 started - Strategy: CuriosityStrategy
2025-07-01 08:23:20,470 - INFO - 🔶 Episode 148: CHECKPOINTS (Short) | Reward: -4278.5 | Steps: 200
2025-07-01 08:23:20,472 - INFO - Episode 149/150 started - Strategy: CuriosityStrategy
2025-07-01 08:23:54,302 - INFO - 🔶 Episode 149: CHECKPOINTS (Short) | Reward: -3524.5 | Steps: 200
2025-07-01 08:23:54,303 - INFO - Episode 150/150 started - Strategy: CuriosityStrategy
2025-07-01 08:24:27,962 - INFO - 🔶 Episode 150: CHECKPOINTS (Short) | Reward: -3192.0 | Steps: 200
2025-07-01 08:24:27,972 - INFO - Episodes completed: 150
2025-07-01 08:24:27,973 - INFO - Average reward (last 50): -3843.52
2025-07-01 08:24:27,974 - INFO - Average steps (last 50): 200.0
2025-07-01 08:24:27,974 - INFO - Success rate (last 50): 0.0%
2025-07-01 08:24:27,974 - INFO - States explored: 102
2025-07-01 08:24:27,975 - INFO - Total checkpoints reached: 422
2025-07-01 08:24:27,975 - INFO - Unique checkpoints discovered: 4
2025-07-01 08:24:27,975 - INFO - Episodes with checkpoints: 147/150
2025-07-01 08:24:27,975 - INFO - Checkpoint values found: [1, 2, 3, 4]
2025-07-01 08:24:27,978 - INFO - ✅ Training completed!
2025-07-01 08:24:27,980 - INFO - === FINAL TRAINING STATISTICS ===
2025-07-01 08:24:27,980 - INFO -   total_episodes: 12030
2025-07-01 08:24:27,980 - INFO -   states_explored: 102
2025-07-01 08:24:27,980 - INFO -   avg_reward: -3048.8948462177887
2025-07-01 08:24:27,980 - INFO -   max_reward: 2582.0
2025-07-01 08:24:27,980 - INFO -   success_rate: 0.045968412302576894
2025-07-01 08:24:27,980 - INFO -   strategy_info: {'base_epsilon': 0.65, 'novelty_bonus': 5.0, 'states_discovered': 102}
2025-07-01 08:24:27,980 - INFO - === FINAL CHECKPOINT ANALYSIS ===
2025-07-01 08:24:27,980 - INFO -   Checkpoint discovery rate: 0.000 unique/episode
2025-07-01 08:24:27,981 - INFO -   Checkpoint frequency: 0.035 checkpoints/episode
2025-07-01 08:24:27,981 - INFO -   Best checkpoint reached: 4
2025-07-01 08:24:27,981 - INFO -   Maze progress: 80.0% (checkpoints discovered)
2025-07-01 08:24:27,981 - INFO - DDS stopped.
