2025-06-30 11:44:44,852 - INFO - Movement Mode: FAST (Teleport)
2025-06-30 11:44:44,853 - INFO - Strategy initialized: CuriosityStrategy
2025-06-30 11:44:44,853 - INFO - Strategy info: {'base_epsilon': 0.6, 'novelty_bonus': 8.0, 'states_discovered': 0}
2025-06-30 11:44:44,853 - INFO - CLI mode selected: continue
2025-06-30 11:44:44,853 - INFO - Continuing training for 150 additional episodes.
2025-06-30 11:44:44,853 - INFO - ================================================================================
2025-06-30 11:44:44,853 - INFO - 🚀 STARTING TRAINING SESSION
2025-06-30 11:44:44,853 - INFO - ================================================================================
2025-06-30 11:44:44,853 - INFO - Episodes: 150
2025-06-30 11:44:44,853 - INFO - Strategy: curiosity
2025-06-30 11:44:44,853 - INFO - Model path: models/q_agent.pkl
2025-06-30 11:44:44,853 - INFO - ================================================================================
2025-06-30 11:44:44,853 - INFO - 📁 Loaded existing model
2025-06-30 11:44:44,860 - INFO - 🔗 Connected to Godot simulation!
2025-06-30 11:44:44,860 - INFO - Episode 1/150 started - Strategy: CuriosityStrategy
2025-06-30 11:45:16,688 - INFO - 🏆 Episode 1: GOAL REACHED | Reward: -602.5 | Steps: 191
2025-06-30 11:45:16,688 - INFO - Episode 2/150 started - Strategy: CuriosityStrategy
2025-06-30 11:45:50,821 - INFO - 🔶 Episode 2: CHECKPOINTS (Short) | Reward: -3595.0 | Steps: 200
2025-06-30 11:45:50,822 - INFO - Episode 3/150 started - Strategy: CuriosityStrategy
2025-06-30 11:46:24,705 - INFO - 🔶 Episode 3: CHECKPOINTS (Short) | Reward: -3172.5 | Steps: 200
2025-06-30 11:46:24,705 - INFO - Episode 4/150 started - Strategy: CuriosityStrategy
2025-06-30 11:46:57,921 - INFO - 🔶 Episode 4: CHECKPOINTS (Short) | Reward: -4025.0 | Steps: 200
2025-06-30 11:46:57,921 - INFO - Episode 5/150 started - Strategy: CuriosityStrategy
2025-06-30 11:47:30,979 - INFO - 🔶 Episode 5: CHECKPOINTS (Short) | Reward: -3933.0 | Steps: 200
2025-06-30 11:47:30,981 - INFO - Episode 6/150 started - Strategy: CuriosityStrategy
2025-06-30 11:48:04,110 - INFO - 🔶 Episode 6: CHECKPOINTS (Short) | Reward: -4129.0 | Steps: 200
2025-06-30 11:48:04,111 - INFO - Episode 7/150 started - Strategy: CuriosityStrategy
2025-06-30 11:48:38,182 - INFO - 🔶 Episode 7: CHECKPOINTS (Short) | Reward: -2669.0 | Steps: 200
2025-06-30 11:48:38,182 - INFO - Episode 8/150 started - Strategy: CuriosityStrategy
2025-06-30 11:49:11,952 - INFO - 🔶 Episode 8: CHECKPOINTS (Short) | Reward: -2913.0 | Steps: 200
2025-06-30 11:49:11,953 - INFO - Episode 9/150 started - Strategy: CuriosityStrategy
2025-06-30 11:49:45,797 - INFO - 🔶 Episode 9: CHECKPOINTS (Short) | Reward: -3940.5 | Steps: 200
2025-06-30 11:49:45,797 - INFO - Episode 10/150 started - Strategy: CuriosityStrategy
2025-06-30 11:50:19,189 - INFO - 🏆 Episode 10: GOAL REACHED | Reward: -804.0 | Steps: 197
2025-06-30 11:50:19,189 - INFO - Episode 11/150 started - Strategy: CuriosityStrategy
2025-06-30 11:50:52,691 - INFO - 🔶 Episode 11: CHECKPOINTS (Short) | Reward: -2665.5 | Steps: 200
2025-06-30 11:50:52,693 - INFO - Episode 12/150 started - Strategy: CuriosityStrategy
2025-06-30 11:51:26,432 - INFO - 🔶 Episode 12: CHECKPOINTS (Short) | Reward: -3562.5 | Steps: 200
2025-06-30 11:51:26,433 - INFO - Episode 13/150 started - Strategy: CuriosityStrategy
2025-06-30 11:51:59,766 - INFO - 🔶 Episode 13: CHECKPOINTS (Short) | Reward: -3517.0 | Steps: 200
2025-06-30 11:51:59,768 - INFO - Episode 14/150 started - Strategy: CuriosityStrategy
2025-06-30 11:52:33,397 - INFO - 🔶 Episode 14: CHECKPOINTS (Short) | Reward: -3536.5 | Steps: 200
2025-06-30 11:52:33,399 - INFO - Episode 15/150 started - Strategy: CuriosityStrategy
2025-06-30 11:53:07,032 - INFO - 🔶 Episode 15: CHECKPOINTS (Short) | Reward: -3744.5 | Steps: 200
2025-06-30 11:53:07,033 - INFO - Episode 16/150 started - Strategy: CuriosityStrategy
2025-06-30 11:53:40,663 - INFO - 🔶 Episode 16: CHECKPOINTS (Short) | Reward: -3666.5 | Steps: 200
2025-06-30 11:53:40,665 - INFO - Episode 17/150 started - Strategy: CuriosityStrategy
2025-06-30 11:54:14,143 - INFO - 🔶 Episode 17: CHECKPOINTS (Short) | Reward: -3549.5 | Steps: 200
2025-06-30 11:54:14,144 - INFO - Episode 18/150 started - Strategy: CuriosityStrategy
2025-06-30 11:54:47,667 - INFO - 🔶 Episode 18: CHECKPOINTS (Short) | Reward: -4116.0 | Steps: 200
2025-06-30 11:54:47,670 - INFO - Episode 19/150 started - Strategy: CuriosityStrategy
2025-06-30 11:55:20,831 - INFO - 🔶 Episode 19: CHECKPOINTS (Short) | Reward: -4122.5 | Steps: 200
2025-06-30 11:55:20,833 - INFO - Episode 20/150 started - Strategy: CuriosityStrategy
2025-06-30 11:55:55,122 - INFO - 🔶 Episode 20: CHECKPOINTS (Short) | Reward: -2549.0 | Steps: 200
2025-06-30 11:55:55,123 - INFO - Episode 21/150 started - Strategy: CuriosityStrategy
2025-06-30 11:56:29,085 - INFO - 🔶 Episode 21: CHECKPOINTS (Short) | Reward: -2861.0 | Steps: 200
2025-06-30 11:56:29,085 - INFO - Episode 22/150 started - Strategy: CuriosityStrategy
2025-06-30 11:57:02,189 - INFO - 🔶 Episode 22: CHECKPOINTS (Short) | Reward: -3752.0 | Steps: 200
2025-06-30 11:57:02,190 - INFO - Episode 23/150 started - Strategy: CuriosityStrategy
2025-06-30 11:57:36,266 - INFO - 🔶 Episode 23: CHECKPOINTS (Short) | Reward: -3259.0 | Steps: 200
2025-06-30 11:57:36,266 - INFO - Episode 24/150 started - Strategy: CuriosityStrategy
2025-06-30 11:57:54,879 - INFO - ❌ Episode 24: FAILED (Short) | Reward: -6071.0 | Steps: 200
2025-06-30 11:57:54,881 - INFO - Episode 25/150 started - Strategy: CuriosityStrategy
2025-06-30 11:58:28,223 - INFO - 🔶 Episode 25: CHECKPOINTS (Short) | Reward: -3768.0 | Steps: 200
2025-06-30 11:58:28,223 - INFO - Episode 26/150 started - Strategy: CuriosityStrategy
2025-06-30 11:59:01,064 - INFO - 🔶 Episode 26: CHECKPOINTS (Short) | Reward: -3562.5 | Steps: 200
2025-06-30 11:59:01,065 - INFO - Episode 27/150 started - Strategy: CuriosityStrategy
2025-06-30 11:59:33,825 - INFO - 🔶 Episode 27: CHECKPOINTS (Short) | Reward: -4474.0 | Steps: 200
2025-06-30 11:59:33,826 - INFO - Episode 28/150 started - Strategy: CuriosityStrategy
2025-06-30 12:00:06,776 - INFO - 🔶 Episode 28: CHECKPOINTS (Short) | Reward: -4096.5 | Steps: 200
2025-06-30 12:00:06,776 - INFO - Episode 29/150 started - Strategy: CuriosityStrategy
2025-06-30 12:00:40,443 - INFO - 🔶 Episode 29: CHECKPOINTS (Short) | Reward: -4526.0 | Steps: 200
2025-06-30 12:00:40,444 - INFO - Episode 30/150 started - Strategy: CuriosityStrategy
2025-06-30 12:01:14,105 - INFO - 🔶 Episode 30: CHECKPOINTS (Short) | Reward: -4200.5 | Steps: 200
2025-06-30 12:01:14,106 - INFO - Episode 31/150 started - Strategy: CuriosityStrategy
2025-06-30 12:01:46,850 - INFO - 🔶 Episode 31: CHECKPOINTS (Short) | Reward: -3700.0 | Steps: 200
2025-06-30 12:01:46,851 - INFO - Episode 32/150 started - Strategy: CuriosityStrategy
2025-06-30 12:02:19,223 - INFO - 🔶 Episode 32: CHECKPOINTS (Short) | Reward: -3986.0 | Steps: 200
2025-06-30 12:02:19,224 - INFO - Episode 33/150 started - Strategy: CuriosityStrategy
2025-06-30 12:02:53,202 - INFO - 🔶 Episode 33: CHECKPOINTS (Short) | Reward: -3726.0 | Steps: 200
2025-06-30 12:02:53,203 - INFO - Episode 34/150 started - Strategy: CuriosityStrategy
2025-06-30 12:03:28,909 - INFO - 🔶 Episode 34: CHECKPOINTS (Short) | Reward: -2958.5 | Steps: 200
2025-06-30 12:03:28,910 - INFO - Episode 35/150 started - Strategy: CuriosityStrategy
2025-06-30 12:04:04,095 - INFO - 🔶 Episode 35: CHECKPOINTS (Short) | Reward: -3842.0 | Steps: 200
2025-06-30 12:04:04,095 - INFO - Episode 36/150 started - Strategy: CuriosityStrategy
2025-06-30 12:04:39,178 - INFO - 🔶 Episode 36: CHECKPOINTS (Short) | Reward: -4291.5 | Steps: 200
2025-06-30 12:04:39,179 - INFO - Episode 37/150 started - Strategy: CuriosityStrategy
2025-06-30 12:05:14,275 - INFO - 🔶 Episode 37: CHECKPOINTS (Short) | Reward: -3602.5 | Steps: 200
2025-06-30 12:05:14,276 - INFO - Episode 38/150 started - Strategy: CuriosityStrategy
2025-06-30 12:05:48,391 - INFO - 🔶 Episode 38: CHECKPOINTS (Short) | Reward: -3934.0 | Steps: 200
2025-06-30 12:05:48,393 - INFO - Episode 39/150 started - Strategy: CuriosityStrategy
2025-06-30 12:06:23,549 - INFO - 🔶 Episode 39: CHECKPOINTS (Short) | Reward: -3302.5 | Steps: 200
2025-06-30 12:06:23,549 - INFO - Episode 40/150 started - Strategy: CuriosityStrategy
2025-06-30 12:06:59,249 - INFO - 🔶 Episode 40: CHECKPOINTS (Short) | Reward: -2850.5 | Steps: 200
2025-06-30 12:06:59,251 - INFO - Episode 41/150 started - Strategy: CuriosityStrategy
2025-06-30 12:07:34,916 - INFO - 🔶 Episode 41: CHECKPOINTS (Short) | Reward: -4122.5 | Steps: 200
2025-06-30 12:07:34,918 - INFO - Episode 42/150 started - Strategy: CuriosityStrategy
2025-06-30 12:08:10,677 - INFO - 🔶 Episode 42: CHECKPOINTS (Short) | Reward: -3491.0 | Steps: 200
2025-06-30 12:08:10,679 - INFO - Episode 43/150 started - Strategy: CuriosityStrategy
2025-06-30 12:08:45,762 - INFO - 🔶 Episode 43: CHECKPOINTS (Short) | Reward: -3562.5 | Steps: 200
2025-06-30 12:08:45,762 - INFO - Episode 44/150 started - Strategy: CuriosityStrategy
2025-06-30 12:09:21,321 - INFO - 🔶 Episode 44: CHECKPOINTS (Short) | Reward: -3739.0 | Steps: 200
2025-06-30 12:09:21,322 - INFO - Episode 45/150 started - Strategy: CuriosityStrategy
2025-06-30 12:09:57,140 - INFO - 🔶 Episode 45: CHECKPOINTS (Short) | Reward: -3484.5 | Steps: 200
2025-06-30 12:09:57,140 - INFO - Episode 46/150 started - Strategy: CuriosityStrategy
2025-06-30 12:10:32,922 - INFO - 🔶 Episode 46: CHECKPOINTS (Short) | Reward: -3036.5 | Steps: 200
2025-06-30 12:10:32,923 - INFO - Episode 47/150 started - Strategy: CuriosityStrategy
2025-06-30 12:11:08,266 - INFO - 🔶 Episode 47: CHECKPOINTS (Short) | Reward: -3198.5 | Steps: 200
2025-06-30 12:11:08,266 - INFO - Episode 48/150 started - Strategy: CuriosityStrategy
2025-06-30 12:11:43,797 - INFO - 🔶 Episode 48: CHECKPOINTS (Short) | Reward: -3966.5 | Steps: 200
2025-06-30 12:11:43,798 - INFO - Episode 49/150 started - Strategy: CuriosityStrategy
2025-06-30 12:12:17,846 - INFO - 🔶 Episode 49: CHECKPOINTS (Short) | Reward: -4265.5 | Steps: 200
2025-06-30 12:12:17,846 - INFO - Episode 50/150 started - Strategy: CuriosityStrategy
2025-06-30 12:12:53,757 - INFO - 🔶 Episode 50: CHECKPOINTS (Short) | Reward: -3075.5 | Steps: 200
2025-06-30 12:12:53,763 - INFO - Episodes completed: 50
2025-06-30 12:12:53,764 - INFO - Average reward (last 50): -3550.38
2025-06-30 12:12:53,764 - INFO - Average steps (last 50): 199.8
2025-06-30 12:12:53,765 - INFO - Success rate (last 50): 4.0%
2025-06-30 12:12:53,765 - INFO - States explored: 100
2025-06-30 12:12:53,765 - INFO - Total checkpoints reached: 133
2025-06-30 12:12:53,765 - INFO - Unique checkpoints discovered: 4
2025-06-30 12:12:53,765 - INFO - Episodes with checkpoints: 49/50
2025-06-30 12:12:53,765 - INFO - Checkpoint values found: [1, 2, 3, 4]
2025-06-30 12:12:53,765 - INFO - Episode 51/150 started - Strategy: CuriosityStrategy
2025-06-30 12:13:29,007 - INFO - 🔶 Episode 51: CHECKPOINTS (Short) | Reward: -4051.0 | Steps: 200
2025-06-30 12:13:29,007 - INFO - Episode 52/150 started - Strategy: CuriosityStrategy
2025-06-30 12:14:05,073 - INFO - 🔶 Episode 52: CHECKPOINTS (Short) | Reward: -3647.0 | Steps: 200
2025-06-30 12:14:05,073 - INFO - Episode 53/150 started - Strategy: CuriosityStrategy
2025-06-30 12:14:40,576 - INFO - 🔶 Episode 53: CHECKPOINTS (Short) | Reward: -3526.5 | Steps: 200
2025-06-30 12:14:40,576 - INFO - Episode 54/150 started - Strategy: CuriosityStrategy
2025-06-30 12:15:15,714 - INFO - 🔶 Episode 54: CHECKPOINTS (Short) | Reward: -4102.0 | Steps: 200
2025-06-30 12:15:15,715 - INFO - Episode 55/150 started - Strategy: CuriosityStrategy
2025-06-30 12:15:50,826 - INFO - 🔶 Episode 55: CHECKPOINTS (Short) | Reward: -4038.0 | Steps: 200
2025-06-30 12:15:50,827 - INFO - Episode 56/150 started - Strategy: CuriosityStrategy
2025-06-30 12:16:26,396 - INFO - 🔶 Episode 56: CHECKPOINTS (Short) | Reward: -4356.5 | Steps: 200
2025-06-30 12:16:26,396 - INFO - Episode 57/150 started - Strategy: CuriosityStrategy
2025-06-30 12:17:02,192 - INFO - 🔶 Episode 57: CHECKPOINTS (Short) | Reward: -3432.5 | Steps: 200
2025-06-30 12:17:02,192 - INFO - Episode 58/150 started - Strategy: CuriosityStrategy
2025-06-30 12:17:37,903 - INFO - 🔶 Episode 58: CHECKPOINTS (Short) | Reward: -3536.5 | Steps: 200
2025-06-30 12:17:37,904 - INFO - Episode 59/150 started - Strategy: CuriosityStrategy
2025-06-30 12:18:13,208 - INFO - 🔶 Episode 59: CHECKPOINTS (Short) | Reward: -3614.5 | Steps: 200
2025-06-30 12:18:13,208 - INFO - Episode 60/150 started - Strategy: CuriosityStrategy
2025-06-30 12:18:48,696 - INFO - 🔶 Episode 60: CHECKPOINTS (Short) | Reward: -3394.0 | Steps: 200
2025-06-30 12:18:48,697 - INFO - Episode 61/150 started - Strategy: CuriosityStrategy
2025-06-30 12:19:23,547 - INFO - 🔶 Episode 61: CHECKPOINTS (Short) | Reward: -3745.5 | Steps: 200
2025-06-30 12:19:23,548 - INFO - Episode 62/150 started - Strategy: CuriosityStrategy
2025-06-30 12:19:59,318 - INFO - 🔶 Episode 62: CHECKPOINTS (Short) | Reward: -2756.5 | Steps: 200
2025-06-30 12:19:59,318 - INFO - Episode 63/150 started - Strategy: CuriosityStrategy
2025-06-30 12:20:34,782 - INFO - 🏆 Episode 63: GOAL REACHED | Reward: -583.0 | Steps: 197
2025-06-30 12:20:34,783 - INFO - Episode 64/150 started - Strategy: CuriosityStrategy
2025-06-30 12:21:10,569 - INFO - 🔶 Episode 64: CHECKPOINTS (Short) | Reward: -3004.0 | Steps: 200
2025-06-30 12:21:10,569 - INFO - Episode 65/150 started - Strategy: CuriosityStrategy
2025-06-30 12:21:45,861 - INFO - 🔶 Episode 65: CHECKPOINTS (Short) | Reward: -3869.0 | Steps: 200
2025-06-30 12:21:45,862 - INFO - Episode 66/150 started - Strategy: CuriosityStrategy
2025-06-30 12:22:20,847 - INFO - 🔶 Episode 66: CHECKPOINTS (Short) | Reward: -3888.5 | Steps: 200
2025-06-30 12:22:20,847 - INFO - Episode 67/150 started - Strategy: CuriosityStrategy
2025-06-30 12:22:56,919 - INFO - 🔶 Episode 67: CHECKPOINTS (Short) | Reward: -2688.5 | Steps: 200
2025-06-30 12:22:56,920 - INFO - Episode 68/150 started - Strategy: CuriosityStrategy
2025-06-30 12:23:32,940 - INFO - 🔶 Episode 68: CHECKPOINTS (Short) | Reward: -3576.5 | Steps: 200
2025-06-30 12:23:32,941 - INFO - Episode 69/150 started - Strategy: CuriosityStrategy
2025-06-30 12:24:08,749 - INFO - 🔶 Episode 69: CHECKPOINTS (Short) | Reward: -3056.0 | Steps: 200
2025-06-30 12:24:08,750 - INFO - Episode 70/150 started - Strategy: CuriosityStrategy
2025-06-30 12:24:43,801 - INFO - 🔶 Episode 70: CHECKPOINTS (Short) | Reward: -3700.0 | Steps: 200
2025-06-30 12:24:43,803 - INFO - Episode 71/150 started - Strategy: CuriosityStrategy
2025-06-30 12:25:18,740 - INFO - 🔶 Episode 71: CHECKPOINTS (Short) | Reward: -3777.0 | Steps: 200
2025-06-30 12:25:18,741 - INFO - Episode 72/150 started - Strategy: CuriosityStrategy
2025-06-30 12:25:53,885 - INFO - 🔶 Episode 72: CHECKPOINTS (Short) | Reward: -3778.0 | Steps: 200
2025-06-30 12:25:53,886 - INFO - Episode 73/150 started - Strategy: CuriosityStrategy
2025-06-30 12:26:29,461 - INFO - 🔶 Episode 73: CHECKPOINTS (Short) | Reward: -3127.5 | Steps: 200
2025-06-30 12:26:29,462 - INFO - Episode 74/150 started - Strategy: CuriosityStrategy
2025-06-30 12:26:58,218 - INFO - 🏆 Episode 74: GOAL REACHED | Reward: 385.5 | Steps: 158
2025-06-30 12:26:58,218 - INFO - Episode 75/150 started - Strategy: CuriosityStrategy
2025-06-30 12:27:33,952 - INFO - 🔶 Episode 75: CHECKPOINTS (Short) | Reward: -2568.5 | Steps: 200
2025-06-30 12:27:33,953 - INFO - Episode 76/150 started - Strategy: CuriosityStrategy
2025-06-30 12:28:09,999 - INFO - 🔶 Episode 76: CHECKPOINTS (Short) | Reward: -3745.5 | Steps: 200
2025-06-30 12:28:10,000 - INFO - Episode 77/150 started - Strategy: CuriosityStrategy
2025-06-30 12:28:45,175 - INFO - 🔶 Episode 77: CHECKPOINTS (Short) | Reward: -3569.0 | Steps: 200
2025-06-30 12:28:45,177 - INFO - Episode 78/150 started - Strategy: CuriosityStrategy
2025-06-30 12:29:20,971 - INFO - 🔶 Episode 78: CHECKPOINTS (Short) | Reward: -2737.5 | Steps: 200
2025-06-30 12:29:20,972 - INFO - Episode 79/150 started - Strategy: CuriosityStrategy
2025-06-30 12:29:56,525 - INFO - 🔶 Episode 79: CHECKPOINTS (Short) | Reward: -3452.0 | Steps: 200
2025-06-30 12:29:56,525 - INFO - Episode 80/150 started - Strategy: CuriosityStrategy
2025-06-30 12:30:32,409 - INFO - 🔶 Episode 80: CHECKPOINTS (Short) | Reward: -3393.5 | Steps: 200
2025-06-30 12:30:32,411 - INFO - Episode 81/150 started - Strategy: CuriosityStrategy
2025-06-30 12:31:07,544 - INFO - 🔶 Episode 81: CHECKPOINTS (Short) | Reward: -3953.5 | Steps: 200
2025-06-30 12:31:07,545 - INFO - Episode 82/150 started - Strategy: CuriosityStrategy
2025-06-30 12:31:43,026 - INFO - 🔶 Episode 82: CHECKPOINTS (Short) | Reward: -3147.0 | Steps: 200
2025-06-30 12:31:43,026 - INFO - Episode 83/150 started - Strategy: CuriosityStrategy
2025-06-30 12:32:19,145 - INFO - 🔶 Episode 83: CHECKPOINTS (Short) | Reward: -3081.5 | Steps: 200
2025-06-30 12:32:19,146 - INFO - Episode 84/150 started - Strategy: CuriosityStrategy
2025-06-30 12:32:54,577 - INFO - 🔶 Episode 84: CHECKPOINTS (Short) | Reward: -3368.0 | Steps: 200
2025-06-30 12:32:54,578 - INFO - Episode 85/150 started - Strategy: CuriosityStrategy
2025-06-30 12:33:30,484 - INFO - 🔶 Episode 85: CHECKPOINTS (Short) | Reward: -3299.0 | Steps: 200
2025-06-30 12:33:30,485 - INFO - Episode 86/150 started - Strategy: CuriosityStrategy
2025-06-30 12:34:05,729 - INFO - 🔶 Episode 86: CHECKPOINTS (Short) | Reward: -3900.5 | Steps: 200
2025-06-30 12:34:05,729 - INFO - Episode 87/150 started - Strategy: CuriosityStrategy
2025-06-30 12:34:40,918 - INFO - 🔶 Episode 87: CHECKPOINTS (Short) | Reward: -3731.5 | Steps: 200
2025-06-30 12:34:40,919 - INFO - Episode 88/150 started - Strategy: CuriosityStrategy
2025-06-30 12:35:16,470 - INFO - 🔶 Episode 88: CHECKPOINTS (Short) | Reward: -4086.5 | Steps: 200
2025-06-30 12:35:16,470 - INFO - Episode 89/150 started - Strategy: CuriosityStrategy
2025-06-30 12:35:52,308 - INFO - 🔶 Episode 89: CHECKPOINTS (Short) | Reward: -2633.5 | Steps: 200
2025-06-30 12:35:52,308 - INFO - Episode 90/150 started - Strategy: CuriosityStrategy
2025-06-30 12:36:27,121 - INFO - 🏆 Episode 90: GOAL REACHED | Reward: -737.0 | Steps: 195
2025-06-30 12:36:27,121 - INFO - Episode 91/150 started - Strategy: CuriosityStrategy
2025-06-30 12:37:02,898 - INFO - 🔶 Episode 91: CHECKPOINTS (Short) | Reward: -3094.5 | Steps: 200
2025-06-30 12:37:02,898 - INFO - Episode 92/150 started - Strategy: CuriosityStrategy
2025-06-30 12:37:38,277 - INFO - 🔶 Episode 92: CHECKPOINTS (Short) | Reward: -3322.0 | Steps: 200
2025-06-30 12:37:38,278 - INFO - Episode 93/150 started - Strategy: CuriosityStrategy
2025-06-30 12:38:13,731 - INFO - 🔶 Episode 93: CHECKPOINTS (Short) | Reward: -2926.0 | Steps: 200
2025-06-30 12:38:13,731 - INFO - Episode 94/150 started - Strategy: CuriosityStrategy
2025-06-30 12:38:48,659 - INFO - 🔶 Episode 94: CHECKPOINTS (Short) | Reward: -3950.0 | Steps: 200
2025-06-30 12:38:48,659 - INFO - Episode 95/150 started - Strategy: CuriosityStrategy
2025-06-30 12:39:23,947 - INFO - 🔶 Episode 95: CHECKPOINTS (Short) | Reward: -3400.0 | Steps: 200
2025-06-30 12:39:23,947 - INFO - Episode 96/150 started - Strategy: CuriosityStrategy
2025-06-30 12:39:59,750 - INFO - 🔶 Episode 96: CHECKPOINTS (Short) | Reward: -3651.0 | Steps: 200
2025-06-30 12:39:59,750 - INFO - Episode 97/150 started - Strategy: CuriosityStrategy
2025-06-30 12:40:35,521 - INFO - 🔶 Episode 97: CHECKPOINTS (Short) | Reward: -3790.0 | Steps: 200
2025-06-30 12:40:35,522 - INFO - Episode 98/150 started - Strategy: CuriosityStrategy
2025-06-30 12:41:10,942 - INFO - 🔶 Episode 98: CHECKPOINTS (Short) | Reward: -2477.5 | Steps: 200
2025-06-30 12:41:10,942 - INFO - Episode 99/150 started - Strategy: CuriosityStrategy
2025-06-30 12:41:45,799 - INFO - 🔶 Episode 99: CHECKPOINTS (Short) | Reward: -3116.0 | Steps: 200
2025-06-30 12:41:45,803 - INFO - Episode 100/150 started - Strategy: CuriosityStrategy
2025-06-30 12:42:18,153 - INFO - 🔶 Episode 100: CHECKPOINTS (Short) | Reward: -3921.0 | Steps: 200
2025-06-30 12:42:18,160 - INFO - Episodes completed: 100
2025-06-30 12:42:18,161 - INFO - Average reward (last 50): -3278.30
2025-06-30 12:42:18,161 - INFO - Average steps (last 50): 199.0
2025-06-30 12:42:18,161 - INFO - Success rate (last 50): 6.0%
2025-06-30 12:42:18,161 - INFO - States explored: 100
2025-06-30 12:42:18,161 - INFO - Total checkpoints reached: 283
2025-06-30 12:42:18,161 - INFO - Unique checkpoints discovered: 4
2025-06-30 12:42:18,161 - INFO - Episodes with checkpoints: 99/100
2025-06-30 12:42:18,161 - INFO - Checkpoint values found: [1, 2, 3, 4]
2025-06-30 12:42:18,161 - INFO - Episode 101/150 started - Strategy: CuriosityStrategy
2025-06-30 12:42:51,877 - INFO - 🔶 Episode 101: CHECKPOINTS (Short) | Reward: -3315.5 | Steps: 200
2025-06-30 12:42:51,878 - INFO - Episode 102/150 started - Strategy: CuriosityStrategy
2025-06-30 12:43:25,665 - INFO - 🔶 Episode 102: CHECKPOINTS (Short) | Reward: -2828.5 | Steps: 200
2025-06-30 12:43:25,665 - INFO - Episode 103/150 started - Strategy: CuriosityStrategy
2025-06-30 12:43:59,495 - INFO - 🔶 Episode 103: CHECKPOINTS (Short) | Reward: -2653.0 | Steps: 200
2025-06-30 12:43:59,495 - INFO - Episode 104/150 started - Strategy: CuriosityStrategy
2025-06-30 12:44:33,122 - INFO - 🔶 Episode 104: CHECKPOINTS (Short) | Reward: -4051.0 | Steps: 200
2025-06-30 12:44:33,123 - INFO - Episode 105/150 started - Strategy: CuriosityStrategy
2025-06-30 12:45:07,090 - INFO - 🔶 Episode 105: CHECKPOINTS (Short) | Reward: -2646.5 | Steps: 200
2025-06-30 12:45:07,091 - INFO - Episode 106/150 started - Strategy: CuriosityStrategy
2025-06-30 12:45:40,798 - INFO - 🔶 Episode 106: CHECKPOINTS (Short) | Reward: -2461.0 | Steps: 200
2025-06-30 12:45:40,798 - INFO - Episode 107/150 started - Strategy: CuriosityStrategy
2025-06-30 12:46:13,951 - INFO - 🔶 Episode 107: CHECKPOINTS (Short) | Reward: -3634.0 | Steps: 200
2025-06-30 12:46:13,951 - INFO - Episode 108/150 started - Strategy: CuriosityStrategy
2025-06-30 12:46:48,047 - INFO - 🔶 Episode 108: CHECKPOINTS (Short) | Reward: -2939.0 | Steps: 200
2025-06-30 12:46:48,048 - INFO - Episode 109/150 started - Strategy: CuriosityStrategy
2025-06-30 12:47:21,677 - INFO - 🔶 Episode 109: CHECKPOINTS (Short) | Reward: -2980.5 | Steps: 200
2025-06-30 12:47:21,678 - INFO - Episode 110/150 started - Strategy: CuriosityStrategy
2025-06-30 12:47:55,006 - INFO - 🔶 Episode 110: CHECKPOINTS (Short) | Reward: -3648.0 | Steps: 200
2025-06-30 12:47:55,006 - INFO - Episode 111/150 started - Strategy: CuriosityStrategy
2025-06-30 12:48:28,412 - INFO - 🔶 Episode 111: CHECKPOINTS (Short) | Reward: -3289.5 | Steps: 200
2025-06-30 12:48:28,413 - INFO - Episode 112/150 started - Strategy: CuriosityStrategy
2025-06-30 12:49:02,248 - INFO - 🔶 Episode 112: CHECKPOINTS (Short) | Reward: -2555.5 | Steps: 200
2025-06-30 12:49:02,248 - INFO - Episode 113/150 started - Strategy: CuriosityStrategy
2025-06-30 12:49:35,946 - INFO - 🔶 Episode 113: CHECKPOINTS (Short) | Reward: -3744.5 | Steps: 200
2025-06-30 12:49:35,946 - INFO - Episode 114/150 started - Strategy: CuriosityStrategy
2025-06-30 12:50:09,357 - INFO - 🔶 Episode 114: CHECKPOINTS (Short) | Reward: -3504.0 | Steps: 200
2025-06-30 12:50:09,357 - INFO - Episode 115/150 started - Strategy: CuriosityStrategy
2025-06-30 12:50:43,144 - INFO - 🔶 Episode 115: CHECKPOINTS (Short) | Reward: -4090.0 | Steps: 200
2025-06-30 12:50:43,145 - INFO - Episode 116/150 started - Strategy: CuriosityStrategy
2025-06-30 12:51:16,550 - INFO - 🔶 Episode 116: CHECKPOINTS (Short) | Reward: -3653.5 | Steps: 200
2025-06-30 12:51:16,550 - INFO - Episode 117/150 started - Strategy: CuriosityStrategy
2025-06-30 12:51:49,899 - INFO - 🔶 Episode 117: CHECKPOINTS (Short) | Reward: -3699.0 | Steps: 200
2025-06-30 12:51:49,899 - INFO - Episode 118/150 started - Strategy: CuriosityStrategy
2025-06-30 12:52:23,751 - INFO - 🔶 Episode 118: CHECKPOINTS (Short) | Reward: -2568.5 | Steps: 200
2025-06-30 12:52:23,751 - INFO - Episode 119/150 started - Strategy: CuriosityStrategy
2025-06-30 12:52:57,798 - INFO - 🔶 Episode 119: CHECKPOINTS (Short) | Reward: -3549.5 | Steps: 200
2025-06-30 12:52:57,799 - INFO - Episode 120/150 started - Strategy: CuriosityStrategy
2025-06-30 12:53:31,697 - INFO - 🔶 Episode 120: CHECKPOINTS (Short) | Reward: -2900.0 | Steps: 200
2025-06-30 12:53:31,698 - INFO - Episode 121/150 started - Strategy: CuriosityStrategy
2025-06-30 12:54:05,133 - INFO - 🔶 Episode 121: CHECKPOINTS (Short) | Reward: -3504.0 | Steps: 200
2025-06-30 12:54:05,133 - INFO - Episode 122/150 started - Strategy: CuriosityStrategy
2025-06-30 12:54:39,019 - INFO - 🔶 Episode 122: CHECKPOINTS (Short) | Reward: -3653.5 | Steps: 200
2025-06-30 12:54:39,020 - INFO - Episode 123/150 started - Strategy: CuriosityStrategy
2025-06-30 12:55:12,730 - INFO - 🔶 Episode 123: CHECKPOINTS (Short) | Reward: -4265.5 | Steps: 200
2025-06-30 12:55:12,730 - INFO - Episode 124/150 started - Strategy: CuriosityStrategy
2025-06-30 12:55:49,143 - INFO - 🔶 Episode 124: CHECKPOINTS (Short) | Reward: -2828.5 | Steps: 200
2025-06-30 12:55:49,143 - INFO - Episode 125/150 started - Strategy: CuriosityStrategy
2025-06-30 12:56:24,565 - INFO - 🔶 Episode 125: CHECKPOINTS (Short) | Reward: -4161.5 | Steps: 200
2025-06-30 12:56:24,566 - INFO - Episode 126/150 started - Strategy: CuriosityStrategy
2025-06-30 12:57:00,364 - INFO - 🔶 Episode 126: CHECKPOINTS (Short) | Reward: -3666.5 | Steps: 200
2025-06-30 12:57:00,365 - INFO - Episode 127/150 started - Strategy: CuriosityStrategy
2025-06-30 12:57:36,482 - INFO - 🔶 Episode 127: CHECKPOINTS (Short) | Reward: -2939.0 | Steps: 200
2025-06-30 12:57:36,482 - INFO - Episode 128/150 started - Strategy: CuriosityStrategy
2025-06-30 12:58:12,439 - INFO - 🔶 Episode 128: CHECKPOINTS (Short) | Reward: -3744.5 | Steps: 200
2025-06-30 12:58:12,440 - INFO - Episode 129/150 started - Strategy: CuriosityStrategy
2025-06-30 12:58:47,324 - INFO - 🔶 Episode 129: CHECKPOINTS (Short) | Reward: -3485.5 | Steps: 200
2025-06-30 12:58:47,325 - INFO - Episode 130/150 started - Strategy: CuriosityStrategy
2025-06-30 12:59:22,514 - INFO - 🔶 Episode 130: CHECKPOINTS (Short) | Reward: -3908.0 | Steps: 200
2025-06-30 12:59:22,515 - INFO - Episode 131/150 started - Strategy: CuriosityStrategy
2025-06-30 12:59:57,229 - INFO - 🔶 Episode 131: CHECKPOINTS (Short) | Reward: -3813.5 | Steps: 200
2025-06-30 12:59:57,229 - INFO - Episode 132/150 started - Strategy: CuriosityStrategy
2025-06-30 13:00:32,967 - INFO - 🔶 Episode 132: CHECKPOINTS (Short) | Reward: -3582.0 | Steps: 200
2025-06-30 13:00:32,967 - INFO - Episode 133/150 started - Strategy: CuriosityStrategy
2025-06-30 13:01:09,192 - INFO - 🔶 Episode 133: CHECKPOINTS (Short) | Reward: -2848.0 | Steps: 200
2025-06-30 13:01:09,193 - INFO - Episode 134/150 started - Strategy: CuriosityStrategy
2025-06-30 13:01:43,848 - INFO - 🏆 Episode 134: GOAL REACHED | Reward: -698.5 | Steps: 195
2025-06-30 13:01:43,849 - INFO - Episode 135/150 started - Strategy: CuriosityStrategy
2025-06-30 13:02:19,316 - INFO - 🔶 Episode 135: CHECKPOINTS (Short) | Reward: -3654.5 | Steps: 200
2025-06-30 13:02:19,317 - INFO - Episode 136/150 started - Strategy: CuriosityStrategy
2025-06-30 13:02:54,637 - INFO - 🔶 Episode 136: CHECKPOINTS (Short) | Reward: -3452.5 | Steps: 200
2025-06-30 13:02:54,637 - INFO - Episode 137/150 started - Strategy: CuriosityStrategy
2025-06-30 13:03:19,435 - INFO - 🏆 Episode 137: GOAL REACHED | Reward: 636.5 | Steps: 135
2025-06-30 13:03:19,435 - INFO - Episode 138/150 started - Strategy: CuriosityStrategy
2025-06-30 13:03:56,200 - INFO - 🏆 Episode 138: GOAL REACHED | Reward: -254.5 | Steps: 200
2025-06-30 13:03:56,201 - INFO - Episode 139/150 started - Strategy: CuriosityStrategy
2025-06-30 13:04:32,173 - INFO - 🔶 Episode 139: CHECKPOINTS (Short) | Reward: -3406.5 | Steps: 200
2025-06-30 13:04:32,174 - INFO - Episode 140/150 started - Strategy: CuriosityStrategy
2025-06-30 13:05:07,570 - INFO - 🔶 Episode 140: CHECKPOINTS (Short) | Reward: -2737.5 | Steps: 200
2025-06-30 13:05:07,571 - INFO - Episode 141/150 started - Strategy: CuriosityStrategy
2025-06-30 13:05:34,286 - INFO - 🔶 Episode 141: CHECKPOINTS (Short) | Reward: -4251.5 | Steps: 200
2025-06-30 13:05:34,288 - INFO - Episode 142/150 started - Strategy: CuriosityStrategy
2025-06-30 13:06:08,165 - INFO - 🔶 Episode 142: CHECKPOINTS (Short) | Reward: -2477.5 | Steps: 200
2025-06-30 13:06:08,167 - INFO - Episode 143/150 started - Strategy: CuriosityStrategy
2025-06-30 13:06:41,951 - INFO - 🔶 Episode 143: CHECKPOINTS (Short) | Reward: -3686.0 | Steps: 200
2025-06-30 13:06:41,952 - INFO - Episode 144/150 started - Strategy: CuriosityStrategy
2025-06-30 13:07:16,005 - INFO - 🔶 Episode 144: CHECKPOINTS (Short) | Reward: -2763.5 | Steps: 200
2025-06-30 13:07:16,006 - INFO - Episode 145/150 started - Strategy: CuriosityStrategy
2025-06-30 13:07:50,082 - INFO - 🔶 Episode 145: CHECKPOINTS (Short) | Reward: -3536.5 | Steps: 200
2025-06-30 13:07:50,083 - INFO - Episode 146/150 started - Strategy: CuriosityStrategy
2025-06-30 13:08:24,637 - INFO - 🔶 Episode 146: CHECKPOINTS (Short) | Reward: -2558.5 | Steps: 200
2025-06-30 13:08:24,639 - INFO - Episode 147/150 started - Strategy: CuriosityStrategy
2025-06-30 13:08:56,971 - INFO - 🔶 Episode 147: CHECKPOINTS (Short) | Reward: -3848.5 | Steps: 200
2025-06-30 13:08:56,972 - INFO - Episode 148/150 started - Strategy: CuriosityStrategy
2025-06-30 13:09:31,498 - INFO - 🔶 Episode 148: CHECKPOINTS (Short) | Reward: -2646.5 | Steps: 200
2025-06-30 13:09:31,499 - INFO - Episode 149/150 started - Strategy: CuriosityStrategy
2025-06-30 13:09:46,960 - INFO - ❌ Episode 149: FAILED (Short) | Reward: -6428.5 | Steps: 200
2025-06-30 13:09:46,961 - INFO - Episode 150/150 started - Strategy: CuriosityStrategy
2025-06-30 13:10:17,350 - INFO - 🏆 Episode 150: GOAL REACHED | Reward: -185.0 | Steps: 178
2025-06-30 13:10:17,361 - INFO - Episodes completed: 150
2025-06-30 13:10:17,363 - INFO - Average reward (last 50): -3141.21
2025-06-30 13:10:17,364 - INFO - Average steps (last 50): 198.2
2025-06-30 13:10:17,364 - INFO - Success rate (last 50): 8.0%
2025-06-30 13:10:17,365 - INFO - States explored: 100
2025-06-30 13:10:17,365 - INFO - Total checkpoints reached: 442
2025-06-30 13:10:17,365 - INFO - Unique checkpoints discovered: 4
2025-06-30 13:10:17,365 - INFO - Episodes with checkpoints: 148/150
2025-06-30 13:10:17,365 - INFO - Checkpoint values found: [1, 2, 3, 4]
2025-06-30 13:10:17,368 - INFO - ✅ Training completed!
2025-06-30 13:10:17,369 - INFO - === FINAL TRAINING STATISTICS ===
2025-06-30 13:10:17,369 - INFO -   total_episodes: 10980
2025-06-30 13:10:17,369 - INFO -   states_explored: 100
2025-06-30 13:10:17,369 - INFO -   avg_reward: -3022.125910746812
2025-06-30 13:10:17,369 - INFO -   max_reward: 2582.0
2025-06-30 13:10:17,369 - INFO -   success_rate: 0.044444444444444446
2025-06-30 13:10:17,369 - INFO -   strategy_info: {'base_epsilon': 0.65, 'novelty_bonus': 5.0, 'states_discovered': 100}
2025-06-30 13:10:17,369 - INFO - === FINAL CHECKPOINT ANALYSIS ===
2025-06-30 13:10:17,370 - INFO -   Checkpoint discovery rate: 0.000 unique/episode
2025-06-30 13:10:17,370 - INFO -   Checkpoint frequency: 0.040 checkpoints/episode
2025-06-30 13:10:17,370 - INFO -   Best checkpoint reached: 4
2025-06-30 13:10:17,370 - INFO -   Maze progress: 80.0% (checkpoints discovered)
2025-06-30 13:10:17,370 - INFO - DDS stopped.
