2025-06-23 21:56:32,553 - INFO - Strategy initialized: CuriosityStrategy
2025-06-23 21:56:32,553 - INFO - Strategy info: {'base_epsilon': 0.65, 'novelty_bonus': 5.0, 'states_discovered': 0}
2025-06-23 21:56:32,553 - INFO - CLI mode selected: continue
2025-06-23 21:56:32,553 - INFO - Continuing training for 100 additional episodes.
2025-06-23 21:56:32,553 - INFO - ================================================================================
2025-06-23 21:56:32,553 - INFO - 🚀 STARTING TRAINING SESSION
2025-06-23 21:56:32,553 - INFO - ================================================================================
2025-06-23 21:56:32,553 - INFO - Episodes: 100
2025-06-23 21:56:32,553 - INFO - Strategy: curiosity
2025-06-23 21:56:32,553 - INFO - Min steps per episode: 100
2025-06-23 21:56:32,553 - INFO - Max steps per episode: 200
2025-06-23 21:56:32,553 - INFO - Model path: models/q_agent.pkl
2025-06-23 21:56:32,553 - INFO - ================================================================================
2025-06-23 21:56:32,556 - INFO - 🔗 Connected to Godot simulation!
2025-06-23 21:56:32,556 - INFO - Episode 1/100 started - Strategy: CuriosityStrategy
2025-06-23 21:57:09,108 - INFO - 📍 Episode 1: MIN_STEPS + CHECKPOINTS | Reward: -3826.0 | Steps: 200
2025-06-23 21:57:09,108 - INFO - Episode 2/100 started - Strategy: CuriosityStrategy
2025-06-23 21:57:45,806 - INFO - 📍 Episode 2: MIN_STEPS + CHECKPOINTS | Reward: -3485.0 | Steps: 200
2025-06-23 21:57:45,807 - INFO - Episode 3/100 started - Strategy: CuriosityStrategy
2025-06-23 21:58:23,397 - INFO - 📍 Episode 3: MIN_STEPS + CHECKPOINTS | Reward: -1775.0 | Steps: 200
2025-06-23 21:58:23,398 - INFO - Episode 4/100 started - Strategy: CuriosityStrategy
2025-06-23 21:59:00,332 - INFO - 📍 Episode 4: MIN_STEPS + CHECKPOINTS | Reward: -3329.0 | Steps: 200
2025-06-23 21:59:00,333 - INFO - Episode 5/100 started - Strategy: CuriosityStrategy
2025-06-23 21:59:37,246 - INFO - 📍 Episode 5: MIN_STEPS + CHECKPOINTS | Reward: -3222.0 | Steps: 200
2025-06-23 21:59:37,247 - INFO - Episode 6/100 started - Strategy: CuriosityStrategy
2025-06-23 22:00:13,930 - INFO - 📍 Episode 6: MIN_STEPS + CHECKPOINTS | Reward: -3009.0 | Steps: 200
2025-06-23 22:00:13,931 - INFO - Episode 7/100 started - Strategy: CuriosityStrategy
2025-06-23 22:00:50,060 - INFO - 📍 Episode 7: MIN_STEPS + CHECKPOINTS | Reward: -3329.0 | Steps: 200
2025-06-23 22:00:50,061 - INFO - Episode 8/100 started - Strategy: CuriosityStrategy
2025-06-23 22:01:26,681 - INFO - 📍 Episode 8: MIN_STEPS + CHECKPOINTS | Reward: -3053.0 | Steps: 200
2025-06-23 22:01:26,682 - INFO - Episode 9/100 started - Strategy: CuriosityStrategy
2025-06-23 22:02:03,250 - INFO - 📍 Episode 9: MIN_STEPS + CHECKPOINTS | Reward: -2807.0 | Steps: 200
2025-06-23 22:02:03,250 - INFO - Episode 10/100 started - Strategy: CuriosityStrategy
2025-06-23 22:02:40,421 - INFO - 📍 Episode 10: MIN_STEPS + CHECKPOINTS | Reward: -2422.0 | Steps: 200
2025-06-23 22:02:40,424 - INFO - Episodes completed: 10
2025-06-23 22:02:40,424 - INFO - Average reward (last 50): -2727.17
2025-06-23 22:02:40,425 - INFO - Average steps (last 50): 196.3
2025-06-23 22:02:40,425 - INFO - Success rate (last 50): 10.0%
2025-06-23 22:02:40,425 - INFO - Min steps achieved (last 50): 50/50 (100.0%)
2025-06-23 22:02:40,425 - INFO - States explored: 78
2025-06-23 22:02:40,425 - INFO - Total checkpoints reached: 31
2025-06-23 22:02:40,425 - INFO - Unique checkpoints discovered: 4
2025-06-23 22:02:40,425 - INFO - Episodes with checkpoints: 10/10
2025-06-23 22:02:40,425 - INFO - Episodes reaching min_steps: 10/10
2025-06-23 22:02:40,425 - INFO - Checkpoint values found: [1, 2, 3, 4]
2025-06-23 22:02:40,425 - INFO - Episode 11/100 started - Strategy: CuriosityStrategy
2025-06-23 22:03:16,701 - INFO - 📍 Episode 11: MIN_STEPS + CHECKPOINTS | Reward: -2786.0 | Steps: 200
2025-06-23 22:03:16,702 - INFO - Episode 12/100 started - Strategy: CuriosityStrategy
2025-06-23 22:03:54,134 - INFO - 📍 Episode 12: MIN_STEPS + CHECKPOINTS | Reward: -2056.0 | Steps: 200
2025-06-23 22:03:54,134 - INFO - Episode 13/100 started - Strategy: CuriosityStrategy
2025-06-23 22:04:30,988 - INFO - 📍 Episode 13: MIN_STEPS + CHECKPOINTS | Reward: -3853.0 | Steps: 200
2025-06-23 22:04:30,990 - INFO - Episode 14/100 started - Strategy: CuriosityStrategy
2025-06-23 22:05:08,090 - INFO - 📍 Episode 14: MIN_STEPS + CHECKPOINTS | Reward: -3041.0 | Steps: 200
2025-06-23 22:05:08,090 - INFO - Episode 15/100 started - Strategy: CuriosityStrategy
2025-06-23 22:05:44,635 - INFO - 📍 Episode 15: MIN_STEPS + CHECKPOINTS | Reward: -3325.0 | Steps: 200
2025-06-23 22:05:44,635 - INFO - Episode 16/100 started - Strategy: CuriosityStrategy
2025-06-23 22:06:22,588 - INFO - 📍 Episode 16: MIN_STEPS + CHECKPOINTS | Reward: -3973.0 | Steps: 200
2025-06-23 22:06:22,588 - INFO - Episode 17/100 started - Strategy: CuriosityStrategy
2025-06-23 22:06:59,973 - INFO - 📍 Episode 17: MIN_STEPS + CHECKPOINTS | Reward: -3335.0 | Steps: 200
2025-06-23 22:06:59,974 - INFO - Episode 18/100 started - Strategy: CuriosityStrategy
2025-06-23 22:07:38,221 - INFO - 📍 Episode 18: MIN_STEPS + CHECKPOINTS | Reward: -2888.0 | Steps: 200
2025-06-23 22:07:38,222 - INFO - Episode 19/100 started - Strategy: CuriosityStrategy
2025-06-23 22:08:16,652 - INFO - 📍 Episode 19: MIN_STEPS + CHECKPOINTS | Reward: -2662.0 | Steps: 200
2025-06-23 22:08:16,652 - INFO - Episode 20/100 started - Strategy: CuriosityStrategy
2025-06-23 22:08:55,582 - INFO - 📍 Episode 20: MIN_STEPS + CHECKPOINTS | Reward: -2969.0 | Steps: 200
2025-06-23 22:08:55,585 - INFO - Episodes completed: 20
2025-06-23 22:08:55,585 - INFO - Average reward (last 50): -2859.77
2025-06-23 22:08:55,585 - INFO - Average steps (last 50): 197.6
2025-06-23 22:08:55,585 - INFO - Success rate (last 50): 4.0%
2025-06-23 22:08:55,585 - INFO - Min steps achieved (last 50): 50/50 (100.0%)
2025-06-23 22:08:55,585 - INFO - States explored: 78
2025-06-23 22:08:55,585 - INFO - Total checkpoints reached: 60
2025-06-23 22:08:55,585 - INFO - Unique checkpoints discovered: 4
2025-06-23 22:08:55,585 - INFO - Episodes with checkpoints: 20/20
2025-06-23 22:08:55,586 - INFO - Episodes reaching min_steps: 20/20
2025-06-23 22:08:55,586 - INFO - Checkpoint values found: [1, 2, 3, 4]
2025-06-23 22:08:55,586 - INFO - Episode 21/100 started - Strategy: CuriosityStrategy
2025-06-23 22:09:34,997 - INFO - 📍 Episode 21: MIN_STEPS + CHECKPOINTS | Reward: -2077.0 | Steps: 200
2025-06-23 22:09:34,998 - INFO - Episode 22/100 started - Strategy: CuriosityStrategy
2025-06-23 22:10:13,161 - INFO - 📍 Episode 22: MIN_STEPS + CHECKPOINTS | Reward: -3238.0 | Steps: 200
2025-06-23 22:10:13,162 - INFO - Episode 23/100 started - Strategy: CuriosityStrategy
2025-06-23 22:10:45,370 - INFO - 🏆 Episode 23: GOAL REACHED | Reward: 420.0 | Steps: 164
2025-06-23 22:10:45,371 - INFO - Episode 24/100 started - Strategy: CuriosityStrategy
2025-06-23 22:11:24,852 - INFO - 📍 Episode 24: MIN_STEPS + CHECKPOINTS | Reward: -2690.0 | Steps: 200
2025-06-23 22:11:24,852 - INFO - Episode 25/100 started - Strategy: CuriosityStrategy
2025-06-23 22:12:04,585 - INFO - 📍 Episode 25: MIN_STEPS + CHECKPOINTS | Reward: -2763.0 | Steps: 200
2025-06-23 22:12:04,585 - INFO - Episode 26/100 started - Strategy: CuriosityStrategy
2025-06-23 22:12:43,767 - INFO - 📍 Episode 26: MIN_STEPS + CHECKPOINTS | Reward: -2065.0 | Steps: 200
2025-06-23 22:12:43,769 - INFO - Episode 27/100 started - Strategy: CuriosityStrategy
2025-06-23 22:13:22,761 - INFO - 📍 Episode 27: MIN_STEPS + CHECKPOINTS | Reward: -3296.0 | Steps: 200
2025-06-23 22:13:22,761 - INFO - Episode 28/100 started - Strategy: CuriosityStrategy
2025-06-23 22:14:01,400 - INFO - 📍 Episode 28: MIN_STEPS + CHECKPOINTS | Reward: -2672.0 | Steps: 200
2025-06-23 22:14:01,402 - INFO - Episode 29/100 started - Strategy: CuriosityStrategy
2025-06-23 22:14:39,658 - INFO - 📍 Episode 29: MIN_STEPS + CHECKPOINTS | Reward: -3844.0 | Steps: 200
2025-06-23 22:14:39,659 - INFO - Episode 30/100 started - Strategy: CuriosityStrategy
2025-06-23 22:15:17,374 - INFO - 📍 Episode 30: MIN_STEPS + CHECKPOINTS | Reward: -3730.0 | Steps: 200
2025-06-23 22:15:17,377 - INFO - Episodes completed: 30
2025-06-23 22:15:17,377 - INFO - Average reward (last 50): -2862.35
2025-06-23 22:15:17,377 - INFO - Average steps (last 50): 197.5
2025-06-23 22:15:17,377 - INFO - Success rate (last 50): 4.0%
2025-06-23 22:15:17,377 - INFO - Min steps achieved (last 50): 50/50 (100.0%)
2025-06-23 22:15:17,377 - INFO - States explored: 78
2025-06-23 22:15:17,377 - INFO - Total checkpoints reached: 90
2025-06-23 22:15:17,377 - INFO - Unique checkpoints discovered: 4
2025-06-23 22:15:17,377 - INFO - Episodes with checkpoints: 30/30
2025-06-23 22:15:17,377 - INFO - Episodes reaching min_steps: 30/30
2025-06-23 22:15:17,377 - INFO - Checkpoint values found: [1, 2, 3, 4]
2025-06-23 22:15:17,378 - INFO - Episode 31/100 started - Strategy: CuriosityStrategy
2025-06-23 22:15:56,191 - INFO - 📍 Episode 31: MIN_STEPS + CHECKPOINTS | Reward: -3706.0 | Steps: 200
2025-06-23 22:15:56,192 - INFO - Episode 32/100 started - Strategy: CuriosityStrategy
2025-06-23 22:16:34,375 - INFO - 📍 Episode 32: MIN_STEPS + CHECKPOINTS | Reward: -3593.0 | Steps: 200
2025-06-23 22:16:34,376 - INFO - Episode 33/100 started - Strategy: CuriosityStrategy
2025-06-23 22:17:12,587 - INFO - 📍 Episode 33: MIN_STEPS + CHECKPOINTS | Reward: -2732.0 | Steps: 200
2025-06-23 22:17:12,587 - INFO - Episode 34/100 started - Strategy: CuriosityStrategy
2025-06-23 22:17:51,435 - INFO - 📍 Episode 34: MIN_STEPS + CHECKPOINTS | Reward: -2867.0 | Steps: 200
2025-06-23 22:17:51,436 - INFO - Episode 35/100 started - Strategy: CuriosityStrategy
2025-06-23 22:18:30,489 - INFO - 📍 Episode 35: MIN_STEPS + CHECKPOINTS | Reward: -3152.0 | Steps: 200
2025-06-23 22:18:30,490 - INFO - Episode 36/100 started - Strategy: CuriosityStrategy
2025-06-23 22:19:08,914 - INFO - 📍 Episode 36: MIN_STEPS + CHECKPOINTS | Reward: -3667.0 | Steps: 200
2025-06-23 22:19:08,916 - INFO - Episode 37/100 started - Strategy: CuriosityStrategy
2025-06-23 22:19:48,049 - INFO - 📍 Episode 37: MIN_STEPS + CHECKPOINTS | Reward: -2500.0 | Steps: 200
2025-06-23 22:19:48,049 - INFO - Episode 38/100 started - Strategy: CuriosityStrategy
2025-06-23 22:20:26,629 - INFO - 📍 Episode 38: MIN_STEPS + CHECKPOINTS | Reward: -3553.0 | Steps: 200
2025-06-23 22:20:26,630 - INFO - Episode 39/100 started - Strategy: CuriosityStrategy
2025-06-23 22:21:06,129 - INFO - 📍 Episode 39: MIN_STEPS + CHECKPOINTS | Reward: -2912.0 | Steps: 200
2025-06-23 22:21:06,131 - INFO - Episode 40/100 started - Strategy: CuriosityStrategy
2025-06-23 22:21:45,458 - INFO - 📍 Episode 40: MIN_STEPS + CHECKPOINTS | Reward: -2837.0 | Steps: 200
2025-06-23 22:21:45,460 - INFO - Episodes completed: 40
2025-06-23 22:21:45,460 - INFO - Average reward (last 50): -2945.02
2025-06-23 22:21:45,460 - INFO - Average steps (last 50): 199.3
2025-06-23 22:21:45,460 - INFO - Success rate (last 50): 2.0%
2025-06-23 22:21:45,460 - INFO - Min steps achieved (last 50): 50/50 (100.0%)
2025-06-23 22:21:45,460 - INFO - States explored: 78
2025-06-23 22:21:45,460 - INFO - Total checkpoints reached: 118
2025-06-23 22:21:45,460 - INFO - Unique checkpoints discovered: 4
2025-06-23 22:21:45,460 - INFO - Episodes with checkpoints: 40/40
2025-06-23 22:21:45,460 - INFO - Episodes reaching min_steps: 40/40
2025-06-23 22:21:45,460 - INFO - Checkpoint values found: [1, 2, 3, 4]
2025-06-23 22:21:45,461 - INFO - Episode 41/100 started - Strategy: CuriosityStrategy
2025-06-23 22:22:24,370 - INFO - 📍 Episode 41: MIN_STEPS + CHECKPOINTS | Reward: -4003.0 | Steps: 200
2025-06-23 22:22:24,371 - INFO - Episode 42/100 started - Strategy: CuriosityStrategy
2025-06-23 22:23:02,576 - INFO - 📍 Episode 42: MIN_STEPS + CHECKPOINTS | Reward: -3782.0 | Steps: 200
2025-06-23 22:23:02,576 - INFO - Episode 43/100 started - Strategy: CuriosityStrategy
2025-06-23 22:23:41,507 - INFO - 📍 Episode 43: MIN_STEPS + CHECKPOINTS | Reward: -3119.0 | Steps: 200
2025-06-23 22:23:41,509 - INFO - Episode 44/100 started - Strategy: CuriosityStrategy
2025-06-23 22:24:20,397 - INFO - 📍 Episode 44: MIN_STEPS + CHECKPOINTS | Reward: -3341.0 | Steps: 200
2025-06-23 22:24:20,399 - INFO - Episode 45/100 started - Strategy: CuriosityStrategy
2025-06-23 22:24:58,628 - INFO - 📍 Episode 45: MIN_STEPS + CHECKPOINTS | Reward: -3673.0 | Steps: 200
2025-06-23 22:24:58,628 - INFO - Episode 46/100 started - Strategy: CuriosityStrategy
2025-06-23 22:25:37,588 - INFO - 📍 Episode 46: MIN_STEPS + CHECKPOINTS | Reward: -3628.0 | Steps: 200
2025-06-23 22:25:37,590 - INFO - Episode 47/100 started - Strategy: CuriosityStrategy
2025-06-23 22:26:16,219 - INFO - 📍 Episode 47: MIN_STEPS + CHECKPOINTS | Reward: -2398.0 | Steps: 200
2025-06-23 22:26:16,220 - INFO - Episode 48/100 started - Strategy: CuriosityStrategy
2025-06-23 22:26:52,678 - INFO - 🏆 Episode 48: GOAL REACHED | Reward: 451.5 | Steps: 183
2025-06-23 22:26:52,680 - INFO - Episode 49/100 started - Strategy: CuriosityStrategy
2025-06-23 22:27:32,217 - INFO - 📍 Episode 49: MIN_STEPS + CHECKPOINTS | Reward: -1952.0 | Steps: 200
2025-06-23 22:27:32,218 - INFO - Episode 50/100 started - Strategy: CuriosityStrategy
2025-06-23 22:28:10,231 - INFO - 📍 Episode 50: MIN_STEPS + CHECKPOINTS | Reward: -3077.0 | Steps: 200
2025-06-23 22:28:10,234 - INFO - Episodes completed: 50
2025-06-23 22:28:10,235 - INFO - Average reward (last 50): -2942.81
2025-06-23 22:28:10,235 - INFO - Average steps (last 50): 198.9
2025-06-23 22:28:10,235 - INFO - Success rate (last 50): 4.0%
2025-06-23 22:28:10,236 - INFO - Min steps achieved (last 50): 50/50 (100.0%)
2025-06-23 22:28:10,236 - INFO - States explored: 78
2025-06-23 22:28:10,236 - INFO - Total checkpoints reached: 146
2025-06-23 22:28:10,236 - INFO - Unique checkpoints discovered: 4
2025-06-23 22:28:10,236 - INFO - Episodes with checkpoints: 50/50
2025-06-23 22:28:10,236 - INFO - Episodes reaching min_steps: 50/50
2025-06-23 22:28:10,236 - INFO - Checkpoint values found: [1, 2, 3, 4]
2025-06-23 22:28:10,236 - INFO - Episode 51/100 started - Strategy: CuriosityStrategy
2025-06-23 22:28:48,658 - INFO - 📍 Episode 51: MIN_STEPS + CHECKPOINTS | Reward: -4614.0 | Steps: 200
2025-06-23 22:28:48,660 - INFO - Episode 52/100 started - Strategy: CuriosityStrategy
2025-06-23 22:29:27,863 - INFO - 📍 Episode 52: MIN_STEPS + CHECKPOINTS | Reward: -3808.0 | Steps: 200
2025-06-23 22:29:27,864 - INFO - Episode 53/100 started - Strategy: CuriosityStrategy
2025-06-23 22:30:07,870 - INFO - 📍 Episode 53: MIN_STEPS + CHECKPOINTS | Reward: -1636.0 | Steps: 200
2025-06-23 22:30:07,872 - INFO - Episode 54/100 started - Strategy: CuriosityStrategy
2025-06-23 22:30:47,150 - INFO - 📍 Episode 54: MIN_STEPS + CHECKPOINTS | Reward: -3146.0 | Steps: 200
2025-06-23 22:30:47,152 - INFO - Episode 55/100 started - Strategy: CuriosityStrategy
2025-06-23 22:31:25,391 - INFO - 📍 Episode 55: MIN_STEPS + CHECKPOINTS | Reward: -3790.0 | Steps: 200
2025-06-23 22:31:25,392 - INFO - Episode 56/100 started - Strategy: CuriosityStrategy
2025-06-23 22:32:04,143 - INFO - 📍 Episode 56: MIN_STEPS + CHECKPOINTS | Reward: -3578.0 | Steps: 200
2025-06-23 22:32:04,145 - INFO - Episode 57/100 started - Strategy: CuriosityStrategy
2025-06-23 22:32:43,349 - INFO - 📍 Episode 57: MIN_STEPS + CHECKPOINTS | Reward: -3197.0 | Steps: 200
2025-06-23 22:32:43,350 - INFO - Episode 58/100 started - Strategy: CuriosityStrategy
2025-06-23 22:33:22,479 - INFO - 📍 Episode 58: MIN_STEPS + CHECKPOINTS | Reward: -2626.0 | Steps: 200
2025-06-23 22:33:22,481 - INFO - Episode 59/100 started - Strategy: CuriosityStrategy
2025-06-23 22:34:01,438 - INFO - 📍 Episode 59: MIN_STEPS + CHECKPOINTS | Reward: -2888.0 | Steps: 200
2025-06-23 22:34:01,439 - INFO - Episode 60/100 started - Strategy: CuriosityStrategy
2025-06-23 22:34:39,838 - INFO - 📍 Episode 60: MIN_STEPS + CHECKPOINTS | Reward: -3640.0 | Steps: 200
2025-06-23 22:34:39,841 - INFO - Episodes completed: 60
2025-06-23 22:34:39,841 - INFO - Average reward (last 50): -2996.13
2025-06-23 22:34:39,841 - INFO - Average steps (last 50): 198.9
2025-06-23 22:34:39,841 - INFO - Success rate (last 50): 4.0%
2025-06-23 22:34:39,841 - INFO - Min steps achieved (last 50): 50/50 (100.0%)
2025-06-23 22:34:39,841 - INFO - States explored: 78
2025-06-23 22:34:39,842 - INFO - Total checkpoints reached: 173
2025-06-23 22:34:39,842 - INFO - Unique checkpoints discovered: 4
2025-06-23 22:34:39,842 - INFO - Episodes with checkpoints: 60/60
2025-06-23 22:34:39,842 - INFO - Episodes reaching min_steps: 60/60
2025-06-23 22:34:39,842 - INFO - Checkpoint values found: [1, 2, 3, 4]
2025-06-23 22:34:39,842 - INFO - Episode 61/100 started - Strategy: CuriosityStrategy
2025-06-23 22:35:17,852 - INFO - 📍 Episode 61: MIN_STEPS + CHECKPOINTS | Reward: -3242.0 | Steps: 200
2025-06-23 22:35:17,853 - INFO - Episode 62/100 started - Strategy: CuriosityStrategy
2025-06-23 22:35:55,827 - INFO - 📍 Episode 62: MIN_STEPS + CHECKPOINTS | Reward: -3442.0 | Steps: 200
2025-06-23 22:35:55,827 - INFO - Episode 63/100 started - Strategy: CuriosityStrategy
2025-06-23 22:36:34,568 - INFO - 📍 Episode 63: MIN_STEPS + CHECKPOINTS | Reward: -2660.0 | Steps: 200
2025-06-23 22:36:34,570 - INFO - Episode 64/100 started - Strategy: CuriosityStrategy
2025-06-23 22:37:13,843 - INFO - 📍 Episode 64: MIN_STEPS + CHECKPOINTS | Reward: -2441.0 | Steps: 200
2025-06-23 22:37:13,844 - INFO - Episode 65/100 started - Strategy: CuriosityStrategy
2025-06-23 22:37:52,808 - INFO - 📍 Episode 65: MIN_STEPS + CHECKPOINTS | Reward: -3164.0 | Steps: 200
2025-06-23 22:37:52,809 - INFO - Episode 66/100 started - Strategy: CuriosityStrategy
2025-06-23 22:38:30,717 - INFO - 📍 Episode 66: MIN_STEPS + CHECKPOINTS | Reward: -4377.0 | Steps: 200
2025-06-23 22:38:30,718 - INFO - Episode 67/100 started - Strategy: CuriosityStrategy
2025-06-23 22:39:10,736 - INFO - 📍 Episode 67: MIN_STEPS + CHECKPOINTS | Reward: -1945.0 | Steps: 200
2025-06-23 22:39:10,737 - INFO - Episode 68/100 started - Strategy: CuriosityStrategy
2025-06-23 22:39:50,171 - INFO - 📍 Episode 68: MIN_STEPS + CHECKPOINTS | Reward: -1897.0 | Steps: 200
2025-06-23 22:39:50,172 - INFO - Episode 69/100 started - Strategy: CuriosityStrategy
2025-06-23 22:40:27,870 - INFO - 📍 Episode 69: MIN_STEPS + CHECKPOINTS | Reward: -3607.0 | Steps: 200
2025-06-23 22:40:27,872 - INFO - Episode 70/100 started - Strategy: CuriosityStrategy
2025-06-23 22:41:06,399 - INFO - 📍 Episode 70: MIN_STEPS + CHECKPOINTS | Reward: -3724.0 | Steps: 200
2025-06-23 22:41:06,402 - INFO - Episodes completed: 70
2025-06-23 22:41:06,402 - INFO - Average reward (last 50): -2988.35
2025-06-23 22:41:06,403 - INFO - Average steps (last 50): 198.9
2025-06-23 22:41:06,403 - INFO - Success rate (last 50): 4.0%
2025-06-23 22:41:06,403 - INFO - Min steps achieved (last 50): 50/50 (100.0%)
2025-06-23 22:41:06,403 - INFO - States explored: 78
2025-06-23 22:41:06,403 - INFO - Total checkpoints reached: 200
2025-06-23 22:41:06,403 - INFO - Unique checkpoints discovered: 4
2025-06-23 22:41:06,403 - INFO - Episodes with checkpoints: 70/70
2025-06-23 22:41:06,403 - INFO - Episodes reaching min_steps: 70/70
2025-06-23 22:41:06,403 - INFO - Checkpoint values found: [1, 2, 3, 4]
2025-06-23 22:41:06,403 - INFO - Episode 71/100 started - Strategy: CuriosityStrategy
2025-06-23 22:41:41,405 - INFO - 🏆 Episode 71: GOAL REACHED | Reward: -15.0 | Steps: 180
2025-06-23 22:41:41,405 - INFO - Episode 72/100 started - Strategy: CuriosityStrategy
2025-06-23 22:42:18,072 - INFO - 📍 Episode 72: MIN_STEPS + CHECKPOINTS | Reward: -4114.0 | Steps: 200
2025-06-23 22:42:18,072 - INFO - Episode 73/100 started - Strategy: CuriosityStrategy
2025-06-23 22:42:55,755 - INFO - 📍 Episode 73: MIN_STEPS + CHECKPOINTS | Reward: -3158.0 | Steps: 200
2025-06-23 22:42:55,755 - INFO - Episode 74/100 started - Strategy: CuriosityStrategy
2025-06-23 22:43:34,922 - INFO - 📍 Episode 74: MIN_STEPS + CHECKPOINTS | Reward: -2029.0 | Steps: 200
2025-06-23 22:43:34,922 - INFO - Episode 75/100 started - Strategy: CuriosityStrategy
2025-06-23 22:44:04,998 - INFO - 🏆 Episode 75: GOAL REACHED | Reward: 1100.5 | Steps: 151
2025-06-23 22:44:04,999 - INFO - Episode 76/100 started - Strategy: CuriosityStrategy
2025-06-23 22:44:44,052 - INFO - 📍 Episode 76: MIN_STEPS + CHECKPOINTS | Reward: -3694.0 | Steps: 200
2025-06-23 22:44:44,053 - INFO - Episode 77/100 started - Strategy: CuriosityStrategy
2025-06-23 22:45:23,029 - INFO - 📍 Episode 77: MIN_STEPS + CHECKPOINTS | Reward: -3236.0 | Steps: 200
2025-06-23 22:45:23,030 - INFO - Episode 78/100 started - Strategy: CuriosityStrategy
2025-06-23 22:46:02,596 - INFO - 📍 Episode 78: MIN_STEPS + CHECKPOINTS | Reward: -2317.0 | Steps: 200
2025-06-23 22:46:02,596 - INFO - Episode 79/100 started - Strategy: CuriosityStrategy
2025-06-23 22:46:28,980 - INFO - 🏆 Episode 79: GOAL REACHED | Reward: 1583.5 | Steps: 129
2025-06-23 22:46:28,980 - INFO - Episode 80/100 started - Strategy: CuriosityStrategy
2025-06-23 22:47:07,901 - INFO - 📍 Episode 80: MIN_STEPS + CHECKPOINTS | Reward: -2672.0 | Steps: 200
2025-06-23 22:47:07,903 - INFO - Episodes completed: 80
2025-06-23 22:47:07,904 - INFO - Average reward (last 50): -2840.27
2025-06-23 22:47:07,904 - INFO - Average steps (last 50): 196.9
2025-06-23 22:47:07,904 - INFO - Success rate (last 50): 8.0%
2025-06-23 22:47:07,904 - INFO - Min steps achieved (last 50): 50/50 (100.0%)
2025-06-23 22:47:07,904 - INFO - States explored: 78
2025-06-23 22:47:07,904 - INFO - Total checkpoints reached: 232
2025-06-23 22:47:07,904 - INFO - Unique checkpoints discovered: 4
2025-06-23 22:47:07,904 - INFO - Episodes with checkpoints: 80/80
2025-06-23 22:47:07,904 - INFO - Episodes reaching min_steps: 80/80
2025-06-23 22:47:07,905 - INFO - Checkpoint values found: [1, 2, 3, 4]
2025-06-23 22:47:07,905 - INFO - Episode 81/100 started - Strategy: CuriosityStrategy
2025-06-23 22:47:46,817 - INFO - 📍 Episode 81: MIN_STEPS + CHECKPOINTS | Reward: -3874.0 | Steps: 200
2025-06-23 22:47:46,817 - INFO - Episode 82/100 started - Strategy: CuriosityStrategy
2025-06-23 22:48:25,825 - INFO - 📍 Episode 82: MIN_STEPS + CHECKPOINTS | Reward: -3623.0 | Steps: 200
2025-06-23 22:48:25,827 - INFO - Episode 83/100 started - Strategy: CuriosityStrategy
2025-06-23 22:49:04,423 - INFO - 📍 Episode 83: MIN_STEPS + CHECKPOINTS | Reward: -3517.0 | Steps: 200
2025-06-23 22:49:04,424 - INFO - Episode 84/100 started - Strategy: CuriosityStrategy
2025-06-23 22:49:42,512 - INFO - 📍 Episode 84: MIN_STEPS + CHECKPOINTS | Reward: -4081.0 | Steps: 200
2025-06-23 22:49:42,512 - INFO - Episode 85/100 started - Strategy: CuriosityStrategy
2025-06-23 22:50:19,038 - INFO - 📍 Episode 85: MIN_STEPS + CHECKPOINTS | Reward: -3107.0 | Steps: 200
2025-06-23 22:50:19,039 - INFO - Episode 86/100 started - Strategy: CuriosityStrategy
2025-06-23 22:50:56,224 - INFO - 📍 Episode 86: MIN_STEPS + CHECKPOINTS | Reward: -3320.0 | Steps: 200
2025-06-23 22:50:56,225 - INFO - Episode 87/100 started - Strategy: CuriosityStrategy
2025-06-23 22:51:32,639 - INFO - 📍 Episode 87: MIN_STEPS + CHECKPOINTS | Reward: -3433.0 | Steps: 200
2025-06-23 22:51:32,640 - INFO - Episode 88/100 started - Strategy: CuriosityStrategy
2025-06-23 22:52:09,528 - INFO - 📍 Episode 88: MIN_STEPS + CHECKPOINTS | Reward: -3703.0 | Steps: 200
2025-06-23 22:52:09,528 - INFO - Episode 89/100 started - Strategy: CuriosityStrategy
2025-06-23 22:52:46,869 - INFO - 📍 Episode 89: MIN_STEPS + CHECKPOINTS | Reward: -3199.0 | Steps: 200
2025-06-23 22:52:46,870 - INFO - Episode 90/100 started - Strategy: CuriosityStrategy
2025-06-23 22:53:23,698 - INFO - 📍 Episode 90: MIN_STEPS + CHECKPOINTS | Reward: -4153.0 | Steps: 200
2025-06-23 22:53:23,701 - INFO - Episodes completed: 90
2025-06-23 22:53:23,701 - INFO - Average reward (last 50): -2930.09
2025-06-23 22:53:23,701 - INFO - Average steps (last 50): 196.9
2025-06-23 22:53:23,701 - INFO - Success rate (last 50): 8.0%
2025-06-23 22:53:23,702 - INFO - Min steps achieved (last 50): 50/50 (100.0%)
2025-06-23 22:53:23,702 - INFO - States explored: 78
2025-06-23 22:53:23,702 - INFO - Total checkpoints reached: 254
2025-06-23 22:53:23,702 - INFO - Unique checkpoints discovered: 4
2025-06-23 22:53:23,702 - INFO - Episodes with checkpoints: 90/90
2025-06-23 22:53:23,702 - INFO - Episodes reaching min_steps: 90/90
2025-06-23 22:53:23,702 - INFO - Checkpoint values found: [1, 2, 3, 4]
2025-06-23 22:53:23,702 - INFO - Episode 91/100 started - Strategy: CuriosityStrategy
2025-06-23 22:54:00,498 - INFO - 📍 Episode 91: MIN_STEPS + CHECKPOINTS | Reward: -3859.0 | Steps: 200
2025-06-23 22:54:00,499 - INFO - Episode 92/100 started - Strategy: CuriosityStrategy
2025-06-23 22:54:37,634 - INFO - 📍 Episode 92: MIN_STEPS + CHECKPOINTS | Reward: -3847.0 | Steps: 200
2025-06-23 22:54:37,634 - INFO - Episode 93/100 started - Strategy: CuriosityStrategy
2025-06-23 22:55:15,719 - INFO - 📍 Episode 93: MIN_STEPS + CHECKPOINTS | Reward: -4105.0 | Steps: 200
2025-06-23 22:55:15,720 - INFO - Episode 94/100 started - Strategy: CuriosityStrategy
2025-06-23 22:55:54,445 - INFO - 📍 Episode 94: MIN_STEPS + CHECKPOINTS | Reward: -3056.0 | Steps: 200
2025-06-23 22:55:54,447 - INFO - Episode 95/100 started - Strategy: CuriosityStrategy
2025-06-23 22:56:33,486 - INFO - 📍 Episode 95: MIN_STEPS + CHECKPOINTS | Reward: -3529.0 | Steps: 200
2025-06-23 22:56:33,488 - INFO - Episode 96/100 started - Strategy: CuriosityStrategy
2025-06-23 22:57:12,896 - INFO - 📍 Episode 96: MIN_STEPS + CHECKPOINTS | Reward: -2086.0 | Steps: 200
2025-06-23 22:57:12,896 - INFO - Episode 97/100 started - Strategy: CuriosityStrategy
2025-06-23 22:57:52,731 - INFO - 📍 Episode 97: MIN_STEPS + CHECKPOINTS | Reward: -1810.0 | Steps: 200
2025-06-23 22:57:52,732 - INFO - Episode 98/100 started - Strategy: CuriosityStrategy
2025-06-23 22:58:31,422 - INFO - 📍 Episode 98: MIN_STEPS + CHECKPOINTS | Reward: -3554.0 | Steps: 200
2025-06-23 22:58:31,424 - INFO - Episode 99/100 started - Strategy: CuriosityStrategy
2025-06-23 22:59:09,908 - INFO - 📍 Episode 99: MIN_STEPS + CHECKPOINTS | Reward: -3856.0 | Steps: 200
2025-06-23 22:59:09,908 - INFO - Episode 100/100 started - Strategy: CuriosityStrategy
2025-06-23 22:59:49,588 - INFO - 📍 Episode 100: MIN_STEPS + CHECKPOINTS | Reward: -2092.0 | Steps: 200
2025-06-23 22:59:49,591 - INFO - Episodes completed: 100
2025-06-23 22:59:49,592 - INFO - Average reward (last 50): -2995.54
2025-06-23 22:59:49,592 - INFO - Average steps (last 50): 197.2
2025-06-23 22:59:49,592 - INFO - Success rate (last 50): 6.0%
2025-06-23 22:59:49,592 - INFO - Min steps achieved (last 50): 50/50 (100.0%)
2025-06-23 22:59:49,592 - INFO - States explored: 78
2025-06-23 22:59:49,592 - INFO - Total checkpoints reached: 281
2025-06-23 22:59:49,592 - INFO - Unique checkpoints discovered: 4
2025-06-23 22:59:49,592 - INFO - Episodes with checkpoints: 100/100
2025-06-23 22:59:49,592 - INFO - Episodes reaching min_steps: 100/100
2025-06-23 22:59:49,592 - INFO - Checkpoint values found: [1, 2, 3, 4]
2025-06-23 22:59:49,593 - INFO - ✅ Training completed!
2025-06-23 22:59:49,594 - INFO - === FINAL TRAINING STATISTICS ===
2025-06-23 22:59:49,594 - INFO -   total_episodes: 2000
2025-06-23 22:59:49,594 - INFO -   states_explored: 78
2025-06-23 22:59:49,594 - INFO -   avg_reward: -3145.1655
2025-06-23 22:59:49,594 - INFO -   max_reward: 2010.5
2025-06-23 22:59:49,594 - INFO -   success_rate: 0.0355
2025-06-23 22:59:49,594 - INFO -   strategy_info: {'base_epsilon': 0.65, 'novelty_bonus': 5.0, 'states_discovered': 78}
2025-06-23 22:59:49,594 - INFO - === FINAL CHECKPOINT ANALYSIS ===
2025-06-23 22:59:49,594 - INFO -   Checkpoint discovery rate: 0.002 unique/episode
2025-06-23 22:59:49,594 - INFO -   Checkpoint frequency: 0.141 checkpoints/episode
2025-06-23 22:59:49,594 - INFO -   Min steps achievement rate: 5.0%
2025-06-23 22:59:49,594 - INFO -   Best checkpoint reached: 4
2025-06-23 22:59:49,594 - INFO -   Maze progress: 80.0% (checkpoints discovered)
2025-06-23 22:59:49,594 - INFO - DDS stopped.
