2025-06-23 19:10:16,892 - INFO - Strategy initialized: CuriosityStrategy
2025-06-23 19:10:16,892 - INFO - Strategy info: {'base_epsilon': 0.65, 'novelty_bonus': 5.0, 'states_discovered': 0}
2025-06-23 19:10:16,892 - INFO - CLI mode selected: continue
2025-06-23 19:10:16,892 - INFO - Continuing training for 100 additional episodes.
2025-06-23 19:10:16,892 - INFO - ================================================================================
2025-06-23 19:10:16,892 - INFO - 🚀 STARTING TRAINING SESSION
2025-06-23 19:10:16,892 - INFO - ================================================================================
2025-06-23 19:10:16,892 - INFO - Episodes: 100
2025-06-23 19:10:16,892 - INFO - Strategy: curiosity
2025-06-23 19:10:16,892 - INFO - Min steps per episode: 100
2025-06-23 19:10:16,892 - INFO - Max steps per episode: 200
2025-06-23 19:10:16,892 - INFO - Model path: models/q_agent.pkl
2025-06-23 19:10:16,892 - INFO - ================================================================================
2025-06-23 19:10:16,900 - INFO - 🔗 Connected to Godot simulation!
2025-06-23 19:10:16,900 - INFO - Episode 1/100 started - Strategy: CuriosityStrategy
2025-06-23 19:10:41,941 - INFO - 🏆 Episode 1: GOAL REACHED | Reward: 623.5 | Steps: 129
2025-06-23 19:10:41,942 - INFO - Episode 2/100 started - Strategy: CuriosityStrategy
2025-06-23 19:11:19,016 - INFO - 📍 Episode 2: MIN_STEPS + CHECKPOINTS | Reward: -3829.0 | Steps: 200
2025-06-23 19:11:19,016 - INFO - Episode 3/100 started - Strategy: CuriosityStrategy
2025-06-23 19:11:55,353 - INFO - 📍 Episode 3: MIN_STEPS + CHECKPOINTS | Reward: -3644.0 | Steps: 200
2025-06-23 19:11:55,354 - INFO - Episode 4/100 started - Strategy: CuriosityStrategy
2025-06-23 19:12:32,526 - INFO - 📍 Episode 4: MIN_STEPS + CHECKPOINTS | Reward: -3164.0 | Steps: 200
2025-06-23 19:12:32,526 - INFO - Episode 5/100 started - Strategy: CuriosityStrategy
2025-06-23 19:13:09,389 - INFO - 📍 Episode 5: MIN_STEPS + CHECKPOINTS | Reward: -3092.0 | Steps: 200
2025-06-23 19:13:09,389 - INFO - Episode 6/100 started - Strategy: CuriosityStrategy
2025-06-23 19:13:45,953 - INFO - 📍 Episode 6: MIN_STEPS + CHECKPOINTS | Reward: -2909.0 | Steps: 200
2025-06-23 19:13:45,953 - INFO - Episode 7/100 started - Strategy: CuriosityStrategy
2025-06-23 19:14:22,747 - INFO - 📍 Episode 7: MIN_STEPS + CHECKPOINTS | Reward: -2919.0 | Steps: 200
2025-06-23 19:14:22,748 - INFO - Episode 8/100 started - Strategy: CuriosityStrategy
2025-06-23 19:14:59,979 - INFO - 📍 Episode 8: MIN_STEPS + CHECKPOINTS | Reward: -2083.0 | Steps: 200
2025-06-23 19:14:59,979 - INFO - Episode 9/100 started - Strategy: CuriosityStrategy
2025-06-23 19:15:37,481 - INFO - 📍 Episode 9: MIN_STEPS + CHECKPOINTS | Reward: -3131.0 | Steps: 200
2025-06-23 19:15:37,481 - INFO - Episode 10/100 started - Strategy: CuriosityStrategy
2025-06-23 19:16:11,738 - INFO - 📍 Episode 10: MIN_STEPS + CHECKPOINTS | Reward: -3383.0 | Steps: 200
2025-06-23 19:16:11,742 - INFO - Episodes completed: 10
2025-06-23 19:16:11,742 - INFO - Average reward (last 50): -3291.95
2025-06-23 19:16:11,742 - INFO - Average steps (last 50): 198.6
2025-06-23 19:16:11,742 - INFO - Success rate (last 50): 2.0%
2025-06-23 19:16:11,743 - INFO - Min steps achieved (last 50): 50/50 (100.0%)
2025-06-23 19:16:11,743 - INFO - States explored: 77
2025-06-23 19:16:11,743 - INFO - Total checkpoints reached: 28
2025-06-23 19:16:11,743 - INFO - Unique checkpoints discovered: 4
2025-06-23 19:16:11,743 - INFO - Episodes with checkpoints: 10/10
2025-06-23 19:16:11,743 - INFO - Episodes reaching min_steps: 10/10
2025-06-23 19:16:11,743 - INFO - Checkpoint values found: [1, 2, 3, 4]
2025-06-23 19:16:11,744 - INFO - Episode 11/100 started - Strategy: CuriosityStrategy
2025-06-23 19:16:44,995 - INFO - 🏆 Episode 11: GOAL REACHED | Reward: 917.0 | Steps: 176
2025-06-23 19:16:44,995 - INFO - Episode 12/100 started - Strategy: CuriosityStrategy
2025-06-23 19:17:21,677 - INFO - 📍 Episode 12: MIN_STEPS + CHECKPOINTS | Reward: -2750.0 | Steps: 200
2025-06-23 19:17:21,678 - INFO - Episode 13/100 started - Strategy: CuriosityStrategy
2025-06-23 19:17:58,308 - INFO - 📍 Episode 13: MIN_STEPS + CHECKPOINTS | Reward: -3928.0 | Steps: 200
2025-06-23 19:17:58,309 - INFO - Episode 14/100 started - Strategy: CuriosityStrategy
2025-06-23 19:18:34,635 - INFO - 📍 Episode 14: MIN_STEPS + CHECKPOINTS | Reward: -2906.0 | Steps: 200
2025-06-23 19:18:34,635 - INFO - Episode 15/100 started - Strategy: CuriosityStrategy
2025-06-23 19:19:11,227 - INFO - 📍 Episode 15: MIN_STEPS + CHECKPOINTS | Reward: -3541.0 | Steps: 200
2025-06-23 19:19:11,228 - INFO - Episode 16/100 started - Strategy: CuriosityStrategy
2025-06-23 19:19:48,462 - INFO - 📍 Episode 16: MIN_STEPS + CHECKPOINTS | Reward: -2234.0 | Steps: 200
2025-06-23 19:19:48,462 - INFO - Episode 17/100 started - Strategy: CuriosityStrategy
2025-06-23 19:20:25,170 - INFO - 📍 Episode 17: MIN_STEPS + CHECKPOINTS | Reward: -2611.0 | Steps: 200
2025-06-23 19:20:25,170 - INFO - Episode 18/100 started - Strategy: CuriosityStrategy
2025-06-23 19:21:01,954 - INFO - 📍 Episode 18: MIN_STEPS + CHECKPOINTS | Reward: -3577.0 | Steps: 200
2025-06-23 19:21:01,955 - INFO - Episode 19/100 started - Strategy: CuriosityStrategy
2025-06-23 19:21:41,121 - INFO - 📍 Episode 19: MIN_STEPS + CHECKPOINTS | Reward: -2742.0 | Steps: 200
2025-06-23 19:21:41,121 - INFO - Episode 20/100 started - Strategy: CuriosityStrategy
2025-06-23 19:22:20,225 - INFO - 📍 Episode 20: MIN_STEPS + CHECKPOINTS | Reward: -2002.0 | Steps: 200
2025-06-23 19:22:20,228 - INFO - Episodes completed: 20
2025-06-23 19:22:20,229 - INFO - Average reward (last 50): -3091.67
2025-06-23 19:22:20,229 - INFO - Average steps (last 50): 198.1
2025-06-23 19:22:20,229 - INFO - Success rate (last 50): 4.0%
2025-06-23 19:22:20,230 - INFO - Min steps achieved (last 50): 50/50 (100.0%)
2025-06-23 19:22:20,230 - INFO - States explored: 77
2025-06-23 19:22:20,230 - INFO - Total checkpoints reached: 59
2025-06-23 19:22:20,230 - INFO - Unique checkpoints discovered: 4
2025-06-23 19:22:20,230 - INFO - Episodes with checkpoints: 20/20
2025-06-23 19:22:20,230 - INFO - Episodes reaching min_steps: 20/20
2025-06-23 19:22:20,230 - INFO - Checkpoint values found: [1, 2, 3, 4]
2025-06-23 19:22:20,230 - INFO - Episode 21/100 started - Strategy: CuriosityStrategy
2025-06-23 19:23:00,464 - INFO - 📍 Episode 21: MIN_STEPS + CHECKPOINTS | Reward: -2101.0 | Steps: 200
2025-06-23 19:23:00,465 - INFO - Episode 22/100 started - Strategy: CuriosityStrategy
2025-06-23 19:23:39,842 - INFO - 📍 Episode 22: MIN_STEPS + CHECKPOINTS | Reward: -2260.0 | Steps: 200
2025-06-23 19:23:39,843 - INFO - Episode 23/100 started - Strategy: CuriosityStrategy
2025-06-23 19:24:19,153 - INFO - 📍 Episode 23: MIN_STEPS + CHECKPOINTS | Reward: -2867.0 | Steps: 200
2025-06-23 19:24:19,154 - INFO - Episode 24/100 started - Strategy: CuriosityStrategy
2025-06-23 19:24:58,503 - INFO - 📍 Episode 24: MIN_STEPS + CHECKPOINTS | Reward: -2996.0 | Steps: 200
2025-06-23 19:24:58,504 - INFO - Episode 25/100 started - Strategy: CuriosityStrategy
2025-06-23 19:25:36,654 - INFO - 📍 Episode 25: MIN_STEPS + CHECKPOINTS | Reward: -3820.0 | Steps: 200
2025-06-23 19:25:36,655 - INFO - Episode 26/100 started - Strategy: CuriosityStrategy
2025-06-23 19:26:15,405 - INFO - 📍 Episode 26: MIN_STEPS + CHECKPOINTS | Reward: -3895.0 | Steps: 200
2025-06-23 19:26:15,405 - INFO - Episode 27/100 started - Strategy: CuriosityStrategy
2025-06-23 19:26:54,643 - INFO - 📍 Episode 27: MIN_STEPS + CHECKPOINTS | Reward: -2987.0 | Steps: 200
2025-06-23 19:26:54,644 - INFO - Episode 28/100 started - Strategy: CuriosityStrategy
2025-06-23 19:27:33,524 - INFO - 📍 Episode 28: MIN_STEPS + CHECKPOINTS | Reward: -2918.0 | Steps: 200
2025-06-23 19:27:33,525 - INFO - Episode 29/100 started - Strategy: CuriosityStrategy
2025-06-23 19:28:10,502 - INFO - 📍 Episode 29: MIN_STEPS + CHECKPOINTS | Reward: -2455.0 | Steps: 200
2025-06-23 19:28:10,503 - INFO - Episode 30/100 started - Strategy: CuriosityStrategy
2025-06-23 19:28:47,694 - INFO - 📍 Episode 30: MIN_STEPS + CHECKPOINTS | Reward: -3026.0 | Steps: 200
2025-06-23 19:28:47,697 - INFO - Episodes completed: 30
2025-06-23 19:28:47,697 - INFO - Average reward (last 50): -3017.79
2025-06-23 19:28:47,697 - INFO - Average steps (last 50): 198.1
2025-06-23 19:28:47,697 - INFO - Success rate (last 50): 4.0%
2025-06-23 19:28:47,697 - INFO - Min steps achieved (last 50): 50/50 (100.0%)
2025-06-23 19:28:47,697 - INFO - States explored: 77
2025-06-23 19:28:47,697 - INFO - Total checkpoints reached: 90
2025-06-23 19:28:47,697 - INFO - Unique checkpoints discovered: 4
2025-06-23 19:28:47,697 - INFO - Episodes with checkpoints: 30/30
2025-06-23 19:28:47,697 - INFO - Episodes reaching min_steps: 30/30
2025-06-23 19:28:47,697 - INFO - Checkpoint values found: [1, 2, 3, 4]
2025-06-23 19:28:47,697 - INFO - Episode 31/100 started - Strategy: CuriosityStrategy
2025-06-23 19:29:24,332 - INFO - 📍 Episode 31: MIN_STEPS + CHECKPOINTS | Reward: -3311.0 | Steps: 200
2025-06-23 19:29:24,332 - INFO - Episode 32/100 started - Strategy: CuriosityStrategy
2025-06-23 19:30:01,112 - INFO - 📍 Episode 32: MIN_STEPS + CHECKPOINTS | Reward: -3083.0 | Steps: 200
2025-06-23 19:30:01,112 - INFO - Episode 33/100 started - Strategy: CuriosityStrategy
2025-06-23 19:30:37,383 - INFO - 📍 Episode 33: MIN_STEPS + CHECKPOINTS | Reward: -3602.0 | Steps: 200
2025-06-23 19:30:37,383 - INFO - Episode 34/100 started - Strategy: CuriosityStrategy
2025-06-23 19:31:14,117 - INFO - 📍 Episode 34: MIN_STEPS + CHECKPOINTS | Reward: -3646.0 | Steps: 200
2025-06-23 19:31:14,118 - INFO - Episode 35/100 started - Strategy: CuriosityStrategy
2025-06-23 19:31:50,922 - INFO - 📍 Episode 35: MIN_STEPS + CHECKPOINTS | Reward: -2116.0 | Steps: 200
2025-06-23 19:31:50,922 - INFO - Episode 36/100 started - Strategy: CuriosityStrategy
2025-06-23 19:32:27,721 - INFO - 📍 Episode 36: MIN_STEPS + CHECKPOINTS | Reward: -3362.0 | Steps: 200
2025-06-23 19:32:27,722 - INFO - Episode 37/100 started - Strategy: CuriosityStrategy
2025-06-23 19:33:07,016 - INFO - 📍 Episode 37: MIN_STEPS + CHECKPOINTS | Reward: -2780.0 | Steps: 200
2025-06-23 19:33:07,017 - INFO - Episode 38/100 started - Strategy: CuriosityStrategy
2025-06-23 19:33:46,534 - INFO - 📍 Episode 38: MIN_STEPS + CHECKPOINTS | Reward: -1933.0 | Steps: 200
2025-06-23 19:33:46,535 - INFO - Episode 39/100 started - Strategy: CuriosityStrategy
2025-06-23 19:34:25,728 - INFO - 📍 Episode 39: MIN_STEPS + CHECKPOINTS | Reward: -3062.0 | Steps: 200
2025-06-23 19:34:25,729 - INFO - Episode 40/100 started - Strategy: CuriosityStrategy
2025-06-23 19:35:04,903 - INFO - 📍 Episode 40: MIN_STEPS + CHECKPOINTS | Reward: -3802.0 | Steps: 200
2025-06-23 19:35:04,906 - INFO - Episodes completed: 40
2025-06-23 19:35:04,906 - INFO - Average reward (last 50): -2977.97
2025-06-23 19:35:04,906 - INFO - Average steps (last 50): 198.1
2025-06-23 19:35:04,906 - INFO - Success rate (last 50): 4.0%
2025-06-23 19:35:04,906 - INFO - Min steps achieved (last 50): 50/50 (100.0%)
2025-06-23 19:35:04,906 - INFO - States explored: 77
2025-06-23 19:35:04,907 - INFO - Total checkpoints reached: 120
2025-06-23 19:35:04,907 - INFO - Unique checkpoints discovered: 4
2025-06-23 19:35:04,907 - INFO - Episodes with checkpoints: 40/40
2025-06-23 19:35:04,907 - INFO - Episodes reaching min_steps: 40/40
2025-06-23 19:35:04,907 - INFO - Checkpoint values found: [1, 2, 3, 4]
2025-06-23 19:35:04,907 - INFO - Episode 41/100 started - Strategy: CuriosityStrategy
2025-06-23 19:35:43,971 - INFO - 📍 Episode 41: MIN_STEPS + CHECKPOINTS | Reward: -3122.0 | Steps: 200
2025-06-23 19:35:43,971 - INFO - Episode 42/100 started - Strategy: CuriosityStrategy
2025-06-23 19:36:22,749 - INFO - 📍 Episode 42: MIN_STEPS + CHECKPOINTS | Reward: -2048.0 | Steps: 200
2025-06-23 19:36:22,750 - INFO - Episode 43/100 started - Strategy: CuriosityStrategy
2025-06-23 19:37:02,014 - INFO - 📍 Episode 43: MIN_STEPS + CHECKPOINTS | Reward: -2560.0 | Steps: 200
2025-06-23 19:37:02,014 - INFO - Episode 44/100 started - Strategy: CuriosityStrategy
2025-06-23 19:37:40,909 - INFO - 📍 Episode 44: MIN_STEPS + CHECKPOINTS | Reward: -3029.0 | Steps: 200
2025-06-23 19:37:40,910 - INFO - Episode 45/100 started - Strategy: CuriosityStrategy
2025-06-23 19:38:19,399 - INFO - 📍 Episode 45: MIN_STEPS + CHECKPOINTS | Reward: -2689.0 | Steps: 200
2025-06-23 19:38:19,399 - INFO - Episode 46/100 started - Strategy: CuriosityStrategy
2025-06-23 19:38:58,466 - INFO - 📍 Episode 46: MIN_STEPS + CHECKPOINTS | Reward: -2372.0 | Steps: 200
2025-06-23 19:38:58,466 - INFO - Episode 47/100 started - Strategy: CuriosityStrategy
2025-06-23 19:39:35,241 - INFO - 📍 Episode 47: MIN_STEPS + CHECKPOINTS | Reward: -4195.0 | Steps: 200
2025-06-23 19:39:35,242 - INFO - Episode 48/100 started - Strategy: CuriosityStrategy
2025-06-23 19:40:15,237 - INFO - 📍 Episode 48: MIN_STEPS + CHECKPOINTS | Reward: -1942.0 | Steps: 200
2025-06-23 19:40:15,237 - INFO - Episode 49/100 started - Strategy: CuriosityStrategy
2025-06-23 19:40:53,961 - INFO - 📍 Episode 49: MIN_STEPS + CHECKPOINTS | Reward: -3949.0 | Steps: 200
2025-06-23 19:40:53,962 - INFO - Episode 50/100 started - Strategy: CuriosityStrategy
2025-06-23 19:41:33,457 - INFO - 📍 Episode 50: MIN_STEPS + CHECKPOINTS | Reward: -2985.0 | Steps: 200
2025-06-23 19:41:33,459 - INFO - Episodes completed: 50
2025-06-23 19:41:33,460 - INFO - Average reward (last 50): -2836.35
2025-06-23 19:41:33,460 - INFO - Average steps (last 50): 198.1
2025-06-23 19:41:33,460 - INFO - Success rate (last 50): 4.0%
2025-06-23 19:41:33,460 - INFO - Min steps achieved (last 50): 50/50 (100.0%)
2025-06-23 19:41:33,460 - INFO - States explored: 77
2025-06-23 19:41:33,460 - INFO - Total checkpoints reached: 153
2025-06-23 19:41:33,460 - INFO - Unique checkpoints discovered: 4
2025-06-23 19:41:33,460 - INFO - Episodes with checkpoints: 50/50
2025-06-23 19:41:33,460 - INFO - Episodes reaching min_steps: 50/50
2025-06-23 19:41:33,460 - INFO - Checkpoint values found: [1, 2, 3, 4]
2025-06-23 19:41:33,461 - INFO - Episode 51/100 started - Strategy: CuriosityStrategy
2025-06-23 19:42:13,343 - INFO - 📍 Episode 51: MIN_STEPS + CHECKPOINTS | Reward: -2336.0 | Steps: 200
2025-06-23 19:42:13,344 - INFO - Episode 52/100 started - Strategy: CuriosityStrategy
2025-06-23 19:42:53,603 - INFO - 📍 Episode 52: MIN_STEPS + CHECKPOINTS | Reward: -2047.0 | Steps: 200
2025-06-23 19:42:53,603 - INFO - Episode 53/100 started - Strategy: CuriosityStrategy
2025-06-23 19:43:33,679 - INFO - 📍 Episode 53: MIN_STEPS + CHECKPOINTS | Reward: -2276.0 | Steps: 200
2025-06-23 19:43:33,680 - INFO - Episode 54/100 started - Strategy: CuriosityStrategy
2025-06-23 19:44:11,457 - INFO - 📍 Episode 54: MIN_STEPS + CHECKPOINTS | Reward: -3895.0 | Steps: 200
2025-06-23 19:44:11,457 - INFO - Episode 55/100 started - Strategy: CuriosityStrategy
2025-06-23 19:44:49,829 - INFO - 📍 Episode 55: MIN_STEPS + CHECKPOINTS | Reward: -3649.0 | Steps: 200
2025-06-23 19:44:49,829 - INFO - Episode 56/100 started - Strategy: CuriosityStrategy
2025-06-23 19:45:27,960 - INFO - 📍 Episode 56: MIN_STEPS + CHECKPOINTS | Reward: -3871.0 | Steps: 200
2025-06-23 19:45:27,961 - INFO - Episode 57/100 started - Strategy: CuriosityStrategy
2025-06-23 19:46:06,651 - INFO - 📍 Episode 57: MIN_STEPS + CHECKPOINTS | Reward: -3293.0 | Steps: 200
2025-06-23 19:46:06,651 - INFO - Episode 58/100 started - Strategy: CuriosityStrategy
2025-06-23 19:46:46,003 - INFO - 📍 Episode 58: MIN_STEPS + CHECKPOINTS | Reward: -3631.0 | Steps: 200
2025-06-23 19:46:46,004 - INFO - Episode 59/100 started - Strategy: CuriosityStrategy
2025-06-23 19:47:25,303 - INFO - 📍 Episode 59: MIN_STEPS + CHECKPOINTS | Reward: -2087.0 | Steps: 200
2025-06-23 19:47:25,304 - INFO - Episode 60/100 started - Strategy: CuriosityStrategy
2025-06-23 19:48:05,011 - INFO - 📍 Episode 60: MIN_STEPS + CHECKPOINTS | Reward: -1690.0 | Steps: 200
2025-06-23 19:48:05,014 - INFO - Episodes completed: 60
2025-06-23 19:48:05,014 - INFO - Average reward (last 50): -2861.24
2025-06-23 19:48:05,014 - INFO - Average steps (last 50): 199.5
2025-06-23 19:48:05,014 - INFO - Success rate (last 50): 2.0%
2025-06-23 19:48:05,014 - INFO - Min steps achieved (last 50): 50/50 (100.0%)
2025-06-23 19:48:05,014 - INFO - States explored: 77
2025-06-23 19:48:05,014 - INFO - Total checkpoints reached: 184
2025-06-23 19:48:05,014 - INFO - Unique checkpoints discovered: 4
2025-06-23 19:48:05,014 - INFO - Episodes with checkpoints: 60/60
2025-06-23 19:48:05,015 - INFO - Episodes reaching min_steps: 60/60
2025-06-23 19:48:05,015 - INFO - Checkpoint values found: [1, 2, 3, 4]
2025-06-23 19:48:05,015 - INFO - Episode 61/100 started - Strategy: CuriosityStrategy
2025-06-23 19:48:43,842 - INFO - 📍 Episode 61: MIN_STEPS + CHECKPOINTS | Reward: -2569.0 | Steps: 200
2025-06-23 19:48:43,843 - INFO - Episode 62/100 started - Strategy: CuriosityStrategy
2025-06-23 19:49:22,546 - INFO - 📍 Episode 62: MIN_STEPS + CHECKPOINTS | Reward: -2782.0 | Steps: 200
2025-06-23 19:49:22,547 - INFO - Episode 63/100 started - Strategy: CuriosityStrategy
2025-06-23 19:50:00,061 - INFO - 📍 Episode 63: MIN_STEPS + CHECKPOINTS | Reward: -3466.0 | Steps: 200
2025-06-23 19:50:00,062 - INFO - Episode 64/100 started - Strategy: CuriosityStrategy
2025-06-23 19:50:38,990 - INFO - 📍 Episode 64: MIN_STEPS + CHECKPOINTS | Reward: -3752.0 | Steps: 200
2025-06-23 19:50:38,990 - INFO - Episode 65/100 started - Strategy: CuriosityStrategy
2025-06-23 19:51:18,387 - INFO - 📍 Episode 65: MIN_STEPS + CHECKPOINTS | Reward: -3604.0 | Steps: 200
2025-06-23 19:51:18,387 - INFO - Episode 66/100 started - Strategy: CuriosityStrategy
2025-06-23 19:51:57,511 - INFO - 📍 Episode 66: MIN_STEPS + CHECKPOINTS | Reward: -1924.0 | Steps: 200
2025-06-23 19:51:57,512 - INFO - Episode 67/100 started - Strategy: CuriosityStrategy
2025-06-23 19:52:35,916 - INFO - 📍 Episode 67: MIN_STEPS + CHECKPOINTS | Reward: -4039.0 | Steps: 200
2025-06-23 19:52:35,917 - INFO - Episode 68/100 started - Strategy: CuriosityStrategy
2025-06-23 19:53:14,792 - INFO - 📍 Episode 68: MIN_STEPS + CHECKPOINTS | Reward: -3238.0 | Steps: 200
2025-06-23 19:53:14,793 - INFO - Episode 69/100 started - Strategy: CuriosityStrategy
2025-06-23 19:53:50,704 - INFO - 🏆 Episode 69: GOAL REACHED | Reward: -196.5 | Steps: 185
2025-06-23 19:53:50,705 - INFO - Episode 70/100 started - Strategy: CuriosityStrategy
2025-06-23 19:54:30,091 - INFO - 📍 Episode 70: MIN_STEPS + CHECKPOINTS | Reward: -2948.0 | Steps: 200
2025-06-23 19:54:30,093 - INFO - Episodes completed: 70
2025-06-23 19:54:30,094 - INFO - Average reward (last 50): -2924.13
2025-06-23 19:54:30,094 - INFO - Average steps (last 50): 199.7
2025-06-23 19:54:30,094 - INFO - Success rate (last 50): 2.0%
2025-06-23 19:54:30,094 - INFO - Min steps achieved (last 50): 50/50 (100.0%)
2025-06-23 19:54:30,094 - INFO - States explored: 77
2025-06-23 19:54:30,094 - INFO - Total checkpoints reached: 213
2025-06-23 19:54:30,094 - INFO - Unique checkpoints discovered: 4
2025-06-23 19:54:30,094 - INFO - Episodes with checkpoints: 70/70
2025-06-23 19:54:30,094 - INFO - Episodes reaching min_steps: 70/70
2025-06-23 19:54:30,094 - INFO - Checkpoint values found: [1, 2, 3, 4]
2025-06-23 19:54:30,095 - INFO - Episode 71/100 started - Strategy: CuriosityStrategy
2025-06-23 19:55:09,032 - INFO - 📍 Episode 71: MIN_STEPS + CHECKPOINTS | Reward: -4111.0 | Steps: 200
2025-06-23 19:55:09,032 - INFO - Episode 72/100 started - Strategy: CuriosityStrategy
2025-06-23 19:55:48,784 - INFO - 📍 Episode 72: MIN_STEPS + CHECKPOINTS | Reward: -2610.0 | Steps: 200
2025-06-23 19:55:48,786 - INFO - Episode 73/100 started - Strategy: CuriosityStrategy
2025-06-23 19:56:28,224 - INFO - 📍 Episode 73: MIN_STEPS + CHECKPOINTS | Reward: -2182.0 | Steps: 200
2025-06-23 19:56:28,225 - INFO - Episode 74/100 started - Strategy: CuriosityStrategy
2025-06-23 19:57:06,892 - INFO - 📍 Episode 74: MIN_STEPS + CHECKPOINTS | Reward: -3802.0 | Steps: 200
2025-06-23 19:57:06,892 - INFO - Episode 75/100 started - Strategy: CuriosityStrategy
2025-06-23 19:57:44,482 - INFO - 🏆 Episode 75: GOAL REACHED | Reward: -276.5 | Steps: 191
2025-06-23 19:57:44,483 - INFO - Episode 76/100 started - Strategy: CuriosityStrategy
2025-06-23 19:58:22,791 - INFO - 📍 Episode 76: MIN_STEPS + CHECKPOINTS | Reward: -4078.0 | Steps: 200
2025-06-23 19:58:22,791 - INFO - Episode 77/100 started - Strategy: CuriosityStrategy
2025-06-23 19:59:01,373 - INFO - 📍 Episode 77: MIN_STEPS + CHECKPOINTS | Reward: -3508.0 | Steps: 200
2025-06-23 19:59:01,374 - INFO - Episode 78/100 started - Strategy: CuriosityStrategy
2025-06-23 19:59:40,662 - INFO - 📍 Episode 78: MIN_STEPS + CHECKPOINTS | Reward: -3257.0 | Steps: 200
2025-06-23 19:59:40,663 - INFO - Episode 79/100 started - Strategy: CuriosityStrategy
2025-06-23 20:00:19,701 - INFO - 📍 Episode 79: MIN_STEPS + CHECKPOINTS | Reward: -3023.0 | Steps: 200
2025-06-23 20:00:19,702 - INFO - Episode 80/100 started - Strategy: CuriosityStrategy
2025-06-23 20:00:59,028 - INFO - 📍 Episode 80: MIN_STEPS + CHECKPOINTS | Reward: -3059.0 | Steps: 200
2025-06-23 20:00:59,032 - INFO - Episodes completed: 80
2025-06-23 20:00:59,032 - INFO - Average reward (last 50): -2935.76
2025-06-23 20:00:59,032 - INFO - Average steps (last 50): 199.5
2025-06-23 20:00:59,033 - INFO - Success rate (last 50): 4.0%
2025-06-23 20:00:59,033 - INFO - Min steps achieved (last 50): 50/50 (100.0%)
2025-06-23 20:00:59,033 - INFO - States explored: 77
2025-06-23 20:00:59,033 - INFO - Total checkpoints reached: 241
2025-06-23 20:00:59,033 - INFO - Unique checkpoints discovered: 4
2025-06-23 20:00:59,033 - INFO - Episodes with checkpoints: 80/80
2025-06-23 20:00:59,033 - INFO - Episodes reaching min_steps: 80/80
2025-06-23 20:00:59,033 - INFO - Checkpoint values found: [1, 2, 3, 4]
2025-06-23 20:00:59,033 - INFO - Episode 81/100 started - Strategy: CuriosityStrategy
2025-06-23 20:01:37,410 - INFO - 📍 Episode 81: MIN_STEPS + CHECKPOINTS | Reward: -3269.0 | Steps: 200
2025-06-23 20:01:37,411 - INFO - Episode 82/100 started - Strategy: CuriosityStrategy
2025-06-23 20:02:16,176 - INFO - 📍 Episode 82: MIN_STEPS + CHECKPOINTS | Reward: -3486.0 | Steps: 200
2025-06-23 20:02:16,176 - INFO - Episode 83/100 started - Strategy: CuriosityStrategy
2025-06-23 20:02:53,546 - INFO - 📍 Episode 83: MIN_STEPS + CHECKPOINTS | Reward: -3140.0 | Steps: 200
2025-06-23 20:02:53,546 - INFO - Episode 84/100 started - Strategy: CuriosityStrategy
2025-06-23 20:03:31,807 - INFO - 📍 Episode 84: MIN_STEPS + CHECKPOINTS | Reward: -3352.0 | Steps: 200
2025-06-23 20:03:31,807 - INFO - Episode 85/100 started - Strategy: CuriosityStrategy
2025-06-23 20:04:11,573 - INFO - 📍 Episode 85: MIN_STEPS + CHECKPOINTS | Reward: -1957.0 | Steps: 200
2025-06-23 20:04:11,575 - INFO - Episode 86/100 started - Strategy: CuriosityStrategy
2025-06-23 20:04:42,774 - INFO - 🏆 Episode 86: GOAL REACHED | Reward: 662.5 | Steps: 157
2025-06-23 20:04:42,775 - INFO - Episode 87/100 started - Strategy: CuriosityStrategy
2025-06-23 20:05:21,850 - INFO - 📍 Episode 87: MIN_STEPS + CHECKPOINTS | Reward: -3281.0 | Steps: 200
2025-06-23 20:05:21,851 - INFO - Episode 88/100 started - Strategy: CuriosityStrategy
2025-06-23 20:06:00,708 - INFO - 📍 Episode 88: MIN_STEPS + CHECKPOINTS | Reward: -3670.0 | Steps: 200
2025-06-23 20:06:00,710 - INFO - Episode 89/100 started - Strategy: CuriosityStrategy
2025-06-23 20:06:39,606 - INFO - 📍 Episode 89: MIN_STEPS + CHECKPOINTS | Reward: -3238.0 | Steps: 200
2025-06-23 20:06:39,608 - INFO - Episode 90/100 started - Strategy: CuriosityStrategy
2025-06-23 20:07:18,436 - INFO - 📍 Episode 90: MIN_STEPS + CHECKPOINTS | Reward: -3505.0 | Steps: 200
2025-06-23 20:07:18,440 - INFO - Episodes completed: 90
2025-06-23 20:07:18,441 - INFO - Average reward (last 50): -2886.53
2025-06-23 20:07:18,441 - INFO - Average steps (last 50): 198.7
2025-06-23 20:07:18,441 - INFO - Success rate (last 50): 6.0%
2025-06-23 20:07:18,441 - INFO - Min steps achieved (last 50): 50/50 (100.0%)
2025-06-23 20:07:18,441 - INFO - States explored: 77
2025-06-23 20:07:18,441 - INFO - Total checkpoints reached: 270
2025-06-23 20:07:18,441 - INFO - Unique checkpoints discovered: 4
2025-06-23 20:07:18,441 - INFO - Episodes with checkpoints: 90/90
2025-06-23 20:07:18,441 - INFO - Episodes reaching min_steps: 90/90
2025-06-23 20:07:18,441 - INFO - Checkpoint values found: [1, 2, 3, 4]
2025-06-23 20:07:18,441 - INFO - Episode 91/100 started - Strategy: CuriosityStrategy
2025-06-23 20:07:56,916 - INFO - 📍 Episode 91: MIN_STEPS + CHECKPOINTS | Reward: -3907.0 | Steps: 200
2025-06-23 20:07:56,916 - INFO - Episode 92/100 started - Strategy: CuriosityStrategy
2025-06-23 20:08:34,951 - INFO - 📍 Episode 92: MIN_STEPS + CHECKPOINTS | Reward: -3586.0 | Steps: 200
2025-06-23 20:08:34,951 - INFO - Episode 93/100 started - Strategy: CuriosityStrategy
2025-06-23 20:09:12,475 - INFO - 📍 Episode 93: MIN_STEPS + CHECKPOINTS | Reward: -3775.0 | Steps: 200
2025-06-23 20:09:12,476 - INFO - Episode 94/100 started - Strategy: CuriosityStrategy
2025-06-23 20:09:50,383 - INFO - 📍 Episode 94: MIN_STEPS + CHECKPOINTS | Reward: -3712.0 | Steps: 200
2025-06-23 20:09:50,384 - INFO - Episode 95/100 started - Strategy: CuriosityStrategy
2025-06-23 20:10:28,571 - INFO - 📍 Episode 95: MIN_STEPS + CHECKPOINTS | Reward: -4048.0 | Steps: 200
2025-06-23 20:10:28,572 - INFO - Episode 96/100 started - Strategy: CuriosityStrategy
2025-06-23 20:11:08,074 - INFO - 📍 Episode 96: MIN_STEPS + CHECKPOINTS | Reward: -3367.0 | Steps: 200
2025-06-23 20:11:08,074 - INFO - Episode 97/100 started - Strategy: CuriosityStrategy
2025-06-23 20:11:47,153 - INFO - 🏆 Episode 97: GOAL REACHED | Reward: -437.0 | Steps: 200
2025-06-23 20:11:47,154 - INFO - Episode 98/100 started - Strategy: CuriosityStrategy
2025-06-23 20:12:25,836 - INFO - 📍 Episode 98: MIN_STEPS + CHECKPOINTS | Reward: -3553.0 | Steps: 200
2025-06-23 20:12:25,836 - INFO - Episode 99/100 started - Strategy: CuriosityStrategy
2025-06-23 20:13:05,415 - INFO - 📍 Episode 99: MIN_STEPS + CHECKPOINTS | Reward: -2626.0 | Steps: 200
2025-06-23 20:13:05,415 - INFO - Episode 100/100 started - Strategy: CuriosityStrategy
2025-06-23 20:13:44,025 - INFO - 📍 Episode 100: MIN_STEPS + CHECKPOINTS | Reward: -3186.0 | Steps: 200
2025-06-23 20:13:44,028 - INFO - Episodes completed: 100
2025-06-23 20:13:44,028 - INFO - Average reward (last 50): -2952.65
2025-06-23 20:13:44,028 - INFO - Average steps (last 50): 198.7
2025-06-23 20:13:44,028 - INFO - Success rate (last 50): 8.0%
2025-06-23 20:13:44,029 - INFO - Min steps achieved (last 50): 50/50 (100.0%)
2025-06-23 20:13:44,029 - INFO - States explored: 77
2025-06-23 20:13:44,029 - INFO - Total checkpoints reached: 295
2025-06-23 20:13:44,029 - INFO - Unique checkpoints discovered: 4
2025-06-23 20:13:44,029 - INFO - Episodes with checkpoints: 100/100
2025-06-23 20:13:44,029 - INFO - Episodes reaching min_steps: 100/100
2025-06-23 20:13:44,029 - INFO - Checkpoint values found: [1, 2, 3, 4]
2025-06-23 20:13:44,031 - INFO - ✅ Training completed!
2025-06-23 20:13:44,032 - INFO - === FINAL TRAINING STATISTICS ===
2025-06-23 20:13:44,032 - INFO -   total_episodes: 1800
2025-06-23 20:13:44,032 - INFO -   states_explored: 77
2025-06-23 20:13:44,032 - INFO -   avg_reward: -3189.04
2025-06-23 20:13:44,032 - INFO -   max_reward: 1844.0
2025-06-23 20:13:44,032 - INFO -   success_rate: 0.02722222222222222
2025-06-23 20:13:44,033 - INFO -   strategy_info: {'base_epsilon': 0.65, 'novelty_bonus': 5.0, 'states_discovered': 77}
2025-06-23 20:13:44,033 - INFO - === FINAL CHECKPOINT ANALYSIS ===
2025-06-23 20:13:44,033 - INFO -   Checkpoint discovery rate: 0.002 unique/episode
2025-06-23 20:13:44,033 - INFO -   Checkpoint frequency: 0.164 checkpoints/episode
2025-06-23 20:13:44,033 - INFO -   Min steps achievement rate: 5.6%
2025-06-23 20:13:44,033 - INFO -   Best checkpoint reached: 4
2025-06-23 20:13:44,033 - INFO -   Maze progress: 80.0% (checkpoints discovered)
2025-06-23 20:13:44,033 - INFO - DDS stopped.
