2025-06-23 22:59:50,086 - INFO - Strategy initialized: CuriosityStrategy
2025-06-23 22:59:50,086 - INFO - Strategy info: {'base_epsilon': 0.65, 'novelty_bonus': 5.0, 'states_discovered': 0}
2025-06-23 22:59:50,086 - INFO - CLI mode selected: continue
2025-06-23 22:59:50,086 - INFO - Continuing training for 250 additional episodes.
2025-06-23 22:59:50,086 - INFO - ================================================================================
2025-06-23 22:59:50,086 - INFO - 🚀 STARTING TRAINING SESSION
2025-06-23 22:59:50,086 - INFO - ================================================================================
2025-06-23 22:59:50,086 - INFO - Episodes: 250
2025-06-23 22:59:50,086 - INFO - Strategy: curiosity
2025-06-23 22:59:50,086 - INFO - Min steps per episode: 100
2025-06-23 22:59:50,087 - INFO - Max steps per episode: 200
2025-06-23 22:59:50,087 - INFO - Model path: models/q_agent.pkl
2025-06-23 22:59:50,087 - INFO - ================================================================================
2025-06-23 22:59:50,094 - INFO - 🔗 Connected to Godot simulation!
2025-06-23 22:59:50,094 - INFO - Episode 1/250 started - Strategy: CuriosityStrategy
2025-06-23 23:00:29,054 - INFO - 📍 Episode 1: MIN_STEPS + CHECKPOINTS | Reward: -2607.0 | Steps: 200
2025-06-23 23:00:29,054 - INFO - Episode 2/250 started - Strategy: CuriosityStrategy
2025-06-23 23:01:07,731 - INFO - 📍 Episode 2: MIN_STEPS + CHECKPOINTS | Reward: -3685.0 | Steps: 200
2025-06-23 23:01:07,732 - INFO - Episode 3/250 started - Strategy: CuriosityStrategy
2025-06-23 23:01:46,261 - INFO - 📍 Episode 3: MIN_STEPS + CHECKPOINTS | Reward: -3266.0 | Steps: 200
2025-06-23 23:01:46,261 - INFO - Episode 4/250 started - Strategy: CuriosityStrategy
2025-06-23 23:02:24,981 - INFO - 📍 Episode 4: MIN_STEPS + CHECKPOINTS | Reward: -4198.0 | Steps: 200
2025-06-23 23:02:24,982 - INFO - Episode 5/250 started - Strategy: CuriosityStrategy
2025-06-23 23:03:03,623 - INFO - 📍 Episode 5: MIN_STEPS + CHECKPOINTS | Reward: -3922.0 | Steps: 200
2025-06-23 23:03:03,623 - INFO - Episode 6/250 started - Strategy: CuriosityStrategy
2025-06-23 23:03:34,758 - INFO - 🏆 Episode 6: GOAL REACHED | Reward: 823.5 | Steps: 157
2025-06-23 23:03:34,759 - INFO - Episode 7/250 started - Strategy: CuriosityStrategy
2025-06-23 23:04:04,882 - INFO - 🏆 Episode 7: GOAL REACHED | Reward: 1186.0 | Steps: 150
2025-06-23 23:04:04,883 - INFO - Episode 8/250 started - Strategy: CuriosityStrategy
2025-06-23 23:04:42,551 - INFO - 📍 Episode 8: MIN_STEPS + CHECKPOINTS | Reward: -2987.0 | Steps: 200
2025-06-23 23:04:42,551 - INFO - Episode 9/250 started - Strategy: CuriosityStrategy
2025-06-23 23:05:19,720 - INFO - 📍 Episode 9: MIN_STEPS + CHECKPOINTS | Reward: -2464.0 | Steps: 200
2025-06-23 23:05:19,721 - INFO - Episode 10/250 started - Strategy: CuriosityStrategy
2025-06-23 23:05:56,333 - INFO - 📍 Episode 10: MIN_STEPS + CHECKPOINTS | Reward: -2464.0 | Steps: 200
2025-06-23 23:05:56,336 - INFO - Episodes completed: 10
2025-06-23 23:05:56,337 - INFO - Average reward (last 50): -2808.75
2025-06-23 23:05:56,337 - INFO - Average steps (last 50): 195.3
2025-06-23 23:05:56,337 - INFO - Success rate (last 50): 10.0%
2025-06-23 23:05:56,337 - INFO - Min steps achieved (last 50): 50/50 (100.0%)
2025-06-23 23:05:56,337 - INFO - States explored: 78
2025-06-23 23:05:56,337 - INFO - Total checkpoints reached: 31
2025-06-23 23:05:56,337 - INFO - Unique checkpoints discovered: 4
2025-06-23 23:05:56,337 - INFO - Episodes with checkpoints: 10/10
2025-06-23 23:05:56,337 - INFO - Episodes reaching min_steps: 10/10
2025-06-23 23:05:56,337 - INFO - Checkpoint values found: [1, 2, 3, 4]
2025-06-23 23:05:56,337 - INFO - Episode 11/250 started - Strategy: CuriosityStrategy
2025-06-23 23:06:33,705 - INFO - 📍 Episode 11: MIN_STEPS + CHECKPOINTS | Reward: -3454.0 | Steps: 200
2025-06-23 23:06:33,706 - INFO - Episode 12/250 started - Strategy: CuriosityStrategy
2025-06-23 23:07:10,554 - INFO - 📍 Episode 12: MIN_STEPS + CHECKPOINTS | Reward: -3892.0 | Steps: 200
2025-06-23 23:07:10,554 - INFO - Episode 13/250 started - Strategy: CuriosityStrategy
2025-06-23 23:07:48,156 - INFO - 📍 Episode 13: MIN_STEPS + CHECKPOINTS | Reward: -2664.0 | Steps: 200
2025-06-23 23:07:48,157 - INFO - Episode 14/250 started - Strategy: CuriosityStrategy
2025-06-23 23:08:08,301 - INFO - ✅ Episode 14: MIN_STEPS REACHED | Reward: -6052.0 | Steps: 200
2025-06-23 23:08:08,301 - INFO - Episode 15/250 started - Strategy: CuriosityStrategy
2025-06-23 23:08:44,434 - INFO - 📍 Episode 15: MIN_STEPS + CHECKPOINTS | Reward: -3080.0 | Steps: 200
2025-06-23 23:08:44,434 - INFO - Episode 16/250 started - Strategy: CuriosityStrategy
2025-06-23 23:09:19,244 - INFO - 🏆 Episode 16: GOAL REACHED | Reward: 93.0 | Steps: 186
2025-06-23 23:09:19,245 - INFO - Episode 17/250 started - Strategy: CuriosityStrategy
2025-06-23 23:09:56,116 - INFO - 📍 Episode 17: MIN_STEPS + CHECKPOINTS | Reward: -3446.0 | Steps: 200
2025-06-23 23:09:56,116 - INFO - Episode 18/250 started - Strategy: CuriosityStrategy
2025-06-23 23:10:33,170 - INFO - 📍 Episode 18: MIN_STEPS + CHECKPOINTS | Reward: -3493.0 | Steps: 200
2025-06-23 23:10:33,170 - INFO - Episode 19/250 started - Strategy: CuriosityStrategy
2025-06-23 23:11:10,429 - INFO - 📍 Episode 19: MIN_STEPS + CHECKPOINTS | Reward: -3119.0 | Steps: 200
2025-06-23 23:11:10,429 - INFO - Episode 20/250 started - Strategy: CuriosityStrategy
2025-06-23 23:11:47,799 - INFO - 📍 Episode 20: MIN_STEPS + CHECKPOINTS | Reward: -3871.0 | Steps: 200
2025-06-23 23:11:47,802 - INFO - Episodes completed: 20
2025-06-23 23:11:47,803 - INFO - Average reward (last 50): -2858.33
2025-06-23 23:11:47,803 - INFO - Average steps (last 50): 195.1
2025-06-23 23:11:47,803 - INFO - Success rate (last 50): 12.0%
2025-06-23 23:11:47,803 - INFO - Min steps achieved (last 50): 50/50 (100.0%)
2025-06-23 23:11:47,803 - INFO - States explored: 78
2025-06-23 23:11:47,803 - INFO - Total checkpoints reached: 55
2025-06-23 23:11:47,803 - INFO - Unique checkpoints discovered: 4
2025-06-23 23:11:47,803 - INFO - Episodes with checkpoints: 19/20
2025-06-23 23:11:47,804 - INFO - Episodes reaching min_steps: 20/20
2025-06-23 23:11:47,804 - INFO - Checkpoint values found: [1, 2, 3, 4]
2025-06-23 23:11:47,804 - INFO - Episode 21/250 started - Strategy: CuriosityStrategy
2025-06-23 23:12:24,482 - INFO - 📍 Episode 21: MIN_STEPS + CHECKPOINTS | Reward: -3523.0 | Steps: 200
2025-06-23 23:12:24,482 - INFO - Episode 22/250 started - Strategy: CuriosityStrategy
2025-06-23 23:13:01,190 - INFO - 📍 Episode 22: MIN_STEPS + CHECKPOINTS | Reward: -2531.0 | Steps: 200
2025-06-23 23:13:01,190 - INFO - Episode 23/250 started - Strategy: CuriosityStrategy
2025-06-23 23:13:37,919 - INFO - 📍 Episode 23: MIN_STEPS + CHECKPOINTS | Reward: -2981.0 | Steps: 200
2025-06-23 23:13:37,920 - INFO - Episode 24/250 started - Strategy: CuriosityStrategy
2025-06-23 23:14:14,974 - INFO - 📍 Episode 24: MIN_STEPS + CHECKPOINTS | Reward: -2183.0 | Steps: 200
2025-06-23 23:14:14,975 - INFO - Episode 25/250 started - Strategy: CuriosityStrategy
2025-06-23 23:14:51,471 - INFO - 📍 Episode 25: MIN_STEPS + CHECKPOINTS | Reward: -3985.0 | Steps: 200
2025-06-23 23:14:51,471 - INFO - Episode 26/250 started - Strategy: CuriosityStrategy
2025-06-23 23:15:28,665 - INFO - 📍 Episode 26: MIN_STEPS + CHECKPOINTS | Reward: -2927.0 | Steps: 200
2025-06-23 23:15:28,666 - INFO - Episode 27/250 started - Strategy: CuriosityStrategy
2025-06-23 23:16:06,216 - INFO - 📍 Episode 27: MIN_STEPS + CHECKPOINTS | Reward: -1870.0 | Steps: 200
2025-06-23 23:16:06,216 - INFO - Episode 28/250 started - Strategy: CuriosityStrategy
2025-06-23 23:16:43,727 - INFO - 📍 Episode 28: MIN_STEPS + CHECKPOINTS | Reward: -3027.0 | Steps: 200
2025-06-23 23:16:43,727 - INFO - Episode 29/250 started - Strategy: CuriosityStrategy
2025-06-23 23:17:20,341 - INFO - 📍 Episode 29: MIN_STEPS + CHECKPOINTS | Reward: -2320.0 | Steps: 200
2025-06-23 23:17:20,341 - INFO - Episode 30/250 started - Strategy: CuriosityStrategy
2025-06-23 23:17:57,851 - INFO - 📍 Episode 30: MIN_STEPS + CHECKPOINTS | Reward: -3065.0 | Steps: 200
2025-06-23 23:17:57,854 - INFO - Episodes completed: 30
2025-06-23 23:17:57,855 - INFO - Average reward (last 50): -3055.55
2025-06-23 23:17:57,855 - INFO - Average steps (last 50): 197.9
2025-06-23 23:17:57,855 - INFO - Success rate (last 50): 6.0%
2025-06-23 23:17:57,855 - INFO - Min steps achieved (last 50): 50/50 (100.0%)
2025-06-23 23:17:57,855 - INFO - States explored: 78
2025-06-23 23:17:57,855 - INFO - Total checkpoints reached: 87
2025-06-23 23:17:57,855 - INFO - Unique checkpoints discovered: 4
2025-06-23 23:17:57,855 - INFO - Episodes with checkpoints: 29/30
2025-06-23 23:17:57,855 - INFO - Episodes reaching min_steps: 30/30
2025-06-23 23:17:57,855 - INFO - Checkpoint values found: [1, 2, 3, 4]
2025-06-23 23:17:57,855 - INFO - Episode 31/250 started - Strategy: CuriosityStrategy
2025-06-23 23:18:34,275 - INFO - 📍 Episode 31: MIN_STEPS + CHECKPOINTS | Reward: -4051.0 | Steps: 200
2025-06-23 23:18:34,275 - INFO - Episode 32/250 started - Strategy: CuriosityStrategy
2025-06-23 23:19:11,297 - INFO - 📍 Episode 32: MIN_STEPS + CHECKPOINTS | Reward: -3122.0 | Steps: 200
2025-06-23 23:19:11,298 - INFO - Episode 33/250 started - Strategy: CuriosityStrategy
2025-06-23 23:19:47,517 - INFO - 📍 Episode 33: MIN_STEPS + CHECKPOINTS | Reward: -3730.0 | Steps: 200
2025-06-23 23:19:47,518 - INFO - Episode 34/250 started - Strategy: CuriosityStrategy
2025-06-23 23:20:24,422 - INFO - 📍 Episode 34: MIN_STEPS + CHECKPOINTS | Reward: -3625.0 | Steps: 200
2025-06-23 23:20:24,422 - INFO - Episode 35/250 started - Strategy: CuriosityStrategy
2025-06-23 23:21:01,782 - INFO - 📍 Episode 35: MIN_STEPS + CHECKPOINTS | Reward: -3194.0 | Steps: 200
2025-06-23 23:21:01,783 - INFO - Episode 36/250 started - Strategy: CuriosityStrategy
2025-06-23 23:21:38,820 - INFO - 📍 Episode 36: MIN_STEPS + CHECKPOINTS | Reward: -2386.0 | Steps: 200
2025-06-23 23:21:38,820 - INFO - Episode 37/250 started - Strategy: CuriosityStrategy
2025-06-23 23:22:06,469 - INFO - 🏆 Episode 37: GOAL REACHED | Reward: 1061.0 | Steps: 144
2025-06-23 23:22:06,470 - INFO - Episode 38/250 started - Strategy: CuriosityStrategy
2025-06-23 23:22:43,650 - INFO - 📍 Episode 38: MIN_STEPS + CHECKPOINTS | Reward: -2224.0 | Steps: 200
2025-06-23 23:22:43,651 - INFO - Episode 39/250 started - Strategy: CuriosityStrategy
2025-06-23 23:23:20,873 - INFO - 📍 Episode 39: MIN_STEPS + CHECKPOINTS | Reward: -3775.0 | Steps: 200
2025-06-23 23:23:20,874 - INFO - Episode 40/250 started - Strategy: CuriosityStrategy
2025-06-23 23:23:57,565 - INFO - 📍 Episode 40: MIN_STEPS + CHECKPOINTS | Reward: -4120.0 | Steps: 200
2025-06-23 23:23:57,568 - INFO - Episodes completed: 40
2025-06-23 23:23:57,568 - INFO - Average reward (last 50): -2918.67
2025-06-23 23:23:57,568 - INFO - Average steps (last 50): 196.7
2025-06-23 23:23:57,568 - INFO - Success rate (last 50): 8.0%
2025-06-23 23:23:57,568 - INFO - Min steps achieved (last 50): 50/50 (100.0%)
2025-06-23 23:23:57,568 - INFO - States explored: 78
2025-06-23 23:23:57,568 - INFO - Total checkpoints reached: 115
2025-06-23 23:23:57,568 - INFO - Unique checkpoints discovered: 4
2025-06-23 23:23:57,568 - INFO - Episodes with checkpoints: 39/40
2025-06-23 23:23:57,568 - INFO - Episodes reaching min_steps: 40/40
2025-06-23 23:23:57,568 - INFO - Checkpoint values found: [1, 2, 3, 4]
2025-06-23 23:23:57,569 - INFO - Episode 41/250 started - Strategy: CuriosityStrategy
2025-06-23 23:24:34,524 - INFO - 📍 Episode 41: MIN_STEPS + CHECKPOINTS | Reward: -3793.0 | Steps: 200
2025-06-23 23:24:34,524 - INFO - Episode 42/250 started - Strategy: CuriosityStrategy
2025-06-23 23:25:11,973 - INFO - 📍 Episode 42: MIN_STEPS + CHECKPOINTS | Reward: -3356.0 | Steps: 200
2025-06-23 23:25:11,973 - INFO - Episode 43/250 started - Strategy: CuriosityStrategy
2025-06-23 23:25:48,824 - INFO - 📍 Episode 43: MIN_STEPS + CHECKPOINTS | Reward: -3500.0 | Steps: 200
2025-06-23 23:25:48,824 - INFO - Episode 44/250 started - Strategy: CuriosityStrategy
2025-06-23 23:26:24,419 - INFO - 📍 Episode 44: MIN_STEPS + CHECKPOINTS | Reward: -3397.0 | Steps: 200
2025-06-23 23:26:24,419 - INFO - Episode 45/250 started - Strategy: CuriosityStrategy
2025-06-23 23:27:01,347 - INFO - 📍 Episode 45: MIN_STEPS + CHECKPOINTS | Reward: -2927.0 | Steps: 200
2025-06-23 23:27:01,347 - INFO - Episode 46/250 started - Strategy: CuriosityStrategy
2025-06-23 23:27:38,470 - INFO - 📍 Episode 46: MIN_STEPS + CHECKPOINTS | Reward: -3409.0 | Steps: 200
2025-06-23 23:27:38,470 - INFO - Episode 47/250 started - Strategy: CuriosityStrategy
2025-06-23 23:28:15,690 - INFO - 📍 Episode 47: MIN_STEPS + CHECKPOINTS | Reward: -3769.0 | Steps: 200
2025-06-23 23:28:15,690 - INFO - Episode 48/250 started - Strategy: CuriosityStrategy
2025-06-23 23:28:52,756 - INFO - 📍 Episode 48: MIN_STEPS + CHECKPOINTS | Reward: -3832.0 | Steps: 200
2025-06-23 23:28:52,756 - INFO - Episode 49/250 started - Strategy: CuriosityStrategy
2025-06-23 23:29:29,631 - INFO - 📍 Episode 49: MIN_STEPS + CHECKPOINTS | Reward: -3923.0 | Steps: 200
2025-06-23 23:29:29,631 - INFO - Episode 50/250 started - Strategy: CuriosityStrategy
2025-06-23 23:30:05,323 - INFO - 📍 Episode 50: MIN_STEPS + CHECKPOINTS | Reward: -3307.0 | Steps: 200
2025-06-23 23:30:05,327 - INFO - Episodes completed: 50
2025-06-23 23:30:05,328 - INFO - Average reward (last 50): -2987.05
2025-06-23 23:30:05,328 - INFO - Average steps (last 50): 196.7
2025-06-23 23:30:05,328 - INFO - Success rate (last 50): 8.0%
2025-06-23 23:30:05,328 - INFO - Min steps achieved (last 50): 50/50 (100.0%)
2025-06-23 23:30:05,328 - INFO - States explored: 78
2025-06-23 23:30:05,329 - INFO - Total checkpoints reached: 137
2025-06-23 23:30:05,329 - INFO - Unique checkpoints discovered: 4
2025-06-23 23:30:05,329 - INFO - Episodes with checkpoints: 49/50
2025-06-23 23:30:05,329 - INFO - Episodes reaching min_steps: 50/50
2025-06-23 23:30:05,329 - INFO - Checkpoint values found: [1, 2, 3, 4]
2025-06-23 23:30:05,329 - INFO - Episode 51/250 started - Strategy: CuriosityStrategy
2025-06-23 23:30:42,123 - INFO - 📍 Episode 51: MIN_STEPS + CHECKPOINTS | Reward: -2975.0 | Steps: 200
2025-06-23 23:30:42,123 - INFO - Episode 52/250 started - Strategy: CuriosityStrategy
2025-06-23 23:31:19,158 - INFO - 📍 Episode 52: MIN_STEPS + CHECKPOINTS | Reward: -2870.0 | Steps: 200
2025-06-23 23:31:19,158 - INFO - Episode 53/250 started - Strategy: CuriosityStrategy
2025-06-23 23:31:55,923 - INFO - 📍 Episode 53: MIN_STEPS + CHECKPOINTS | Reward: -4536.0 | Steps: 200
2025-06-23 23:31:55,924 - INFO - Episode 54/250 started - Strategy: CuriosityStrategy
2025-06-23 23:32:32,574 - INFO - 📍 Episode 54: MIN_STEPS + CHECKPOINTS | Reward: -3194.0 | Steps: 200
2025-06-23 23:32:32,575 - INFO - Episode 55/250 started - Strategy: CuriosityStrategy
2025-06-23 23:33:09,367 - INFO - 📍 Episode 55: MIN_STEPS + CHECKPOINTS | Reward: -3110.0 | Steps: 200
2025-06-23 23:33:09,367 - INFO - Episode 56/250 started - Strategy: CuriosityStrategy
2025-06-23 23:33:46,378 - INFO - 📍 Episode 56: MIN_STEPS + CHECKPOINTS | Reward: -3706.0 | Steps: 200
2025-06-23 23:33:46,379 - INFO - Episode 57/250 started - Strategy: CuriosityStrategy
2025-06-23 23:34:22,499 - INFO - 📍 Episode 57: MIN_STEPS + CHECKPOINTS | Reward: -3609.0 | Steps: 200
2025-06-23 23:34:22,499 - INFO - Episode 58/250 started - Strategy: CuriosityStrategy
2025-06-23 23:34:59,600 - INFO - 📍 Episode 58: MIN_STEPS + CHECKPOINTS | Reward: -3545.0 | Steps: 200
2025-06-23 23:34:59,601 - INFO - Episode 59/250 started - Strategy: CuriosityStrategy
2025-06-23 23:35:37,048 - INFO - 📍 Episode 59: MIN_STEPS + CHECKPOINTS | Reward: -3898.0 | Steps: 200
2025-06-23 23:35:37,048 - INFO - Episode 60/250 started - Strategy: CuriosityStrategy
2025-06-23 23:36:13,885 - INFO - 📍 Episode 60: MIN_STEPS + CHECKPOINTS | Reward: -4269.0 | Steps: 200
2025-06-23 23:36:13,889 - INFO - Episodes completed: 60
2025-06-23 23:36:13,889 - INFO - Average reward (last 50): -3229.62
2025-06-23 23:36:13,889 - INFO - Average steps (last 50): 198.6
2025-06-23 23:36:13,889 - INFO - Success rate (last 50): 4.0%
2025-06-23 23:36:13,890 - INFO - Min steps achieved (last 50): 50/50 (100.0%)
2025-06-23 23:36:13,890 - INFO - States explored: 78
2025-06-23 23:36:13,890 - INFO - Total checkpoints reached: 160
2025-06-23 23:36:13,890 - INFO - Unique checkpoints discovered: 4
2025-06-23 23:36:13,890 - INFO - Episodes with checkpoints: 59/60
2025-06-23 23:36:13,890 - INFO - Episodes reaching min_steps: 60/60
2025-06-23 23:36:13,890 - INFO - Checkpoint values found: [1, 2, 3, 4]
2025-06-23 23:36:13,890 - INFO - Episode 61/250 started - Strategy: CuriosityStrategy
2025-06-23 23:36:50,604 - INFO - 📍 Episode 61: MIN_STEPS + CHECKPOINTS | Reward: -4605.0 | Steps: 200
2025-06-23 23:36:50,605 - INFO - Episode 62/250 started - Strategy: CuriosityStrategy
2025-06-23 23:37:28,114 - INFO - 📍 Episode 62: MIN_STEPS + CHECKPOINTS | Reward: -2948.0 | Steps: 200
2025-06-23 23:37:28,115 - INFO - Episode 63/250 started - Strategy: CuriosityStrategy
2025-06-23 23:38:04,177 - INFO - 📍 Episode 63: MIN_STEPS + CHECKPOINTS | Reward: -3383.0 | Steps: 200
2025-06-23 23:38:04,177 - INFO - Episode 64/250 started - Strategy: CuriosityStrategy
2025-06-23 23:38:41,280 - INFO - 📍 Episode 64: MIN_STEPS + CHECKPOINTS | Reward: -3325.0 | Steps: 200
2025-06-23 23:38:41,281 - INFO - Episode 65/250 started - Strategy: CuriosityStrategy
2025-06-23 23:39:18,025 - INFO - 📍 Episode 65: MIN_STEPS + CHECKPOINTS | Reward: -3368.0 | Steps: 200
2025-06-23 23:39:18,026 - INFO - Episode 66/250 started - Strategy: CuriosityStrategy
2025-06-23 23:39:54,278 - INFO - 📍 Episode 66: MIN_STEPS + CHECKPOINTS | Reward: -4129.0 | Steps: 200
2025-06-23 23:39:54,278 - INFO - Episode 67/250 started - Strategy: CuriosityStrategy
2025-06-23 23:40:30,764 - INFO - 📍 Episode 67: MIN_STEPS + CHECKPOINTS | Reward: -3838.0 | Steps: 200
2025-06-23 23:40:30,764 - INFO - Episode 68/250 started - Strategy: CuriosityStrategy
2025-06-23 23:41:07,143 - INFO - 📍 Episode 68: MIN_STEPS + CHECKPOINTS | Reward: -3700.0 | Steps: 200
2025-06-23 23:41:07,143 - INFO - Episode 69/250 started - Strategy: CuriosityStrategy
2025-06-23 23:41:43,834 - INFO - 📍 Episode 69: MIN_STEPS + CHECKPOINTS | Reward: -3098.0 | Steps: 200
2025-06-23 23:41:43,834 - INFO - Episode 70/250 started - Strategy: CuriosityStrategy
2025-06-23 23:42:20,361 - INFO - 📍 Episode 70: MIN_STEPS + CHECKPOINTS | Reward: -4009.0 | Steps: 200
2025-06-23 23:42:20,364 - INFO - Episodes completed: 70
2025-06-23 23:42:20,364 - INFO - Average reward (last 50): -3298.12
2025-06-23 23:42:20,365 - INFO - Average steps (last 50): 198.9
2025-06-23 23:42:20,365 - INFO - Success rate (last 50): 2.0%
2025-06-23 23:42:20,365 - INFO - Min steps achieved (last 50): 50/50 (100.0%)
2025-06-23 23:42:20,365 - INFO - States explored: 78
2025-06-23 23:42:20,365 - INFO - Total checkpoints reached: 183
2025-06-23 23:42:20,365 - INFO - Unique checkpoints discovered: 4
2025-06-23 23:42:20,365 - INFO - Episodes with checkpoints: 69/70
2025-06-23 23:42:20,365 - INFO - Episodes reaching min_steps: 70/70
2025-06-23 23:42:20,365 - INFO - Checkpoint values found: [1, 2, 3, 4]
2025-06-23 23:42:20,365 - INFO - Episode 71/250 started - Strategy: CuriosityStrategy
2025-06-23 23:42:57,448 - INFO - 📍 Episode 71: MIN_STEPS + CHECKPOINTS | Reward: -3661.0 | Steps: 200
2025-06-23 23:42:57,449 - INFO - Episode 72/250 started - Strategy: CuriosityStrategy
2025-06-23 23:43:34,829 - INFO - 📍 Episode 72: MIN_STEPS + CHECKPOINTS | Reward: -3146.0 | Steps: 200
2025-06-23 23:43:34,829 - INFO - Episode 73/250 started - Strategy: CuriosityStrategy
2025-06-23 23:44:12,683 - INFO - 📍 Episode 73: MIN_STEPS + CHECKPOINTS | Reward: -2137.0 | Steps: 200
2025-06-23 23:44:12,684 - INFO - Episode 74/250 started - Strategy: CuriosityStrategy
2025-06-23 23:44:49,883 - INFO - 🏆 Episode 74: GOAL REACHED | Reward: -227.0 | Steps: 200
2025-06-23 23:44:49,884 - INFO - Episode 75/250 started - Strategy: CuriosityStrategy
2025-06-23 23:45:27,257 - INFO - 📍 Episode 75: MIN_STEPS + CHECKPOINTS | Reward: -1480.0 | Steps: 200
2025-06-23 23:45:27,258 - INFO - Episode 76/250 started - Strategy: CuriosityStrategy
2025-06-23 23:46:04,439 - INFO - 📍 Episode 76: MIN_STEPS + CHECKPOINTS | Reward: -3349.0 | Steps: 200
2025-06-23 23:46:04,440 - INFO - Episode 77/250 started - Strategy: CuriosityStrategy
2025-06-23 23:46:40,860 - INFO - 📍 Episode 77: MIN_STEPS + CHECKPOINTS | Reward: -2485.0 | Steps: 200
2025-06-23 23:46:40,860 - INFO - Episode 78/250 started - Strategy: CuriosityStrategy
2025-06-23 23:47:17,655 - INFO - 📍 Episode 78: MIN_STEPS + CHECKPOINTS | Reward: -3940.0 | Steps: 200
2025-06-23 23:47:17,656 - INFO - Episode 79/250 started - Strategy: CuriosityStrategy
2025-06-23 23:47:55,321 - INFO - 📍 Episode 79: MIN_STEPS + CHECKPOINTS | Reward: -3011.0 | Steps: 200
2025-06-23 23:47:55,321 - INFO - Episode 80/250 started - Strategy: CuriosityStrategy
2025-06-23 23:48:32,574 - INFO - 📍 Episode 80: MIN_STEPS + CHECKPOINTS | Reward: -3296.0 | Steps: 200
2025-06-23 23:48:32,577 - INFO - Episodes completed: 80
2025-06-23 23:48:32,578 - INFO - Average reward (last 50): -3264.52
2025-06-23 23:48:32,578 - INFO - Average steps (last 50): 198.9
2025-06-23 23:48:32,578 - INFO - Success rate (last 50): 4.0%
2025-06-23 23:48:32,578 - INFO - Min steps achieved (last 50): 50/50 (100.0%)
2025-06-23 23:48:32,578 - INFO - States explored: 78
2025-06-23 23:48:32,578 - INFO - Total checkpoints reached: 214
2025-06-23 23:48:32,578 - INFO - Unique checkpoints discovered: 4
2025-06-23 23:48:32,578 - INFO - Episodes with checkpoints: 79/80
2025-06-23 23:48:32,578 - INFO - Episodes reaching min_steps: 80/80
2025-06-23 23:48:32,578 - INFO - Checkpoint values found: [1, 2, 3, 4]
2025-06-23 23:48:32,579 - INFO - Episode 81/250 started - Strategy: CuriosityStrategy
2025-06-23 23:49:09,298 - INFO - 📍 Episode 81: MIN_STEPS + CHECKPOINTS | Reward: -4431.0 | Steps: 200
2025-06-23 23:49:09,298 - INFO - Episode 82/250 started - Strategy: CuriosityStrategy
2025-06-23 23:49:46,460 - INFO - 📍 Episode 82: MIN_STEPS + CHECKPOINTS | Reward: -2861.0 | Steps: 200
2025-06-23 23:49:46,461 - INFO - Episode 83/250 started - Strategy: CuriosityStrategy
2025-06-23 23:50:23,433 - INFO - 📍 Episode 83: MIN_STEPS + CHECKPOINTS | Reward: -2972.0 | Steps: 200
2025-06-23 23:50:23,434 - INFO - Episode 84/250 started - Strategy: CuriosityStrategy
2025-06-23 23:51:00,414 - INFO - 📍 Episode 84: MIN_STEPS + CHECKPOINTS | Reward: -3835.0 | Steps: 200
2025-06-23 23:51:00,415 - INFO - Episode 85/250 started - Strategy: CuriosityStrategy
2025-06-23 23:51:37,180 - INFO - 📍 Episode 85: MIN_STEPS + CHECKPOINTS | Reward: -3661.0 | Steps: 200
2025-06-23 23:51:37,181 - INFO - Episode 86/250 started - Strategy: CuriosityStrategy
2025-06-23 23:52:13,697 - INFO - 📍 Episode 86: MIN_STEPS + CHECKPOINTS | Reward: -3149.0 | Steps: 200
2025-06-23 23:52:13,698 - INFO - Episode 87/250 started - Strategy: CuriosityStrategy
2025-06-23 23:52:50,400 - INFO - 📍 Episode 87: MIN_STEPS + CHECKPOINTS | Reward: -3838.0 | Steps: 200
2025-06-23 23:52:50,400 - INFO - Episode 88/250 started - Strategy: CuriosityStrategy
2025-06-23 23:53:26,772 - INFO - 📍 Episode 88: MIN_STEPS + CHECKPOINTS | Reward: -3383.0 | Steps: 200
2025-06-23 23:53:26,772 - INFO - Episode 89/250 started - Strategy: CuriosityStrategy
2025-06-23 23:54:03,226 - INFO - 📍 Episode 89: MIN_STEPS + CHECKPOINTS | Reward: -3646.0 | Steps: 200
2025-06-23 23:54:03,227 - INFO - Episode 90/250 started - Strategy: CuriosityStrategy
2025-06-23 23:54:40,323 - INFO - 📍 Episode 90: MIN_STEPS + CHECKPOINTS | Reward: -3751.0 | Steps: 200
2025-06-23 23:54:40,327 - INFO - Episodes completed: 90
2025-06-23 23:54:40,328 - INFO - Average reward (last 50): -3391.74
2025-06-23 23:54:40,328 - INFO - Average steps (last 50): 200.0
2025-06-23 23:54:40,328 - INFO - Success rate (last 50): 2.0%
2025-06-23 23:54:40,328 - INFO - Min steps achieved (last 50): 50/50 (100.0%)
2025-06-23 23:54:40,328 - INFO - States explored: 78
2025-06-23 23:54:40,328 - INFO - Total checkpoints reached: 237
2025-06-23 23:54:40,328 - INFO - Unique checkpoints discovered: 4
2025-06-23 23:54:40,328 - INFO - Episodes with checkpoints: 89/90
2025-06-23 23:54:40,328 - INFO - Episodes reaching min_steps: 90/90
2025-06-23 23:54:40,328 - INFO - Checkpoint values found: [1, 2, 3, 4]
2025-06-23 23:54:40,328 - INFO - Episode 91/250 started - Strategy: CuriosityStrategy
2025-06-23 23:55:17,186 - INFO - 📍 Episode 91: MIN_STEPS + CHECKPOINTS | Reward: -3097.0 | Steps: 200
2025-06-23 23:55:17,186 - INFO - Episode 92/250 started - Strategy: CuriosityStrategy
2025-06-23 23:55:54,122 - INFO - 📍 Episode 92: MIN_STEPS + CHECKPOINTS | Reward: -3167.0 | Steps: 200
2025-06-23 23:55:54,122 - INFO - Episode 93/250 started - Strategy: CuriosityStrategy
2025-06-23 23:56:31,053 - INFO - 📍 Episode 93: MIN_STEPS + CHECKPOINTS | Reward: -3212.0 | Steps: 200
2025-06-23 23:56:31,054 - INFO - Episode 94/250 started - Strategy: CuriosityStrategy
2025-06-23 23:57:08,242 - INFO - 📍 Episode 94: MIN_STEPS + CHECKPOINTS | Reward: -3757.0 | Steps: 200
2025-06-23 23:57:08,242 - INFO - Episode 95/250 started - Strategy: CuriosityStrategy
2025-06-23 23:57:45,371 - INFO - 📍 Episode 95: MIN_STEPS + CHECKPOINTS | Reward: -4000.0 | Steps: 200
2025-06-23 23:57:45,372 - INFO - Episode 96/250 started - Strategy: CuriosityStrategy
2025-06-23 23:58:22,427 - INFO - 📍 Episode 96: MIN_STEPS + CHECKPOINTS | Reward: -3970.0 | Steps: 200
2025-06-23 23:58:22,427 - INFO - Episode 97/250 started - Strategy: CuriosityStrategy
2025-06-23 23:58:59,463 - INFO - 📍 Episode 97: MIN_STEPS + CHECKPOINTS | Reward: -3206.0 | Steps: 200
2025-06-23 23:58:59,464 - INFO - Episode 98/250 started - Strategy: CuriosityStrategy
2025-06-23 23:59:36,324 - INFO - 📍 Episode 98: MIN_STEPS + CHECKPOINTS | Reward: -2903.0 | Steps: 200
2025-06-23 23:59:36,325 - INFO - Episode 99/250 started - Strategy: CuriosityStrategy
2025-06-24 00:00:13,123 - INFO - 📍 Episode 99: MIN_STEPS + CHECKPOINTS | Reward: -2849.0 | Steps: 200
2025-06-24 00:00:13,123 - INFO - Episode 100/250 started - Strategy: CuriosityStrategy
2025-06-24 00:00:49,998 - INFO - 📍 Episode 100: MIN_STEPS + CHECKPOINTS | Reward: -3020.0 | Steps: 200
2025-06-24 00:00:50,002 - INFO - Episodes completed: 100
2025-06-24 00:00:50,003 - INFO - Average reward (last 50): -3351.10
2025-06-24 00:00:50,003 - INFO - Average steps (last 50): 200.0
2025-06-24 00:00:50,003 - INFO - Success rate (last 50): 2.0%
2025-06-24 00:00:50,003 - INFO - Min steps achieved (last 50): 50/50 (100.0%)
2025-06-24 00:00:50,003 - INFO - States explored: 78
2025-06-24 00:00:50,003 - INFO - Total checkpoints reached: 263
2025-06-24 00:00:50,003 - INFO - Unique checkpoints discovered: 4
2025-06-24 00:00:50,003 - INFO - Episodes with checkpoints: 99/100
2025-06-24 00:00:50,003 - INFO - Episodes reaching min_steps: 100/100
2025-06-24 00:00:50,004 - INFO - Checkpoint values found: [1, 2, 3, 4]
2025-06-24 00:00:50,004 - INFO - Episode 101/250 started - Strategy: CuriosityStrategy
2025-06-24 00:01:26,785 - INFO - 📍 Episode 101: MIN_STEPS + CHECKPOINTS | Reward: -2468.0 | Steps: 200
2025-06-24 00:01:26,785 - INFO - Episode 102/250 started - Strategy: CuriosityStrategy
2025-06-24 00:02:03,915 - INFO - 📍 Episode 102: MIN_STEPS + CHECKPOINTS | Reward: -2970.0 | Steps: 200
2025-06-24 00:02:03,916 - INFO - Episode 103/250 started - Strategy: CuriosityStrategy
2025-06-24 00:02:40,959 - INFO - 📍 Episode 103: MIN_STEPS + CHECKPOINTS | Reward: -2993.0 | Steps: 200
2025-06-24 00:02:40,960 - INFO - Episode 104/250 started - Strategy: CuriosityStrategy
2025-06-24 00:03:18,120 - INFO - 📍 Episode 104: MIN_STEPS + CHECKPOINTS | Reward: -3125.0 | Steps: 200
2025-06-24 00:03:18,120 - INFO - Episode 105/250 started - Strategy: CuriosityStrategy
2025-06-24 00:03:54,788 - INFO - 📍 Episode 105: MIN_STEPS + CHECKPOINTS | Reward: -3334.0 | Steps: 200
2025-06-24 00:03:54,789 - INFO - Episode 106/250 started - Strategy: CuriosityStrategy
2025-06-24 00:04:32,169 - INFO - 📍 Episode 106: MIN_STEPS + CHECKPOINTS | Reward: -2807.0 | Steps: 200
2025-06-24 00:04:32,170 - INFO - Episode 107/250 started - Strategy: CuriosityStrategy
2025-06-24 00:05:10,394 - INFO - 📍 Episode 107: MIN_STEPS + CHECKPOINTS | Reward: -2642.0 | Steps: 200
2025-06-24 00:05:10,395 - INFO - Episode 108/250 started - Strategy: CuriosityStrategy
2025-06-24 00:05:47,355 - INFO - 📍 Episode 108: MIN_STEPS + CHECKPOINTS | Reward: -3077.0 | Steps: 200
2025-06-24 00:05:47,356 - INFO - Episode 109/250 started - Strategy: CuriosityStrategy
2025-06-24 00:06:24,200 - INFO - 📍 Episode 109: MIN_STEPS + CHECKPOINTS | Reward: -3008.0 | Steps: 200
2025-06-24 00:06:24,201 - INFO - Episode 110/250 started - Strategy: CuriosityStrategy
2025-06-24 00:07:00,765 - INFO - 📍 Episode 110: MIN_STEPS + CHECKPOINTS | Reward: -3419.0 | Steps: 200
2025-06-24 00:07:00,768 - INFO - Episodes completed: 110
2025-06-24 00:07:00,768 - INFO - Average reward (last 50): -3233.72
2025-06-24 00:07:00,769 - INFO - Average steps (last 50): 200.0
2025-06-24 00:07:00,769 - INFO - Success rate (last 50): 2.0%
2025-06-24 00:07:00,769 - INFO - Min steps achieved (last 50): 50/50 (100.0%)
2025-06-24 00:07:00,769 - INFO - States explored: 78
2025-06-24 00:07:00,769 - INFO - Total checkpoints reached: 293
2025-06-24 00:07:00,769 - INFO - Unique checkpoints discovered: 4
2025-06-24 00:07:00,769 - INFO - Episodes with checkpoints: 109/110
2025-06-24 00:07:00,769 - INFO - Episodes reaching min_steps: 110/110
2025-06-24 00:07:00,769 - INFO - Checkpoint values found: [1, 2, 3, 4]
2025-06-24 00:07:00,769 - INFO - Episode 111/250 started - Strategy: CuriosityStrategy
2025-06-24 00:07:38,011 - INFO - 📍 Episode 111: MIN_STEPS + CHECKPOINTS | Reward: -3181.0 | Steps: 200
2025-06-24 00:07:38,011 - INFO - Episode 112/250 started - Strategy: CuriosityStrategy
2025-06-24 00:08:16,646 - INFO - 📍 Episode 112: MIN_STEPS + CHECKPOINTS | Reward: -3281.0 | Steps: 200
2025-06-24 00:08:16,647 - INFO - Episode 113/250 started - Strategy: CuriosityStrategy
2025-06-24 00:08:55,468 - INFO - 📍 Episode 113: MIN_STEPS + CHECKPOINTS | Reward: -3691.0 | Steps: 200
2025-06-24 00:08:55,468 - INFO - Episode 114/250 started - Strategy: CuriosityStrategy
2025-06-24 00:09:35,452 - INFO - 📍 Episode 114: MIN_STEPS + CHECKPOINTS | Reward: -1783.0 | Steps: 200
2025-06-24 00:09:35,452 - INFO - Episode 115/250 started - Strategy: CuriosityStrategy
2025-06-24 00:10:14,742 - INFO - 📍 Episode 115: MIN_STEPS + CHECKPOINTS | Reward: -2233.0 | Steps: 200
2025-06-24 00:10:14,742 - INFO - Episode 116/250 started - Strategy: CuriosityStrategy
2025-06-24 00:10:54,539 - INFO - 📍 Episode 116: MIN_STEPS + CHECKPOINTS | Reward: -2335.0 | Steps: 200
2025-06-24 00:10:54,539 - INFO - Episode 117/250 started - Strategy: CuriosityStrategy
2025-06-24 00:11:32,530 - INFO - 📍 Episode 117: MIN_STEPS + CHECKPOINTS | Reward: -3550.0 | Steps: 200
2025-06-24 00:11:32,530 - INFO - Episode 118/250 started - Strategy: CuriosityStrategy
2025-06-24 00:12:10,306 - INFO - 🏆 Episode 118: GOAL REACHED | Reward: 283.0 | Steps: 190
2025-06-24 00:12:10,307 - INFO - Episode 119/250 started - Strategy: CuriosityStrategy
2025-06-24 00:12:47,074 - INFO - 📍 Episode 119: MIN_STEPS + CHECKPOINTS | Reward: -3586.0 | Steps: 200
2025-06-24 00:12:47,075 - INFO - Episode 120/250 started - Strategy: CuriosityStrategy
2025-06-24 00:13:25,289 - INFO - 📍 Episode 120: MIN_STEPS + CHECKPOINTS | Reward: -3589.0 | Steps: 200
2025-06-24 00:13:25,292 - INFO - Episodes completed: 120
2025-06-24 00:13:25,292 - INFO - Average reward (last 50): -3044.58
2025-06-24 00:13:25,292 - INFO - Average steps (last 50): 199.8
2025-06-24 00:13:25,293 - INFO - Success rate (last 50): 4.0%
2025-06-24 00:13:25,293 - INFO - Min steps achieved (last 50): 50/50 (100.0%)
2025-06-24 00:13:25,293 - INFO - States explored: 78
2025-06-24 00:13:25,293 - INFO - Total checkpoints reached: 322
2025-06-24 00:13:25,293 - INFO - Unique checkpoints discovered: 4
2025-06-24 00:13:25,293 - INFO - Episodes with checkpoints: 119/120
2025-06-24 00:13:25,293 - INFO - Episodes reaching min_steps: 120/120
2025-06-24 00:13:25,293 - INFO - Checkpoint values found: [1, 2, 3, 4]
2025-06-24 00:13:25,293 - INFO - Episode 121/250 started - Strategy: CuriosityStrategy
2025-06-24 00:14:04,496 - INFO - 📍 Episode 121: MIN_STEPS + CHECKPOINTS | Reward: -3685.0 | Steps: 200
2025-06-24 00:14:04,497 - INFO - Episode 122/250 started - Strategy: CuriosityStrategy
2025-06-24 00:14:43,092 - INFO - 📍 Episode 122: MIN_STEPS + CHECKPOINTS | Reward: -3385.0 | Steps: 200
2025-06-24 00:14:43,093 - INFO - Episode 123/250 started - Strategy: CuriosityStrategy
2025-06-24 00:15:21,891 - INFO - 📍 Episode 123: MIN_STEPS + CHECKPOINTS | Reward: -2048.0 | Steps: 200
2025-06-24 00:15:21,892 - INFO - Episode 124/250 started - Strategy: CuriosityStrategy
2025-06-24 00:16:01,120 - INFO - 📍 Episode 124: MIN_STEPS + CHECKPOINTS | Reward: -3284.0 | Steps: 200
2025-06-24 00:16:01,121 - INFO - Episode 125/250 started - Strategy: CuriosityStrategy
2025-06-24 00:16:30,479 - INFO - 🏆 Episode 125: GOAL REACHED | Reward: 686.0 | Steps: 148
2025-06-24 00:16:30,479 - INFO - Episode 126/250 started - Strategy: CuriosityStrategy
2025-06-24 00:17:10,378 - INFO - 📍 Episode 126: MIN_STEPS + CHECKPOINTS | Reward: -2921.0 | Steps: 200
2025-06-24 00:17:10,379 - INFO - Episode 127/250 started - Strategy: CuriosityStrategy
2025-06-24 00:17:48,272 - INFO - 📍 Episode 127: MIN_STEPS + CHECKPOINTS | Reward: -2933.0 | Steps: 200
2025-06-24 00:17:48,272 - INFO - Episode 128/250 started - Strategy: CuriosityStrategy
2025-06-24 00:18:27,101 - INFO - 📍 Episode 128: MIN_STEPS + CHECKPOINTS | Reward: -3544.0 | Steps: 200
2025-06-24 00:18:27,102 - INFO - Episode 129/250 started - Strategy: CuriosityStrategy
2025-06-24 00:19:06,137 - INFO - 📍 Episode 129: MIN_STEPS + CHECKPOINTS | Reward: -3032.0 | Steps: 200
2025-06-24 00:19:06,137 - INFO - Episode 130/250 started - Strategy: CuriosityStrategy
2025-06-24 00:19:44,097 - INFO - 📍 Episode 130: MIN_STEPS + CHECKPOINTS | Reward: -3667.0 | Steps: 200
2025-06-24 00:19:44,100 - INFO - Episodes completed: 130
2025-06-24 00:19:44,100 - INFO - Average reward (last 50): -3066.20
2025-06-24 00:19:44,100 - INFO - Average steps (last 50): 198.8
2025-06-24 00:19:44,100 - INFO - Success rate (last 50): 4.0%
2025-06-24 00:19:44,100 - INFO - Min steps achieved (last 50): 50/50 (100.0%)
2025-06-24 00:19:44,100 - INFO - States explored: 78
2025-06-24 00:19:44,100 - INFO - Total checkpoints reached: 350
2025-06-24 00:19:44,100 - INFO - Unique checkpoints discovered: 4
2025-06-24 00:19:44,100 - INFO - Episodes with checkpoints: 129/130
2025-06-24 00:19:44,101 - INFO - Episodes reaching min_steps: 130/130
2025-06-24 00:19:44,101 - INFO - Checkpoint values found: [1, 2, 3, 4]
2025-06-24 00:19:44,101 - INFO - Episode 131/250 started - Strategy: CuriosityStrategy
2025-06-24 00:20:22,030 - INFO - 📍 Episode 131: MIN_STEPS + CHECKPOINTS | Reward: -3686.0 | Steps: 200
2025-06-24 00:20:22,031 - INFO - Episode 132/250 started - Strategy: CuriosityStrategy
2025-06-24 00:21:00,971 - INFO - 📍 Episode 132: MIN_STEPS + CHECKPOINTS | Reward: -3571.0 | Steps: 200
2025-06-24 00:21:00,971 - INFO - Episode 133/250 started - Strategy: CuriosityStrategy
2025-06-24 00:21:39,623 - INFO - 📍 Episode 133: MIN_STEPS + CHECKPOINTS | Reward: -3853.0 | Steps: 200
2025-06-24 00:21:39,625 - INFO - Episode 134/250 started - Strategy: CuriosityStrategy
2025-06-24 00:22:18,862 - INFO - 📍 Episode 134: MIN_STEPS + CHECKPOINTS | Reward: -3233.0 | Steps: 200
2025-06-24 00:22:18,863 - INFO - Episode 135/250 started - Strategy: CuriosityStrategy
2025-06-24 00:22:56,371 - INFO - 📍 Episode 135: MIN_STEPS + CHECKPOINTS | Reward: -3155.0 | Steps: 200
2025-06-24 00:22:56,373 - INFO - Episode 136/250 started - Strategy: CuriosityStrategy
2025-06-24 00:23:33,049 - INFO - 📍 Episode 136: MIN_STEPS + CHECKPOINTS | Reward: -3147.0 | Steps: 200
2025-06-24 00:23:33,051 - INFO - Episode 137/250 started - Strategy: CuriosityStrategy
2025-06-24 00:24:10,058 - INFO - 📍 Episode 137: MIN_STEPS + CHECKPOINTS | Reward: -3103.0 | Steps: 200
2025-06-24 00:24:10,059 - INFO - Episode 138/250 started - Strategy: CuriosityStrategy
2025-06-24 00:24:35,293 - INFO - 🏆 Episode 138: GOAL REACHED | Reward: 1537.0 | Steps: 128
2025-06-24 00:24:35,294 - INFO - Episode 139/250 started - Strategy: CuriosityStrategy
2025-06-24 00:25:12,326 - INFO - 📍 Episode 139: MIN_STEPS + CHECKPOINTS | Reward: -2849.0 | Steps: 200
2025-06-24 00:25:12,328 - INFO - Episode 140/250 started - Strategy: CuriosityStrategy
2025-06-24 00:25:49,249 - INFO - 📍 Episode 140: MIN_STEPS + CHECKPOINTS | Reward: -2919.0 | Steps: 200
2025-06-24 00:25:49,253 - INFO - Episodes completed: 140
2025-06-24 00:25:49,254 - INFO - Average reward (last 50): -2915.24
2025-06-24 00:25:49,254 - INFO - Average steps (last 50): 197.3
2025-06-24 00:25:49,254 - INFO - Success rate (last 50): 6.0%
2025-06-24 00:25:49,254 - INFO - Min steps achieved (last 50): 50/50 (100.0%)
2025-06-24 00:25:49,254 - INFO - States explored: 78
2025-06-24 00:25:49,254 - INFO - Total checkpoints reached: 378
2025-06-24 00:25:49,254 - INFO - Unique checkpoints discovered: 4
2025-06-24 00:25:49,254 - INFO - Episodes with checkpoints: 139/140
2025-06-24 00:25:49,254 - INFO - Episodes reaching min_steps: 140/140
2025-06-24 00:25:49,254 - INFO - Checkpoint values found: [1, 2, 3, 4]
2025-06-24 00:25:49,254 - INFO - Episode 141/250 started - Strategy: CuriosityStrategy
2025-06-24 00:26:26,760 - INFO - 📍 Episode 141: MIN_STEPS + CHECKPOINTS | Reward: -3769.0 | Steps: 200
2025-06-24 00:26:26,761 - INFO - Episode 142/250 started - Strategy: CuriosityStrategy
2025-06-24 00:27:02,641 - INFO - 📍 Episode 142: MIN_STEPS + CHECKPOINTS | Reward: -3469.0 | Steps: 200
2025-06-24 00:27:02,642 - INFO - Episode 143/250 started - Strategy: CuriosityStrategy
2025-06-24 00:27:40,278 - INFO - 📍 Episode 143: MIN_STEPS + CHECKPOINTS | Reward: -3359.0 | Steps: 200
2025-06-24 00:27:40,278 - INFO - Episode 144/250 started - Strategy: CuriosityStrategy
2025-06-24 00:28:19,118 - INFO - 📍 Episode 144: MIN_STEPS + CHECKPOINTS | Reward: -3700.0 | Steps: 200
2025-06-24 00:28:19,119 - INFO - Episode 145/250 started - Strategy: CuriosityStrategy
2025-06-24 00:28:57,898 - INFO - 📍 Episode 145: MIN_STEPS + CHECKPOINTS | Reward: -4329.0 | Steps: 200
2025-06-24 00:28:57,900 - INFO - Episode 146/250 started - Strategy: CuriosityStrategy
2025-06-24 00:29:36,663 - INFO - 📍 Episode 146: MIN_STEPS + CHECKPOINTS | Reward: -3074.0 | Steps: 200
2025-06-24 00:29:36,663 - INFO - Episode 147/250 started - Strategy: CuriosityStrategy
2025-06-24 00:30:15,595 - INFO - 📍 Episode 147: MIN_STEPS + CHECKPOINTS | Reward: -3907.0 | Steps: 200
2025-06-24 00:30:15,597 - INFO - Episode 148/250 started - Strategy: CuriosityStrategy
2025-06-24 00:30:54,550 - INFO - 📍 Episode 148: MIN_STEPS + CHECKPOINTS | Reward: -2762.0 | Steps: 200
2025-06-24 00:30:54,550 - INFO - Episode 149/250 started - Strategy: CuriosityStrategy
2025-06-24 00:31:33,624 - INFO - 📍 Episode 149: MIN_STEPS + CHECKPOINTS | Reward: -3673.0 | Steps: 200
2025-06-24 00:31:33,625 - INFO - Episode 150/250 started - Strategy: CuriosityStrategy
2025-06-24 00:32:12,620 - INFO - 📍 Episode 150: MIN_STEPS + CHECKPOINTS | Reward: -3790.0 | Steps: 200
2025-06-24 00:32:12,623 - INFO - Episodes completed: 150
2025-06-24 00:32:12,624 - INFO - Average reward (last 50): -2968.26
2025-06-24 00:32:12,624 - INFO - Average steps (last 50): 197.3
2025-06-24 00:32:12,624 - INFO - Success rate (last 50): 6.0%
2025-06-24 00:32:12,624 - INFO - Min steps achieved (last 50): 50/50 (100.0%)
2025-06-24 00:32:12,624 - INFO - States explored: 78
2025-06-24 00:32:12,625 - INFO - Total checkpoints reached: 400
2025-06-24 00:32:12,625 - INFO - Unique checkpoints discovered: 4
2025-06-24 00:32:12,625 - INFO - Episodes with checkpoints: 149/150
2025-06-24 00:32:12,625 - INFO - Episodes reaching min_steps: 150/150
2025-06-24 00:32:12,625 - INFO - Checkpoint values found: [1, 2, 3, 4]
2025-06-24 00:32:12,625 - INFO - Episode 151/250 started - Strategy: CuriosityStrategy
2025-06-24 00:32:51,319 - INFO - 📍 Episode 151: MIN_STEPS + CHECKPOINTS | Reward: -3272.0 | Steps: 200
2025-06-24 00:32:51,319 - INFO - Episode 152/250 started - Strategy: CuriosityStrategy
2025-06-24 00:33:31,179 - INFO - 📍 Episode 152: MIN_STEPS + CHECKPOINTS | Reward: -2150.0 | Steps: 200
2025-06-24 00:33:31,180 - INFO - Episode 153/250 started - Strategy: CuriosityStrategy
2025-06-24 00:34:09,122 - INFO - 📍 Episode 153: MIN_STEPS + CHECKPOINTS | Reward: -3820.0 | Steps: 200
2025-06-24 00:34:09,122 - INFO - Episode 154/250 started - Strategy: CuriosityStrategy
2025-06-24 00:34:47,715 - INFO - 🏆 Episode 154: GOAL REACHED | Reward: -217.0 | Steps: 196
2025-06-24 00:34:47,717 - INFO - Episode 155/250 started - Strategy: CuriosityStrategy
2025-06-24 00:35:26,778 - INFO - 📍 Episode 155: MIN_STEPS + CHECKPOINTS | Reward: -3215.0 | Steps: 200
2025-06-24 00:35:26,779 - INFO - Episode 156/250 started - Strategy: CuriosityStrategy
2025-06-24 00:36:03,379 - INFO - 🏆 Episode 156: GOAL REACHED | Reward: 75.5 | Steps: 185
2025-06-24 00:36:03,379 - INFO - Episode 157/250 started - Strategy: CuriosityStrategy
2025-06-24 00:36:41,654 - INFO - 📍 Episode 157: MIN_STEPS + CHECKPOINTS | Reward: -3616.0 | Steps: 200
2025-06-24 00:36:41,656 - INFO - Episode 158/250 started - Strategy: CuriosityStrategy
2025-06-24 00:37:20,397 - INFO - 📍 Episode 158: MIN_STEPS + CHECKPOINTS | Reward: -2365.0 | Steps: 200
2025-06-24 00:37:20,397 - INFO - Episode 159/250 started - Strategy: CuriosityStrategy
2025-06-24 00:37:59,299 - INFO - 📍 Episode 159: MIN_STEPS + CHECKPOINTS | Reward: -3110.0 | Steps: 200
2025-06-24 00:37:59,300 - INFO - Episode 160/250 started - Strategy: CuriosityStrategy
2025-06-24 00:38:37,898 - INFO - 📍 Episode 160: MIN_STEPS + CHECKPOINTS | Reward: -3946.0 | Steps: 200
2025-06-24 00:38:37,901 - INFO - Episodes completed: 160
2025-06-24 00:38:37,902 - INFO - Average reward (last 50): -2884.11
2025-06-24 00:38:37,902 - INFO - Average steps (last 50): 196.9
2025-06-24 00:38:37,902 - INFO - Success rate (last 50): 10.0%
2025-06-24 00:38:37,902 - INFO - Min steps achieved (last 50): 50/50 (100.0%)
2025-06-24 00:38:37,902 - INFO - States explored: 78
2025-06-24 00:38:37,902 - INFO - Total checkpoints reached: 431
2025-06-24 00:38:37,903 - INFO - Unique checkpoints discovered: 4
2025-06-24 00:38:37,903 - INFO - Episodes with checkpoints: 159/160
2025-06-24 00:38:37,903 - INFO - Episodes reaching min_steps: 160/160
2025-06-24 00:38:37,903 - INFO - Checkpoint values found: [1, 2, 3, 4]
2025-06-24 00:38:37,903 - INFO - Episode 161/250 started - Strategy: CuriosityStrategy
2025-06-24 00:39:16,896 - INFO - 📍 Episode 161: MIN_STEPS + CHECKPOINTS | Reward: -2209.0 | Steps: 200
2025-06-24 00:39:16,896 - INFO - Episode 162/250 started - Strategy: CuriosityStrategy
2025-06-24 00:39:56,003 - INFO - 📍 Episode 162: MIN_STEPS + CHECKPOINTS | Reward: -3122.0 | Steps: 200
2025-06-24 00:39:56,004 - INFO - Episode 163/250 started - Strategy: CuriosityStrategy
2025-06-24 00:40:34,900 - INFO - 📍 Episode 163: MIN_STEPS + CHECKPOINTS | Reward: -3553.0 | Steps: 200
2025-06-24 00:40:34,900 - INFO - Episode 164/250 started - Strategy: CuriosityStrategy
2025-06-24 00:41:13,262 - INFO - 📍 Episode 164: MIN_STEPS + CHECKPOINTS | Reward: -2897.0 | Steps: 200
2025-06-24 00:41:13,264 - INFO - Episode 165/250 started - Strategy: CuriosityStrategy
2025-06-24 00:41:52,676 - INFO - 📍 Episode 165: MIN_STEPS + CHECKPOINTS | Reward: -3345.0 | Steps: 200
2025-06-24 00:41:52,678 - INFO - Episode 166/250 started - Strategy: CuriosityStrategy
2025-06-24 00:42:31,049 - INFO - 📍 Episode 166: MIN_STEPS + CHECKPOINTS | Reward: -2026.0 | Steps: 200
2025-06-24 00:42:31,050 - INFO - Episode 167/250 started - Strategy: CuriosityStrategy
2025-06-24 00:43:11,118 - INFO - 📍 Episode 167: MIN_STEPS + CHECKPOINTS | Reward: -1735.0 | Steps: 200
2025-06-24 00:43:11,120 - INFO - Episode 168/250 started - Strategy: CuriosityStrategy
2025-06-24 00:43:48,420 - INFO - 📍 Episode 168: MIN_STEPS + CHECKPOINTS | Reward: -2744.0 | Steps: 200
2025-06-24 00:43:48,421 - INFO - Episode 169/250 started - Strategy: CuriosityStrategy
2025-06-24 00:44:20,624 - INFO - 🏆 Episode 169: GOAL REACHED | Reward: 421.5 | Steps: 173
2025-06-24 00:44:20,625 - INFO - Episode 170/250 started - Strategy: CuriosityStrategy
2025-06-24 00:44:58,819 - INFO - 📍 Episode 170: MIN_STEPS + CHECKPOINTS | Reward: -3158.0 | Steps: 200
2025-06-24 00:44:58,824 - INFO - Episodes completed: 170
2025-06-24 00:44:58,824 - INFO - Average reward (last 50): -2832.54
2025-06-24 00:44:58,824 - INFO - Average steps (last 50): 196.6
2025-06-24 00:44:58,824 - INFO - Success rate (last 50): 10.0%
2025-06-24 00:44:58,824 - INFO - Min steps achieved (last 50): 50/50 (100.0%)
2025-06-24 00:44:58,824 - INFO - States explored: 78
2025-06-24 00:44:58,824 - INFO - Total checkpoints reached: 464
2025-06-24 00:44:58,824 - INFO - Unique checkpoints discovered: 4
2025-06-24 00:44:58,825 - INFO - Episodes with checkpoints: 169/170
2025-06-24 00:44:58,825 - INFO - Episodes reaching min_steps: 170/170
2025-06-24 00:44:58,825 - INFO - Checkpoint values found: [1, 2, 3, 4]
2025-06-24 00:44:58,825 - INFO - Episode 171/250 started - Strategy: CuriosityStrategy
2025-06-24 00:45:36,264 - INFO - 📍 Episode 171: MIN_STEPS + CHECKPOINTS | Reward: -3152.0 | Steps: 200
2025-06-24 00:45:36,264 - INFO - Episode 172/250 started - Strategy: CuriosityStrategy
2025-06-24 00:46:13,020 - INFO - 📍 Episode 172: MIN_STEPS + CHECKPOINTS | Reward: -3119.0 | Steps: 200
2025-06-24 00:46:13,020 - INFO - Episode 173/250 started - Strategy: CuriosityStrategy
2025-06-24 00:46:48,649 - INFO - 📍 Episode 173: MIN_STEPS + CHECKPOINTS | Reward: -4009.0 | Steps: 200
2025-06-24 00:46:48,649 - INFO - Episode 174/250 started - Strategy: CuriosityStrategy
2025-06-24 00:47:25,906 - INFO - 📍 Episode 174: MIN_STEPS + CHECKPOINTS | Reward: -3577.0 | Steps: 200
2025-06-24 00:47:25,908 - INFO - Episode 175/250 started - Strategy: CuriosityStrategy
2025-06-24 00:48:03,313 - INFO - 📍 Episode 175: MIN_STEPS + CHECKPOINTS | Reward: -3080.0 | Steps: 200
2025-06-24 00:48:03,314 - INFO - Episode 176/250 started - Strategy: CuriosityStrategy
2025-06-24 00:48:40,313 - INFO - 📍 Episode 176: MIN_STEPS + CHECKPOINTS | Reward: -2960.0 | Steps: 200
2025-06-24 00:48:40,314 - INFO - Episode 177/250 started - Strategy: CuriosityStrategy
2025-06-24 00:49:19,578 - INFO - 📍 Episode 177: MIN_STEPS + CHECKPOINTS | Reward: -3059.0 | Steps: 200
2025-06-24 00:49:19,578 - INFO - Episode 178/250 started - Strategy: CuriosityStrategy
2025-06-24 00:49:59,229 - INFO - 📍 Episode 178: MIN_STEPS + CHECKPOINTS | Reward: -2831.0 | Steps: 200
2025-06-24 00:49:59,230 - INFO - Episode 179/250 started - Strategy: CuriosityStrategy
2025-06-24 00:50:37,910 - INFO - 📍 Episode 179: MIN_STEPS + CHECKPOINTS | Reward: -3715.0 | Steps: 200
2025-06-24 00:50:37,910 - INFO - Episode 180/250 started - Strategy: CuriosityStrategy
2025-06-24 00:51:16,166 - INFO - 📍 Episode 180: MIN_STEPS + CHECKPOINTS | Reward: -3823.0 | Steps: 200
2025-06-24 00:51:16,168 - INFO - Episodes completed: 180
2025-06-24 00:51:16,168 - INFO - Average reward (last 50): -2942.78
2025-06-24 00:51:16,169 - INFO - Average steps (last 50): 197.6
2025-06-24 00:51:16,169 - INFO - Success rate (last 50): 8.0%
2025-06-24 00:51:16,169 - INFO - Min steps achieved (last 50): 50/50 (100.0%)
2025-06-24 00:51:16,169 - INFO - States explored: 78
2025-06-24 00:51:16,169 - INFO - Total checkpoints reached: 490
2025-06-24 00:51:16,169 - INFO - Unique checkpoints discovered: 4
2025-06-24 00:51:16,169 - INFO - Episodes with checkpoints: 179/180
2025-06-24 00:51:16,169 - INFO - Episodes reaching min_steps: 180/180
2025-06-24 00:51:16,169 - INFO - Checkpoint values found: [1, 2, 3, 4]
2025-06-24 00:51:16,169 - INFO - Episode 181/250 started - Strategy: CuriosityStrategy
2025-06-24 00:51:54,602 - INFO - 📍 Episode 181: MIN_STEPS + CHECKPOINTS | Reward: -3385.0 | Steps: 200
2025-06-24 00:51:54,604 - INFO - Episode 182/250 started - Strategy: CuriosityStrategy
2025-06-24 00:52:33,330 - INFO - 📍 Episode 182: MIN_STEPS + CHECKPOINTS | Reward: -2939.0 | Steps: 200
2025-06-24 00:52:33,331 - INFO - Episode 183/250 started - Strategy: CuriosityStrategy
2025-06-24 00:53:12,105 - INFO - 📍 Episode 183: MIN_STEPS + CHECKPOINTS | Reward: -3185.0 | Steps: 200
2025-06-24 00:53:12,107 - INFO - Episode 184/250 started - Strategy: CuriosityStrategy
2025-06-24 00:53:50,682 - INFO - 📍 Episode 184: MIN_STEPS + CHECKPOINTS | Reward: -3264.0 | Steps: 200
2025-06-24 00:53:50,682 - INFO - Episode 185/250 started - Strategy: CuriosityStrategy
2025-06-24 00:54:29,497 - INFO - 📍 Episode 185: MIN_STEPS + CHECKPOINTS | Reward: -3808.0 | Steps: 200
2025-06-24 00:54:29,497 - INFO - Episode 186/250 started - Strategy: CuriosityStrategy
2025-06-24 00:55:07,784 - INFO - 📍 Episode 186: MIN_STEPS + CHECKPOINTS | Reward: -3590.0 | Steps: 200
2025-06-24 00:55:07,786 - INFO - Episode 187/250 started - Strategy: CuriosityStrategy
2025-06-24 00:55:46,210 - INFO - 📍 Episode 187: MIN_STEPS + CHECKPOINTS | Reward: -2837.0 | Steps: 200
2025-06-24 00:55:46,212 - INFO - Episode 188/250 started - Strategy: CuriosityStrategy
2025-06-24 00:56:23,848 - INFO - 📍 Episode 188: MIN_STEPS + CHECKPOINTS | Reward: -3246.0 | Steps: 200
2025-06-24 00:56:23,848 - INFO - Episode 189/250 started - Strategy: CuriosityStrategy
2025-06-24 00:57:03,089 - INFO - 📍 Episode 189: MIN_STEPS + CHECKPOINTS | Reward: -3443.0 | Steps: 200
2025-06-24 00:57:03,090 - INFO - Episode 190/250 started - Strategy: CuriosityStrategy
2025-06-24 00:57:41,546 - INFO - 📍 Episode 190: MIN_STEPS + CHECKPOINTS | Reward: -3594.0 | Steps: 200
2025-06-24 00:57:41,550 - INFO - Episodes completed: 190
2025-06-24 00:57:41,550 - INFO - Average reward (last 50): -3049.02
2025-06-24 00:57:41,550 - INFO - Average steps (last 50): 199.1
2025-06-24 00:57:41,550 - INFO - Success rate (last 50): 6.0%
2025-06-24 00:57:41,550 - INFO - Min steps achieved (last 50): 50/50 (100.0%)
2025-06-24 00:57:41,550 - INFO - States explored: 78
2025-06-24 00:57:41,550 - INFO - Total checkpoints reached: 516
2025-06-24 00:57:41,551 - INFO - Unique checkpoints discovered: 4
2025-06-24 00:57:41,551 - INFO - Episodes with checkpoints: 189/190
2025-06-24 00:57:41,551 - INFO - Episodes reaching min_steps: 190/190
2025-06-24 00:57:41,551 - INFO - Checkpoint values found: [1, 2, 3, 4]
2025-06-24 00:57:41,551 - INFO - Episode 191/250 started - Strategy: CuriosityStrategy
2025-06-24 00:58:16,937 - INFO - 🏆 Episode 191: GOAL REACHED | Reward: 26.5 | Steps: 181
2025-06-24 00:58:16,938 - INFO - Episode 192/250 started - Strategy: CuriosityStrategy
2025-06-24 00:58:56,036 - INFO - 📍 Episode 192: MIN_STEPS + CHECKPOINTS | Reward: -3673.0 | Steps: 200
2025-06-24 00:58:56,036 - INFO - Episode 193/250 started - Strategy: CuriosityStrategy
2025-06-24 00:59:34,934 - INFO - 📍 Episode 193: MIN_STEPS + CHECKPOINTS | Reward: -3445.0 | Steps: 200
2025-06-24 00:59:34,936 - INFO - Episode 194/250 started - Strategy: CuriosityStrategy
2025-06-24 01:00:14,348 - INFO - 📍 Episode 194: MIN_STEPS + CHECKPOINTS | Reward: -3044.0 | Steps: 200
2025-06-24 01:00:14,350 - INFO - Episode 195/250 started - Strategy: CuriosityStrategy
2025-06-24 01:00:52,579 - INFO - 📍 Episode 195: MIN_STEPS + CHECKPOINTS | Reward: -2306.0 | Steps: 200
2025-06-24 01:00:52,579 - INFO - Episode 196/250 started - Strategy: CuriosityStrategy
2025-06-24 01:01:31,570 - INFO - 📍 Episode 196: MIN_STEPS + CHECKPOINTS | Reward: -3341.0 | Steps: 200
2025-06-24 01:01:31,571 - INFO - Episode 197/250 started - Strategy: CuriosityStrategy
2025-06-24 01:02:10,903 - INFO - 📍 Episode 197: MIN_STEPS + CHECKPOINTS | Reward: -2678.0 | Steps: 200
2025-06-24 01:02:10,904 - INFO - Episode 198/250 started - Strategy: CuriosityStrategy
2025-06-24 01:02:49,359 - INFO - 📍 Episode 198: MIN_STEPS + CHECKPOINTS | Reward: -2434.0 | Steps: 200
2025-06-24 01:02:49,360 - INFO - Episode 199/250 started - Strategy: CuriosityStrategy
2025-06-24 01:03:28,663 - INFO - 📍 Episode 199: MIN_STEPS + CHECKPOINTS | Reward: -3769.0 | Steps: 200
2025-06-24 01:03:28,665 - INFO - Episode 200/250 started - Strategy: CuriosityStrategy
2025-06-24 01:04:06,877 - INFO - 🏆 Episode 200: GOAL REACHED | Reward: -3.5 | Steps: 195
2025-06-24 01:04:06,880 - INFO - Episodes completed: 200
2025-06-24 01:04:06,881 - INFO - Average reward (last 50): -2825.72
2025-06-24 01:04:06,881 - INFO - Average steps (last 50): 198.6
2025-06-24 01:04:06,881 - INFO - Success rate (last 50): 10.0%
2025-06-24 01:04:06,881 - INFO - Min steps achieved (last 50): 50/50 (100.0%)
2025-06-24 01:04:06,881 - INFO - States explored: 78
2025-06-24 01:04:06,881 - INFO - Total checkpoints reached: 547
2025-06-24 01:04:06,882 - INFO - Unique checkpoints discovered: 4
2025-06-24 01:04:06,882 - INFO - Episodes with checkpoints: 199/200
2025-06-24 01:04:06,882 - INFO - Episodes reaching min_steps: 200/200
2025-06-24 01:04:06,882 - INFO - Checkpoint values found: [1, 2, 3, 4]
2025-06-24 01:04:06,882 - INFO - Episode 201/250 started - Strategy: CuriosityStrategy
2025-06-24 01:04:46,446 - INFO - 📍 Episode 201: MIN_STEPS + CHECKPOINTS | Reward: -2453.0 | Steps: 200
2025-06-24 01:04:46,447 - INFO - Episode 202/250 started - Strategy: CuriosityStrategy
2025-06-24 01:05:24,086 - INFO - 📍 Episode 202: MIN_STEPS + CHECKPOINTS | Reward: -3062.0 | Steps: 200
2025-06-24 01:05:24,087 - INFO - Episode 203/250 started - Strategy: CuriosityStrategy
2025-06-24 01:06:02,740 - INFO - 📍 Episode 203: MIN_STEPS + CHECKPOINTS | Reward: -2918.0 | Steps: 200
2025-06-24 01:06:02,742 - INFO - Episode 204/250 started - Strategy: CuriosityStrategy
2025-06-24 01:06:41,310 - INFO - 📍 Episode 204: MIN_STEPS + CHECKPOINTS | Reward: -2680.0 | Steps: 200
2025-06-24 01:06:41,311 - INFO - Episode 205/250 started - Strategy: CuriosityStrategy
2025-06-24 01:07:20,402 - INFO - 📍 Episode 205: MIN_STEPS + CHECKPOINTS | Reward: -3128.0 | Steps: 200
2025-06-24 01:07:20,402 - INFO - Episode 206/250 started - Strategy: CuriosityStrategy
2025-06-24 01:07:59,548 - INFO - 📍 Episode 206: MIN_STEPS + CHECKPOINTS | Reward: -2293.0 | Steps: 200
2025-06-24 01:07:59,549 - INFO - Episode 207/250 started - Strategy: CuriosityStrategy
2025-06-24 01:08:38,266 - INFO - 📍 Episode 207: MIN_STEPS + CHECKPOINTS | Reward: -1871.0 | Steps: 200
2025-06-24 01:08:38,267 - INFO - Episode 208/250 started - Strategy: CuriosityStrategy
2025-06-24 01:09:17,327 - INFO - 📍 Episode 208: MIN_STEPS + CHECKPOINTS | Reward: -2014.0 | Steps: 200
2025-06-24 01:09:17,328 - INFO - Episode 209/250 started - Strategy: CuriosityStrategy
2025-06-24 01:09:56,154 - INFO - 📍 Episode 209: MIN_STEPS + CHECKPOINTS | Reward: -3257.0 | Steps: 200
2025-06-24 01:09:56,157 - INFO - Episode 210/250 started - Strategy: CuriosityStrategy
2025-06-24 01:10:35,302 - INFO - 📍 Episode 210: MIN_STEPS + CHECKPOINTS | Reward: -2957.0 | Steps: 200
2025-06-24 01:10:35,304 - INFO - Episodes completed: 210
2025-06-24 01:10:35,304 - INFO - Average reward (last 50): -2845.67
2025-06-24 01:10:35,304 - INFO - Average steps (last 50): 199.0
2025-06-24 01:10:35,304 - INFO - Success rate (last 50): 6.0%
2025-06-24 01:10:35,305 - INFO - Min steps achieved (last 50): 50/50 (100.0%)
2025-06-24 01:10:35,305 - INFO - States explored: 78
2025-06-24 01:10:35,305 - INFO - Total checkpoints reached: 581
2025-06-24 01:10:35,305 - INFO - Unique checkpoints discovered: 4
2025-06-24 01:10:35,305 - INFO - Episodes with checkpoints: 209/210
2025-06-24 01:10:35,305 - INFO - Episodes reaching min_steps: 210/210
2025-06-24 01:10:35,305 - INFO - Checkpoint values found: [1, 2, 3, 4]
2025-06-24 01:10:35,305 - INFO - Episode 211/250 started - Strategy: CuriosityStrategy
2025-06-24 01:11:13,343 - INFO - 🏆 Episode 211: GOAL REACHED | Reward: 301.5 | Steps: 191
2025-06-24 01:11:13,343 - INFO - Episode 212/250 started - Strategy: CuriosityStrategy
2025-06-24 01:11:51,899 - INFO - 📍 Episode 212: MIN_STEPS + CHECKPOINTS | Reward: -2386.0 | Steps: 200
2025-06-24 01:11:51,900 - INFO - Episode 213/250 started - Strategy: CuriosityStrategy
2025-06-24 01:12:30,554 - INFO - 📍 Episode 213: MIN_STEPS + CHECKPOINTS | Reward: -2990.0 | Steps: 200
2025-06-24 01:12:30,556 - INFO - Episode 214/250 started - Strategy: CuriosityStrategy
2025-06-24 01:13:09,400 - INFO - 📍 Episode 214: MIN_STEPS + CHECKPOINTS | Reward: -2708.0 | Steps: 200
2025-06-24 01:13:09,401 - INFO - Episode 215/250 started - Strategy: CuriosityStrategy
2025-06-24 01:13:47,624 - INFO - 📍 Episode 215: MIN_STEPS + CHECKPOINTS | Reward: -3185.0 | Steps: 200
2025-06-24 01:13:47,625 - INFO - Episode 216/250 started - Strategy: CuriosityStrategy
2025-06-24 01:14:26,668 - INFO - 📍 Episode 216: MIN_STEPS + CHECKPOINTS | Reward: -3706.0 | Steps: 200
2025-06-24 01:14:26,668 - INFO - Episode 217/250 started - Strategy: CuriosityStrategy
2025-06-24 01:15:05,618 - INFO - 📍 Episode 217: MIN_STEPS + CHECKPOINTS | Reward: -3140.0 | Steps: 200
2025-06-24 01:15:05,618 - INFO - Episode 218/250 started - Strategy: CuriosityStrategy
2025-06-24 01:15:45,067 - INFO - 📍 Episode 218: MIN_STEPS + CHECKPOINTS | Reward: -2459.0 | Steps: 200
2025-06-24 01:15:45,067 - INFO - Episode 219/250 started - Strategy: CuriosityStrategy
2025-06-24 01:16:24,247 - INFO - 📍 Episode 219: MIN_STEPS + CHECKPOINTS | Reward: -3002.0 | Steps: 200
2025-06-24 01:16:24,248 - INFO - Episode 220/250 started - Strategy: CuriosityStrategy
2025-06-24 01:17:04,288 - INFO - 📍 Episode 220: MIN_STEPS + CHECKPOINTS | Reward: -1745.0 | Steps: 200
2025-06-24 01:17:04,290 - INFO - Episodes completed: 220
2025-06-24 01:17:04,291 - INFO - Average reward (last 50): -2858.71
2025-06-24 01:17:04,291 - INFO - Average steps (last 50): 199.3
2025-06-24 01:17:04,291 - INFO - Success rate (last 50): 6.0%
2025-06-24 01:17:04,291 - INFO - Min steps achieved (last 50): 50/50 (100.0%)
2025-06-24 01:17:04,291 - INFO - States explored: 78
2025-06-24 01:17:04,291 - INFO - Total checkpoints reached: 613
2025-06-24 01:17:04,291 - INFO - Unique checkpoints discovered: 4
2025-06-24 01:17:04,291 - INFO - Episodes with checkpoints: 219/220
2025-06-24 01:17:04,292 - INFO - Episodes reaching min_steps: 220/220
2025-06-24 01:17:04,292 - INFO - Checkpoint values found: [1, 2, 3, 4]
2025-06-24 01:17:04,292 - INFO - Episode 221/250 started - Strategy: CuriosityStrategy
2025-06-24 01:17:42,529 - INFO - 📍 Episode 221: MIN_STEPS + CHECKPOINTS | Reward: -3167.0 | Steps: 200
2025-06-24 01:17:42,531 - INFO - Episode 222/250 started - Strategy: CuriosityStrategy
2025-06-24 01:18:21,722 - INFO - 📍 Episode 222: MIN_STEPS + CHECKPOINTS | Reward: -2816.0 | Steps: 200
2025-06-24 01:18:21,723 - INFO - Episode 223/250 started - Strategy: CuriosityStrategy
2025-06-24 01:19:00,361 - INFO - 🏆 Episode 223: GOAL REACHED | Reward: 162.5 | Steps: 193
2025-06-24 01:19:00,361 - INFO - Episode 224/250 started - Strategy: CuriosityStrategy
2025-06-24 01:19:38,874 - INFO - 📍 Episode 224: MIN_STEPS + CHECKPOINTS | Reward: -3377.0 | Steps: 200
2025-06-24 01:19:38,876 - INFO - Episode 225/250 started - Strategy: CuriosityStrategy
2025-06-24 01:20:17,520 - INFO - 📍 Episode 225: MIN_STEPS + CHECKPOINTS | Reward: -3583.0 | Steps: 200
2025-06-24 01:20:17,521 - INFO - Episode 226/250 started - Strategy: CuriosityStrategy
2025-06-24 01:20:56,698 - INFO - 📍 Episode 226: MIN_STEPS + CHECKPOINTS | Reward: -2398.0 | Steps: 200
2025-06-24 01:20:56,698 - INFO - Episode 227/250 started - Strategy: CuriosityStrategy
2025-06-24 01:21:35,264 - INFO - 📍 Episode 227: MIN_STEPS + CHECKPOINTS | Reward: -3271.0 | Steps: 200
2025-06-24 01:21:35,265 - INFO - Episode 228/250 started - Strategy: CuriosityStrategy
2025-06-24 01:22:14,147 - INFO - 📍 Episode 228: MIN_STEPS + CHECKPOINTS | Reward: -2996.0 | Steps: 200
2025-06-24 01:22:14,147 - INFO - Episode 229/250 started - Strategy: CuriosityStrategy
2025-06-24 01:22:53,679 - INFO - 📍 Episode 229: MIN_STEPS + CHECKPOINTS | Reward: -2169.0 | Steps: 200
2025-06-24 01:22:53,679 - INFO - Episode 230/250 started - Strategy: CuriosityStrategy
2025-06-24 01:23:33,252 - INFO - 📍 Episode 230: MIN_STEPS + CHECKPOINTS | Reward: -3700.0 | Steps: 200
2025-06-24 01:23:33,255 - INFO - Episodes completed: 230
2025-06-24 01:23:33,255 - INFO - Average reward (last 50): -2738.50
2025-06-24 01:23:33,256 - INFO - Average steps (last 50): 199.2
2025-06-24 01:23:33,256 - INFO - Success rate (last 50): 8.0%
2025-06-24 01:23:33,256 - INFO - Min steps achieved (last 50): 50/50 (100.0%)
2025-06-24 01:23:33,256 - INFO - States explored: 78
2025-06-24 01:23:33,256 - INFO - Total checkpoints reached: 643
2025-06-24 01:23:33,256 - INFO - Unique checkpoints discovered: 4
2025-06-24 01:23:33,256 - INFO - Episodes with checkpoints: 229/230
2025-06-24 01:23:33,256 - INFO - Episodes reaching min_steps: 230/230
2025-06-24 01:23:33,257 - INFO - Checkpoint values found: [1, 2, 3, 4]
2025-06-24 01:23:33,257 - INFO - Episode 231/250 started - Strategy: CuriosityStrategy
2025-06-24 01:24:11,186 - INFO - 📍 Episode 231: MIN_STEPS + CHECKPOINTS | Reward: -3739.0 | Steps: 200
2025-06-24 01:24:11,186 - INFO - Episode 232/250 started - Strategy: CuriosityStrategy
2025-06-24 01:24:50,360 - INFO - 📍 Episode 232: MIN_STEPS + CHECKPOINTS | Reward: -2419.0 | Steps: 200
2025-06-24 01:24:50,361 - INFO - Episode 233/250 started - Strategy: CuriosityStrategy
2025-06-24 01:25:29,712 - INFO - 📍 Episode 233: MIN_STEPS + CHECKPOINTS | Reward: -3035.0 | Steps: 200
2025-06-24 01:25:29,712 - INFO - Episode 234/250 started - Strategy: CuriosityStrategy
2025-06-24 01:26:08,902 - INFO - 📍 Episode 234: MIN_STEPS + CHECKPOINTS | Reward: -3182.0 | Steps: 200
2025-06-24 01:26:08,904 - INFO - Episode 235/250 started - Strategy: CuriosityStrategy
2025-06-24 01:26:47,782 - INFO - 📍 Episode 235: MIN_STEPS + CHECKPOINTS | Reward: -3760.0 | Steps: 200
2025-06-24 01:26:47,783 - INFO - Episode 236/250 started - Strategy: CuriosityStrategy
2025-06-24 01:27:26,913 - INFO - 📍 Episode 236: MIN_STEPS + CHECKPOINTS | Reward: -2357.0 | Steps: 200
2025-06-24 01:27:26,913 - INFO - Episode 237/250 started - Strategy: CuriosityStrategy
2025-06-24 01:28:06,286 - INFO - 📍 Episode 237: MIN_STEPS + CHECKPOINTS | Reward: -1987.0 | Steps: 200
2025-06-24 01:28:06,288 - INFO - Episode 238/250 started - Strategy: CuriosityStrategy
2025-06-24 01:28:43,535 - INFO - 📍 Episode 238: MIN_STEPS + CHECKPOINTS | Reward: -3179.0 | Steps: 200
2025-06-24 01:28:43,535 - INFO - Episode 239/250 started - Strategy: CuriosityStrategy
2025-06-24 01:29:21,880 - INFO - 📍 Episode 239: MIN_STEPS + CHECKPOINTS | Reward: -3134.0 | Steps: 200
2025-06-24 01:29:21,880 - INFO - Episode 240/250 started - Strategy: CuriosityStrategy
2025-06-24 01:30:00,586 - INFO - 📍 Episode 240: MIN_STEPS + CHECKPOINTS | Reward: -2332.0 | Steps: 200
2025-06-24 01:30:00,588 - INFO - Episodes completed: 240
2025-06-24 01:30:00,589 - INFO - Average reward (last 50): -2655.16
2025-06-24 01:30:00,589 - INFO - Average steps (last 50): 199.2
2025-06-24 01:30:00,589 - INFO - Success rate (last 50): 8.0%
2025-06-24 01:30:00,589 - INFO - Min steps achieved (last 50): 50/50 (100.0%)
2025-06-24 01:30:00,589 - INFO - States explored: 78
2025-06-24 01:30:00,589 - INFO - Total checkpoints reached: 675
2025-06-24 01:30:00,589 - INFO - Unique checkpoints discovered: 4
2025-06-24 01:30:00,589 - INFO - Episodes with checkpoints: 239/240
2025-06-24 01:30:00,589 - INFO - Episodes reaching min_steps: 240/240
2025-06-24 01:30:00,589 - INFO - Checkpoint values found: [1, 2, 3, 4]
2025-06-24 01:30:00,589 - INFO - Episode 241/250 started - Strategy: CuriosityStrategy
2025-06-24 01:30:40,060 - INFO - 📍 Episode 241: MIN_STEPS + CHECKPOINTS | Reward: -3703.0 | Steps: 200
2025-06-24 01:30:40,060 - INFO - Episode 242/250 started - Strategy: CuriosityStrategy
2025-06-24 01:31:19,037 - INFO - 📍 Episode 242: MIN_STEPS + CHECKPOINTS | Reward: -3589.0 | Steps: 200
2025-06-24 01:31:19,037 - INFO - Episode 243/250 started - Strategy: CuriosityStrategy
2025-06-24 01:31:58,239 - INFO - 📍 Episode 243: MIN_STEPS + CHECKPOINTS | Reward: -3796.0 | Steps: 200
2025-06-24 01:31:58,240 - INFO - Episode 244/250 started - Strategy: CuriosityStrategy
2025-06-24 01:32:37,316 - INFO - 📍 Episode 244: MIN_STEPS + CHECKPOINTS | Reward: -2410.0 | Steps: 200
2025-06-24 01:32:37,316 - INFO - Episode 245/250 started - Strategy: CuriosityStrategy
2025-06-24 01:33:15,617 - INFO - 📍 Episode 245: MIN_STEPS + CHECKPOINTS | Reward: -3445.0 | Steps: 200
2025-06-24 01:33:15,617 - INFO - Episode 246/250 started - Strategy: CuriosityStrategy
2025-06-24 01:33:54,732 - INFO - 📍 Episode 246: MIN_STEPS + CHECKPOINTS | Reward: -3122.0 | Steps: 200
2025-06-24 01:33:54,733 - INFO - Episode 247/250 started - Strategy: CuriosityStrategy
2025-06-24 01:34:34,055 - INFO - 📍 Episode 247: MIN_STEPS + CHECKPOINTS | Reward: -2347.0 | Steps: 200
2025-06-24 01:34:34,055 - INFO - Episode 248/250 started - Strategy: CuriosityStrategy
2025-06-24 01:35:12,594 - INFO - 📍 Episode 248: MIN_STEPS + CHECKPOINTS | Reward: -2822.0 | Steps: 200
2025-06-24 01:35:12,595 - INFO - Episode 249/250 started - Strategy: CuriosityStrategy
2025-06-24 01:35:51,502 - INFO - 📍 Episode 249: MIN_STEPS + CHECKPOINTS | Reward: -3625.0 | Steps: 200
2025-06-24 01:35:51,502 - INFO - Episode 250/250 started - Strategy: CuriosityStrategy
2025-06-24 01:36:29,486 - INFO - 📍 Episode 250: MIN_STEPS + CHECKPOINTS | Reward: -2879.0 | Steps: 200
2025-06-24 01:36:29,488 - INFO - Episodes completed: 250
2025-06-24 01:36:29,489 - INFO - Average reward (last 50): -2796.58
2025-06-24 01:36:29,490 - INFO - Average steps (last 50): 199.7
2025-06-24 01:36:29,490 - INFO - Success rate (last 50): 4.0%
2025-06-24 01:36:29,490 - INFO - Min steps achieved (last 50): 50/50 (100.0%)
2025-06-24 01:36:29,491 - INFO - States explored: 78
2025-06-24 01:36:29,491 - INFO - Total checkpoints reached: 702
2025-06-24 01:36:29,491 - INFO - Unique checkpoints discovered: 4
2025-06-24 01:36:29,491 - INFO - Episodes with checkpoints: 249/250
2025-06-24 01:36:29,491 - INFO - Episodes reaching min_steps: 250/250
2025-06-24 01:36:29,491 - INFO - Checkpoint values found: [1, 2, 3, 4]
2025-06-24 01:36:29,494 - INFO - ✅ Training completed!
2025-06-24 01:36:29,495 - INFO - === FINAL TRAINING STATISTICS ===
2025-06-24 01:36:29,495 - INFO -   total_episodes: 2250
2025-06-24 01:36:29,495 - INFO -   states_explored: 78
2025-06-24 01:36:29,495 - INFO -   avg_reward: -3127.451777777778
2025-06-24 01:36:29,495 - INFO -   max_reward: 2010.5
2025-06-24 01:36:29,495 - INFO -   success_rate: 0.03822222222222222
2025-06-24 01:36:29,495 - INFO -   strategy_info: {'base_epsilon': 0.65, 'novelty_bonus': 5.0, 'states_discovered': 78}
2025-06-24 01:36:29,495 - INFO - === FINAL CHECKPOINT ANALYSIS ===
2025-06-24 01:36:29,495 - INFO -   Checkpoint discovery rate: 0.002 unique/episode
2025-06-24 01:36:29,495 - INFO -   Checkpoint frequency: 0.312 checkpoints/episode
2025-06-24 01:36:29,496 - INFO -   Min steps achievement rate: 11.1%
2025-06-24 01:36:29,496 - INFO -   Best checkpoint reached: 4
2025-06-24 01:36:29,496 - INFO -   Maze progress: 80.0% (checkpoints discovered)
2025-06-24 01:36:29,497 - INFO - DDS stopped.
