2025-06-30 13:18:22,007 - INFO - Movement Mode: FAST (Teleport)
2025-06-30 13:18:22,007 - INFO - Strategy initialized: CuriosityStrategy
2025-06-30 13:18:22,007 - INFO - Strategy info: {'base_epsilon': 0.6, 'novelty_bonus': 8.0, 'states_discovered': 0}
2025-06-30 13:18:22,007 - INFO - CLI mode selected: continue
2025-06-30 13:18:22,007 - INFO - Continuing training for 150 additional episodes.
2025-06-30 13:18:22,007 - INFO - ================================================================================
2025-06-30 13:18:22,007 - INFO - 🚀 STARTING TRAINING SESSION
2025-06-30 13:18:22,007 - INFO - ================================================================================
2025-06-30 13:18:22,007 - INFO - Episodes: 150
2025-06-30 13:18:22,007 - INFO - Strategy: curiosity
2025-06-30 13:18:22,007 - INFO - Model path: models/q_agent.pkl
2025-06-30 13:18:22,007 - INFO - ================================================================================
2025-06-30 13:18:22,008 - INFO - 📁 Loaded existing model
2025-06-30 13:18:22,010 - INFO - 🔗 Connected to Godot simulation!
2025-06-30 13:18:22,010 - INFO - Episode 1/150 started - Strategy: CuriosityStrategy
2025-06-30 13:18:40,379 - INFO - ❌ Episode 1: FAILED (Short) | Reward: -6227.0 | Steps: 200
2025-06-30 13:18:40,379 - INFO - Episode 2/150 started - Strategy: CuriosityStrategy
2025-06-30 13:19:14,560 - INFO - 🔶 Episode 2: CHECKPOINTS (Short) | Reward: -2770.0 | Steps: 200
2025-06-30 13:19:14,561 - INFO - Episode 3/150 started - Strategy: CuriosityStrategy
2025-06-30 13:19:48,757 - INFO - 🔶 Episode 3: CHECKPOINTS (Short) | Reward: -2789.5 | Steps: 200
2025-06-30 13:19:48,758 - INFO - Episode 4/150 started - Strategy: CuriosityStrategy
2025-06-30 13:20:22,779 - INFO - 🔶 Episode 4: CHECKPOINTS (Short) | Reward: -3995.5 | Steps: 200
2025-06-30 13:20:22,779 - INFO - Episode 5/150 started - Strategy: CuriosityStrategy
2025-06-30 13:20:57,083 - INFO - 🔶 Episode 5: CHECKPOINTS (Short) | Reward: -2601.0 | Steps: 200
2025-06-30 13:20:57,083 - INFO - Episode 6/150 started - Strategy: CuriosityStrategy
2025-06-30 13:21:30,923 - INFO - 🔶 Episode 6: CHECKPOINTS (Short) | Reward: -3309.0 | Steps: 200
2025-06-30 13:21:30,924 - INFO - Episode 7/150 started - Strategy: CuriosityStrategy
2025-06-30 13:22:04,849 - INFO - 🔶 Episode 7: CHECKPOINTS (Short) | Reward: -3751.0 | Steps: 200
2025-06-30 13:22:04,850 - INFO - Episode 8/150 started - Strategy: CuriosityStrategy
2025-06-30 13:22:38,857 - INFO - 🔶 Episode 8: CHECKPOINTS (Short) | Reward: -3380.5 | Steps: 200
2025-06-30 13:22:38,858 - INFO - Episode 9/150 started - Strategy: CuriosityStrategy
2025-06-30 13:23:12,446 - INFO - 🔶 Episode 9: CHECKPOINTS (Short) | Reward: -3927.5 | Steps: 200
2025-06-30 13:23:12,447 - INFO - Episode 10/150 started - Strategy: CuriosityStrategy
2025-06-30 13:23:46,117 - INFO - 🔶 Episode 10: CHECKPOINTS (Short) | Reward: -3992.5 | Steps: 200
2025-06-30 13:23:46,117 - INFO - Episode 11/150 started - Strategy: CuriosityStrategy
2025-06-30 13:24:19,093 - INFO - 🔶 Episode 11: CHECKPOINTS (Short) | Reward: -3797.5 | Steps: 200
2025-06-30 13:24:19,094 - INFO - Episode 12/150 started - Strategy: CuriosityStrategy
2025-06-30 13:24:52,591 - INFO - 🔶 Episode 12: CHECKPOINTS (Short) | Reward: -3661.0 | Steps: 200
2025-06-30 13:24:52,592 - INFO - Episode 13/150 started - Strategy: CuriosityStrategy
2025-06-30 13:25:28,261 - INFO - 🔶 Episode 13: CHECKPOINTS (Short) | Reward: -3875.5 | Steps: 200
2025-06-30 13:25:28,262 - INFO - Episode 14/150 started - Strategy: CuriosityStrategy
2025-06-30 13:26:04,571 - INFO - 🔶 Episode 14: CHECKPOINTS (Short) | Reward: -2919.5 | Steps: 200
2025-06-30 13:26:04,572 - INFO - Episode 15/150 started - Strategy: CuriosityStrategy
2025-06-30 13:26:39,223 - INFO - 🏆 Episode 15: GOAL REACHED | Reward: -581.5 | Steps: 189
2025-06-30 13:26:39,223 - INFO - Episode 16/150 started - Strategy: CuriosityStrategy
2025-06-30 13:27:14,052 - INFO - 🔶 Episode 16: CHECKPOINTS (Short) | Reward: -3687.0 | Steps: 200
2025-06-30 13:27:14,052 - INFO - Episode 17/150 started - Strategy: CuriosityStrategy
2025-06-30 13:27:29,437 - INFO - ❌ Episode 17: FAILED (Short) | Reward: -6428.5 | Steps: 200
2025-06-30 13:27:29,438 - INFO - Episode 18/150 started - Strategy: CuriosityStrategy
2025-06-30 13:27:57,505 - INFO - 🏆 Episode 18: GOAL REACHED | Reward: 4.5 | Steps: 163
2025-06-30 13:27:57,505 - INFO - Episode 19/150 started - Strategy: CuriosityStrategy
2025-06-30 13:28:30,363 - INFO - 🔶 Episode 19: CHECKPOINTS (Short) | Reward: -3966.5 | Steps: 200
2025-06-30 13:28:30,364 - INFO - Episode 20/150 started - Strategy: CuriosityStrategy
2025-06-30 13:29:04,084 - INFO - 🔶 Episode 20: CHECKPOINTS (Short) | Reward: -3221.0 | Steps: 200
2025-06-30 13:29:04,085 - INFO - Episode 21/150 started - Strategy: CuriosityStrategy
2025-06-30 13:29:37,724 - INFO - 🔶 Episode 21: CHECKPOINTS (Short) | Reward: -3868.0 | Steps: 200
2025-06-30 13:29:37,725 - INFO - Episode 22/150 started - Strategy: CuriosityStrategy
2025-06-30 13:30:11,530 - INFO - 🔶 Episode 22: CHECKPOINTS (Short) | Reward: -3914.5 | Steps: 200
2025-06-30 13:30:11,531 - INFO - Episode 23/150 started - Strategy: CuriosityStrategy
2025-06-30 13:30:44,402 - INFO - 🔶 Episode 23: CHECKPOINTS (Short) | Reward: -3637.0 | Steps: 200
2025-06-30 13:30:44,403 - INFO - Episode 24/150 started - Strategy: CuriosityStrategy
2025-06-30 13:31:18,098 - INFO - 🔶 Episode 24: CHECKPOINTS (Short) | Reward: -3940.5 | Steps: 200
2025-06-30 13:31:18,098 - INFO - Episode 25/150 started - Strategy: CuriosityStrategy
2025-06-30 13:31:51,915 - INFO - 🔶 Episode 25: CHECKPOINTS (Short) | Reward: -3341.5 | Steps: 200
2025-06-30 13:31:51,916 - INFO - Episode 26/150 started - Strategy: CuriosityStrategy
2025-06-30 13:32:25,754 - INFO - 🔶 Episode 26: CHECKPOINTS (Short) | Reward: -2815.5 | Steps: 200
2025-06-30 13:32:25,755 - INFO - Episode 27/150 started - Strategy: CuriosityStrategy
2025-06-30 13:32:58,863 - INFO - 🔶 Episode 27: CHECKPOINTS (Short) | Reward: -3881.0 | Steps: 200
2025-06-30 13:32:58,863 - INFO - Episode 28/150 started - Strategy: CuriosityStrategy
2025-06-30 13:33:31,682 - INFO - 🔶 Episode 28: CHECKPOINTS (Short) | Reward: -3921.0 | Steps: 200
2025-06-30 13:33:31,683 - INFO - Episode 29/150 started - Strategy: CuriosityStrategy
2025-06-30 13:34:04,479 - INFO - 🔶 Episode 29: CHECKPOINTS (Short) | Reward: -4096.5 | Steps: 200
2025-06-30 13:34:04,479 - INFO - Episode 30/150 started - Strategy: CuriosityStrategy
2025-06-30 13:34:38,024 - INFO - 🔶 Episode 30: CHECKPOINTS (Short) | Reward: -4054.0 | Steps: 200
2025-06-30 13:34:38,025 - INFO - Episode 31/150 started - Strategy: CuriosityStrategy
2025-06-30 13:35:11,966 - INFO - 🔶 Episode 31: CHECKPOINTS (Short) | Reward: -2854.5 | Steps: 200
2025-06-30 13:35:11,967 - INFO - Episode 32/150 started - Strategy: CuriosityStrategy
2025-06-30 13:35:46,095 - INFO - 🔶 Episode 32: CHECKPOINTS (Short) | Reward: -2919.5 | Steps: 200
2025-06-30 13:35:46,095 - INFO - Episode 33/150 started - Strategy: CuriosityStrategy
2025-06-30 13:36:19,278 - INFO - 🔶 Episode 33: CHECKPOINTS (Short) | Reward: -4012.0 | Steps: 200
2025-06-30 13:36:19,279 - INFO - Episode 34/150 started - Strategy: CuriosityStrategy
2025-06-30 13:36:52,310 - INFO - 🔶 Episode 34: CHECKPOINTS (Short) | Reward: -4467.0 | Steps: 200
2025-06-30 13:36:52,310 - INFO - Episode 35/150 started - Strategy: CuriosityStrategy
2025-06-30 13:37:26,636 - INFO - 🔶 Episode 35: CHECKPOINTS (Short) | Reward: -2942.0 | Steps: 200
2025-06-30 13:37:26,637 - INFO - Episode 36/150 started - Strategy: CuriosityStrategy
2025-06-30 13:38:00,716 - INFO - 🔶 Episode 36: CHECKPOINTS (Short) | Reward: -2864.0 | Steps: 200
2025-06-30 13:38:00,716 - INFO - Episode 37/150 started - Strategy: CuriosityStrategy
2025-06-30 13:38:33,689 - INFO - 🔶 Episode 37: CHECKPOINTS (Short) | Reward: -3855.0 | Steps: 200
2025-06-30 13:38:33,690 - INFO - Episode 38/150 started - Strategy: CuriosityStrategy
2025-06-30 13:39:06,794 - INFO - 🔶 Episode 38: CHECKPOINTS (Short) | Reward: -3289.5 | Steps: 200
2025-06-30 13:39:06,795 - INFO - Episode 39/150 started - Strategy: CuriosityStrategy
2025-06-30 13:39:40,443 - INFO - 🔶 Episode 39: CHECKPOINTS (Short) | Reward: -3485.0 | Steps: 200
2025-06-30 13:39:40,444 - INFO - Episode 40/150 started - Strategy: CuriosityStrategy
2025-06-30 13:40:13,351 - INFO - 🔶 Episode 40: CHECKPOINTS (Short) | Reward: -3849.5 | Steps: 200
2025-06-30 13:40:13,352 - INFO - Episode 41/150 started - Strategy: CuriosityStrategy
2025-06-30 13:40:46,721 - INFO - 🔶 Episode 41: CHECKPOINTS (Short) | Reward: -3845.0 | Steps: 200
2025-06-30 13:40:46,722 - INFO - Episode 42/150 started - Strategy: CuriosityStrategy
2025-06-30 13:41:19,853 - INFO - 🔶 Episode 42: CHECKPOINTS (Short) | Reward: -4142.0 | Steps: 200
2025-06-30 13:41:19,854 - INFO - Episode 43/150 started - Strategy: CuriosityStrategy
2025-06-30 13:41:53,770 - INFO - 🔶 Episode 43: CHECKPOINTS (Short) | Reward: -3589.5 | Steps: 200
2025-06-30 13:41:53,771 - INFO - Episode 44/150 started - Strategy: CuriosityStrategy
2025-06-30 13:42:10,070 - INFO - ❌ Episode 44: FAILED (Short) | Reward: -6259.5 | Steps: 200
2025-06-30 13:42:10,071 - INFO - Episode 45/150 started - Strategy: CuriosityStrategy
2025-06-30 13:42:43,553 - INFO - 🔶 Episode 45: CHECKPOINTS (Short) | Reward: -2965.0 | Steps: 200
2025-06-30 13:42:43,554 - INFO - Episode 46/150 started - Strategy: CuriosityStrategy
2025-06-30 13:43:17,394 - INFO - 🔶 Episode 46: CHECKPOINTS (Short) | Reward: -4044.5 | Steps: 200
2025-06-30 13:43:17,395 - INFO - Episode 47/150 started - Strategy: CuriosityStrategy
2025-06-30 13:43:50,707 - INFO - 🔶 Episode 47: CHECKPOINTS (Short) | Reward: -4239.5 | Steps: 200
2025-06-30 13:43:50,708 - INFO - Episode 48/150 started - Strategy: CuriosityStrategy
2025-06-30 13:44:24,425 - INFO - 🔶 Episode 48: CHECKPOINTS (Short) | Reward: -3315.5 | Steps: 200
2025-06-30 13:44:24,425 - INFO - Episode 49/150 started - Strategy: CuriosityStrategy
2025-06-30 13:44:58,487 - INFO - 🔶 Episode 49: CHECKPOINTS (Short) | Reward: -3173.5 | Steps: 200
2025-06-30 13:44:58,487 - INFO - Episode 50/150 started - Strategy: CuriosityStrategy
2025-06-30 13:45:32,328 - INFO - 🔶 Episode 50: CHECKPOINTS (Short) | Reward: -2640.0 | Steps: 200
2025-06-30 13:45:32,339 - INFO - Episodes completed: 50
2025-06-30 13:45:32,341 - INFO - Average reward (last 50): -3581.97
2025-06-30 13:45:32,341 - INFO - Average steps (last 50): 199.0
2025-06-30 13:45:32,342 - INFO - Success rate (last 50): 4.0%
2025-06-30 13:45:32,342 - INFO - States explored: 100
2025-06-30 13:45:32,342 - INFO - Total checkpoints reached: 133
2025-06-30 13:45:32,342 - INFO - Unique checkpoints discovered: 4
2025-06-30 13:45:32,342 - INFO - Episodes with checkpoints: 47/50
2025-06-30 13:45:32,342 - INFO - Checkpoint values found: [1, 2, 3, 4]
2025-06-30 13:45:32,342 - INFO - Episode 51/150 started - Strategy: CuriosityStrategy
2025-06-30 13:46:06,091 - INFO - 🔶 Episode 51: CHECKPOINTS (Short) | Reward: -3426.0 | Steps: 200
2025-06-30 13:46:06,091 - INFO - Episode 52/150 started - Strategy: CuriosityStrategy
2025-06-30 13:46:39,952 - INFO - 🔶 Episode 52: CHECKPOINTS (Short) | Reward: -3680.5 | Steps: 200
2025-06-30 13:46:39,952 - INFO - Episode 53/150 started - Strategy: CuriosityStrategy
2025-06-30 13:47:13,421 - INFO - 🔶 Episode 53: CHECKPOINTS (Short) | Reward: -3731.5 | Steps: 200
2025-06-30 13:47:13,421 - INFO - Episode 54/150 started - Strategy: CuriosityStrategy
2025-06-30 13:47:36,641 - INFO - 🔶 Episode 54: CHECKPOINTS (Short) | Reward: -5364.5 | Steps: 200
2025-06-30 13:47:36,642 - INFO - Episode 55/150 started - Strategy: CuriosityStrategy
2025-06-30 13:48:10,103 - INFO - 🔶 Episode 55: CHECKPOINTS (Short) | Reward: -4304.5 | Steps: 200
2025-06-30 13:48:10,104 - INFO - Episode 56/150 started - Strategy: CuriosityStrategy
2025-06-30 13:48:43,496 - INFO - 🔶 Episode 56: CHECKPOINTS (Short) | Reward: -3354.5 | Steps: 200
2025-06-30 13:48:43,496 - INFO - Episode 57/150 started - Strategy: CuriosityStrategy
2025-06-30 13:49:17,741 - INFO - 🔶 Episode 57: CHECKPOINTS (Short) | Reward: -2802.5 | Steps: 200
2025-06-30 13:49:17,741 - INFO - Episode 58/150 started - Strategy: CuriosityStrategy
2025-06-30 13:49:50,952 - INFO - 🔶 Episode 58: CHECKPOINTS (Short) | Reward: -3881.0 | Steps: 200
2025-06-30 13:49:50,953 - INFO - Episode 59/150 started - Strategy: CuriosityStrategy
2025-06-30 13:50:24,454 - INFO - 🔶 Episode 59: CHECKPOINTS (Short) | Reward: -3874.5 | Steps: 200
2025-06-30 13:50:24,455 - INFO - Episode 60/150 started - Strategy: CuriosityStrategy
2025-06-30 13:50:41,641 - INFO - ❌ Episode 60: FAILED (Short) | Reward: -6220.5 | Steps: 200
2025-06-30 13:50:41,642 - INFO - Episode 61/150 started - Strategy: CuriosityStrategy
2025-06-30 13:51:15,330 - INFO - 🔶 Episode 61: CHECKPOINTS (Short) | Reward: -3429.0 | Steps: 200
2025-06-30 13:51:15,331 - INFO - Episode 62/150 started - Strategy: CuriosityStrategy
2025-06-30 13:51:48,259 - INFO - 🔶 Episode 62: CHECKPOINTS (Short) | Reward: -4064.0 | Steps: 200
2025-06-30 13:51:48,260 - INFO - Episode 63/150 started - Strategy: CuriosityStrategy
2025-06-30 13:52:21,741 - INFO - 🔶 Episode 63: CHECKPOINTS (Short) | Reward: -3830.0 | Steps: 200
2025-06-30 13:52:21,741 - INFO - Episode 64/150 started - Strategy: CuriosityStrategy
2025-06-30 13:52:54,038 - INFO - 🔶 Episode 64: CHECKPOINTS (Short) | Reward: -4525.5 | Steps: 200
2025-06-30 13:52:54,039 - INFO - Episode 65/150 started - Strategy: CuriosityStrategy
2025-06-30 13:53:27,510 - INFO - 🔶 Episode 65: CHECKPOINTS (Short) | Reward: -3549.5 | Steps: 200
2025-06-30 13:53:27,511 - INFO - Episode 66/150 started - Strategy: CuriosityStrategy
2025-06-30 13:54:01,161 - INFO - 🔶 Episode 66: CHECKPOINTS (Short) | Reward: -3764.0 | Steps: 200
2025-06-30 13:54:01,162 - INFO - Episode 67/150 started - Strategy: CuriosityStrategy
2025-06-30 13:54:34,000 - INFO - 🔶 Episode 67: CHECKPOINTS (Short) | Reward: -2627.0 | Steps: 200
2025-06-30 13:54:34,000 - INFO - Episode 68/150 started - Strategy: CuriosityStrategy
2025-06-30 13:55:08,006 - INFO - 🔶 Episode 68: CHECKPOINTS (Short) | Reward: -2913.0 | Steps: 200
2025-06-30 13:55:08,006 - INFO - Episode 69/150 started - Strategy: CuriosityStrategy
2025-06-30 13:55:41,800 - INFO - 🔶 Episode 69: CHECKPOINTS (Short) | Reward: -2812.0 | Steps: 200
2025-06-30 13:55:41,800 - INFO - Episode 70/150 started - Strategy: CuriosityStrategy
2025-06-30 13:56:14,741 - INFO - 🔶 Episode 70: CHECKPOINTS (Short) | Reward: -3986.0 | Steps: 200
2025-06-30 13:56:14,741 - INFO - Episode 71/150 started - Strategy: CuriosityStrategy
2025-06-30 13:56:48,849 - INFO - 🔶 Episode 71: CHECKPOINTS (Short) | Reward: -2861.0 | Steps: 200
2025-06-30 13:56:48,850 - INFO - Episode 72/150 started - Strategy: CuriosityStrategy
2025-06-30 13:57:22,788 - INFO - 🔶 Episode 72: CHECKPOINTS (Short) | Reward: -4025.0 | Steps: 200
2025-06-30 13:57:22,788 - INFO - Episode 73/150 started - Strategy: CuriosityStrategy
2025-06-30 13:57:56,213 - INFO - 🔶 Episode 73: CHECKPOINTS (Short) | Reward: -2682.0 | Steps: 200
2025-06-30 13:57:56,213 - INFO - Episode 74/150 started - Strategy: CuriosityStrategy
2025-06-30 13:58:29,558 - INFO - 🔶 Episode 74: CHECKPOINTS (Short) | Reward: -4044.5 | Steps: 200
2025-06-30 13:58:29,559 - INFO - Episode 75/150 started - Strategy: CuriosityStrategy
2025-06-30 13:59:03,417 - INFO - 🔶 Episode 75: CHECKPOINTS (Short) | Reward: -3257.5 | Steps: 200
2025-06-30 13:59:03,417 - INFO - Episode 76/150 started - Strategy: CuriosityStrategy
2025-06-30 13:59:36,815 - INFO - 🔶 Episode 76: CHECKPOINTS (Short) | Reward: -3771.5 | Steps: 200
2025-06-30 13:59:36,816 - INFO - Episode 77/150 started - Strategy: CuriosityStrategy
2025-06-30 14:00:10,688 - INFO - 🔶 Episode 77: CHECKPOINTS (Short) | Reward: -3361.0 | Steps: 200
2025-06-30 14:00:10,689 - INFO - Episode 78/150 started - Strategy: CuriosityStrategy
2025-06-30 14:00:44,183 - INFO - 🔶 Episode 78: CHECKPOINTS (Short) | Reward: -4051.0 | Steps: 200
2025-06-30 14:00:44,185 - INFO - Episode 79/150 started - Strategy: CuriosityStrategy
2025-06-30 14:01:17,966 - INFO - 🔶 Episode 79: CHECKPOINTS (Short) | Reward: -3725.0 | Steps: 200
2025-06-30 14:01:17,967 - INFO - Episode 80/150 started - Strategy: CuriosityStrategy
2025-06-30 14:01:51,794 - INFO - 🔶 Episode 80: CHECKPOINTS (Short) | Reward: -3817.0 | Steps: 200
2025-06-30 14:01:51,794 - INFO - Episode 81/150 started - Strategy: CuriosityStrategy
2025-06-30 14:02:24,916 - INFO - 🔶 Episode 81: CHECKPOINTS (Short) | Reward: -3608.0 | Steps: 200
2025-06-30 14:02:24,916 - INFO - Episode 82/150 started - Strategy: CuriosityStrategy
2025-06-30 14:02:58,865 - INFO - 🔶 Episode 82: CHECKPOINTS (Short) | Reward: -3299.0 | Steps: 200
2025-06-30 14:02:58,866 - INFO - Episode 83/150 started - Strategy: CuriosityStrategy
2025-06-30 14:03:31,341 - INFO - 🔶 Episode 83: CHECKPOINTS (Short) | Reward: -4395.5 | Steps: 200
2025-06-30 14:03:31,342 - INFO - Episode 84/150 started - Strategy: CuriosityStrategy
2025-06-30 14:04:03,565 - INFO - 🏆 Episode 84: GOAL REACHED | Reward: -617.0 | Steps: 190
2025-06-30 14:04:03,566 - INFO - Episode 85/150 started - Strategy: CuriosityStrategy
2025-06-30 14:04:36,954 - INFO - 🔶 Episode 85: CHECKPOINTS (Short) | Reward: -4226.5 | Steps: 200
2025-06-30 14:04:36,954 - INFO - Episode 86/150 started - Strategy: CuriosityStrategy
2025-06-30 14:05:10,434 - INFO - 🔶 Episode 86: CHECKPOINTS (Short) | Reward: -3816.0 | Steps: 200
2025-06-30 14:05:10,435 - INFO - Episode 87/150 started - Strategy: CuriosityStrategy
2025-06-30 14:05:43,976 - INFO - 🔶 Episode 87: CHECKPOINTS (Short) | Reward: -3953.5 | Steps: 200
2025-06-30 14:05:43,978 - INFO - Episode 88/150 started - Strategy: CuriosityStrategy
2025-06-30 14:06:18,157 - INFO - 🔶 Episode 88: CHECKPOINTS (Short) | Reward: -2958.5 | Steps: 200
2025-06-30 14:06:18,158 - INFO - Episode 89/150 started - Strategy: CuriosityStrategy
2025-06-30 14:06:52,238 - INFO - 🔶 Episode 89: CHECKPOINTS (Short) | Reward: -2867.5 | Steps: 200
2025-06-30 14:06:52,239 - INFO - Episode 90/150 started - Strategy: CuriosityStrategy
2025-06-30 14:07:10,540 - INFO - ❌ Episode 90: FAILED (Short) | Reward: -6045.0 | Steps: 200
2025-06-30 14:07:10,541 - INFO - Episode 91/150 started - Strategy: CuriosityStrategy
2025-06-30 14:07:44,170 - INFO - 🔶 Episode 91: CHECKPOINTS (Short) | Reward: -3029.5 | Steps: 200
2025-06-30 14:07:44,170 - INFO - Episode 92/150 started - Strategy: CuriosityStrategy
2025-06-30 14:08:00,624 - INFO - ❌ Episode 92: FAILED (Short) | Reward: -6305.0 | Steps: 200
2025-06-30 14:08:00,625 - INFO - Episode 93/150 started - Strategy: CuriosityStrategy
2025-06-30 14:08:34,108 - INFO - 🔶 Episode 93: CHECKPOINTS (Short) | Reward: -4207.0 | Steps: 200
2025-06-30 14:08:34,108 - INFO - Episode 94/150 started - Strategy: CuriosityStrategy
2025-06-30 14:09:07,457 - INFO - 🔶 Episode 94: CHECKPOINTS (Short) | Reward: -3361.5 | Steps: 200
2025-06-30 14:09:07,457 - INFO - Episode 95/150 started - Strategy: CuriosityStrategy
2025-06-30 14:09:41,011 - INFO - 🔶 Episode 95: CHECKPOINTS (Short) | Reward: -3426.0 | Steps: 200
2025-06-30 14:09:41,012 - INFO - Episode 96/150 started - Strategy: CuriosityStrategy
2025-06-30 14:10:14,116 - INFO - 🔶 Episode 96: CHECKPOINTS (Short) | Reward: -4035.5 | Steps: 200
2025-06-30 14:10:14,118 - INFO - Episode 97/150 started - Strategy: CuriosityStrategy
2025-06-30 14:10:47,084 - INFO - 🔶 Episode 97: CHECKPOINTS (Short) | Reward: -3153.0 | Steps: 200
2025-06-30 14:10:47,085 - INFO - Episode 98/150 started - Strategy: CuriosityStrategy
2025-06-30 14:11:20,756 - INFO - 🔶 Episode 98: CHECKPOINTS (Short) | Reward: -3669.5 | Steps: 200
2025-06-30 14:11:20,757 - INFO - Episode 99/150 started - Strategy: CuriosityStrategy
2025-06-30 14:11:54,950 - INFO - 🔶 Episode 99: CHECKPOINTS (Short) | Reward: -2506.5 | Steps: 200
2025-06-30 14:11:54,951 - INFO - Episode 100/150 started - Strategy: CuriosityStrategy
2025-06-30 14:12:28,830 - INFO - 🔶 Episode 100: CHECKPOINTS (Short) | Reward: -3354.5 | Steps: 200
2025-06-30 14:12:28,842 - INFO - Episodes completed: 100
2025-06-30 14:12:28,843 - INFO - Average reward (last 50): -3691.40
2025-06-30 14:12:28,843 - INFO - Average steps (last 50): 199.8
2025-06-30 14:12:28,843 - INFO - Success rate (last 50): 2.0%
2025-06-30 14:12:28,843 - INFO - States explored: 102
2025-06-30 14:12:28,843 - INFO - Total checkpoints reached: 268
2025-06-30 14:12:28,844 - INFO - Unique checkpoints discovered: 4
2025-06-30 14:12:28,844 - INFO - Episodes with checkpoints: 94/100
2025-06-30 14:12:28,844 - INFO - Checkpoint values found: [1, 2, 3, 4]
2025-06-30 14:12:28,844 - INFO - Episode 101/150 started - Strategy: CuriosityStrategy
2025-06-30 14:13:01,980 - INFO - 🔶 Episode 101: CHECKPOINTS (Short) | Reward: -4129.0 | Steps: 200
2025-06-30 14:13:01,980 - INFO - Episode 102/150 started - Strategy: CuriosityStrategy
2025-06-30 14:13:31,985 - INFO - 🏆 Episode 102: GOAL REACHED | Reward: -95.5 | Steps: 173
2025-06-30 14:13:31,985 - INFO - Episode 103/150 started - Strategy: CuriosityStrategy
2025-06-30 14:13:53,466 - INFO - 🔶 Episode 103: CHECKPOINTS (Short) | Reward: -5507.0 | Steps: 200
2025-06-30 14:13:53,466 - INFO - Episode 104/150 started - Strategy: CuriosityStrategy
2025-06-30 14:14:27,663 - INFO - 🔶 Episode 104: CHECKPOINTS (Short) | Reward: -2815.5 | Steps: 200
2025-06-30 14:14:27,664 - INFO - Episode 105/150 started - Strategy: CuriosityStrategy
2025-06-30 14:15:01,939 - INFO - 🔶 Episode 105: CHECKPOINTS (Short) | Reward: -3023.5 | Steps: 200
2025-06-30 14:15:01,940 - INFO - Episode 106/150 started - Strategy: CuriosityStrategy
2025-06-30 14:15:36,359 - INFO - 🔶 Episode 106: CHECKPOINTS (Short) | Reward: -2360.5 | Steps: 200
2025-06-30 14:15:36,360 - INFO - Episode 107/150 started - Strategy: CuriosityStrategy
2025-06-30 14:16:08,051 - INFO - 🏆 Episode 107: GOAL REACHED | Reward: -305.0 | Steps: 186
2025-06-30 14:16:08,051 - INFO - Episode 108/150 started - Strategy: CuriosityStrategy
2025-06-30 14:16:41,703 - INFO - 🔶 Episode 108: CHECKPOINTS (Short) | Reward: -4038.0 | Steps: 200
2025-06-30 14:16:41,703 - INFO - Episode 109/150 started - Strategy: CuriosityStrategy
2025-06-30 14:17:15,811 - INFO - 🔶 Episode 109: CHECKPOINTS (Short) | Reward: -3387.0 | Steps: 200
2025-06-30 14:17:15,811 - INFO - Episode 110/150 started - Strategy: CuriosityStrategy
2025-06-30 14:17:48,508 - INFO - 🏆 Episode 110: GOAL REACHED | Reward: -622.0 | Steps: 191
2025-06-30 14:17:48,508 - INFO - Episode 111/150 started - Strategy: CuriosityStrategy
2025-06-30 14:18:22,309 - INFO - 🔶 Episode 111: CHECKPOINTS (Short) | Reward: -2506.5 | Steps: 200
2025-06-30 14:18:22,309 - INFO - Episode 112/150 started - Strategy: CuriosityStrategy
2025-06-30 14:18:56,920 - INFO - 🔶 Episode 112: CHECKPOINTS (Short) | Reward: -2861.0 | Steps: 200
2025-06-30 14:18:56,921 - INFO - Episode 113/150 started - Strategy: CuriosityStrategy
2025-06-30 14:19:30,796 - INFO - 🔶 Episode 113: CHECKPOINTS (Short) | Reward: -2747.0 | Steps: 200
2025-06-30 14:19:30,796 - INFO - Episode 114/150 started - Strategy: CuriosityStrategy
2025-06-30 14:20:04,871 - INFO - 🔶 Episode 114: CHECKPOINTS (Short) | Reward: -4031.5 | Steps: 200
2025-06-30 14:20:04,872 - INFO - Episode 115/150 started - Strategy: CuriosityStrategy
2025-06-30 14:20:39,458 - INFO - 🔶 Episode 115: CHECKPOINTS (Short) | Reward: -3765.0 | Steps: 200
2025-06-30 14:20:39,459 - INFO - Episode 116/150 started - Strategy: CuriosityStrategy
2025-06-30 14:21:12,894 - INFO - 🏆 Episode 116: GOAL REACHED | Reward: -106.5 | Steps: 183
2025-06-30 14:21:12,894 - INFO - Episode 117/150 started - Strategy: CuriosityStrategy
2025-06-30 14:21:49,188 - INFO - 🔶 Episode 117: CHECKPOINTS (Short) | Reward: -3147.0 | Steps: 200
2025-06-30 14:21:49,189 - INFO - Episode 118/150 started - Strategy: CuriosityStrategy
2025-06-30 14:22:24,937 - INFO - 🔶 Episode 118: CHECKPOINTS (Short) | Reward: -3276.5 | Steps: 200
2025-06-30 14:22:24,937 - INFO - Episode 119/150 started - Strategy: CuriosityStrategy
2025-06-30 14:22:57,850 - INFO - 🔶 Episode 119: CHECKPOINTS (Short) | Reward: -4194.0 | Steps: 200
2025-06-30 14:22:57,850 - INFO - Episode 120/150 started - Strategy: CuriosityStrategy
2025-06-30 14:23:31,328 - INFO - 🔶 Episode 120: CHECKPOINTS (Short) | Reward: -3368.0 | Steps: 200
2025-06-30 14:23:31,329 - INFO - Episode 121/150 started - Strategy: CuriosityStrategy
2025-06-30 14:24:04,946 - INFO - 🔶 Episode 121: CHECKPOINTS (Short) | Reward: -4207.0 | Steps: 200
2025-06-30 14:24:04,946 - INFO - Episode 122/150 started - Strategy: CuriosityStrategy
2025-06-30 14:24:38,694 - INFO - 🔶 Episode 122: CHECKPOINTS (Short) | Reward: -3952.5 | Steps: 200
2025-06-30 14:24:38,694 - INFO - Episode 123/150 started - Strategy: CuriosityStrategy
2025-06-30 14:25:11,613 - INFO - 🔶 Episode 123: CHECKPOINTS (Short) | Reward: -4272.0 | Steps: 200
2025-06-30 14:25:11,613 - INFO - Episode 124/150 started - Strategy: CuriosityStrategy
2025-06-30 14:25:45,395 - INFO - 🔶 Episode 124: CHECKPOINTS (Short) | Reward: -3043.0 | Steps: 200
2025-06-30 14:25:45,395 - INFO - Episode 125/150 started - Strategy: CuriosityStrategy
2025-06-30 14:26:19,441 - INFO - 🔶 Episode 125: CHECKPOINTS (Short) | Reward: -3172.5 | Steps: 200
2025-06-30 14:26:19,442 - INFO - Episode 126/150 started - Strategy: CuriosityStrategy
2025-06-30 14:26:53,542 - INFO - 🔶 Episode 126: CHECKPOINTS (Short) | Reward: -3520.5 | Steps: 200
2025-06-30 14:26:53,543 - INFO - Episode 127/150 started - Strategy: CuriosityStrategy
2025-06-30 14:27:27,657 - INFO - 🔶 Episode 127: CHECKPOINTS (Short) | Reward: -3575.5 | Steps: 200
2025-06-30 14:27:27,658 - INFO - Episode 128/150 started - Strategy: CuriosityStrategy
2025-06-30 14:28:01,951 - INFO - 🔶 Episode 128: CHECKPOINTS (Short) | Reward: -2503.0 | Steps: 200
2025-06-30 14:28:01,951 - INFO - Episode 129/150 started - Strategy: CuriosityStrategy
2025-06-30 14:28:35,601 - INFO - 🔶 Episode 129: CHECKPOINTS (Short) | Reward: -3829.0 | Steps: 200
2025-06-30 14:28:35,601 - INFO - Episode 130/150 started - Strategy: CuriosityStrategy
2025-06-30 14:29:09,457 - INFO - 🔶 Episode 130: CHECKPOINTS (Short) | Reward: -3110.5 | Steps: 200
2025-06-30 14:29:09,457 - INFO - Episode 131/150 started - Strategy: CuriosityStrategy
2025-06-30 14:29:43,243 - INFO - 🔶 Episode 131: CHECKPOINTS (Short) | Reward: -3757.5 | Steps: 200
2025-06-30 14:29:43,243 - INFO - Episode 132/150 started - Strategy: CuriosityStrategy
2025-06-30 14:30:17,065 - INFO - 🔶 Episode 132: CHECKPOINTS (Short) | Reward: -2841.5 | Steps: 200
2025-06-30 14:30:17,066 - INFO - Episode 133/150 started - Strategy: CuriosityStrategy
2025-06-30 14:30:50,765 - INFO - 🔶 Episode 133: CHECKPOINTS (Short) | Reward: -3108.0 | Steps: 200
2025-06-30 14:30:50,765 - INFO - Episode 134/150 started - Strategy: CuriosityStrategy
2025-06-30 14:31:21,851 - INFO - 🏆 Episode 134: GOAL REACHED | Reward: -679.0 | Steps: 185
2025-06-30 14:31:21,853 - INFO - Episode 135/150 started - Strategy: CuriosityStrategy
2025-06-30 14:31:55,069 - INFO - 🔶 Episode 135: CHECKPOINTS (Short) | Reward: -3986.0 | Steps: 200
2025-06-30 14:31:55,071 - INFO - Episode 136/150 started - Strategy: CuriosityStrategy
2025-06-30 14:32:28,353 - INFO - 🔶 Episode 136: CHECKPOINTS (Short) | Reward: -3822.5 | Steps: 200
2025-06-30 14:32:28,353 - INFO - Episode 137/150 started - Strategy: CuriosityStrategy
2025-06-30 14:33:03,881 - INFO - 🔶 Episode 137: CHECKPOINTS (Short) | Reward: -2825.0 | Steps: 200
2025-06-30 14:33:03,882 - INFO - Episode 138/150 started - Strategy: CuriosityStrategy
2025-06-30 14:33:37,357 - INFO - 🔶 Episode 138: CHECKPOINTS (Short) | Reward: -3653.5 | Steps: 200
2025-06-30 14:33:37,358 - INFO - Episode 139/150 started - Strategy: CuriosityStrategy
2025-06-30 14:34:11,383 - INFO - 🔶 Episode 139: CHECKPOINTS (Short) | Reward: -3455.0 | Steps: 200
2025-06-30 14:34:11,383 - INFO - Episode 140/150 started - Strategy: CuriosityStrategy
2025-06-30 14:34:44,846 - INFO - 🔶 Episode 140: CHECKPOINTS (Short) | Reward: -4005.5 | Steps: 200
2025-06-30 14:34:44,847 - INFO - Episode 141/150 started - Strategy: CuriosityStrategy
2025-06-30 14:35:18,830 - INFO - 🔶 Episode 141: CHECKPOINTS (Short) | Reward: -2721.0 | Steps: 200
2025-06-30 14:35:18,831 - INFO - Episode 142/150 started - Strategy: CuriosityStrategy
2025-06-30 14:35:51,779 - INFO - 🔶 Episode 142: CHECKPOINTS (Short) | Reward: -3810.5 | Steps: 200
2025-06-30 14:35:51,780 - INFO - Episode 143/150 started - Strategy: CuriosityStrategy
2025-06-30 14:36:25,421 - INFO - 🔶 Episode 143: CHECKPOINTS (Short) | Reward: -3179.5 | Steps: 200
2025-06-30 14:36:25,422 - INFO - Episode 144/150 started - Strategy: CuriosityStrategy
2025-06-30 14:36:59,307 - INFO - 🔶 Episode 144: CHECKPOINTS (Short) | Reward: -3784.5 | Steps: 200
2025-06-30 14:36:59,307 - INFO - Episode 145/150 started - Strategy: CuriosityStrategy
2025-06-30 14:37:32,716 - INFO - 🏆 Episode 145: GOAL REACHED | Reward: -368.0 | Steps: 193
2025-06-30 14:37:32,717 - INFO - Episode 146/150 started - Strategy: CuriosityStrategy
2025-06-30 14:38:06,116 - INFO - 🔶 Episode 146: CHECKPOINTS (Short) | Reward: -3471.5 | Steps: 200
2025-06-30 14:38:06,118 - INFO - Episode 147/150 started - Strategy: CuriosityStrategy
2025-06-30 14:38:35,588 - INFO - 🔶 Episode 147: CHECKPOINTS (Short) | Reward: -4147.5 | Steps: 200
2025-06-30 14:38:35,588 - INFO - Episode 148/150 started - Strategy: CuriosityStrategy
2025-06-30 14:39:09,519 - INFO - 🔶 Episode 148: CHECKPOINTS (Short) | Reward: -3452.0 | Steps: 200
2025-06-30 14:39:09,521 - INFO - Episode 149/150 started - Strategy: CuriosityStrategy
2025-06-30 14:39:43,011 - INFO - 🔶 Episode 149: CHECKPOINTS (Short) | Reward: -3712.0 | Steps: 200
2025-06-30 14:39:43,011 - INFO - Episode 150/150 started - Strategy: CuriosityStrategy
2025-06-30 14:40:15,970 - INFO - 🔶 Episode 150: CHECKPOINTS (Short) | Reward: -3738.0 | Steps: 200
2025-06-30 14:40:15,976 - INFO - Episodes completed: 150
2025-06-30 14:40:15,976 - INFO - Average reward (last 50): -3119.79
2025-06-30 14:40:15,976 - INFO - Average steps (last 50): 198.2
2025-06-30 14:40:15,976 - INFO - Success rate (last 50): 12.0%
2025-06-30 14:40:15,976 - INFO - States explored: 102
2025-06-30 14:40:15,976 - INFO - Total checkpoints reached: 424
2025-06-30 14:40:15,976 - INFO - Unique checkpoints discovered: 4
2025-06-30 14:40:15,977 - INFO - Episodes with checkpoints: 144/150
2025-06-30 14:40:15,977 - INFO - Checkpoint values found: [1, 2, 3, 4]
2025-06-30 14:40:15,979 - INFO - ✅ Training completed!
2025-06-30 14:40:15,982 - INFO - === FINAL TRAINING STATISTICS ===
2025-06-30 14:40:15,982 - INFO -   total_episodes: 11130
2025-06-30 14:40:15,982 - INFO -   states_explored: 102
2025-06-30 14:40:15,982 - INFO -   avg_reward: -3028.086298292902
2025-06-30 14:40:15,982 - INFO -   max_reward: 2582.0
2025-06-30 14:40:15,982 - INFO -   success_rate: 0.04465408805031446
2025-06-30 14:40:15,982 - INFO -   strategy_info: {'base_epsilon': 0.65, 'novelty_bonus': 5.0, 'states_discovered': 102}
2025-06-30 14:40:15,982 - INFO - === FINAL CHECKPOINT ANALYSIS ===
2025-06-30 14:40:15,982 - INFO -   Checkpoint discovery rate: 0.000 unique/episode
2025-06-30 14:40:15,982 - INFO -   Checkpoint frequency: 0.038 checkpoints/episode
2025-06-30 14:40:15,982 - INFO -   Best checkpoint reached: 4
2025-06-30 14:40:15,983 - INFO -   Maze progress: 80.0% (checkpoints discovered)
2025-06-30 14:40:15,983 - INFO - DDS stopped.
