2025-06-23 06:48:41,215 - INFO - Strategy initialized: CuriosityStrategy
2025-06-23 06:48:41,215 - INFO - Strategy info: {'base_epsilon': 0.65, 'novelty_bonus': 5.0, 'states_discovered': 0}
2025-06-23 06:48:41,215 - INFO - CLI mode selected: continue
2025-06-23 06:48:41,215 - INFO - Continuing training for 50 additional episodes.
2025-06-23 06:48:41,215 - INFO - ================================================================================
2025-06-23 06:48:41,215 - INFO - 🚀 STARTING TRAINING SESSION
2025-06-23 06:48:41,215 - INFO - ================================================================================
2025-06-23 06:48:41,215 - INFO - Episodes: 50
2025-06-23 06:48:41,215 - INFO - Strategy: curiosity
2025-06-23 06:48:41,215 - INFO - Min steps per episode: 100
2025-06-23 06:48:41,215 - INFO - Max steps per episode: 200
2025-06-23 06:48:41,215 - INFO - Model path: models/q_agent.pkl
2025-06-23 06:48:41,215 - INFO - ================================================================================
2025-06-23 06:48:41,219 - INFO - 🔗 Connected to Godot simulation!
2025-06-23 06:48:41,219 - INFO - Episode 1/50 started - Strategy: CuriosityStrategy
2025-06-23 06:49:19,819 - INFO - 📍 Episode 1: MIN_STEPS + CHECKPOINTS | Reward: -3083.0 | Steps: 200
2025-06-23 06:49:19,820 - INFO - Episode 2/50 started - Strategy: CuriosityStrategy
2025-06-23 06:49:59,123 - INFO - 📍 Episode 2: MIN_STEPS + CHECKPOINTS | Reward: -2648.0 | Steps: 200
2025-06-23 06:49:59,123 - INFO - Episode 3/50 started - Strategy: CuriosityStrategy
2025-06-23 06:50:36,336 - INFO - 📍 Episode 3: MIN_STEPS + CHECKPOINTS | Reward: -4189.0 | Steps: 200
2025-06-23 06:50:36,337 - INFO - Episode 4/50 started - Strategy: CuriosityStrategy
2025-06-23 06:51:12,951 - INFO - 📍 Episode 4: MIN_STEPS + CHECKPOINTS | Reward: -3808.0 | Steps: 200
2025-06-23 06:51:12,952 - INFO - Episode 5/50 started - Strategy: CuriosityStrategy
2025-06-23 06:51:50,110 - INFO - 📍 Episode 5: MIN_STEPS + CHECKPOINTS | Reward: -3631.0 | Steps: 200
2025-06-23 06:51:50,110 - INFO - Episode 6/50 started - Strategy: CuriosityStrategy
2025-06-23 06:52:27,037 - INFO - 📍 Episode 6: MIN_STEPS + CHECKPOINTS | Reward: -4045.0 | Steps: 200
2025-06-23 06:52:27,037 - INFO - Episode 7/50 started - Strategy: CuriosityStrategy
2025-06-23 06:53:03,447 - INFO - 📍 Episode 7: MIN_STEPS + CHECKPOINTS | Reward: -4072.0 | Steps: 200
2025-06-23 06:53:03,448 - INFO - Episode 8/50 started - Strategy: CuriosityStrategy
2025-06-23 06:53:40,719 - INFO - 📍 Episode 8: MIN_STEPS + CHECKPOINTS | Reward: -3466.0 | Steps: 200
2025-06-23 06:53:40,719 - INFO - Episode 9/50 started - Strategy: CuriosityStrategy
2025-06-23 06:54:17,171 - INFO - 📍 Episode 9: MIN_STEPS + CHECKPOINTS | Reward: -4123.0 | Steps: 200
2025-06-23 06:54:17,172 - INFO - Episode 10/50 started - Strategy: CuriosityStrategy
2025-06-23 06:54:53,805 - INFO - 📍 Episode 10: MIN_STEPS + CHECKPOINTS | Reward: -3994.0 | Steps: 200
2025-06-23 06:54:53,810 - INFO - Episodes completed: 10
2025-06-23 06:54:53,810 - INFO - Average reward (last 50): -3178.04
2025-06-23 06:54:53,810 - INFO - Average steps (last 50): 199.9
2025-06-23 06:54:53,810 - INFO - Success rate (last 50): 2.0%
2025-06-23 06:54:53,810 - INFO - Min steps achieved (last 50): 50/50 (100.0%)
2025-06-23 06:54:53,810 - INFO - States explored: 64
2025-06-23 06:54:53,810 - INFO - Total checkpoints reached: 22
2025-06-23 06:54:53,810 - INFO - Unique checkpoints discovered: 3
2025-06-23 06:54:53,810 - INFO - Episodes with checkpoints: 10/10
2025-06-23 06:54:53,810 - INFO - Episodes reaching min_steps: 10/10
2025-06-23 06:54:53,810 - INFO - Checkpoint values found: [1, 2, 3]
2025-06-23 06:54:53,810 - INFO - Episode 11/50 started - Strategy: CuriosityStrategy
2025-06-23 06:55:31,323 - INFO - 📍 Episode 11: MIN_STEPS + CHECKPOINTS | Reward: -4186.0 | Steps: 200
2025-06-23 06:55:31,324 - INFO - Episode 12/50 started - Strategy: CuriosityStrategy
2025-06-23 06:56:09,730 - INFO - 📍 Episode 12: MIN_STEPS + CHECKPOINTS | Reward: -4213.0 | Steps: 200
2025-06-23 06:56:09,730 - INFO - Episode 13/50 started - Strategy: CuriosityStrategy
2025-06-23 06:56:48,785 - INFO - 📍 Episode 13: MIN_STEPS + CHECKPOINTS | Reward: -3703.0 | Steps: 200
2025-06-23 06:56:48,787 - INFO - Episode 14/50 started - Strategy: CuriosityStrategy
2025-06-23 06:57:27,073 - INFO - 📍 Episode 14: MIN_STEPS + CHECKPOINTS | Reward: -3997.0 | Steps: 200
2025-06-23 06:57:27,074 - INFO - Episode 15/50 started - Strategy: CuriosityStrategy
2025-06-23 06:58:06,323 - INFO - 📍 Episode 15: MIN_STEPS + CHECKPOINTS | Reward: -3808.0 | Steps: 200
2025-06-23 06:58:06,324 - INFO - Episode 16/50 started - Strategy: CuriosityStrategy
2025-06-23 06:58:45,325 - INFO - 📍 Episode 16: MIN_STEPS + CHECKPOINTS | Reward: -3844.0 | Steps: 200
2025-06-23 06:58:45,326 - INFO - Episode 17/50 started - Strategy: CuriosityStrategy
2025-06-23 06:59:24,159 - INFO - 📍 Episode 17: MIN_STEPS + CHECKPOINTS | Reward: -3985.0 | Steps: 200
2025-06-23 06:59:24,159 - INFO - Episode 18/50 started - Strategy: CuriosityStrategy
2025-06-23 07:00:02,667 - INFO - 📍 Episode 18: MIN_STEPS + CHECKPOINTS | Reward: -3907.0 | Steps: 200
2025-06-23 07:00:02,667 - INFO - Episode 19/50 started - Strategy: CuriosityStrategy
2025-06-23 07:00:41,854 - INFO - 📍 Episode 19: MIN_STEPS + CHECKPOINTS | Reward: -3553.0 | Steps: 200
2025-06-23 07:00:41,856 - INFO - Episode 20/50 started - Strategy: CuriosityStrategy
2025-06-23 07:01:19,501 - INFO - 📍 Episode 20: MIN_STEPS + CHECKPOINTS | Reward: -4539.0 | Steps: 200
2025-06-23 07:01:19,503 - INFO - Episodes completed: 20
2025-06-23 07:01:19,504 - INFO - Average reward (last 50): -3287.46
2025-06-23 07:01:19,504 - INFO - Average steps (last 50): 199.9
2025-06-23 07:01:19,504 - INFO - Success rate (last 50): 2.0%
2025-06-23 07:01:19,504 - INFO - Min steps achieved (last 50): 50/50 (100.0%)
2025-06-23 07:01:19,505 - INFO - States explored: 64
2025-06-23 07:01:19,505 - INFO - Total checkpoints reached: 41
2025-06-23 07:01:19,505 - INFO - Unique checkpoints discovered: 3
2025-06-23 07:01:19,505 - INFO - Episodes with checkpoints: 20/20
2025-06-23 07:01:19,505 - INFO - Episodes reaching min_steps: 20/20
2025-06-23 07:01:19,505 - INFO - Checkpoint values found: [1, 2, 3]
2025-06-23 07:01:19,505 - INFO - Episode 21/50 started - Strategy: CuriosityStrategy
2025-06-23 07:01:45,147 - INFO - 📍 Episode 21: MIN_STEPS + CHECKPOINTS | Reward: -5238.0 | Steps: 200
2025-06-23 07:01:45,149 - INFO - Episode 22/50 started - Strategy: CuriosityStrategy
2025-06-23 07:02:21,262 - INFO - 📍 Episode 22: MIN_STEPS + CHECKPOINTS | Reward: -4237.0 | Steps: 200
2025-06-23 07:02:21,262 - INFO - Episode 23/50 started - Strategy: CuriosityStrategy
2025-06-23 07:02:58,506 - INFO - 📍 Episode 23: MIN_STEPS + CHECKPOINTS | Reward: -3664.0 | Steps: 200
2025-06-23 07:02:58,506 - INFO - Episode 24/50 started - Strategy: CuriosityStrategy
2025-06-23 07:03:35,898 - INFO - 📍 Episode 24: MIN_STEPS + CHECKPOINTS | Reward: -3457.0 | Steps: 200
2025-06-23 07:03:35,898 - INFO - Episode 25/50 started - Strategy: CuriosityStrategy
2025-06-23 07:04:12,884 - INFO - 📍 Episode 25: MIN_STEPS + CHECKPOINTS | Reward: -3979.0 | Steps: 200
2025-06-23 07:04:12,884 - INFO - Episode 26/50 started - Strategy: CuriosityStrategy
2025-06-23 07:04:48,714 - INFO - 📍 Episode 26: MIN_STEPS + CHECKPOINTS | Reward: -4072.0 | Steps: 200
2025-06-23 07:04:48,714 - INFO - Episode 27/50 started - Strategy: CuriosityStrategy
2025-06-23 07:05:25,288 - INFO - 📍 Episode 27: MIN_STEPS + CHECKPOINTS | Reward: -4438.0 | Steps: 200
2025-06-23 07:05:25,288 - INFO - Episode 28/50 started - Strategy: CuriosityStrategy
2025-06-23 07:06:02,593 - INFO - 📍 Episode 28: MIN_STEPS + CHECKPOINTS | Reward: -4039.0 | Steps: 200
2025-06-23 07:06:02,593 - INFO - Episode 29/50 started - Strategy: CuriosityStrategy
2025-06-23 07:06:39,707 - INFO - 📍 Episode 29: MIN_STEPS + CHECKPOINTS | Reward: -3739.0 | Steps: 200
2025-06-23 07:06:39,708 - INFO - Episode 30/50 started - Strategy: CuriosityStrategy
2025-06-23 07:07:18,578 - INFO - 📍 Episode 30: MIN_STEPS + CHECKPOINTS | Reward: -2708.0 | Steps: 200
2025-06-23 07:07:18,583 - INFO - Episodes completed: 30
2025-06-23 07:07:18,584 - INFO - Average reward (last 50): -3490.04
2025-06-23 07:07:18,584 - INFO - Average steps (last 50): 199.9
2025-06-23 07:07:18,584 - INFO - Success rate (last 50): 2.0%
2025-06-23 07:07:18,584 - INFO - Min steps achieved (last 50): 50/50 (100.0%)
2025-06-23 07:07:18,584 - INFO - States explored: 65
2025-06-23 07:07:18,584 - INFO - Total checkpoints reached: 61
2025-06-23 07:07:18,584 - INFO - Unique checkpoints discovered: 3
2025-06-23 07:07:18,584 - INFO - Episodes with checkpoints: 30/30
2025-06-23 07:07:18,584 - INFO - Episodes reaching min_steps: 30/30
2025-06-23 07:07:18,584 - INFO - Checkpoint values found: [1, 2, 3]
2025-06-23 07:07:18,585 - INFO - Episode 31/50 started - Strategy: CuriosityStrategy
2025-06-23 07:07:57,339 - INFO - 📍 Episode 31: MIN_STEPS + CHECKPOINTS | Reward: -3919.0 | Steps: 200
2025-06-23 07:07:57,340 - INFO - Episode 32/50 started - Strategy: CuriosityStrategy
2025-06-23 07:08:35,936 - INFO - 📍 Episode 32: MIN_STEPS + CHECKPOINTS | Reward: -3643.0 | Steps: 200
2025-06-23 07:08:35,937 - INFO - Episode 33/50 started - Strategy: CuriosityStrategy
2025-06-23 07:09:14,304 - INFO - 📍 Episode 33: MIN_STEPS + CHECKPOINTS | Reward: -2071.0 | Steps: 200
2025-06-23 07:09:14,305 - INFO - Episode 34/50 started - Strategy: CuriosityStrategy
2025-06-23 07:09:53,301 - INFO - 📍 Episode 34: MIN_STEPS + CHECKPOINTS | Reward: -4114.0 | Steps: 200
2025-06-23 07:09:53,302 - INFO - Episode 35/50 started - Strategy: CuriosityStrategy
2025-06-23 07:10:32,295 - INFO - 📍 Episode 35: MIN_STEPS + CHECKPOINTS | Reward: -3379.0 | Steps: 200
2025-06-23 07:10:32,296 - INFO - Episode 36/50 started - Strategy: CuriosityStrategy
2025-06-23 07:11:09,232 - INFO - 📍 Episode 36: MIN_STEPS + CHECKPOINTS | Reward: -3955.0 | Steps: 200
2025-06-23 07:11:09,232 - INFO - Episode 37/50 started - Strategy: CuriosityStrategy
2025-06-23 07:11:45,320 - INFO - 📍 Episode 37: MIN_STEPS + CHECKPOINTS | Reward: -3934.0 | Steps: 200
2025-06-23 07:11:45,320 - INFO - Episode 38/50 started - Strategy: CuriosityStrategy
2025-06-23 07:12:21,989 - INFO - 📍 Episode 38: MIN_STEPS + CHECKPOINTS | Reward: -3934.0 | Steps: 200
2025-06-23 07:12:21,989 - INFO - Episode 39/50 started - Strategy: CuriosityStrategy
2025-06-23 07:12:58,288 - INFO - 📍 Episode 39: MIN_STEPS + CHECKPOINTS | Reward: -3877.0 | Steps: 200
2025-06-23 07:12:58,289 - INFO - Episode 40/50 started - Strategy: CuriosityStrategy
2025-06-23 07:13:35,585 - INFO - 📍 Episode 40: MIN_STEPS + CHECKPOINTS | Reward: -3517.0 | Steps: 200
2025-06-23 07:13:35,588 - INFO - Episodes completed: 40
2025-06-23 07:13:35,589 - INFO - Average reward (last 50): -3673.08
2025-06-23 07:13:35,589 - INFO - Average steps (last 50): 200.0
2025-06-23 07:13:35,589 - INFO - Success rate (last 50): 0.0%
2025-06-23 07:13:35,589 - INFO - Min steps achieved (last 50): 50/50 (100.0%)
2025-06-23 07:13:35,589 - INFO - States explored: 65
2025-06-23 07:13:35,589 - INFO - Total checkpoints reached: 83
2025-06-23 07:13:35,589 - INFO - Unique checkpoints discovered: 4
2025-06-23 07:13:35,589 - INFO - Episodes with checkpoints: 40/40
2025-06-23 07:13:35,590 - INFO - Episodes reaching min_steps: 40/40
2025-06-23 07:13:35,590 - INFO - Checkpoint values found: [1, 2, 3, 4]
2025-06-23 07:13:35,590 - INFO - Episode 41/50 started - Strategy: CuriosityStrategy
2025-06-23 07:14:12,904 - INFO - 📍 Episode 41: MIN_STEPS + CHECKPOINTS | Reward: -3652.0 | Steps: 200
2025-06-23 07:14:12,905 - INFO - Episode 42/50 started - Strategy: CuriosityStrategy
2025-06-23 07:14:50,210 - INFO - 📍 Episode 42: MIN_STEPS + CHECKPOINTS | Reward: -3910.0 | Steps: 200
2025-06-23 07:14:50,210 - INFO - Episode 43/50 started - Strategy: CuriosityStrategy
2025-06-23 07:15:27,276 - INFO - 📍 Episode 43: MIN_STEPS + CHECKPOINTS | Reward: -2101.0 | Steps: 200
2025-06-23 07:15:27,276 - INFO - Episode 44/50 started - Strategy: CuriosityStrategy
2025-06-23 07:16:04,701 - INFO - 📍 Episode 44: MIN_STEPS + CHECKPOINTS | Reward: -2167.0 | Steps: 200
2025-06-23 07:16:04,701 - INFO - Episode 45/50 started - Strategy: CuriosityStrategy
2025-06-23 07:16:42,023 - INFO - 📍 Episode 45: MIN_STEPS + CHECKPOINTS | Reward: -3598.0 | Steps: 200
2025-06-23 07:16:42,023 - INFO - Episode 46/50 started - Strategy: CuriosityStrategy
2025-06-23 07:17:18,090 - INFO - 📍 Episode 46: MIN_STEPS + CHECKPOINTS | Reward: -3290.0 | Steps: 200
2025-06-23 07:17:18,091 - INFO - Episode 47/50 started - Strategy: CuriosityStrategy
2025-06-23 07:17:54,567 - INFO - 📍 Episode 47: MIN_STEPS + CHECKPOINTS | Reward: -3616.0 | Steps: 200
2025-06-23 07:17:54,567 - INFO - Episode 48/50 started - Strategy: CuriosityStrategy
2025-06-23 07:18:31,083 - INFO - 📍 Episode 48: MIN_STEPS + CHECKPOINTS | Reward: -2362.0 | Steps: 200
2025-06-23 07:18:31,084 - INFO - Episode 49/50 started - Strategy: CuriosityStrategy
2025-06-23 07:19:08,510 - INFO - 📍 Episode 49: MIN_STEPS + CHECKPOINTS | Reward: -1966.0 | Steps: 200
2025-06-23 07:19:08,510 - INFO - Episode 50/50 started - Strategy: CuriosityStrategy
2025-06-23 07:19:45,183 - INFO - 📍 Episode 50: MIN_STEPS + CHECKPOINTS | Reward: -3703.0 | Steps: 200
2025-06-23 07:19:45,186 - INFO - Episodes completed: 50
2025-06-23 07:19:45,186 - INFO - Average reward (last 50): -3661.46
2025-06-23 07:19:45,186 - INFO - Average steps (last 50): 200.0
2025-06-23 07:19:45,186 - INFO - Success rate (last 50): 0.0%
2025-06-23 07:19:45,186 - INFO - Min steps achieved (last 50): 50/50 (100.0%)
2025-06-23 07:19:45,186 - INFO - States explored: 65
2025-06-23 07:19:45,186 - INFO - Total checkpoints reached: 112
2025-06-23 07:19:45,186 - INFO - Unique checkpoints discovered: 4
2025-06-23 07:19:45,187 - INFO - Episodes with checkpoints: 50/50
2025-06-23 07:19:45,187 - INFO - Episodes reaching min_steps: 50/50
2025-06-23 07:19:45,187 - INFO - Checkpoint values found: [1, 2, 3, 4]
2025-06-23 07:19:45,188 - INFO - ✅ Training completed!
2025-06-23 07:19:45,188 - INFO - === FINAL TRAINING STATISTICS ===
2025-06-23 07:19:45,188 - INFO -   total_episodes: 900
2025-06-23 07:19:45,188 - INFO -   states_explored: 65
2025-06-23 07:19:45,188 - INFO -   avg_reward: -3485.298888888889
2025-06-23 07:19:45,188 - INFO -   max_reward: 775.0
2025-06-23 07:19:45,188 - INFO -   success_rate: 0.0033333333333333335
2025-06-23 07:19:45,188 - INFO -   strategy_info: {'base_epsilon': 0.65, 'novelty_bonus': 5.0, 'states_discovered': 65}
2025-06-23 07:19:45,188 - INFO - === FINAL CHECKPOINT ANALYSIS ===
2025-06-23 07:19:45,188 - INFO -   Checkpoint discovery rate: 0.004 unique/episode
2025-06-23 07:19:45,189 - INFO -   Checkpoint frequency: 0.124 checkpoints/episode
2025-06-23 07:19:45,189 - INFO -   Min steps achievement rate: 5.6%
2025-06-23 07:19:45,189 - INFO -   Best checkpoint reached: 4
2025-06-23 07:19:45,189 - INFO -   Maze progress: 80.0% (checkpoints discovered)
2025-06-23 07:19:45,189 - INFO - DDS stopped.
