2025-06-23 16:17:33,258 - INFO - Strategy initialized: CuriosityStrategy
2025-06-23 16:17:33,258 - INFO - Strategy info: {'base_epsilon': 0.65, 'novelty_bonus': 5.0, 'states_discovered': 0}
2025-06-23 16:17:33,258 - INFO - CLI mode selected: continue
2025-06-23 16:17:33,258 - INFO - Continuing training for 50 additional episodes.
2025-06-23 16:17:33,258 - INFO - ================================================================================
2025-06-23 16:17:33,258 - INFO - 🚀 STARTING TRAINING SESSION
2025-06-23 16:17:33,258 - INFO - ================================================================================
2025-06-23 16:17:33,258 - INFO - Episodes: 50
2025-06-23 16:17:33,258 - INFO - Strategy: curiosity
2025-06-23 16:17:33,258 - INFO - Min steps per episode: 100
2025-06-23 16:17:33,258 - INFO - Max steps per episode: 200
2025-06-23 16:17:33,258 - INFO - Model path: models/q_agent.pkl
2025-06-23 16:17:33,258 - INFO - ================================================================================
2025-06-23 16:17:33,267 - INFO - 🔗 Connected to Godot simulation!
2025-06-23 16:17:33,267 - INFO - Episode 1/50 started - Strategy: CuriosityStrategy
2025-06-23 16:18:08,998 - INFO - 📍 Episode 1: MIN_STEPS + CHECKPOINTS | Reward: -3269.0 | Steps: 200
2025-06-23 16:18:09,000 - INFO - Episode 2/50 started - Strategy: CuriosityStrategy
2025-06-23 16:18:45,740 - INFO - 📍 Episode 2: MIN_STEPS + CHECKPOINTS | Reward: -3105.0 | Steps: 200
2025-06-23 16:18:45,741 - INFO - Episode 3/50 started - Strategy: CuriosityStrategy
2025-06-23 16:19:22,452 - INFO - 📍 Episode 3: MIN_STEPS + CHECKPOINTS | Reward: -2946.0 | Steps: 200
2025-06-23 16:19:22,452 - INFO - Episode 4/50 started - Strategy: CuriosityStrategy
2025-06-23 16:19:54,381 - INFO - 🏆 Episode 4: GOAL REACHED | Reward: 580.5 | Steps: 169
2025-06-23 16:19:54,382 - INFO - Episode 5/50 started - Strategy: CuriosityStrategy
2025-06-23 16:20:30,628 - INFO - 📍 Episode 5: MIN_STEPS + CHECKPOINTS | Reward: -3865.0 | Steps: 200
2025-06-23 16:20:30,629 - INFO - Episode 6/50 started - Strategy: CuriosityStrategy
2025-06-23 16:21:08,137 - INFO - 📍 Episode 6: MIN_STEPS + CHECKPOINTS | Reward: -1969.0 | Steps: 200
2025-06-23 16:21:08,138 - INFO - Episode 7/50 started - Strategy: CuriosityStrategy
2025-06-23 16:21:41,286 - INFO - 🏆 Episode 7: GOAL REACHED | Reward: 306.5 | Steps: 179
2025-06-23 16:21:41,287 - INFO - Episode 8/50 started - Strategy: CuriosityStrategy
2025-06-23 16:22:19,946 - INFO - 📍 Episode 8: MIN_STEPS + CHECKPOINTS | Reward: -3245.0 | Steps: 200
2025-06-23 16:22:19,947 - INFO - Episode 9/50 started - Strategy: CuriosityStrategy
2025-06-23 16:22:57,886 - INFO - 📍 Episode 9: MIN_STEPS + CHECKPOINTS | Reward: -3892.0 | Steps: 200
2025-06-23 16:22:57,887 - INFO - Episode 10/50 started - Strategy: CuriosityStrategy
2025-06-23 16:23:35,212 - INFO - 📍 Episode 10: MIN_STEPS + CHECKPOINTS | Reward: -2395.0 | Steps: 200
2025-06-23 16:23:35,216 - INFO - Episodes completed: 10
2025-06-23 16:23:35,217 - INFO - Average reward (last 50): -2547.68
2025-06-23 16:23:35,217 - INFO - Average steps (last 50): 195.7
2025-06-23 16:23:35,217 - INFO - Success rate (last 50): 16.0%
2025-06-23 16:23:35,217 - INFO - Min steps achieved (last 50): 50/50 (100.0%)
2025-06-23 16:23:35,217 - INFO - States explored: 76
2025-06-23 16:23:35,217 - INFO - Total checkpoints reached: 32
2025-06-23 16:23:35,217 - INFO - Unique checkpoints discovered: 4
2025-06-23 16:23:35,217 - INFO - Episodes with checkpoints: 10/10
2025-06-23 16:23:35,217 - INFO - Episodes reaching min_steps: 10/10
2025-06-23 16:23:35,218 - INFO - Checkpoint values found: [1, 2, 3, 4]
2025-06-23 16:23:35,218 - INFO - Episode 11/50 started - Strategy: CuriosityStrategy
2025-06-23 16:24:12,122 - INFO - 📍 Episode 11: MIN_STEPS + CHECKPOINTS | Reward: -2970.0 | Steps: 200
2025-06-23 16:24:12,123 - INFO - Episode 12/50 started - Strategy: CuriosityStrategy
2025-06-23 16:24:37,975 - INFO - 🏆 Episode 12: GOAL REACHED | Reward: 590.0 | Steps: 134
2025-06-23 16:24:37,975 - INFO - Episode 13/50 started - Strategy: CuriosityStrategy
2025-06-23 16:25:14,271 - INFO - 🏆 Episode 13: GOAL REACHED | Reward: 155.0 | Steps: 192
2025-06-23 16:25:14,273 - INFO - Episode 14/50 started - Strategy: CuriosityStrategy
2025-06-23 16:25:51,412 - INFO - 📍 Episode 14: MIN_STEPS + CHECKPOINTS | Reward: -2173.0 | Steps: 200
2025-06-23 16:25:51,413 - INFO - Episode 15/50 started - Strategy: CuriosityStrategy
2025-06-23 16:26:28,105 - INFO - 📍 Episode 15: MIN_STEPS + CHECKPOINTS | Reward: -3934.0 | Steps: 200
2025-06-23 16:26:28,106 - INFO - Episode 16/50 started - Strategy: CuriosityStrategy
2025-06-23 16:27:05,465 - INFO - 📍 Episode 16: MIN_STEPS + CHECKPOINTS | Reward: -3116.0 | Steps: 200
2025-06-23 16:27:05,466 - INFO - Episode 17/50 started - Strategy: CuriosityStrategy
2025-06-23 16:27:43,376 - INFO - 📍 Episode 17: MIN_STEPS + CHECKPOINTS | Reward: -2251.0 | Steps: 200
2025-06-23 16:27:43,377 - INFO - Episode 18/50 started - Strategy: CuriosityStrategy
2025-06-23 16:28:20,979 - INFO - 📍 Episode 18: MIN_STEPS + CHECKPOINTS | Reward: -2819.0 | Steps: 200
2025-06-23 16:28:20,980 - INFO - Episode 19/50 started - Strategy: CuriosityStrategy
2025-06-23 16:28:57,675 - INFO - 📍 Episode 19: MIN_STEPS + CHECKPOINTS | Reward: -3191.0 | Steps: 200
2025-06-23 16:28:57,677 - INFO - Episode 20/50 started - Strategy: CuriosityStrategy
2025-06-23 16:29:34,154 - INFO - 📍 Episode 20: MIN_STEPS + CHECKPOINTS | Reward: -3221.0 | Steps: 200
2025-06-23 16:29:34,157 - INFO - Episodes completed: 20
2025-06-23 16:29:34,157 - INFO - Average reward (last 50): -2406.78
2025-06-23 16:29:34,157 - INFO - Average steps (last 50): 194.2
2025-06-23 16:29:34,157 - INFO - Success rate (last 50): 20.0%
2025-06-23 16:29:34,157 - INFO - Min steps achieved (last 50): 50/50 (100.0%)
2025-06-23 16:29:34,157 - INFO - States explored: 76
2025-06-23 16:29:34,157 - INFO - Total checkpoints reached: 63
2025-06-23 16:29:34,158 - INFO - Unique checkpoints discovered: 4
2025-06-23 16:29:34,158 - INFO - Episodes with checkpoints: 20/20
2025-06-23 16:29:34,158 - INFO - Episodes reaching min_steps: 20/20
2025-06-23 16:29:34,158 - INFO - Checkpoint values found: [1, 2, 3, 4]
2025-06-23 16:29:34,158 - INFO - Episode 21/50 started - Strategy: CuriosityStrategy
2025-06-23 16:30:11,661 - INFO - 📍 Episode 21: MIN_STEPS + CHECKPOINTS | Reward: -2703.0 | Steps: 200
2025-06-23 16:30:11,663 - INFO - Episode 22/50 started - Strategy: CuriosityStrategy
2025-06-23 16:30:49,399 - INFO - 📍 Episode 22: MIN_STEPS + CHECKPOINTS | Reward: -1769.0 | Steps: 200
2025-06-23 16:30:49,399 - INFO - Episode 23/50 started - Strategy: CuriosityStrategy
2025-06-23 16:31:26,356 - INFO - 📍 Episode 23: MIN_STEPS + CHECKPOINTS | Reward: -3236.0 | Steps: 200
2025-06-23 16:31:26,357 - INFO - Episode 24/50 started - Strategy: CuriosityStrategy
2025-06-23 16:32:03,109 - INFO - 📍 Episode 24: MIN_STEPS + CHECKPOINTS | Reward: -3310.0 | Steps: 200
2025-06-23 16:32:03,110 - INFO - Episode 25/50 started - Strategy: CuriosityStrategy
2025-06-23 16:32:40,389 - INFO - 📍 Episode 25: MIN_STEPS + CHECKPOINTS | Reward: -3113.0 | Steps: 200
2025-06-23 16:32:40,391 - INFO - Episode 26/50 started - Strategy: CuriosityStrategy
2025-06-23 16:33:17,910 - INFO - 📍 Episode 26: MIN_STEPS + CHECKPOINTS | Reward: -2236.0 | Steps: 200
2025-06-23 16:33:17,910 - INFO - Episode 27/50 started - Strategy: CuriosityStrategy
2025-06-23 16:33:54,525 - INFO - 📍 Episode 27: MIN_STEPS + CHECKPOINTS | Reward: -3676.0 | Steps: 200
2025-06-23 16:33:54,526 - INFO - Episode 28/50 started - Strategy: CuriosityStrategy
2025-06-23 16:34:31,775 - INFO - 📍 Episode 28: MIN_STEPS + CHECKPOINTS | Reward: -2350.0 | Steps: 200
2025-06-23 16:34:31,775 - INFO - Episode 29/50 started - Strategy: CuriosityStrategy
2025-06-23 16:35:07,985 - INFO - 📍 Episode 29: MIN_STEPS + CHECKPOINTS | Reward: -3515.0 | Steps: 200
2025-06-23 16:35:07,986 - INFO - Episode 30/50 started - Strategy: CuriosityStrategy
2025-06-23 16:35:45,679 - INFO - 📍 Episode 30: MIN_STEPS + CHECKPOINTS | Reward: -2930.0 | Steps: 200
2025-06-23 16:35:45,682 - INFO - Episodes completed: 30
2025-06-23 16:35:45,682 - INFO - Average reward (last 50): -2415.71
2025-06-23 16:35:45,682 - INFO - Average steps (last 50): 194.6
2025-06-23 16:35:45,682 - INFO - Success rate (last 50): 18.0%
2025-06-23 16:35:45,682 - INFO - Min steps achieved (last 50): 50/50 (100.0%)
2025-06-23 16:35:45,682 - INFO - States explored: 76
2025-06-23 16:35:45,682 - INFO - Total checkpoints reached: 94
2025-06-23 16:35:45,682 - INFO - Unique checkpoints discovered: 4
2025-06-23 16:35:45,682 - INFO - Episodes with checkpoints: 30/30
2025-06-23 16:35:45,682 - INFO - Episodes reaching min_steps: 30/30
2025-06-23 16:35:45,682 - INFO - Checkpoint values found: [1, 2, 3, 4]
2025-06-23 16:35:45,682 - INFO - Episode 31/50 started - Strategy: CuriosityStrategy
2025-06-23 16:36:22,908 - INFO - 📍 Episode 31: MIN_STEPS + CHECKPOINTS | Reward: -3020.0 | Steps: 200
2025-06-23 16:36:22,909 - INFO - Episode 32/50 started - Strategy: CuriosityStrategy
2025-06-23 16:37:00,614 - INFO - 📍 Episode 32: MIN_STEPS + CHECKPOINTS | Reward: -2931.0 | Steps: 200
2025-06-23 16:37:00,615 - INFO - Episode 33/50 started - Strategy: CuriosityStrategy
2025-06-23 16:37:35,929 - INFO - 🏆 Episode 33: GOAL REACHED | Reward: 58.0 | Steps: 188
2025-06-23 16:37:35,930 - INFO - Episode 34/50 started - Strategy: CuriosityStrategy
2025-06-23 16:38:13,485 - INFO - 📍 Episode 34: MIN_STEPS + CHECKPOINTS | Reward: -2063.0 | Steps: 200
2025-06-23 16:38:13,486 - INFO - Episode 35/50 started - Strategy: CuriosityStrategy
2025-06-23 16:38:50,564 - INFO - 📍 Episode 35: MIN_STEPS + CHECKPOINTS | Reward: -2993.0 | Steps: 200
2025-06-23 16:38:50,564 - INFO - Episode 36/50 started - Strategy: CuriosityStrategy
2025-06-23 16:39:26,194 - INFO - 📍 Episode 36: MIN_STEPS + CHECKPOINTS | Reward: -3505.0 | Steps: 200
2025-06-23 16:39:26,195 - INFO - Episode 37/50 started - Strategy: CuriosityStrategy
2025-06-23 16:40:02,471 - INFO - 📍 Episode 37: MIN_STEPS + CHECKPOINTS | Reward: -3038.0 | Steps: 200
2025-06-23 16:40:02,473 - INFO - Episode 38/50 started - Strategy: CuriosityStrategy
2025-06-23 16:40:39,310 - INFO - 📍 Episode 38: MIN_STEPS + CHECKPOINTS | Reward: -3700.0 | Steps: 200
2025-06-23 16:40:39,310 - INFO - Episode 39/50 started - Strategy: CuriosityStrategy
2025-06-23 16:41:14,905 - INFO - 📍 Episode 39: MIN_STEPS + CHECKPOINTS | Reward: -3548.0 | Steps: 200
2025-06-23 16:41:14,906 - INFO - Episode 40/50 started - Strategy: CuriosityStrategy
2025-06-23 16:41:51,601 - INFO - 📍 Episode 40: MIN_STEPS + CHECKPOINTS | Reward: -3511.0 | Steps: 200
2025-06-23 16:41:51,604 - INFO - Episodes completed: 40
2025-06-23 16:41:51,604 - INFO - Average reward (last 50): -2605.31
2025-06-23 16:41:51,604 - INFO - Average steps (last 50): 196.5
2025-06-23 16:41:51,604 - INFO - Success rate (last 50): 14.0%
2025-06-23 16:41:51,604 - INFO - Min steps achieved (last 50): 50/50 (100.0%)
2025-06-23 16:41:51,604 - INFO - States explored: 76
2025-06-23 16:41:51,605 - INFO - Total checkpoints reached: 122
2025-06-23 16:41:51,605 - INFO - Unique checkpoints discovered: 4
2025-06-23 16:41:51,605 - INFO - Episodes with checkpoints: 40/40
2025-06-23 16:41:51,605 - INFO - Episodes reaching min_steps: 40/40
2025-06-23 16:41:51,605 - INFO - Checkpoint values found: [1, 2, 3, 4]
2025-06-23 16:41:51,605 - INFO - Episode 41/50 started - Strategy: CuriosityStrategy
2025-06-23 16:42:28,075 - INFO - 📍 Episode 41: MIN_STEPS + CHECKPOINTS | Reward: -3230.0 | Steps: 200
2025-06-23 16:42:28,077 - INFO - Episode 42/50 started - Strategy: CuriosityStrategy
2025-06-23 16:43:03,049 - INFO - 📍 Episode 42: MIN_STEPS + CHECKPOINTS | Reward: -3718.0 | Steps: 200
2025-06-23 16:43:03,049 - INFO - Episode 43/50 started - Strategy: CuriosityStrategy
2025-06-23 16:43:39,461 - INFO - 📍 Episode 43: MIN_STEPS + CHECKPOINTS | Reward: -3757.0 | Steps: 200
2025-06-23 16:43:39,462 - INFO - Episode 44/50 started - Strategy: CuriosityStrategy
2025-06-23 16:44:15,801 - INFO - 📍 Episode 44: MIN_STEPS + CHECKPOINTS | Reward: -3793.0 | Steps: 200
2025-06-23 16:44:15,801 - INFO - Episode 45/50 started - Strategy: CuriosityStrategy
2025-06-23 16:44:51,378 - INFO - 📍 Episode 45: MIN_STEPS + CHECKPOINTS | Reward: -3856.0 | Steps: 200
2025-06-23 16:44:51,380 - INFO - Episode 46/50 started - Strategy: CuriosityStrategy
2025-06-23 16:45:27,177 - INFO - 📍 Episode 46: MIN_STEPS + CHECKPOINTS | Reward: -3274.0 | Steps: 200
2025-06-23 16:45:27,178 - INFO - Episode 47/50 started - Strategy: CuriosityStrategy
2025-06-23 16:46:03,200 - INFO - 📍 Episode 47: MIN_STEPS + CHECKPOINTS | Reward: -4033.0 | Steps: 200
2025-06-23 16:46:03,200 - INFO - Episode 48/50 started - Strategy: CuriosityStrategy
2025-06-23 16:46:38,927 - INFO - 📍 Episode 48: MIN_STEPS + CHECKPOINTS | Reward: -3832.0 | Steps: 200
2025-06-23 16:46:38,928 - INFO - Episode 49/50 started - Strategy: CuriosityStrategy
2025-06-23 16:47:14,313 - INFO - 📍 Episode 49: MIN_STEPS + CHECKPOINTS | Reward: -3880.0 | Steps: 200
2025-06-23 16:47:14,313 - INFO - Episode 50/50 started - Strategy: CuriosityStrategy
2025-06-23 16:47:50,268 - INFO - 📍 Episode 50: MIN_STEPS + CHECKPOINTS | Reward: -3595.0 | Steps: 200
2025-06-23 16:47:50,271 - INFO - Episodes completed: 50
2025-06-23 16:47:50,271 - INFO - Average reward (last 50): -2815.72
2025-06-23 16:47:50,271 - INFO - Average steps (last 50): 197.2
2025-06-23 16:47:50,271 - INFO - Success rate (last 50): 10.0%
2025-06-23 16:47:50,271 - INFO - Min steps achieved (last 50): 50/50 (100.0%)
2025-06-23 16:47:50,271 - INFO - States explored: 76
2025-06-23 16:47:50,271 - INFO - Total checkpoints reached: 143
2025-06-23 16:47:50,271 - INFO - Unique checkpoints discovered: 4
2025-06-23 16:47:50,271 - INFO - Episodes with checkpoints: 50/50
2025-06-23 16:47:50,271 - INFO - Episodes reaching min_steps: 50/50
2025-06-23 16:47:50,271 - INFO - Checkpoint values found: [1, 2, 3, 4]
2025-06-23 16:47:50,273 - INFO - ✅ Training completed!
2025-06-23 16:47:50,273 - INFO - === FINAL TRAINING STATISTICS ===
2025-06-23 16:47:50,273 - INFO -   total_episodes: 1500
2025-06-23 16:47:50,273 - INFO -   states_explored: 76
2025-06-23 16:47:50,273 - INFO -   avg_reward: -3204.510333333333
2025-06-23 16:47:50,273 - INFO -   max_reward: 1844.0
2025-06-23 16:47:50,273 - INFO -   success_rate: 0.024666666666666667
2025-06-23 16:47:50,273 - INFO -   strategy_info: {'base_epsilon': 0.65, 'novelty_bonus': 5.0, 'states_discovered': 76}
2025-06-23 16:47:50,273 - INFO - === FINAL CHECKPOINT ANALYSIS ===
2025-06-23 16:47:50,273 - INFO -   Checkpoint discovery rate: 0.003 unique/episode
2025-06-23 16:47:50,273 - INFO -   Checkpoint frequency: 0.095 checkpoints/episode
2025-06-23 16:47:50,273 - INFO -   Min steps achievement rate: 3.3%
2025-06-23 16:47:50,274 - INFO -   Best checkpoint reached: 4
2025-06-23 16:47:50,274 - INFO -   Maze progress: 80.0% (checkpoints discovered)
2025-06-23 16:47:50,274 - INFO - DDS stopped.
