2025-06-23 03:35:14,594 - INFO - Strategy initialized: CuriosityStrategy
2025-06-23 03:35:14,594 - INFO - Strategy info: {'base_epsilon': 0.65, 'novelty_bonus': 5.0, 'states_discovered': 0}
2025-06-23 03:35:14,594 - INFO - CLI mode selected: continue
2025-06-23 03:35:14,594 - INFO - Continuing training for 50 additional episodes.
2025-06-23 03:35:14,594 - INFO - ================================================================================
2025-06-23 03:35:14,594 - INFO - 🚀 STARTING TRAINING SESSION
2025-06-23 03:35:14,594 - INFO - ================================================================================
2025-06-23 03:35:14,594 - INFO - Episodes: 50
2025-06-23 03:35:14,594 - INFO - Strategy: curiosity
2025-06-23 03:35:14,594 - INFO - Min steps per episode: 100
2025-06-23 03:35:14,594 - INFO - Max steps per episode: 200
2025-06-23 03:35:14,594 - INFO - Model path: models/q_agent.pkl
2025-06-23 03:35:14,594 - INFO - ================================================================================
2025-06-23 03:35:14,599 - INFO - 🔗 Connected to Godot simulation!
2025-06-23 03:35:14,599 - INFO - Episode 1/50 started - Strategy: CuriosityStrategy
2025-06-23 03:35:53,896 - INFO - 📍 Episode 1: MIN_STEPS + CHECKPOINTS | Reward: -3002.0 | Steps: 200
2025-06-23 03:35:53,896 - INFO - Episode 2/50 started - Strategy: CuriosityStrategy
2025-06-23 03:36:32,975 - INFO - 📍 Episode 2: MIN_STEPS + CHECKPOINTS | Reward: -3907.0 | Steps: 200
2025-06-23 03:36:32,977 - INFO - Episode 3/50 started - Strategy: CuriosityStrategy
2025-06-23 03:37:12,508 - INFO - 📍 Episode 3: MIN_STEPS + CHECKPOINTS | Reward: -2936.0 | Steps: 200
2025-06-23 03:37:12,508 - INFO - Episode 4/50 started - Strategy: CuriosityStrategy
2025-06-23 03:37:51,423 - INFO - 📍 Episode 4: MIN_STEPS + CHECKPOINTS | Reward: -3937.0 | Steps: 200
2025-06-23 03:37:51,424 - INFO - Episode 5/50 started - Strategy: CuriosityStrategy
2025-06-23 03:38:30,532 - INFO - 📍 Episode 5: MIN_STEPS + CHECKPOINTS | Reward: -3026.0 | Steps: 200
2025-06-23 03:38:30,532 - INFO - Episode 6/50 started - Strategy: CuriosityStrategy
2025-06-23 03:39:09,228 - INFO - 📍 Episode 6: MIN_STEPS + CHECKPOINTS | Reward: -3137.0 | Steps: 200
2025-06-23 03:39:09,229 - INFO - Episode 7/50 started - Strategy: CuriosityStrategy
2025-06-23 03:39:47,790 - INFO - 📍 Episode 7: MIN_STEPS + CHECKPOINTS | Reward: -2317.0 | Steps: 200
2025-06-23 03:39:47,790 - INFO - Episode 8/50 started - Strategy: CuriosityStrategy
2025-06-23 03:40:26,401 - INFO - 📍 Episode 8: MIN_STEPS + CHECKPOINTS | Reward: -3242.0 | Steps: 200
2025-06-23 03:40:26,402 - INFO - Episode 9/50 started - Strategy: CuriosityStrategy
2025-06-23 03:41:05,295 - INFO - 📍 Episode 9: MIN_STEPS + CHECKPOINTS | Reward: -3221.0 | Steps: 200
2025-06-23 03:41:05,297 - INFO - Episode 10/50 started - Strategy: CuriosityStrategy
2025-06-23 03:41:43,267 - INFO - 📍 Episode 10: MIN_STEPS + CHECKPOINTS | Reward: -3239.0 | Steps: 200
2025-06-23 03:41:43,269 - INFO - Episodes completed: 10
2025-06-23 03:41:43,270 - INFO - Average reward (last 50): -3330.34
2025-06-23 03:41:43,270 - INFO - Average steps (last 50): 200.0
2025-06-23 03:41:43,270 - INFO - Success rate (last 50): 0.0%
2025-06-23 03:41:43,270 - INFO - Min steps achieved (last 50): 50/50 (100.0%)
2025-06-23 03:41:43,270 - INFO - States explored: 56
2025-06-23 03:41:43,270 - INFO - Total checkpoints reached: 29
2025-06-23 03:41:43,270 - INFO - Unique checkpoints discovered: 4
2025-06-23 03:41:43,270 - INFO - Episodes with checkpoints: 10/10
2025-06-23 03:41:43,270 - INFO - Episodes reaching min_steps: 10/10
2025-06-23 03:41:43,270 - INFO - Checkpoint values found: [1, 2, 3, 4]
2025-06-23 03:41:43,270 - INFO - Episode 11/50 started - Strategy: CuriosityStrategy
2025-06-23 03:42:22,030 - INFO - 📍 Episode 11: MIN_STEPS + CHECKPOINTS | Reward: -2993.0 | Steps: 200
2025-06-23 03:42:22,030 - INFO - Episode 12/50 started - Strategy: CuriosityStrategy
2025-06-23 03:43:01,049 - INFO - 📍 Episode 12: MIN_STEPS + CHECKPOINTS | Reward: -2161.0 | Steps: 200
2025-06-23 03:43:01,051 - INFO - Episode 13/50 started - Strategy: CuriosityStrategy
2025-06-23 03:43:40,281 - INFO - 📍 Episode 13: MIN_STEPS + CHECKPOINTS | Reward: -3077.0 | Steps: 200
2025-06-23 03:43:40,281 - INFO - Episode 14/50 started - Strategy: CuriosityStrategy
2025-06-23 03:44:18,782 - INFO - 📍 Episode 14: MIN_STEPS + CHECKPOINTS | Reward: -3958.0 | Steps: 200
2025-06-23 03:44:18,783 - INFO - Episode 15/50 started - Strategy: CuriosityStrategy
2025-06-23 03:44:56,925 - INFO - 📍 Episode 15: MIN_STEPS + CHECKPOINTS | Reward: -3026.0 | Steps: 200
2025-06-23 03:44:56,926 - INFO - Episode 16/50 started - Strategy: CuriosityStrategy
2025-06-23 03:45:36,285 - INFO - 📍 Episode 16: MIN_STEPS + CHECKPOINTS | Reward: -3850.0 | Steps: 200
2025-06-23 03:45:36,286 - INFO - Episode 17/50 started - Strategy: CuriosityStrategy
2025-06-23 03:46:14,586 - INFO - 📍 Episode 17: MIN_STEPS + CHECKPOINTS | Reward: -4021.0 | Steps: 200
2025-06-23 03:46:14,588 - INFO - Episode 18/50 started - Strategy: CuriosityStrategy
2025-06-23 03:46:52,849 - INFO - 📍 Episode 18: MIN_STEPS + CHECKPOINTS | Reward: -3164.0 | Steps: 200
2025-06-23 03:46:52,850 - INFO - Episode 19/50 started - Strategy: CuriosityStrategy
2025-06-23 03:47:31,392 - INFO - 📍 Episode 19: MIN_STEPS + CHECKPOINTS | Reward: -3311.0 | Steps: 200
2025-06-23 03:47:31,392 - INFO - Episode 20/50 started - Strategy: CuriosityStrategy
2025-06-23 03:48:10,219 - INFO - 📍 Episode 20: MIN_STEPS + CHECKPOINTS | Reward: -3119.0 | Steps: 200
2025-06-23 03:48:10,221 - INFO - Episodes completed: 20
2025-06-23 03:48:10,221 - INFO - Average reward (last 50): -3263.26
2025-06-23 03:48:10,221 - INFO - Average steps (last 50): 200.0
2025-06-23 03:48:10,221 - INFO - Success rate (last 50): 0.0%
2025-06-23 03:48:10,221 - INFO - Min steps achieved (last 50): 50/50 (100.0%)
2025-06-23 03:48:10,221 - INFO - States explored: 56
2025-06-23 03:48:10,221 - INFO - Total checkpoints reached: 57
2025-06-23 03:48:10,221 - INFO - Unique checkpoints discovered: 4
2025-06-23 03:48:10,222 - INFO - Episodes with checkpoints: 20/20
2025-06-23 03:48:10,222 - INFO - Episodes reaching min_steps: 20/20
2025-06-23 03:48:10,222 - INFO - Checkpoint values found: [1, 2, 3, 4]
2025-06-23 03:48:10,222 - INFO - Episode 21/50 started - Strategy: CuriosityStrategy
2025-06-23 03:48:49,020 - INFO - 📍 Episode 21: MIN_STEPS + CHECKPOINTS | Reward: -3269.0 | Steps: 200
2025-06-23 03:48:49,022 - INFO - Episode 22/50 started - Strategy: CuriosityStrategy
2025-06-23 03:49:28,045 - INFO - 📍 Episode 22: MIN_STEPS + CHECKPOINTS | Reward: -3275.0 | Steps: 200
2025-06-23 03:49:28,046 - INFO - Episode 23/50 started - Strategy: CuriosityStrategy
2025-06-23 03:50:07,592 - INFO - 📍 Episode 23: MIN_STEPS + CHECKPOINTS | Reward: -3200.0 | Steps: 200
2025-06-23 03:50:07,592 - INFO - Episode 24/50 started - Strategy: CuriosityStrategy
2025-06-23 03:50:47,164 - INFO - 📍 Episode 24: MIN_STEPS + CHECKPOINTS | Reward: -3329.0 | Steps: 200
2025-06-23 03:50:47,165 - INFO - Episode 25/50 started - Strategy: CuriosityStrategy
2025-06-23 03:51:26,700 - INFO - 📍 Episode 25: MIN_STEPS + CHECKPOINTS | Reward: -2210.0 | Steps: 200
2025-06-23 03:51:26,701 - INFO - Episode 26/50 started - Strategy: CuriosityStrategy
2025-06-23 03:52:05,672 - INFO - 📍 Episode 26: MIN_STEPS + CHECKPOINTS | Reward: -3093.0 | Steps: 200
2025-06-23 03:52:05,673 - INFO - Episode 27/50 started - Strategy: CuriosityStrategy
2025-06-23 03:52:44,616 - INFO - 📍 Episode 27: MIN_STEPS + CHECKPOINTS | Reward: -3179.0 | Steps: 200
2025-06-23 03:52:44,617 - INFO - Episode 28/50 started - Strategy: CuriosityStrategy
2025-06-23 03:53:23,447 - INFO - 📍 Episode 28: MIN_STEPS + CHECKPOINTS | Reward: -2858.0 | Steps: 200
2025-06-23 03:53:23,448 - INFO - Episode 29/50 started - Strategy: CuriosityStrategy
2025-06-23 03:54:02,105 - INFO - 📍 Episode 29: MIN_STEPS + CHECKPOINTS | Reward: -3967.0 | Steps: 200
2025-06-23 03:54:02,107 - INFO - Episode 30/50 started - Strategy: CuriosityStrategy
2025-06-23 03:54:40,786 - INFO - 📍 Episode 30: MIN_STEPS + CHECKPOINTS | Reward: -4009.0 | Steps: 200
2025-06-23 03:54:40,790 - INFO - Episodes completed: 30
2025-06-23 03:54:40,790 - INFO - Average reward (last 50): -3228.46
2025-06-23 03:54:40,790 - INFO - Average steps (last 50): 200.0
2025-06-23 03:54:40,790 - INFO - Success rate (last 50): 0.0%
2025-06-23 03:54:40,790 - INFO - Min steps achieved (last 50): 50/50 (100.0%)
2025-06-23 03:54:40,790 - INFO - States explored: 56
2025-06-23 03:54:40,790 - INFO - Total checkpoints reached: 86
2025-06-23 03:54:40,791 - INFO - Unique checkpoints discovered: 4
2025-06-23 03:54:40,791 - INFO - Episodes with checkpoints: 30/30
2025-06-23 03:54:40,791 - INFO - Episodes reaching min_steps: 30/30
2025-06-23 03:54:40,791 - INFO - Checkpoint values found: [1, 2, 3, 4]
2025-06-23 03:54:40,791 - INFO - Episode 31/50 started - Strategy: CuriosityStrategy
2025-06-23 03:55:19,597 - INFO - 📍 Episode 31: MIN_STEPS + CHECKPOINTS | Reward: -3284.0 | Steps: 200
2025-06-23 03:55:19,597 - INFO - Episode 32/50 started - Strategy: CuriosityStrategy
2025-06-23 03:55:57,877 - INFO - 📍 Episode 32: MIN_STEPS + CHECKPOINTS | Reward: -3706.0 | Steps: 200
2025-06-23 03:55:57,879 - INFO - Episode 33/50 started - Strategy: CuriosityStrategy
2025-06-23 03:56:37,143 - INFO - 📍 Episode 33: MIN_STEPS + CHECKPOINTS | Reward: -2996.0 | Steps: 200
2025-06-23 03:56:37,145 - INFO - Episode 34/50 started - Strategy: CuriosityStrategy
2025-06-23 03:57:14,869 - INFO - 📍 Episode 34: MIN_STEPS + CHECKPOINTS | Reward: -3326.0 | Steps: 200
2025-06-23 03:57:14,870 - INFO - Episode 35/50 started - Strategy: CuriosityStrategy
2025-06-23 03:57:53,369 - INFO - 📍 Episode 35: MIN_STEPS + CHECKPOINTS | Reward: -2907.0 | Steps: 200
2025-06-23 03:57:53,370 - INFO - Episode 36/50 started - Strategy: CuriosityStrategy
2025-06-23 03:58:32,122 - INFO - 📍 Episode 36: MIN_STEPS + CHECKPOINTS | Reward: -3257.0 | Steps: 200
2025-06-23 03:58:32,122 - INFO - Episode 37/50 started - Strategy: CuriosityStrategy
2025-06-23 03:59:11,239 - INFO - 📍 Episode 37: MIN_STEPS + CHECKPOINTS | Reward: -3005.0 | Steps: 200
2025-06-23 03:59:11,240 - INFO - Episode 38/50 started - Strategy: CuriosityStrategy
2025-06-23 03:59:49,969 - INFO - 📍 Episode 38: MIN_STEPS + CHECKPOINTS | Reward: -3023.0 | Steps: 200
2025-06-23 03:59:49,970 - INFO - Episode 39/50 started - Strategy: CuriosityStrategy
2025-06-23 04:00:28,607 - INFO - 📍 Episode 39: MIN_STEPS + CHECKPOINTS | Reward: -3859.0 | Steps: 200
2025-06-23 04:00:28,608 - INFO - Episode 40/50 started - Strategy: CuriosityStrategy
2025-06-23 04:01:07,568 - INFO - 📍 Episode 40: MIN_STEPS + CHECKPOINTS | Reward: -3002.0 | Steps: 200
2025-06-23 04:01:07,571 - INFO - Episodes completed: 40
2025-06-23 04:01:07,572 - INFO - Average reward (last 50): -3238.72
2025-06-23 04:01:07,572 - INFO - Average steps (last 50): 200.0
2025-06-23 04:01:07,572 - INFO - Success rate (last 50): 0.0%
2025-06-23 04:01:07,572 - INFO - Min steps achieved (last 50): 50/50 (100.0%)
2025-06-23 04:01:07,572 - INFO - States explored: 56
2025-06-23 04:01:07,573 - INFO - Total checkpoints reached: 114
2025-06-23 04:01:07,573 - INFO - Unique checkpoints discovered: 4
2025-06-23 04:01:07,573 - INFO - Episodes with checkpoints: 40/40
2025-06-23 04:01:07,573 - INFO - Episodes reaching min_steps: 40/40
2025-06-23 04:01:07,573 - INFO - Checkpoint values found: [1, 2, 3, 4]
2025-06-23 04:01:07,573 - INFO - Episode 41/50 started - Strategy: CuriosityStrategy
2025-06-23 04:01:46,158 - INFO - 📍 Episode 41: MIN_STEPS + CHECKPOINTS | Reward: -2943.0 | Steps: 200
2025-06-23 04:01:46,158 - INFO - Episode 42/50 started - Strategy: CuriosityStrategy
2025-06-23 04:02:25,034 - INFO - 📍 Episode 42: MIN_STEPS + CHECKPOINTS | Reward: -3047.0 | Steps: 200
2025-06-23 04:02:25,034 - INFO - Episode 43/50 started - Strategy: CuriosityStrategy
2025-06-23 04:03:03,478 - INFO - 📍 Episode 43: MIN_STEPS + CHECKPOINTS | Reward: -2996.0 | Steps: 200
2025-06-23 04:03:03,479 - INFO - Episode 44/50 started - Strategy: CuriosityStrategy
2025-06-23 04:03:43,263 - INFO - 📍 Episode 44: MIN_STEPS + CHECKPOINTS | Reward: -2663.0 | Steps: 200
2025-06-23 04:03:43,263 - INFO - Episode 45/50 started - Strategy: CuriosityStrategy
2025-06-23 04:04:20,757 - INFO - 📍 Episode 45: MIN_STEPS + CHECKPOINTS | Reward: -4150.0 | Steps: 200
2025-06-23 04:04:20,757 - INFO - Episode 46/50 started - Strategy: CuriosityStrategy
2025-06-23 04:04:58,384 - INFO - 📍 Episode 46: MIN_STEPS + CHECKPOINTS | Reward: -3985.0 | Steps: 200
2025-06-23 04:04:58,384 - INFO - Episode 47/50 started - Strategy: CuriosityStrategy
2025-06-23 04:05:35,752 - INFO - 📍 Episode 47: MIN_STEPS + CHECKPOINTS | Reward: -3721.0 | Steps: 200
2025-06-23 04:05:35,753 - INFO - Episode 48/50 started - Strategy: CuriosityStrategy
2025-06-23 04:06:14,973 - INFO - 📍 Episode 48: MIN_STEPS + CHECKPOINTS | Reward: -3089.0 | Steps: 200
2025-06-23 04:06:14,974 - INFO - Episode 49/50 started - Strategy: CuriosityStrategy
2025-06-23 04:06:53,983 - INFO - 📍 Episode 49: MIN_STEPS + CHECKPOINTS | Reward: -3071.0 | Steps: 200
2025-06-23 04:06:53,983 - INFO - Episode 50/50 started - Strategy: CuriosityStrategy
2025-06-23 04:07:32,539 - INFO - 📍 Episode 50: MIN_STEPS + CHECKPOINTS | Reward: -2846.0 | Steps: 200
2025-06-23 04:07:32,542 - INFO - Episodes completed: 50
2025-06-23 04:07:32,542 - INFO - Average reward (last 50): -3238.18
2025-06-23 04:07:32,543 - INFO - Average steps (last 50): 200.0
2025-06-23 04:07:32,543 - INFO - Success rate (last 50): 0.0%
2025-06-23 04:07:32,543 - INFO - Min steps achieved (last 50): 50/50 (100.0%)
2025-06-23 04:07:32,543 - INFO - States explored: 56
2025-06-23 04:07:32,543 - INFO - Total checkpoints reached: 141
2025-06-23 04:07:32,543 - INFO - Unique checkpoints discovered: 4
2025-06-23 04:07:32,543 - INFO - Episodes with checkpoints: 50/50
2025-06-23 04:07:32,543 - INFO - Episodes reaching min_steps: 50/50
2025-06-23 04:07:32,543 - INFO - Checkpoint values found: [1, 2, 3, 4]
2025-06-23 04:07:32,544 - INFO - ✅ Training completed!
2025-06-23 04:07:32,544 - INFO - === FINAL TRAINING STATISTICS ===
2025-06-23 04:07:32,544 - INFO -   total_episodes: 600
2025-06-23 04:07:32,544 - INFO -   states_explored: 56
2025-06-23 04:07:32,544 - INFO -   avg_reward: -3595.9016666666666
2025-06-23 04:07:32,544 - INFO -   max_reward: -1774.0
2025-06-23 04:07:32,545 - INFO -   success_rate: 0.0
2025-06-23 04:07:32,545 - INFO -   strategy_info: {'base_epsilon': 0.65, 'novelty_bonus': 5.0, 'states_discovered': 56}
2025-06-23 04:07:32,545 - INFO - === FINAL CHECKPOINT ANALYSIS ===
2025-06-23 04:07:32,545 - INFO -   Checkpoint discovery rate: 0.007 unique/episode
2025-06-23 04:07:32,545 - INFO -   Checkpoint frequency: 0.235 checkpoints/episode
2025-06-23 04:07:32,545 - INFO -   Min steps achievement rate: 8.3%
2025-06-23 04:07:32,545 - INFO -   Best checkpoint reached: 4
2025-06-23 04:07:32,545 - INFO -   Maze progress: 80.0% (checkpoints discovered)
2025-06-23 04:07:32,545 - INFO - DDS stopped.
