2025-06-23 08:46:06,130 - INFO - Strategy initialized: CuriosityStrategy
2025-06-23 08:46:06,130 - INFO - Strategy info: {'base_epsilon': 0.65, 'novelty_bonus': 5.0, 'states_discovered': 0}
2025-06-23 08:46:06,130 - INFO - CLI mode selected: continue
2025-06-23 08:46:06,130 - INFO - Continuing training for 50 additional episodes.
2025-06-23 08:46:06,130 - INFO - ================================================================================
2025-06-23 08:46:06,130 - INFO - 🚀 STARTING TRAINING SESSION
2025-06-23 08:46:06,130 - INFO - ================================================================================
2025-06-23 08:46:06,130 - INFO - Episodes: 50
2025-06-23 08:46:06,130 - INFO - Strategy: curiosity
2025-06-23 08:46:06,130 - INFO - Min steps per episode: 100
2025-06-23 08:46:06,130 - INFO - Max steps per episode: 200
2025-06-23 08:46:06,130 - INFO - Model path: models/q_agent.pkl
2025-06-23 08:46:06,130 - INFO - ================================================================================
2025-06-23 08:46:06,131 - INFO - 🔗 Connected to Godot simulation!
2025-06-23 08:46:06,132 - INFO - Episode 1/50 started - Strategy: CuriosityStrategy
2025-06-23 08:46:44,417 - INFO - 📍 Episode 1: MIN_STEPS + CHECKPOINTS | Reward: -3081.0 | Steps: 200
2025-06-23 08:46:44,419 - INFO - Episode 2/50 started - Strategy: CuriosityStrategy
2025-06-23 08:47:21,715 - INFO - 📍 Episode 2: MIN_STEPS + CHECKPOINTS | Reward: -3880.0 | Steps: 200
2025-06-23 08:47:21,715 - INFO - Episode 3/50 started - Strategy: CuriosityStrategy
2025-06-23 08:47:57,950 - INFO - 📍 Episode 3: MIN_STEPS + CHECKPOINTS | Reward: -3314.0 | Steps: 200
2025-06-23 08:47:57,950 - INFO - Episode 4/50 started - Strategy: CuriosityStrategy
2025-06-23 08:48:34,704 - INFO - 📍 Episode 4: MIN_STEPS + CHECKPOINTS | Reward: -3032.0 | Steps: 200
2025-06-23 08:48:34,706 - INFO - Episode 5/50 started - Strategy: CuriosityStrategy
2025-06-23 08:49:11,146 - INFO - 📍 Episode 5: MIN_STEPS + CHECKPOINTS | Reward: -2497.0 | Steps: 200
2025-06-23 08:49:11,146 - INFO - Episode 6/50 started - Strategy: CuriosityStrategy
2025-06-23 08:49:48,304 - INFO - 📍 Episode 6: MIN_STEPS + CHECKPOINTS | Reward: -3354.0 | Steps: 200
2025-06-23 08:49:48,305 - INFO - Episode 7/50 started - Strategy: CuriosityStrategy
2025-06-23 08:50:25,230 - INFO - 📍 Episode 7: MIN_STEPS + CHECKPOINTS | Reward: -3039.0 | Steps: 200
2025-06-23 08:50:25,231 - INFO - Episode 8/50 started - Strategy: CuriosityStrategy
2025-06-23 08:51:00,867 - INFO - 📍 Episode 8: MIN_STEPS + CHECKPOINTS | Reward: -3967.0 | Steps: 200
2025-06-23 08:51:00,868 - INFO - Episode 9/50 started - Strategy: CuriosityStrategy
2025-06-23 08:51:36,772 - INFO - 📍 Episode 9: MIN_STEPS + CHECKPOINTS | Reward: -4231.0 | Steps: 200
2025-06-23 08:51:36,772 - INFO - Episode 10/50 started - Strategy: CuriosityStrategy
2025-06-23 08:52:15,525 - INFO - 📍 Episode 10: MIN_STEPS + CHECKPOINTS | Reward: -1705.0 | Steps: 200
2025-06-23 08:52:15,528 - INFO - Episodes completed: 10
2025-06-23 08:52:15,528 - INFO - Average reward (last 50): -2982.68
2025-06-23 08:52:15,528 - INFO - Average steps (last 50): 200.0
2025-06-23 08:52:15,528 - INFO - Success rate (last 50): 0.0%
2025-06-23 08:52:15,528 - INFO - Min steps achieved (last 50): 50/50 (100.0%)
2025-06-23 08:52:15,528 - INFO - States explored: 65
2025-06-23 08:52:15,529 - INFO - Total checkpoints reached: 29
2025-06-23 08:52:15,529 - INFO - Unique checkpoints discovered: 4
2025-06-23 08:52:15,529 - INFO - Episodes with checkpoints: 10/10
2025-06-23 08:52:15,529 - INFO - Episodes reaching min_steps: 10/10
2025-06-23 08:52:15,529 - INFO - Checkpoint values found: [1, 2, 3, 4]
2025-06-23 08:52:15,529 - INFO - Episode 11/50 started - Strategy: CuriosityStrategy
2025-06-23 08:52:55,221 - INFO - 📍 Episode 11: MIN_STEPS + CHECKPOINTS | Reward: -1906.0 | Steps: 200
2025-06-23 08:52:55,221 - INFO - Episode 12/50 started - Strategy: CuriosityStrategy
2025-06-23 08:53:34,675 - INFO - 📍 Episode 12: MIN_STEPS + CHECKPOINTS | Reward: -3000.0 | Steps: 200
2025-06-23 08:53:34,675 - INFO - Episode 13/50 started - Strategy: CuriosityStrategy
2025-06-23 08:54:13,226 - INFO - 📍 Episode 13: MIN_STEPS + CHECKPOINTS | Reward: -2386.0 | Steps: 200
2025-06-23 08:54:13,228 - INFO - Episode 14/50 started - Strategy: CuriosityStrategy
2025-06-23 08:54:51,685 - INFO - 📍 Episode 14: MIN_STEPS + CHECKPOINTS | Reward: -3317.0 | Steps: 200
2025-06-23 08:54:51,685 - INFO - Episode 15/50 started - Strategy: CuriosityStrategy
2025-06-23 08:55:30,962 - INFO - 📍 Episode 15: MIN_STEPS + CHECKPOINTS | Reward: -2771.0 | Steps: 200
2025-06-23 08:55:30,962 - INFO - Episode 16/50 started - Strategy: CuriosityStrategy
2025-06-23 08:56:10,359 - INFO - 📍 Episode 16: MIN_STEPS + CHECKPOINTS | Reward: -2269.0 | Steps: 200
2025-06-23 08:56:10,360 - INFO - Episode 17/50 started - Strategy: CuriosityStrategy
2025-06-23 08:56:50,977 - INFO - 📍 Episode 17: MIN_STEPS + CHECKPOINTS | Reward: -1292.0 | Steps: 200
2025-06-23 08:56:50,977 - INFO - Episode 18/50 started - Strategy: CuriosityStrategy
2025-06-23 08:57:29,949 - INFO - 📍 Episode 18: MIN_STEPS + CHECKPOINTS | Reward: -1925.0 | Steps: 200
2025-06-23 08:57:29,950 - INFO - Episode 19/50 started - Strategy: CuriosityStrategy
2025-06-23 08:58:09,169 - INFO - 📍 Episode 19: MIN_STEPS + CHECKPOINTS | Reward: -3811.0 | Steps: 200
2025-06-23 08:58:09,170 - INFO - Episode 20/50 started - Strategy: CuriosityStrategy
2025-06-23 08:58:48,701 - INFO - 📍 Episode 20: MIN_STEPS + CHECKPOINTS | Reward: -3041.0 | Steps: 200
2025-06-23 08:58:48,702 - INFO - Episodes completed: 20
2025-06-23 08:58:48,703 - INFO - Average reward (last 50): -2939.12
2025-06-23 08:58:48,703 - INFO - Average steps (last 50): 200.0
2025-06-23 08:58:48,703 - INFO - Success rate (last 50): 0.0%
2025-06-23 08:58:48,703 - INFO - Min steps achieved (last 50): 50/50 (100.0%)
2025-06-23 08:58:48,703 - INFO - States explored: 65
2025-06-23 08:58:48,704 - INFO - Total checkpoints reached: 63
2025-06-23 08:58:48,704 - INFO - Unique checkpoints discovered: 4
2025-06-23 08:58:48,704 - INFO - Episodes with checkpoints: 20/20
2025-06-23 08:58:48,704 - INFO - Episodes reaching min_steps: 20/20
2025-06-23 08:58:48,704 - INFO - Checkpoint values found: [1, 2, 3, 4]
2025-06-23 08:58:48,704 - INFO - Episode 21/50 started - Strategy: CuriosityStrategy
2025-06-23 08:59:27,580 - INFO - 📍 Episode 21: MIN_STEPS + CHECKPOINTS | Reward: -3152.0 | Steps: 200
2025-06-23 08:59:27,580 - INFO - Episode 22/50 started - Strategy: CuriosityStrategy
2025-06-23 09:00:05,795 - INFO - 📍 Episode 22: MIN_STEPS + CHECKPOINTS | Reward: -3826.0 | Steps: 200
2025-06-23 09:00:05,796 - INFO - Episode 23/50 started - Strategy: CuriosityStrategy
2025-06-23 09:00:44,493 - INFO - 📍 Episode 23: MIN_STEPS + CHECKPOINTS | Reward: -3247.0 | Steps: 200
2025-06-23 09:00:44,494 - INFO - Episode 24/50 started - Strategy: CuriosityStrategy
2025-06-23 09:01:23,131 - INFO - 📍 Episode 24: MIN_STEPS + CHECKPOINTS | Reward: -2813.0 | Steps: 200
2025-06-23 09:01:23,131 - INFO - Episode 25/50 started - Strategy: CuriosityStrategy
2025-06-23 09:02:01,226 - INFO - 📍 Episode 25: MIN_STEPS + CHECKPOINTS | Reward: -3464.0 | Steps: 200
2025-06-23 09:02:01,226 - INFO - Episode 26/50 started - Strategy: CuriosityStrategy
2025-06-23 09:02:41,301 - INFO - 📍 Episode 26: MIN_STEPS + CHECKPOINTS | Reward: -1525.0 | Steps: 200
2025-06-23 09:02:41,302 - INFO - Episode 27/50 started - Strategy: CuriosityStrategy
2025-06-23 09:03:18,730 - INFO - 📍 Episode 27: MIN_STEPS + CHECKPOINTS | Reward: -2434.0 | Steps: 200
2025-06-23 09:03:18,731 - INFO - Episode 28/50 started - Strategy: CuriosityStrategy
2025-06-23 09:03:55,820 - INFO - 📍 Episode 28: MIN_STEPS + CHECKPOINTS | Reward: -3293.0 | Steps: 200
2025-06-23 09:03:55,820 - INFO - Episode 29/50 started - Strategy: CuriosityStrategy
2025-06-23 09:04:33,191 - INFO - 📍 Episode 29: MIN_STEPS + CHECKPOINTS | Reward: -3871.0 | Steps: 200
2025-06-23 09:04:33,191 - INFO - Episode 30/50 started - Strategy: CuriosityStrategy
2025-06-23 09:05:09,621 - INFO - 📍 Episode 30: MIN_STEPS + CHECKPOINTS | Reward: -3841.0 | Steps: 200
2025-06-23 09:05:09,624 - INFO - Episodes completed: 30
2025-06-23 09:05:09,624 - INFO - Average reward (last 50): -2942.36
2025-06-23 09:05:09,624 - INFO - Average steps (last 50): 200.0
2025-06-23 09:05:09,624 - INFO - Success rate (last 50): 0.0%
2025-06-23 09:05:09,624 - INFO - Min steps achieved (last 50): 50/50 (100.0%)
2025-06-23 09:05:09,624 - INFO - States explored: 65
2025-06-23 09:05:09,624 - INFO - Total checkpoints reached: 91
2025-06-23 09:05:09,624 - INFO - Unique checkpoints discovered: 4
2025-06-23 09:05:09,624 - INFO - Episodes with checkpoints: 30/30
2025-06-23 09:05:09,624 - INFO - Episodes reaching min_steps: 30/30
2025-06-23 09:05:09,625 - INFO - Checkpoint values found: [1, 2, 3, 4]
2025-06-23 09:05:09,625 - INFO - Episode 31/50 started - Strategy: CuriosityStrategy
2025-06-23 09:05:46,311 - INFO - 📍 Episode 31: MIN_STEPS + CHECKPOINTS | Reward: -3147.0 | Steps: 200
2025-06-23 09:05:46,312 - INFO - Episode 32/50 started - Strategy: CuriosityStrategy
2025-06-23 09:06:22,870 - INFO - 📍 Episode 32: MIN_STEPS + CHECKPOINTS | Reward: -3964.0 | Steps: 200
2025-06-23 09:06:22,870 - INFO - Episode 33/50 started - Strategy: CuriosityStrategy
2025-06-23 09:07:00,041 - INFO - 📍 Episode 33: MIN_STEPS + CHECKPOINTS | Reward: -2804.0 | Steps: 200
2025-06-23 09:07:00,042 - INFO - Episode 34/50 started - Strategy: CuriosityStrategy
2025-06-23 09:07:36,816 - INFO - 📍 Episode 34: MIN_STEPS + CHECKPOINTS | Reward: -3170.0 | Steps: 200
2025-06-23 09:07:36,817 - INFO - Episode 35/50 started - Strategy: CuriosityStrategy
2025-06-23 09:08:15,200 - INFO - 📍 Episode 35: MIN_STEPS + CHECKPOINTS | Reward: -2203.0 | Steps: 200
2025-06-23 09:08:15,201 - INFO - Episode 36/50 started - Strategy: CuriosityStrategy
2025-06-23 09:08:53,569 - INFO - 📍 Episode 36: MIN_STEPS + CHECKPOINTS | Reward: -3161.0 | Steps: 200
2025-06-23 09:08:53,570 - INFO - Episode 37/50 started - Strategy: CuriosityStrategy
2025-06-23 09:09:31,702 - INFO - 📍 Episode 37: MIN_STEPS + CHECKPOINTS | Reward: -2975.0 | Steps: 200
2025-06-23 09:09:31,703 - INFO - Episode 38/50 started - Strategy: CuriosityStrategy
2025-06-23 09:10:09,441 - INFO - 📍 Episode 38: MIN_STEPS + CHECKPOINTS | Reward: -3382.0 | Steps: 200
2025-06-23 09:10:09,441 - INFO - Episode 39/50 started - Strategy: CuriosityStrategy
2025-06-23 09:10:48,054 - INFO - 📍 Episode 39: MIN_STEPS + CHECKPOINTS | Reward: -2128.0 | Steps: 200
2025-06-23 09:10:48,055 - INFO - Episode 40/50 started - Strategy: CuriosityStrategy
2025-06-23 09:11:27,202 - INFO - 📍 Episode 40: MIN_STEPS + CHECKPOINTS | Reward: -2353.0 | Steps: 200
2025-06-23 09:11:27,205 - INFO - Episodes completed: 40
2025-06-23 09:11:27,205 - INFO - Average reward (last 50): -2924.18
2025-06-23 09:11:27,205 - INFO - Average steps (last 50): 200.0
2025-06-23 09:11:27,205 - INFO - Success rate (last 50): 0.0%
2025-06-23 09:11:27,205 - INFO - Min steps achieved (last 50): 50/50 (100.0%)
2025-06-23 09:11:27,205 - INFO - States explored: 65
2025-06-23 09:11:27,205 - INFO - Total checkpoints reached: 122
2025-06-23 09:11:27,205 - INFO - Unique checkpoints discovered: 4
2025-06-23 09:11:27,205 - INFO - Episodes with checkpoints: 40/40
2025-06-23 09:11:27,205 - INFO - Episodes reaching min_steps: 40/40
2025-06-23 09:11:27,205 - INFO - Checkpoint values found: [1, 2, 3, 4]
2025-06-23 09:11:27,205 - INFO - Episode 41/50 started - Strategy: CuriosityStrategy
2025-06-23 09:12:05,110 - INFO - 📍 Episode 41: MIN_STEPS + CHECKPOINTS | Reward: -3192.0 | Steps: 200
2025-06-23 09:12:05,111 - INFO - Episode 42/50 started - Strategy: CuriosityStrategy
2025-06-23 09:12:44,545 - INFO - 📍 Episode 42: MIN_STEPS + CHECKPOINTS | Reward: -2024.0 | Steps: 200
2025-06-23 09:12:44,545 - INFO - Episode 43/50 started - Strategy: CuriosityStrategy
2025-06-23 09:13:22,966 - INFO - 📍 Episode 43: MIN_STEPS + CHECKPOINTS | Reward: -3925.0 | Steps: 200
2025-06-23 09:13:22,967 - INFO - Episode 44/50 started - Strategy: CuriosityStrategy
2025-06-23 09:14:01,663 - INFO - 📍 Episode 44: MIN_STEPS + CHECKPOINTS | Reward: -2539.0 | Steps: 200
2025-06-23 09:14:01,664 - INFO - Episode 45/50 started - Strategy: CuriosityStrategy
2025-06-23 09:14:40,532 - INFO - 📍 Episode 45: MIN_STEPS + CHECKPOINTS | Reward: -2539.0 | Steps: 200
2025-06-23 09:14:40,532 - INFO - Episode 46/50 started - Strategy: CuriosityStrategy
2025-06-23 09:15:19,073 - INFO - 📍 Episode 46: MIN_STEPS + CHECKPOINTS | Reward: -3113.0 | Steps: 200
2025-06-23 09:15:19,074 - INFO - Episode 47/50 started - Strategy: CuriosityStrategy
2025-06-23 09:15:58,750 - INFO - 📍 Episode 47: MIN_STEPS + CHECKPOINTS | Reward: -2278.0 | Steps: 200
2025-06-23 09:15:58,750 - INFO - Episode 48/50 started - Strategy: CuriosityStrategy
2025-06-23 09:16:31,640 - INFO - 🏆 Episode 48: GOAL REACHED | Reward: 440.5 | Steps: 165
2025-06-23 09:16:31,640 - INFO - Episode 49/50 started - Strategy: CuriosityStrategy
2025-06-23 09:17:08,836 - INFO - 📍 Episode 49: MIN_STEPS + CHECKPOINTS | Reward: -2251.0 | Steps: 200
2025-06-23 09:17:08,836 - INFO - Episode 50/50 started - Strategy: CuriosityStrategy
2025-06-23 09:17:45,786 - INFO - 📍 Episode 50: MIN_STEPS + CHECKPOINTS | Reward: -2311.0 | Steps: 200
2025-06-23 09:17:45,791 - INFO - Episodes completed: 50
2025-06-23 09:17:45,791 - INFO - Average reward (last 50): -2846.05
2025-06-23 09:17:45,792 - INFO - Average steps (last 50): 199.3
2025-06-23 09:17:45,792 - INFO - Success rate (last 50): 2.0%
2025-06-23 09:17:45,792 - INFO - Min steps achieved (last 50): 50/50 (100.0%)
2025-06-23 09:17:45,792 - INFO - States explored: 65
2025-06-23 09:17:45,792 - INFO - Total checkpoints reached: 158
2025-06-23 09:17:45,792 - INFO - Unique checkpoints discovered: 4
2025-06-23 09:17:45,792 - INFO - Episodes with checkpoints: 50/50
2025-06-23 09:17:45,793 - INFO - Episodes reaching min_steps: 50/50
2025-06-23 09:17:45,793 - INFO - Checkpoint values found: [1, 2, 3, 4]
2025-06-23 09:17:45,795 - INFO - ✅ Training completed!
2025-06-23 09:17:45,795 - INFO - === FINAL TRAINING STATISTICS ===
2025-06-23 09:17:45,795 - INFO -   total_episodes: 1000
2025-06-23 09:17:45,796 - INFO -   states_explored: 65
2025-06-23 09:17:45,796 - INFO -   avg_reward: -3425.8255
2025-06-23 09:17:45,796 - INFO -   max_reward: 775.0
2025-06-23 09:17:45,796 - INFO -   success_rate: 0.004
2025-06-23 09:17:45,796 - INFO -   strategy_info: {'base_epsilon': 0.65, 'novelty_bonus': 5.0, 'states_discovered': 65}
2025-06-23 09:17:45,796 - INFO - === FINAL CHECKPOINT ANALYSIS ===
2025-06-23 09:17:45,796 - INFO -   Checkpoint discovery rate: 0.004 unique/episode
2025-06-23 09:17:45,796 - INFO -   Checkpoint frequency: 0.158 checkpoints/episode
2025-06-23 09:17:45,796 - INFO -   Min steps achievement rate: 5.0%
2025-06-23 09:17:45,797 - INFO -   Best checkpoint reached: 4
2025-06-23 09:17:45,797 - INFO -   Maze progress: 80.0% (checkpoints discovered)
2025-06-23 09:17:45,797 - INFO - DDS stopped.
