2025-07-01 13:19:14,290 - INFO - Movement Mode: FAST (Teleport)
2025-07-01 13:19:14,291 - INFO - CLI mode selected: train
2025-07-01 13:19:14,291 - INFO - Training for 300 episodes.
2025-07-01 13:19:14,291 - INFO - ================================================================================
2025-07-01 13:19:14,291 - INFO - 🚀 STARTING TRAINING SESSION
2025-07-01 13:19:14,291 - INFO - ================================================================================
2025-07-01 13:19:14,291 - INFO - Episodes: 300
2025-07-01 13:19:14,291 - INFO - Model path: models/q_agent.pkl
2025-07-01 13:19:14,291 - INFO - ================================================================================
2025-07-01 13:19:14,299 - INFO - 🔗 Connected to Godot simulation!
2025-07-01 13:19:14,299 - INFO - Episode 1/300 started - Strategy: curiosity
2025-07-01 13:19:46,695 - INFO - 🔶 Episode 1: CHECKPOINTS (Short) | Reward: -4084.0 | Steps: 200
2025-07-01 13:19:46,696 - INFO - Episode 2/300 started - Strategy: curiosity
2025-07-01 13:20:19,758 - INFO - 🔶 Episode 2: CHECKPOINTS (Short) | Reward: -4123.0 | Steps: 200
2025-07-01 13:20:19,759 - INFO - Episode 3/300 started - Strategy: curiosity
2025-07-01 13:20:53,091 - INFO - 🔶 Episode 3: CHECKPOINTS (Short) | Reward: -3973.0 | Steps: 200
2025-07-01 13:20:53,092 - INFO - Episode 4/300 started - Strategy: curiosity
2025-07-01 13:21:26,758 - INFO - 🔶 Episode 4: CHECKPOINTS (Short) | Reward: -4123.0 | Steps: 200
2025-07-01 13:21:26,758 - INFO - Episode 5/300 started - Strategy: curiosity
2025-07-01 13:21:59,914 - INFO - 🔶 Episode 5: CHECKPOINTS (Short) | Reward: -3869.0 | Steps: 200
2025-07-01 13:21:59,915 - INFO - Episode 6/300 started - Strategy: curiosity
2025-07-01 13:22:33,761 - INFO - 🔶 Episode 6: CHECKPOINTS (Short) | Reward: -3895.0 | Steps: 200
2025-07-01 13:22:33,761 - INFO - Episode 7/300 started - Strategy: curiosity
2025-07-01 13:23:07,320 - INFO - 🔶 Episode 7: CHECKPOINTS (Short) | Reward: -3719.5 | Steps: 200
2025-07-01 13:23:07,320 - INFO - Episode 8/300 started - Strategy: curiosity
2025-07-01 13:23:41,229 - INFO - 🔶 Episode 8: CHECKPOINTS (Short) | Reward: -3648.5 | Steps: 200
2025-07-01 13:23:41,230 - INFO - Episode 9/300 started - Strategy: curiosity
2025-07-01 13:24:15,619 - INFO - 🔶 Episode 9: CHECKPOINTS (Short) | Reward: -3466.5 | Steps: 200
2025-07-01 13:24:15,620 - INFO - Episode 10/300 started - Strategy: curiosity
2025-07-01 13:24:49,500 - INFO - 🔶 Episode 10: CHECKPOINTS (Short) | Reward: -3947.0 | Steps: 200
2025-07-01 13:24:49,502 - INFO - Episodes completed: 10
2025-07-01 13:24:49,502 - INFO - Average reward (last 50): -3884.85
2025-07-01 13:24:49,503 - INFO - Average steps (last 50): 200.0
2025-07-01 13:24:49,503 - INFO - Success rate (last 50): 0.0%
2025-07-01 13:24:49,503 - INFO - States explored: 36
2025-07-01 13:24:49,503 - INFO - Total checkpoints reached: 15
2025-07-01 13:24:49,503 - INFO - Unique checkpoints discovered: 2
2025-07-01 13:24:49,503 - INFO - Episodes with checkpoints: 10/10
2025-07-01 13:24:49,503 - INFO - Checkpoint values found: [1, 2]
2025-07-01 13:24:49,503 - INFO - Episode 11/300 started - Strategy: curiosity
2025-07-01 13:25:24,273 - INFO - 🔶 Episode 11: CHECKPOINTS (Short) | Reward: -3576.5 | Steps: 200
2025-07-01 13:25:24,274 - INFO - Episode 12/300 started - Strategy: curiosity
2025-07-01 13:25:58,591 - INFO - 🔶 Episode 12: CHECKPOINTS (Short) | Reward: -3524.5 | Steps: 200
2025-07-01 13:25:58,591 - INFO - Episode 13/300 started - Strategy: curiosity
2025-07-01 13:26:33,096 - INFO - 🔶 Episode 13: CHECKPOINTS (Short) | Reward: -3739.0 | Steps: 200
2025-07-01 13:26:33,096 - INFO - Episode 14/300 started - Strategy: curiosity
2025-07-01 13:27:07,424 - INFO - 🔶 Episode 14: CHECKPOINTS (Short) | Reward: -3589.5 | Steps: 200
2025-07-01 13:27:07,424 - INFO - Episode 15/300 started - Strategy: curiosity
2025-07-01 13:27:41,568 - INFO - 🔶 Episode 15: CHECKPOINTS (Short) | Reward: -3732.5 | Steps: 200
2025-07-01 13:27:41,568 - INFO - Episode 16/300 started - Strategy: curiosity
2025-07-01 13:28:15,725 - INFO - 🔶 Episode 16: CHECKPOINTS (Short) | Reward: -3843.0 | Steps: 200
2025-07-01 13:28:15,727 - INFO - Episode 17/300 started - Strategy: curiosity
2025-07-01 13:28:49,848 - INFO - 🔶 Episode 17: CHECKPOINTS (Short) | Reward: -3817.0 | Steps: 200
2025-07-01 13:28:49,848 - INFO - Episode 18/300 started - Strategy: curiosity
2025-07-01 13:29:24,088 - INFO - 🔶 Episode 18: CHECKPOINTS (Short) | Reward: -3719.5 | Steps: 200
2025-07-01 13:29:24,089 - INFO - Episode 19/300 started - Strategy: curiosity
2025-07-01 13:29:57,747 - INFO - 🔶 Episode 19: CHECKPOINTS (Short) | Reward: -3856.0 | Steps: 200
2025-07-01 13:29:57,747 - INFO - Episode 20/300 started - Strategy: curiosity
2025-07-01 13:30:30,719 - INFO - 🔶 Episode 20: CHECKPOINTS (Short) | Reward: -3843.5 | Steps: 200
2025-07-01 13:30:30,720 - INFO - Episodes completed: 20
2025-07-01 13:30:30,720 - INFO - Average reward (last 50): -3804.47
2025-07-01 13:30:30,720 - INFO - Average steps (last 50): 200.0
2025-07-01 13:30:30,720 - INFO - Success rate (last 50): 0.0%
2025-07-01 13:30:30,720 - INFO - States explored: 36
2025-07-01 13:30:30,720 - INFO - Total checkpoints reached: 34
2025-07-01 13:30:30,720 - INFO - Unique checkpoints discovered: 2
2025-07-01 13:30:30,720 - INFO - Episodes with checkpoints: 20/20
2025-07-01 13:30:30,720 - INFO - Checkpoint values found: [1, 2]
